<?xml version="1.0" encoding="UTF-8"?>
<testsuites name="Sign Up" time="56" tests="0" failures="1" errors="0">
   <testsuite name="Sign Up" tests="0" failures="1" errors="0" time="56" timestamp="2017-10-03 12:46:58" hostname="ChweyaJnr - DESKTOP-QAVLP3L" id="Test Suites/Sign Up/Sign Up">
      <properties>
         <property name="deviceName" value=""/>
         <property name="devicePlatform" value=""/>
         <property name="logFolder" value="C:\\Users\\ChweyaJnr\\git\\VSMS-Test-Automation\\Reports\\Sign Up\\Sign Up\\20171003_124656"/>
         <property name="logFiles" value="C:\\Users\\ChweyaJnr\\git\\VSMS-Test-Automation\\Reports\\Sign Up\\Sign Up\\20171003_124656\\execution0.log"/>
         <property name="attachments" value=""/>
         <property name="hostName" value="ChweyaJnr - DESKTOP-QAVLP3L"/>
         <property name="os" value="Windows 10 64bit"/>
         <property name="katalonVersion" value="4.8.0.2"/>
         <property name="browser" value="Firefox 39.0"/>
         <property name="hostAddress" value="192.168.56.1"/>
         <property name="sessionId" value="35f841a8-43c4-43e2-b9fa-f5b8b9402561"/>
         <property name="seleniumVersion" value="2.53.0"/>
         <property name="proxyInformation" value="ProxyInformation{proxyOption=NO_PROXY, proxyServerType=HTTP, password=, proxyServerAddress=, proxyServerPort=0}"/>
         <property name="platform" value="Windows 10"/>
      </properties>
      <testcase name="Test Cases/Creating New Account/Creating New User Account" classname="Test Cases/Creating New Account/Creating New User Account" status="FAILED">
         <failure type="FAILED" message="Unable to click on object 'Object Repository/New Account/Page_Visitor Security Management Sy/a_Dont have an account' (Root cause: org.openqa.selenium.NoSuchWindowException: Window not found. The browser window may have been closed.
Command duration or timeout: 234 milliseconds
Build info: version: '2.53.0', revision: '35ae25b', time: '2016-03-15 17:00:58'
System info: host: 'DESKTOP-QAVLP3L', ip: '192.168.56.1', os.name: 'Windows 10', os.arch: 'amd64', os.version: '10.0', java.version: '1.8.0_102'
Driver info: com.kms.katalon.selenium.driver.CFirefoxDriver
Capabilities [{applicationCacheEnabled=true, rotatable=false, handlesAlerts=true, databaseEnabled=true, version=39.0.3, platform=WINDOWS, nativeEvents=false, acceptSslCerts=true, webStorageEnabled=true, locationContextEnabled=true, browserName=firefox, takesScreenshot=true, javascriptEnabled=true, cssSelectorsEnabled=true}]
Session ID: 35f841a8-43c4-43e2-b9fa-f5b8b9402561
*** Element info: {Using=xpath, value=//a[count(. | //*[@href = 'https://sandbox.vsms.tezzasolutions.com/pricing']) = count(//*[@href = 'https://sandbox.vsms.tezzasolutions.com/pricing'])][count(. | //*[contains(.,'Don't have an account?')]) = count(//*[contains(.,'Don't have an account?')])]})"/>
         <system-out><![CDATA[2017-10-03 12:46:59 - [TEST_CASE][FAILED] - Test Cases/Creating New Account/Creating New User Account: Test Cases/Creating New Account/Creating New User Account FAILED because (of) Unable to click on object 'Object Repository/New Account/Page_Visitor Security Management Sy/a_Dont have an account' (Root cause: org.openqa.selenium.NoSuchWindowException: Window not found. The browser window may have been closed.
Command duration or timeout: 234 milliseconds
Build info: version: '2.53.0', revision: '35ae25b', time: '2016-03-15 17:00:58'
System info: host: 'DESKTOP-QAVLP3L', ip: '192.168.56.1', os.name: 'Windows 10', os.arch: 'amd64', os.version: '10.0', java.version: '1.8.0_102'
Driver info: com.kms.katalon.selenium.driver.CFirefoxDriver
Capabilities [{applicationCacheEnabled=true, rotatable=false, handlesAlerts=true, databaseEnabled=true, version=39.0.3, platform=WINDOWS, nativeEvents=false, acceptSslCerts=true, webStorageEnabled=true, locationContextEnabled=true, browserName=firefox, takesScreenshot=true, javascriptEnabled=true, cssSelectorsEnabled=true}]
Session ID: 35f841a8-43c4-43e2-b9fa-f5b8b9402561
*** Element info: {Using=xpath, value=//a[count(. | //*[@href = 'https://sandbox.vsms.tezzasolutions.com/pricing']) = count(//*[@href = 'https://sandbox.vsms.tezzasolutions.com/pricing'])][count(. | //*[contains(.,'Don't have an account?')]) = count(//*[contains(.,'Don't have an account?')])]})

2017-10-03 12:47:00 - [TEST_STEP][PASSED] - openBrowser: Browser is opened with url: ''

2017-10-03 12:47:09 - [MESSAGE][PASSED] - Browser is opened with url: ''

2017-10-03 12:47:09 - [TEST_STEP][PASSED] - navigateToUrl: Navigate to 'https://sandbox.vsms.tezzasolutions.com/index' successfully

2017-10-03 12:47:14 - [MESSAGE][PASSED] - Navigate to 'https://sandbox.vsms.tezzasolutions.com/index' successfully

2017-10-03 12:47:14 - [TEST_STEP][PASSED] - click: Object: 'Object Repository/New Account/Page_VSMS Overview/a_Log in' is clicked on

2017-10-03 12:47:15 - [MESSAGE][PASSED] - Object: 'Object Repository/New Account/Page_VSMS Overview/a_Log in' is clicked on

2017-10-03 12:47:15 - [TEST_STEP][PASSED] - delay: Delayed 5 second(s)

2017-10-03 12:47:20 - [MESSAGE][PASSED] - Delayed 5 second(s)

2017-10-03 12:47:20 - [TEST_STEP][FAILED] - click: Unable to click on object 'Object Repository/New Account/Page_Visitor Security Management Sy/a_Dont have an account' (Root cause: org.openqa.selenium.NoSuchWindowException: Window not found. The browser window may have been closed.
Command duration or timeout: 234 milliseconds
Build info: version: '2.53.0', revision: '35ae25b', time: '2016-03-15 17:00:58'
System info: host: 'DESKTOP-QAVLP3L', ip: '192.168.56.1', os.name: 'Windows 10', os.arch: 'amd64', os.version: '10.0', java.version: '1.8.0_102'
Driver info: com.kms.katalon.selenium.driver.CFirefoxDriver
Capabilities [{applicationCacheEnabled=true, rotatable=false, handlesAlerts=true, databaseEnabled=true, version=39.0.3, platform=WINDOWS, nativeEvents=false, acceptSslCerts=true, webStorageEnabled=true, locationContextEnabled=true, browserName=firefox, takesScreenshot=true, javascriptEnabled=true, cssSelectorsEnabled=true}]
Session ID: 35f841a8-43c4-43e2-b9fa-f5b8b9402561
*** Element info: {Using=xpath, value=//a[count(. | //*[@href = 'https://sandbox.vsms.tezzasolutions.com/pricing']) = count(//*[@href = 'https://sandbox.vsms.tezzasolutions.com/pricing'])][count(. | //*[contains(.,'Don't have an account?')]) = count(//*[contains(.,'Don't have an account?')])]})

2017-10-03 12:47:53 - [MESSAGE][WARNING] - Cannot take screenshot

2017-10-03 12:47:53 - [MESSAGE][FAILED] - Unable to click on object 'Object Repository/New Account/Page_Visitor Security Management Sy/a_Dont have an account' (Root cause: org.openqa.selenium.NoSuchWindowException: Window not found. The browser window may have been closed.
Command duration or timeout: 234 milliseconds
Build info: version: '2.53.0', revision: '35ae25b', time: '2016-03-15 17:00:58'
System info: host: 'DESKTOP-QAVLP3L', ip: '192.168.56.1', os.name: 'Windows 10', os.arch: 'amd64', os.version: '10.0', java.version: '1.8.0_102'
Driver info: com.kms.katalon.selenium.driver.CFirefoxDriver
Capabilities [{applicationCacheEnabled=true, rotatable=false, handlesAlerts=true, databaseEnabled=true, version=39.0.3, platform=WINDOWS, nativeEvents=false, acceptSslCerts=true, webStorageEnabled=true, locationContextEnabled=true, browserName=firefox, takesScreenshot=true, javascriptEnabled=true, cssSelectorsEnabled=true}]
Session ID: 35f841a8-43c4-43e2-b9fa-f5b8b9402561
*** Element info: {Using=xpath, value=//a[count(. | //*[@href = 'https://sandbox.vsms.tezzasolutions.com/pricing']) = count(//*[@href = 'https://sandbox.vsms.tezzasolutions.com/pricing'])][count(. | //*[contains(.,'Don't have an account?')]) = count(//*[contains(.,'Don't have an account?')])]})]]></system-out>
         <system-err><![CDATA[2017-10-03 12:46:59 - [TEST_CASE][FAILED] - Test Cases/Creating New Account/Creating New User Account: Test Cases/Creating New Account/Creating New User Account FAILED because (of) Unable to click on object 'Object Repository/New Account/Page_Visitor Security Management Sy/a_Dont have an account' (Root cause: org.openqa.selenium.NoSuchWindowException: Window not found. The browser window may have been closed.
Command duration or timeout: 234 milliseconds
Build info: version: '2.53.0', revision: '35ae25b', time: '2016-03-15 17:00:58'
System info: host: 'DESKTOP-QAVLP3L', ip: '192.168.56.1', os.name: 'Windows 10', os.arch: 'amd64', os.version: '10.0', java.version: '1.8.0_102'
Driver info: com.kms.katalon.selenium.driver.CFirefoxDriver
Capabilities [{applicationCacheEnabled=true, rotatable=false, handlesAlerts=true, databaseEnabled=true, version=39.0.3, platform=WINDOWS, nativeEvents=false, acceptSslCerts=true, webStorageEnabled=true, locationContextEnabled=true, browserName=firefox, takesScreenshot=true, javascriptEnabled=true, cssSelectorsEnabled=true}]
Session ID: 35f841a8-43c4-43e2-b9fa-f5b8b9402561
*** Element info: {Using=xpath, value=//a[count(. | //*[@href = 'https://sandbox.vsms.tezzasolutions.com/pricing']) = count(//*[@href = 'https://sandbox.vsms.tezzasolutions.com/pricing'])][count(. | //*[contains(.,'Don't have an account?')]) = count(//*[contains(.,'Don't have an account?')])]})]]></system-err>
      </testcase>
      <system-out><![CDATA[2017-10-03 12:46:58 - [TEST_SUITE][FAILED] - Sign Up: Test Cases/Creating New Account/Creating New User Account FAILED because (of) Unable to click on object 'Object Repository/New Account/Page_Visitor Security Management Sy/a_Dont have an account' (Root cause: org.openqa.selenium.NoSuchWindowException: Window not found. The browser window may have been closed.
Command duration or timeout: 234 milliseconds
Build info: version: '2.53.0', revision: '35ae25b', time: '2016-03-15 17:00:58'
System info: host: 'DESKTOP-QAVLP3L', ip: '192.168.56.1', os.name: 'Windows 10', os.arch: 'amd64', os.version: '10.0', java.version: '1.8.0_102'
Driver info: com.kms.katalon.selenium.driver.CFirefoxDriver
Capabilities [{applicationCacheEnabled=true, rotatable=false, handlesAlerts=true, databaseEnabled=true, version=39.0.3, platform=WINDOWS, nativeEvents=false, acceptSslCerts=true, webStorageEnabled=true, locationContextEnabled=true, browserName=firefox, takesScreenshot=true, javascriptEnabled=true, cssSelectorsEnabled=true}]
Session ID: 35f841a8-43c4-43e2-b9fa-f5b8b9402561
*** Element info: {Using=xpath, value=//a[count(. | //*[@href = 'https://sandbox.vsms.tezzasolutions.com/pricing']) = count(//*[@href = 'https://sandbox.vsms.tezzasolutions.com/pricing'])][count(. | //*[contains(.,'Don't have an account?')]) = count(//*[contains(.,'Don't have an account?')])]})]]></system-out>
      <system-err><![CDATA[2017-10-03 12:46:58 - [TEST_SUITE][FAILED] - Sign Up: Test Cases/Creating New Account/Creating New User Account FAILED because (of) Unable to click on object 'Object Repository/New Account/Page_Visitor Security Management Sy/a_Dont have an account' (Root cause: org.openqa.selenium.NoSuchWindowException: Window not found. The browser window may have been closed.
Command duration or timeout: 234 milliseconds
Build info: version: '2.53.0', revision: '35ae25b', time: '2016-03-15 17:00:58'
System info: host: 'DESKTOP-QAVLP3L', ip: '192.168.56.1', os.name: 'Windows 10', os.arch: 'amd64', os.version: '10.0', java.version: '1.8.0_102'
Driver info: com.kms.katalon.selenium.driver.CFirefoxDriver
Capabilities [{applicationCacheEnabled=true, rotatable=false, handlesAlerts=true, databaseEnabled=true, version=39.0.3, platform=WINDOWS, nativeEvents=false, acceptSslCerts=true, webStorageEnabled=true, locationContextEnabled=true, browserName=firefox, takesScreenshot=true, javascriptEnabled=true, cssSelectorsEnabled=true}]
Session ID: 35f841a8-43c4-43e2-b9fa-f5b8b9402561
*** Element info: {Using=xpath, value=//a[count(. | //*[@href = 'https://sandbox.vsms.tezzasolutions.com/pricing']) = count(//*[@href = 'https://sandbox.vsms.tezzasolutions.com/pricing'])][count(. | //*[contains(.,'Don't have an account?')]) = count(//*[contains(.,'Don't have an account?')])]})]]></system-err>
   </testsuite>
</testsuites>
