{"devicePlatform":"","logFolder":"C:\\Users\\Gituto Nyawira\\git\\VSMS-Test-Automation\\Reports\\Profile\\Update Profile\\20171012_140416","runData":{"hostName":"Gituto Nyawira - Gituto-PC","hostAddress":"192.168.43.189","os":"Windows 10 64bit","katalonVersion":"4.8.0.2"},"type":"TEST_SUITE","name":"Update Profile","id":"Test Suites/Profile/Update Profile","source":"","message":"Test Cases/Profile/Update Profile FAILED because (of) Variable \u0027var_URL\u0027 is not defined for test case.","description":"Updating Profile","startTime":1507806264580,"endTime":1507806268039,"childRecords":[{"isOptional":false,"type":"TEST_CASE","name":"Test Cases/Profile/Update Profile - Iteration 1","id":"Test Cases/Profile/Update Profile","source":"C:\\\\Users\\\\Gituto Nyawira\\\\git\\\\VSMS-Test-AutomationTest Cases\\\\Profile\\\\Update Profile.tc","message":"Test Cases/Profile/Update Profile FAILED because (of) Variable \u0027var_URL\u0027 is not defined for test case.","description":"Update profile, Excluding the Profile Pic","startTime":1507806265473,"endTime":1507806267500,"childRecords":[{"testStatus":{"stackTrace":"","statusValue":"INFO"},"type":"MESSAGE","name":"","message":"Evaluating variables for test case","startTime":1507806265859,"endTime":0,"childRecords":[],"interuppted":false},{"testStatus":{"stackTrace":"","statusValue":"INFO"},"type":"MESSAGE","name":"","message":"Variable \u0027var_firstName\u0027 is set to Madiba","startTime":1507806266020,"endTime":0,"childRecords":[],"interuppted":false},{"testStatus":{"stackTrace":"","statusValue":"INFO"},"type":"MESSAGE","name":"","message":"Variable \u0027var_lastName\u0027 is set to Mandela","startTime":1507806266022,"endTime":0,"childRecords":[],"interuppted":false},{"testStatus":{"stackTrace":"","statusValue":"INFO"},"type":"MESSAGE","name":"","message":"Variable \u0027var_jobTitle\u0027 is set to Tester","startTime":1507806266024,"endTime":0,"childRecords":[],"interuppted":false},{"testStatus":{"stackTrace":"","statusValue":"INFO"},"type":"MESSAGE","name":"","message":"Variable \u0027var_phone\u0027 is set to 0725165229","startTime":1507806266026,"endTime":0,"childRecords":[],"interuppted":false},{"testStatus":{"stackTrace":"","statusValue":"INFO"},"type":"MESSAGE","name":"","message":"Variable \u0027var_altPhone\u0027 is set to 0725167892","startTime":1507806266028,"endTime":0,"childRecords":[],"interuppted":false},{"testStatus":{"stackTrace":"","statusValue":"INFO"},"type":"MESSAGE","name":"","message":"Variable \u0027var_address2\u0027 is set to 1234","startTime":1507806266030,"endTime":0,"childRecords":[],"interuppted":false},{"testStatus":{"stackTrace":"","statusValue":"INFO"},"type":"MESSAGE","name":"","message":"Variable \u0027var_altEmail\u0027 is set to dennisgituto@yahoo.com","startTime":1507806266031,"endTime":0,"childRecords":[],"interuppted":false},{"testStatus":{"stackTrace":"","statusValue":"INFO"},"type":"MESSAGE","name":"","message":"Variable \u0027var_address1\u0027 is set to 6789","startTime":1507806266035,"endTime":0,"childRecords":[],"interuppted":false},{"testStatus":{"stackTrace":"","statusValue":"INFO"},"type":"MESSAGE","name":"","message":"Variable \u0027var_city\u0027 is set to Nairobi","startTime":1507806266039,"endTime":0,"childRecords":[],"interuppted":false},{"index":1,"isIgnoredIfFailed":false,"type":"TEST_STEP","name":"callTestCase","message":"Unable to call Test Case with id \u0027Test Cases/LOGIN\u0027 (Root cause: Call Test Case \u0027Test Cases/LOGIN\u0027 failed because of error(s))","description":"","startTime":1507806266880,"endTime":1507806267496,"childRecords":[{"isOptional":false,"type":"TEST_CASE","name":"Test Cases/LOGIN","id":"Test Cases/LOGIN","source":"C:\\\\Users\\\\Gituto Nyawira\\\\git\\\\VSMS-Test-AutomationTest Cases\\\\LOGIN.tc","message":"Test Cases/LOGIN FAILED because (of) Variable \u0027var_URL\u0027 is not defined for test case.","description":"authenticating a VSMS user","startTime":1507806267062,"endTime":1507806267488,"childRecords":[{"testStatus":{"stackTrace":"","statusValue":"INFO"},"type":"MESSAGE","name":"","message":"Evaluating variables for test case","startTime":1507806267104,"endTime":0,"childRecords":[],"interuppted":false},{"index":1,"isIgnoredIfFailed":false,"type":"TEST_STEP","name":"openBrowser","description":"","startTime":1507806267449,"endTime":1507806267458,"childRecords":[],"interuppted":false},{"testStatus":{"stackTrace":"","statusValue":"ERROR"},"type":"MESSAGE","name":"","message":"Test Cases/LOGIN FAILED because (of) Variable \u0027var_URL\u0027 is not defined for test case.","startTime":1507806267461,"endTime":0,"childRecords":[],"interuppted":false}],"interuppted":false},{"testStatus":{"stackTrace":"","statusValue":"FAILED"},"type":"MESSAGE","name":"","message":"Unable to call Test Case with id \u0027Test Cases/LOGIN\u0027 (Root cause: Call Test Case \u0027Test Cases/LOGIN\u0027 failed because of error(s))","startTime":1507806267494,"endTime":0,"childRecords":[],"interuppted":false}],"interuppted":false},{"testStatus":{"stackTrace":"","statusValue":"ERROR"},"type":"MESSAGE","name":"","message":"Test Cases/Profile/Update Profile FAILED because (of) Variable \u0027var_URL\u0027 is not defined for test case.","startTime":1507806267496,"endTime":0,"childRecords":[],"interuppted":false}],"interuppted":false},{"isOptional":false,"type":"TEST_CASE","name":"Test Cases/Profile/Update Profile - Iteration 2","id":"Test Cases/Profile/Update Profile","source":"C:\\\\Users\\\\Gituto Nyawira\\\\git\\\\VSMS-Test-AutomationTest Cases\\\\Profile\\\\Update Profile.tc","message":"Test Cases/Profile/Update Profile FAILED because (of) Variable \u0027var_URL\u0027 is not defined for test case.","description":"Update profile, Excluding the Profile Pic","startTime":1507806267566,"endTime":1507806267969,"childRecords":[{"testStatus":{"stackTrace":"","statusValue":"INFO"},"type":"MESSAGE","name":"","message":"Evaluating variables for test case","startTime":1507806267762,"endTime":0,"childRecords":[],"interuppted":false},{"testStatus":{"stackTrace":"","statusValue":"INFO"},"type":"MESSAGE","name":"","message":"Variable \u0027var_firstName\u0027 is set to ","startTime":1507806267763,"endTime":0,"childRecords":[],"interuppted":false},{"testStatus":{"stackTrace":"","statusValue":"INFO"},"type":"MESSAGE","name":"","message":"Variable \u0027var_lastName\u0027 is set to ","startTime":1507806267764,"endTime":0,"childRecords":[],"interuppted":false},{"testStatus":{"stackTrace":"","statusValue":"INFO"},"type":"MESSAGE","name":"","message":"Variable \u0027var_jobTitle\u0027 is set to ","startTime":1507806267765,"endTime":0,"childRecords":[],"interuppted":false},{"testStatus":{"stackTrace":"","statusValue":"INFO"},"type":"MESSAGE","name":"","message":"Variable \u0027var_phone\u0027 is set to ","startTime":1507806267766,"endTime":0,"childRecords":[],"interuppted":false},{"testStatus":{"stackTrace":"","statusValue":"INFO"},"type":"MESSAGE","name":"","message":"Variable \u0027var_altPhone\u0027 is set to ","startTime":1507806267766,"endTime":0,"childRecords":[],"interuppted":false},{"testStatus":{"stackTrace":"","statusValue":"INFO"},"type":"MESSAGE","name":"","message":"Variable \u0027var_address2\u0027 is set to ","startTime":1507806267767,"endTime":0,"childRecords":[],"interuppted":false},{"testStatus":{"stackTrace":"","statusValue":"INFO"},"type":"MESSAGE","name":"","message":"Variable \u0027var_altEmail\u0027 is set to ","startTime":1507806267768,"endTime":0,"childRecords":[],"interuppted":false},{"testStatus":{"stackTrace":"","statusValue":"INFO"},"type":"MESSAGE","name":"","message":"Variable \u0027var_address1\u0027 is set to ","startTime":1507806267769,"endTime":0,"childRecords":[],"interuppted":false},{"testStatus":{"stackTrace":"","statusValue":"INFO"},"type":"MESSAGE","name":"","message":"Variable \u0027var_city\u0027 is set to ","startTime":1507806267770,"endTime":0,"childRecords":[],"interuppted":false},{"index":1,"isIgnoredIfFailed":false,"type":"TEST_STEP","name":"callTestCase","message":"Unable to call Test Case with id \u0027Test Cases/LOGIN\u0027 (Root cause: Call Test Case \u0027Test Cases/LOGIN\u0027 failed because of error(s))","description":"","startTime":1507806267782,"endTime":1507806267932,"childRecords":[{"isOptional":false,"type":"TEST_CASE","name":"Test Cases/LOGIN","id":"Test Cases/LOGIN","source":"C:\\\\Users\\\\Gituto Nyawira\\\\git\\\\VSMS-Test-AutomationTest Cases\\\\LOGIN.tc","message":"Test Cases/LOGIN FAILED because (of) Variable \u0027var_URL\u0027 is not defined for test case.","description":"authenticating a VSMS user","startTime":1507806267845,"endTime":1507806267914,"childRecords":[{"testStatus":{"stackTrace":"","statusValue":"INFO"},"type":"MESSAGE","name":"","message":"Evaluating variables for test case","startTime":1507806267887,"endTime":0,"childRecords":[],"interuppted":false},{"index":1,"isIgnoredIfFailed":false,"type":"TEST_STEP","name":"openBrowser","description":"","startTime":1507806267901,"endTime":1507806267909,"childRecords":[],"interuppted":false},{"testStatus":{"stackTrace":"","statusValue":"ERROR"},"type":"MESSAGE","name":"","message":"Test Cases/LOGIN FAILED because (of) Variable \u0027var_URL\u0027 is not defined for test case.","startTime":1507806267911,"endTime":0,"childRecords":[],"interuppted":false}],"interuppted":false},{"testStatus":{"stackTrace":"","statusValue":"FAILED"},"type":"MESSAGE","name":"","message":"Unable to call Test Case with id \u0027Test Cases/LOGIN\u0027 (Root cause: Call Test Case \u0027Test Cases/LOGIN\u0027 failed because of error(s))","startTime":1507806267917,"endTime":0,"childRecords":[],"interuppted":false}],"interuppted":false},{"testStatus":{"stackTrace":"","statusValue":"ERROR"},"type":"MESSAGE","name":"","message":"Test Cases/Profile/Update Profile FAILED because (of) Variable \u0027var_URL\u0027 is not defined for test case.","startTime":1507806267933,"endTime":0,"childRecords":[],"interuppted":false}],"interuppted":false}],"interuppted":false}