<?xml version="1.0" encoding="UTF-8"?>
<testsuites name="Update Profile" time="3" tests="0" failures="0" errors="2">
   <testsuite name="Update Profile" tests="0" failures="0" errors="2" time="3" timestamp="2017-10-12 14:04:24" hostname="Gituto Nyawira - Gituto-PC" id="Test Suites/Profile/Update Profile">
      <properties>
         <property name="deviceName" value=""/>
         <property name="devicePlatform" value=""/>
         <property name="logFolder" value="C:\\Users\\Gituto Nyawira\\git\\VSMS-Test-Automation\\Reports\\Profile\\Update Profile\\20171012_140416"/>
         <property name="logFiles" value="C:\\Users\\Gituto Nyawira\\git\\VSMS-Test-Automation\\Reports\\Profile\\Update Profile\\20171012_140416\\execution0.log"/>
         <property name="attachments" value=""/>
         <property name="hostName" value="Gituto Nyawira - Gituto-PC"/>
         <property name="hostAddress" value="192.168.43.189"/>
         <property name="os" value="Windows 10 64bit"/>
         <property name="katalonVersion" value="4.8.0.2"/>
      </properties>
      <testcase name="Test Cases/Profile/Update Profile - Iteration 1" classname="Test Cases/Profile/Update Profile" status="ERROR">
         <error type="ERROR" message="Test Cases/Profile/Update Profile FAILED because (of) Variable 'var_URL' is not defined for test case."/>
         <system-out><![CDATA[2017-10-12 14:04:25 - [TEST_CASE][ERROR] - Test Cases/Profile/Update Profile - Iteration 1: Test Cases/Profile/Update Profile FAILED because (of) Variable 'var_URL' is not defined for test case.

2017-10-12 14:04:26 - [TEST_STEP][FAILED] - callTestCase: Unable to call Test Case with id 'Test Cases/LOGIN' (Root cause: Call Test Case 'Test Cases/LOGIN' failed because of error(s))

2017-10-12 14:04:27 - [TEST_CASE][ERROR] - Test Cases/LOGIN: Test Cases/LOGIN FAILED because (of) Variable 'var_URL' is not defined for test case.

2017-10-12 14:04:27 - [TEST_STEP][PASSED] - openBrowser: null

2017-10-12 14:04:27 - [MESSAGE][FAILED] - Unable to call Test Case with id 'Test Cases/LOGIN' (Root cause: Call Test Case 'Test Cases/LOGIN' failed because of error(s))]]></system-out>
         <system-err><![CDATA[2017-10-12 14:04:25 - [TEST_CASE][ERROR] - Test Cases/Profile/Update Profile - Iteration 1: Test Cases/Profile/Update Profile FAILED because (of) Variable 'var_URL' is not defined for test case.]]></system-err>
      </testcase>
      <testcase name="Test Cases/Profile/Update Profile - Iteration 2" classname="Test Cases/Profile/Update Profile" status="ERROR">
         <error type="ERROR" message="Test Cases/Profile/Update Profile FAILED because (of) Variable 'var_URL' is not defined for test case."/>
         <system-out><![CDATA[2017-10-12 14:04:27 - [TEST_CASE][ERROR] - Test Cases/Profile/Update Profile - Iteration 2: Test Cases/Profile/Update Profile FAILED because (of) Variable 'var_URL' is not defined for test case.

2017-10-12 14:04:27 - [TEST_STEP][FAILED] - callTestCase: Unable to call Test Case with id 'Test Cases/LOGIN' (Root cause: Call Test Case 'Test Cases/LOGIN' failed because of error(s))

2017-10-12 14:04:27 - [TEST_CASE][ERROR] - Test Cases/LOGIN: Test Cases/LOGIN FAILED because (of) Variable 'var_URL' is not defined for test case.

2017-10-12 14:04:27 - [TEST_STEP][PASSED] - openBrowser: null

2017-10-12 14:04:27 - [MESSAGE][FAILED] - Unable to call Test Case with id 'Test Cases/LOGIN' (Root cause: Call Test Case 'Test Cases/LOGIN' failed because of error(s))]]></system-out>
         <system-err><![CDATA[2017-10-12 14:04:27 - [TEST_CASE][ERROR] - Test Cases/Profile/Update Profile - Iteration 2: Test Cases/Profile/Update Profile FAILED because (of) Variable 'var_URL' is not defined for test case.]]></system-err>
      </testcase>
      <system-out><![CDATA[2017-10-12 14:04:24 - [TEST_SUITE][ERROR] - Update Profile: Test Cases/Profile/Update Profile FAILED because (of) Variable 'var_URL' is not defined for test case.]]></system-out>
      <system-err><![CDATA[2017-10-12 14:04:24 - [TEST_SUITE][ERROR] - Update Profile: Test Cases/Profile/Update Profile FAILED because (of) Variable 'var_URL' is not defined for test case.]]></system-err>
   </testsuite>
</testsuites>
