{"devicePlatform":"","logFolder":"C:\\Users\\ChweyaJnr\\git\\VSMS-Test-Automation\\Reports\\User Management\\Group Module\\Edit Group\\20171013_114052","runData":{"hostName":"ChweyaJnr - 192.168.56.1","os":"Windows 10 64bit","katalonVersion":"4.8.0.2","browser":"Chrome 61.0.3163.100","hostAddress":"192.168.56.1","sessionId":"2c0ddad276368f689c6df9330474aa3d","seleniumVersion":"2.53.0","proxyInformation":"ProxyInformation{proxyOption\u003dNO_PROXY, proxyServerType\u003dHTTP, password\u003d, proxyServerAddress\u003d, proxyServerPort\u003d0}","platform":"Windows 10"},"type":"TEST_SUITE","name":"Edit Group","id":"Test Suites/User Management/Group Module/Edit Group","source":"","message":"Test Cases/User Management/Group Module/Edit Group FAILED because (of) Unable to click on object \u0027Object Repository/User Management/Edit Group/Edit Group Details/Automation Link\u0027 (Root cause: org.openqa.selenium.WebDriverException: unknown error: Failed to execute \u0027getComputedStyle\u0027 on \u0027Window\u0027: parameter 1 is not of type \u0027Element\u0027.\n  (Session info: chrome\u003d61.0.3163.100)\n  (Driver info: chromedriver\u003d2.31.488763 (092de99f48a300323ecf8c2a4e2e7cab51de5ba8),platform\u003dWindows NT 10.0.15063 x86_64) (WARNING: The server did not provide any stacktrace information)\nCommand duration or timeout: 62 milliseconds\nBuild info: version: \u00272.53.0\u0027, revision: \u002735ae25b\u0027, time: \u00272016-03-15 17:00:58\u0027\nSystem info: host: \u0027DESKTOP-QAVLP3L\u0027, ip: \u0027192.168.56.1\u0027, os.name: \u0027Windows 10\u0027, os.arch: \u0027amd64\u0027, os.version: \u002710.0\u0027, java.version: \u00271.8.0_102\u0027\nDriver info: com.kms.katalon.selenium.driver.CChromeDriver\nCapabilities [{applicationCacheEnabled\u003dfalse, rotatable\u003dfalse, mobileEmulationEnabled\u003dfalse, networkConnectionEnabled\u003dfalse, chrome\u003d{chromedriverVersion\u003d2.31.488763 (092de99f48a300323ecf8c2a4e2e7cab51de5ba8), userDataDir\u003dC:\\Users\\CHWEYA~1\\AppData\\Local\\Temp\\scoped_dir2724_12210}, takesHeapSnapshot\u003dtrue, pageLoadStrategy\u003dnormal, databaseEnabled\u003dfalse, handlesAlerts\u003dtrue, hasTouchScreen\u003dfalse, version\u003d61.0.3163.100, platform\u003dXP, browserConnectionEnabled\u003dfalse, nativeEvents\u003dtrue, acceptSslCerts\u003dtrue, locationContextEnabled\u003dtrue, webStorageEnabled\u003dtrue, browserName\u003dchrome, takesScreenshot\u003dtrue, javascriptEnabled\u003dtrue, cssSelectorsEnabled\u003dtrue, setWindowRect\u003dtrue, unexpectedAlertBehaviour\u003d}]\nSession ID: 2c0ddad276368f689c6df9330474aa3d)","description":"","startTime":1507884054896,"endTime":1507884102096,"childRecords":[{"isOptional":false,"type":"TEST_CASE","name":"Test Cases/User Management/Group Module/Edit Group","id":"Test Cases/User Management/Group Module/Edit Group","source":"C:\\\\Users\\\\ChweyaJnr\\\\git\\\\VSMS-Test-AutomationTest Cases\\\\User Management\\\\Group Module\\\\Edit Group.tc","message":"Test Cases/User Management/Group Module/Edit Group FAILED because (of) Unable to click on object \u0027Object Repository/User Management/Edit Group/Edit Group Details/Automation Link\u0027 (Root cause: org.openqa.selenium.WebDriverException: unknown error: Failed to execute \u0027getComputedStyle\u0027 on \u0027Window\u0027: parameter 1 is not of type \u0027Element\u0027.\n  (Session info: chrome\u003d61.0.3163.100)\n  (Driver info: chromedriver\u003d2.31.488763 (092de99f48a300323ecf8c2a4e2e7cab51de5ba8),platform\u003dWindows NT 10.0.15063 x86_64) (WARNING: The server did not provide any stacktrace information)\nCommand duration or timeout: 62 milliseconds\nBuild info: version: \u00272.53.0\u0027, revision: \u002735ae25b\u0027, time: \u00272016-03-15 17:00:58\u0027\nSystem info: host: \u0027DESKTOP-QAVLP3L\u0027, ip: \u0027192.168.56.1\u0027, os.name: \u0027Windows 10\u0027, os.arch: \u0027amd64\u0027, os.version: \u002710.0\u0027, java.version: \u00271.8.0_102\u0027\nDriver info: com.kms.katalon.selenium.driver.CChromeDriver\nCapabilities [{applicationCacheEnabled\u003dfalse, rotatable\u003dfalse, mobileEmulationEnabled\u003dfalse, networkConnectionEnabled\u003dfalse, chrome\u003d{chromedriverVersion\u003d2.31.488763 (092de99f48a300323ecf8c2a4e2e7cab51de5ba8), userDataDir\u003dC:\\Users\\CHWEYA~1\\AppData\\Local\\Temp\\scoped_dir2724_12210}, takesHeapSnapshot\u003dtrue, pageLoadStrategy\u003dnormal, databaseEnabled\u003dfalse, handlesAlerts\u003dtrue, hasTouchScreen\u003dfalse, version\u003d61.0.3163.100, platform\u003dXP, browserConnectionEnabled\u003dfalse, nativeEvents\u003dtrue, acceptSslCerts\u003dtrue, locationContextEnabled\u003dtrue, webStorageEnabled\u003dtrue, browserName\u003dchrome, takesScreenshot\u003dtrue, javascriptEnabled\u003dtrue, cssSelectorsEnabled\u003dtrue, setWindowRect\u003dtrue, unexpectedAlertBehaviour\u003d}]\nSession ID: 2c0ddad276368f689c6df9330474aa3d)","description":"","startTime":1507884055467,"endTime":1507884102061,"childRecords":[{"testStatus":{"stackTrace":"","statusValue":"INFO"},"type":"MESSAGE","name":"","message":"Evaluating variables for test case","startTime":1507884055880,"endTime":0,"childRecords":[],"interuppted":false},{"testStatus":{"stackTrace":"","statusValue":"INFO"},"type":"MESSAGE","name":"","message":"Variable \u0027var_gpname\u0027 is set to Automation","startTime":1507884056067,"endTime":0,"childRecords":[],"interuppted":false},{"index":1,"isIgnoredIfFailed":false,"type":"TEST_STEP","name":"callTestCase","message":"Call Test Case \u0027Test Cases/LOGIN\u0027 successfully","description":"","startTime":1507884056685,"endTime":1507884072440,"childRecords":[{"isOptional":false,"type":"TEST_CASE","name":"Test Cases/LOGIN","id":"Test Cases/LOGIN","source":"C:\\\\Users\\\\ChweyaJnr\\\\git\\\\VSMS-Test-AutomationTest Cases\\\\LOGIN.tc","message":"Test Cases/LOGIN","description":"authenticating a VSMS user","startTime":1507884056850,"endTime":1507884072428,"childRecords":[{"testStatus":{"stackTrace":"","statusValue":"INFO"},"type":"MESSAGE","name":"","message":"Evaluating variables for test case","startTime":1507884056886,"endTime":0,"childRecords":[],"interuppted":false},{"index":1,"isIgnoredIfFailed":false,"type":"TEST_STEP","name":"openBrowser","message":"Browser is opened with url: \u0027https://sandbox.vsms.tezzasolutions.com/index\u0027","description":"","startTime":1507884057294,"endTime":1507884067396,"childRecords":[{"testStatus":{"stackTrace":"","statusValue":"PASSED"},"type":"MESSAGE","name":"","message":"Browser is opened with url: \u0027https://sandbox.vsms.tezzasolutions.com/index\u0027","startTime":1507884067394,"endTime":0,"childRecords":[],"interuppted":false}],"interuppted":false},{"index":2,"isIgnoredIfFailed":false,"type":"TEST_STEP","name":"click","message":"Object: \u0027Object Repository/login/a_Log in\u0027 is clicked on","description":"","startTime":1507884067396,"endTime":1507884069631,"childRecords":[{"testStatus":{"stackTrace":"","statusValue":"PASSED"},"type":"MESSAGE","name":"","message":"Object: \u0027Object Repository/login/a_Log in\u0027 is clicked on","startTime":1507884069630,"endTime":0,"childRecords":[],"interuppted":false}],"interuppted":false},{"index":3,"isIgnoredIfFailed":false,"type":"TEST_STEP","name":"setText","message":"Text \u0027clarinenyauncho@gmail.com\u0027 is set on object \u0027Object Repository/login/input_email\u0027","description":"","startTime":1507884069633,"endTime":1507884070027,"childRecords":[{"testStatus":{"stackTrace":"","statusValue":"PASSED"},"type":"MESSAGE","name":"","message":"Text \u0027clarinenyauncho@gmail.com\u0027 is set on object \u0027Object Repository/login/input_email\u0027","startTime":1507884070026,"endTime":0,"childRecords":[],"interuppted":false}],"interuppted":false},{"index":4,"isIgnoredIfFailed":false,"type":"TEST_STEP","name":"setText","message":"Text \u0027changeme\u0027 is set on object \u0027Object Repository/login/input_password\u0027","description":"","startTime":1507884070028,"endTime":1507884070262,"childRecords":[{"testStatus":{"stackTrace":"","statusValue":"PASSED"},"type":"MESSAGE","name":"","message":"Text \u0027changeme\u0027 is set on object \u0027Object Repository/login/input_password\u0027","startTime":1507884070261,"endTime":0,"childRecords":[],"interuppted":false}],"interuppted":false},{"index":5,"isIgnoredIfFailed":false,"type":"TEST_STEP","name":"click","message":"Object: \u0027Object Repository/login/button_Login\u0027 is clicked on","description":"","startTime":1507884070262,"endTime":1507884072427,"childRecords":[{"testStatus":{"stackTrace":"","statusValue":"PASSED"},"type":"MESSAGE","name":"","message":"Object: \u0027Object Repository/login/button_Login\u0027 is clicked on","startTime":1507884072426,"endTime":0,"childRecords":[],"interuppted":false}],"interuppted":false},{"testStatus":{"stackTrace":"","statusValue":"PASSED"},"type":"MESSAGE","name":"","message":"Test Cases/LOGIN","startTime":1507884072428,"endTime":0,"childRecords":[],"interuppted":false}],"interuppted":false},{"testStatus":{"stackTrace":"","statusValue":"PASSED"},"type":"MESSAGE","name":"","message":"Call Test Case \u0027Test Cases/LOGIN\u0027 successfully","startTime":1507884072439,"endTime":0,"childRecords":[],"interuppted":false}],"interuppted":false},{"index":2,"isIgnoredIfFailed":false,"type":"TEST_STEP","name":"click","message":"Object: \u0027Object Repository/User Management/Add New User/Module Dropdown Objects/Modules dropdown\u0027 is clicked on","description":"","startTime":1507884072440,"endTime":1507884072601,"childRecords":[{"testStatus":{"stackTrace":"","statusValue":"PASSED"},"type":"MESSAGE","name":"","message":"Object: \u0027Object Repository/User Management/Add New User/Module Dropdown Objects/Modules dropdown\u0027 is clicked on","startTime":1507884072600,"endTime":0,"childRecords":[],"interuppted":false}],"interuppted":false},{"index":3,"isIgnoredIfFailed":false,"type":"TEST_STEP","name":"click","message":"Object: \u0027Object Repository/User Management/Add New User/Module Dropdown Objects/User Management Dropdown\u0027 is clicked on","description":"","startTime":1507884072602,"endTime":1507884073297,"childRecords":[{"testStatus":{"stackTrace":"","statusValue":"PASSED"},"type":"MESSAGE","name":"","message":"Object: \u0027Object Repository/User Management/Add New User/Module Dropdown Objects/User Management Dropdown\u0027 is clicked on","startTime":1507884073296,"endTime":0,"childRecords":[],"interuppted":false}],"interuppted":false},{"index":4,"isIgnoredIfFailed":false,"type":"TEST_STEP","name":"click","message":"Object: \u0027Object Repository/User Management/Add New Group/Group Module Selection/Group Module\u0027 is clicked on","description":"","startTime":1507884073298,"endTime":1507884074259,"childRecords":[{"testStatus":{"stackTrace":"","statusValue":"PASSED"},"type":"MESSAGE","name":"","message":"Object: \u0027Object Repository/User Management/Add New Group/Group Module Selection/Group Module\u0027 is clicked on","startTime":1507884074258,"endTime":0,"childRecords":[],"interuppted":false}],"interuppted":false},{"index":5,"isIgnoredIfFailed":false,"type":"TEST_STEP","name":"maximizeWindow","message":"Current window maximized","description":"","startTime":1507884074260,"endTime":1507884075433,"childRecords":[{"testStatus":{"stackTrace":"","statusValue":"PASSED"},"type":"MESSAGE","name":"","message":"Current window maximized","startTime":1507884075432,"endTime":0,"childRecords":[],"interuppted":false}],"interuppted":false},{"index":6,"isIgnoredIfFailed":false,"type":"TEST_STEP","name":"delay","message":"Delayed 10 second(s)","description":"","startTime":1507884075434,"endTime":1507884085451,"childRecords":[{"testStatus":{"stackTrace":"","statusValue":"PASSED"},"type":"MESSAGE","name":"","message":"Delayed 10 second(s)","startTime":1507884085449,"endTime":0,"childRecords":[],"interuppted":false}],"interuppted":false},{"attachment":"1507884085610.png","index":7,"isIgnoredIfFailed":false,"type":"TEST_STEP","name":"click","message":"Unable to click on object \u0027Object Repository/User Management/Edit Group/Edit Group Details/Automation Link\u0027 (Root cause: org.openqa.selenium.WebDriverException: unknown error: Failed to execute \u0027getComputedStyle\u0027 on \u0027Window\u0027: parameter 1 is not of type \u0027Element\u0027.\n  (Session info: chrome\u003d61.0.3163.100)\n  (Driver info: chromedriver\u003d2.31.488763 (092de99f48a300323ecf8c2a4e2e7cab51de5ba8),platform\u003dWindows NT 10.0.15063 x86_64) (WARNING: The server did not provide any stacktrace information)\nCommand duration or timeout: 62 milliseconds\nBuild info: version: \u00272.53.0\u0027, revision: \u002735ae25b\u0027, time: \u00272016-03-15 17:00:58\u0027\nSystem info: host: \u0027DESKTOP-QAVLP3L\u0027, ip: \u0027192.168.56.1\u0027, os.name: \u0027Windows 10\u0027, os.arch: \u0027amd64\u0027, os.version: \u002710.0\u0027, java.version: \u00271.8.0_102\u0027\nDriver info: com.kms.katalon.selenium.driver.CChromeDriver\nCapabilities [{applicationCacheEnabled\u003dfalse, rotatable\u003dfalse, mobileEmulationEnabled\u003dfalse, networkConnectionEnabled\u003dfalse, chrome\u003d{chromedriverVersion\u003d2.31.488763 (092de99f48a300323ecf8c2a4e2e7cab51de5ba8), userDataDir\u003dC:\\Users\\CHWEYA~1\\AppData\\Local\\Temp\\scoped_dir2724_12210}, takesHeapSnapshot\u003dtrue, pageLoadStrategy\u003dnormal, databaseEnabled\u003dfalse, handlesAlerts\u003dtrue, hasTouchScreen\u003dfalse, version\u003d61.0.3163.100, platform\u003dXP, browserConnectionEnabled\u003dfalse, nativeEvents\u003dtrue, acceptSslCerts\u003dtrue, locationContextEnabled\u003dtrue, webStorageEnabled\u003dtrue, browserName\u003dchrome, takesScreenshot\u003dtrue, javascriptEnabled\u003dtrue, cssSelectorsEnabled\u003dtrue, setWindowRect\u003dtrue, unexpectedAlertBehaviour\u003d}]\nSession ID: 2c0ddad276368f689c6df9330474aa3d)","description":"","startTime":1507884085453,"endTime":1507884086066,"childRecords":[{"testStatus":{"stackTrace":"","statusValue":"FAILED"},"attachment":"1507884085610.png","type":"MESSAGE","name":"","message":"Unable to click on object \u0027Object Repository/User Management/Edit Group/Edit Group Details/Automation Link\u0027 (Root cause: org.openqa.selenium.WebDriverException: unknown error: Failed to execute \u0027getComputedStyle\u0027 on \u0027Window\u0027: parameter 1 is not of type \u0027Element\u0027.\n  (Session info: chrome\u003d61.0.3163.100)\n  (Driver info: chromedriver\u003d2.31.488763 (092de99f48a300323ecf8c2a4e2e7cab51de5ba8),platform\u003dWindows NT 10.0.15063 x86_64) (WARNING: The server did not provide any stacktrace information)\nCommand duration or timeout: 62 milliseconds\nBuild info: version: \u00272.53.0\u0027, revision: \u002735ae25b\u0027, time: \u00272016-03-15 17:00:58\u0027\nSystem info: host: \u0027DESKTOP-QAVLP3L\u0027, ip: \u0027192.168.56.1\u0027, os.name: \u0027Windows 10\u0027, os.arch: \u0027amd64\u0027, os.version: \u002710.0\u0027, java.version: \u00271.8.0_102\u0027\nDriver info: com.kms.katalon.selenium.driver.CChromeDriver\nCapabilities [{applicationCacheEnabled\u003dfalse, rotatable\u003dfalse, mobileEmulationEnabled\u003dfalse, networkConnectionEnabled\u003dfalse, chrome\u003d{chromedriverVersion\u003d2.31.488763 (092de99f48a300323ecf8c2a4e2e7cab51de5ba8), userDataDir\u003dC:\\Users\\CHWEYA~1\\AppData\\Local\\Temp\\scoped_dir2724_12210}, takesHeapSnapshot\u003dtrue, pageLoadStrategy\u003dnormal, databaseEnabled\u003dfalse, handlesAlerts\u003dtrue, hasTouchScreen\u003dfalse, version\u003d61.0.3163.100, platform\u003dXP, browserConnectionEnabled\u003dfalse, nativeEvents\u003dtrue, acceptSslCerts\u003dtrue, locationContextEnabled\u003dtrue, webStorageEnabled\u003dtrue, browserName\u003dchrome, takesScreenshot\u003dtrue, javascriptEnabled\u003dtrue, cssSelectorsEnabled\u003dtrue, setWindowRect\u003dtrue, unexpectedAlertBehaviour\u003d}]\nSession ID: 2c0ddad276368f689c6df9330474aa3d)","startTime":1507884086063,"endTime":0,"childRecords":[],"interuppted":false}],"interuppted":false},{"index":8,"isIgnoredIfFailed":false,"type":"TEST_STEP","name":"delay","message":"Delayed 10 second(s)","description":"","startTime":1507884086066,"endTime":1507884096074,"childRecords":[{"testStatus":{"stackTrace":"","statusValue":"PASSED"},"type":"MESSAGE","name":"","message":"Delayed 10 second(s)","startTime":1507884096070,"endTime":0,"childRecords":[],"interuppted":false}],"interuppted":false},{"attachment":"1507884096194.png","index":9,"isIgnoredIfFailed":false,"type":"TEST_STEP","name":"setText","message":"Unable to set text \u0027Automation\u0027 of object \u0027Object Repository/User Management/Edit Group/Edit Group Details/Groupname Input Field\u0027 (Root cause: org.openqa.selenium.InvalidElementStateException: invalid element state: Element is not currently interactable and may not be manipulated\n  (Session info: chrome\u003d61.0.3163.100)\n  (Driver info: chromedriver\u003d2.31.488763 (092de99f48a300323ecf8c2a4e2e7cab51de5ba8),platform\u003dWindows NT 10.0.15063 x86_64) (WARNING: The server did not provide any stacktrace information)\nCommand duration or timeout: 37 milliseconds\nBuild info: version: \u00272.53.0\u0027, revision: \u002735ae25b\u0027, time: \u00272016-03-15 17:00:58\u0027\nSystem info: host: \u0027DESKTOP-QAVLP3L\u0027, ip: \u0027192.168.56.1\u0027, os.name: \u0027Windows 10\u0027, os.arch: \u0027amd64\u0027, os.version: \u002710.0\u0027, java.version: \u00271.8.0_102\u0027\nDriver info: com.kms.katalon.selenium.driver.CChromeDriver\nCapabilities [{applicationCacheEnabled\u003dfalse, rotatable\u003dfalse, mobileEmulationEnabled\u003dfalse, networkConnectionEnabled\u003dfalse, chrome\u003d{chromedriverVersion\u003d2.31.488763 (092de99f48a300323ecf8c2a4e2e7cab51de5ba8), userDataDir\u003dC:\\Users\\CHWEYA~1\\AppData\\Local\\Temp\\scoped_dir2724_12210}, takesHeapSnapshot\u003dtrue, pageLoadStrategy\u003dnormal, databaseEnabled\u003dfalse, handlesAlerts\u003dtrue, hasTouchScreen\u003dfalse, version\u003d61.0.3163.100, platform\u003dXP, browserConnectionEnabled\u003dfalse, nativeEvents\u003dtrue, acceptSslCerts\u003dtrue, locationContextEnabled\u003dtrue, webStorageEnabled\u003dtrue, browserName\u003dchrome, takesScreenshot\u003dtrue, javascriptEnabled\u003dtrue, cssSelectorsEnabled\u003dtrue, setWindowRect\u003dtrue, unexpectedAlertBehaviour\u003d}]\nSession ID: 2c0ddad276368f689c6df9330474aa3d)","description":"","startTime":1507884096076,"endTime":1507884096526,"childRecords":[{"testStatus":{"stackTrace":"","statusValue":"FAILED"},"attachment":"1507884096194.png","type":"MESSAGE","name":"","message":"Unable to set text \u0027Automation\u0027 of object \u0027Object Repository/User Management/Edit Group/Edit Group Details/Groupname Input Field\u0027 (Root cause: org.openqa.selenium.InvalidElementStateException: invalid element state: Element is not currently interactable and may not be manipulated\n  (Session info: chrome\u003d61.0.3163.100)\n  (Driver info: chromedriver\u003d2.31.488763 (092de99f48a300323ecf8c2a4e2e7cab51de5ba8),platform\u003dWindows NT 10.0.15063 x86_64) (WARNING: The server did not provide any stacktrace information)\nCommand duration or timeout: 37 milliseconds\nBuild info: version: \u00272.53.0\u0027, revision: \u002735ae25b\u0027, time: \u00272016-03-15 17:00:58\u0027\nSystem info: host: \u0027DESKTOP-QAVLP3L\u0027, ip: \u0027192.168.56.1\u0027, os.name: \u0027Windows 10\u0027, os.arch: \u0027amd64\u0027, os.version: \u002710.0\u0027, java.version: \u00271.8.0_102\u0027\nDriver info: com.kms.katalon.selenium.driver.CChromeDriver\nCapabilities [{applicationCacheEnabled\u003dfalse, rotatable\u003dfalse, mobileEmulationEnabled\u003dfalse, networkConnectionEnabled\u003dfalse, chrome\u003d{chromedriverVersion\u003d2.31.488763 (092de99f48a300323ecf8c2a4e2e7cab51de5ba8), userDataDir\u003dC:\\Users\\CHWEYA~1\\AppData\\Local\\Temp\\scoped_dir2724_12210}, takesHeapSnapshot\u003dtrue, pageLoadStrategy\u003dnormal, databaseEnabled\u003dfalse, handlesAlerts\u003dtrue, hasTouchScreen\u003dfalse, version\u003d61.0.3163.100, platform\u003dXP, browserConnectionEnabled\u003dfalse, nativeEvents\u003dtrue, acceptSslCerts\u003dtrue, locationContextEnabled\u003dtrue, webStorageEnabled\u003dtrue, browserName\u003dchrome, takesScreenshot\u003dtrue, javascriptEnabled\u003dtrue, cssSelectorsEnabled\u003dtrue, setWindowRect\u003dtrue, unexpectedAlertBehaviour\u003d}]\nSession ID: 2c0ddad276368f689c6df9330474aa3d)","startTime":1507884096525,"endTime":0,"childRecords":[],"interuppted":false}],"interuppted":false},{"attachment":"1507884096653.png","index":10,"isIgnoredIfFailed":false,"type":"TEST_STEP","name":"click","message":"Unable to click on object \u0027Object Repository/User Management/Edit Group/Edit Group Details/button_Update\u0027 (Root cause: org.openqa.selenium.ElementNotVisibleException: element not visible\n  (Session info: chrome\u003d61.0.3163.100)\n  (Driver info: chromedriver\u003d2.31.488763 (092de99f48a300323ecf8c2a4e2e7cab51de5ba8),platform\u003dWindows NT 10.0.15063 x86_64) (WARNING: The server did not provide any stacktrace information)\nCommand duration or timeout: 43 milliseconds\nBuild info: version: \u00272.53.0\u0027, revision: \u002735ae25b\u0027, time: \u00272016-03-15 17:00:58\u0027\nSystem info: host: \u0027DESKTOP-QAVLP3L\u0027, ip: \u0027192.168.56.1\u0027, os.name: \u0027Windows 10\u0027, os.arch: \u0027amd64\u0027, os.version: \u002710.0\u0027, java.version: \u00271.8.0_102\u0027\nDriver info: com.kms.katalon.selenium.driver.CChromeDriver\nCapabilities [{applicationCacheEnabled\u003dfalse, rotatable\u003dfalse, mobileEmulationEnabled\u003dfalse, networkConnectionEnabled\u003dfalse, chrome\u003d{chromedriverVersion\u003d2.31.488763 (092de99f48a300323ecf8c2a4e2e7cab51de5ba8), userDataDir\u003dC:\\Users\\CHWEYA~1\\AppData\\Local\\Temp\\scoped_dir2724_12210}, takesHeapSnapshot\u003dtrue, pageLoadStrategy\u003dnormal, databaseEnabled\u003dfalse, handlesAlerts\u003dtrue, hasTouchScreen\u003dfalse, version\u003d61.0.3163.100, platform\u003dXP, browserConnectionEnabled\u003dfalse, nativeEvents\u003dtrue, acceptSslCerts\u003dtrue, locationContextEnabled\u003dtrue, webStorageEnabled\u003dtrue, browserName\u003dchrome, takesScreenshot\u003dtrue, javascriptEnabled\u003dtrue, cssSelectorsEnabled\u003dtrue, setWindowRect\u003dtrue, unexpectedAlertBehaviour\u003d}]\nSession ID: 2c0ddad276368f689c6df9330474aa3d)","description":"","startTime":1507884096527,"endTime":1507884096986,"childRecords":[{"testStatus":{"stackTrace":"","statusValue":"FAILED"},"attachment":"1507884096653.png","type":"MESSAGE","name":"","message":"Unable to click on object \u0027Object Repository/User Management/Edit Group/Edit Group Details/button_Update\u0027 (Root cause: org.openqa.selenium.ElementNotVisibleException: element not visible\n  (Session info: chrome\u003d61.0.3163.100)\n  (Driver info: chromedriver\u003d2.31.488763 (092de99f48a300323ecf8c2a4e2e7cab51de5ba8),platform\u003dWindows NT 10.0.15063 x86_64) (WARNING: The server did not provide any stacktrace information)\nCommand duration or timeout: 43 milliseconds\nBuild info: version: \u00272.53.0\u0027, revision: \u002735ae25b\u0027, time: \u00272016-03-15 17:00:58\u0027\nSystem info: host: \u0027DESKTOP-QAVLP3L\u0027, ip: \u0027192.168.56.1\u0027, os.name: \u0027Windows 10\u0027, os.arch: \u0027amd64\u0027, os.version: \u002710.0\u0027, java.version: \u00271.8.0_102\u0027\nDriver info: com.kms.katalon.selenium.driver.CChromeDriver\nCapabilities [{applicationCacheEnabled\u003dfalse, rotatable\u003dfalse, mobileEmulationEnabled\u003dfalse, networkConnectionEnabled\u003dfalse, chrome\u003d{chromedriverVersion\u003d2.31.488763 (092de99f48a300323ecf8c2a4e2e7cab51de5ba8), userDataDir\u003dC:\\Users\\CHWEYA~1\\AppData\\Local\\Temp\\scoped_dir2724_12210}, takesHeapSnapshot\u003dtrue, pageLoadStrategy\u003dnormal, databaseEnabled\u003dfalse, handlesAlerts\u003dtrue, hasTouchScreen\u003dfalse, version\u003d61.0.3163.100, platform\u003dXP, browserConnectionEnabled\u003dfalse, nativeEvents\u003dtrue, acceptSslCerts\u003dtrue, locationContextEnabled\u003dtrue, webStorageEnabled\u003dtrue, browserName\u003dchrome, takesScreenshot\u003dtrue, javascriptEnabled\u003dtrue, cssSelectorsEnabled\u003dtrue, setWindowRect\u003dtrue, unexpectedAlertBehaviour\u003d}]\nSession ID: 2c0ddad276368f689c6df9330474aa3d)","startTime":1507884096984,"endTime":0,"childRecords":[],"interuppted":false}],"interuppted":false},{"attachment":"1507884100321.png","index":11,"isIgnoredIfFailed":false,"type":"TEST_STEP","name":"verifyElementPresent","message":"com.kms.katalon.core.webui.exception.WebElementNotFoundException: Web element with id: \u0027Object Repository/User Management/Edit Group/Edit Group Details/Updated Automation1 successfully\u0027 located by \u0027By.xpath: //p[count(. | //*[contains(.,\u0027Updated [Automation1] successfully!\u0027)]) \u003d count(//*[contains(.,\u0027Updated [Automation1] successfully!\u0027)])]\u0027 not found","description":"","startTime":1507884096987,"endTime":1507884100651,"childRecords":[{"testStatus":{"stackTrace":"","statusValue":"FAILED"},"attachment":"1507884100321.png","type":"MESSAGE","name":"","message":"com.kms.katalon.core.webui.exception.WebElementNotFoundException: Web element with id: \u0027Object Repository/User Management/Edit Group/Edit Group Details/Updated Automation1 successfully\u0027 located by \u0027By.xpath: //p[count(. | //*[contains(.,\u0027Updated [Automation1] successfully!\u0027)]) \u003d count(//*[contains(.,\u0027Updated [Automation1] successfully!\u0027)])]\u0027 not found","startTime":1507884100649,"endTime":0,"childRecords":[],"interuppted":false}],"interuppted":false},{"index":12,"isIgnoredIfFailed":false,"type":"TEST_STEP","name":"closeBrowser","message":"Browser is closed","description":"","startTime":1507884100652,"endTime":1507884102059,"childRecords":[{"testStatus":{"stackTrace":"","statusValue":"PASSED"},"type":"MESSAGE","name":"","message":"Browser is closed","startTime":1507884102058,"endTime":0,"childRecords":[],"interuppted":false}],"interuppted":false},{"testStatus":{"stackTrace":"","statusValue":"FAILED"},"type":"MESSAGE","name":"","message":"Test Cases/User Management/Group Module/Edit Group FAILED because (of) Unable to click on object \u0027Object Repository/User Management/Edit Group/Edit Group Details/Automation Link\u0027 (Root cause: org.openqa.selenium.WebDriverException: unknown error: Failed to execute \u0027getComputedStyle\u0027 on \u0027Window\u0027: parameter 1 is not of type \u0027Element\u0027.\n  (Session info: chrome\u003d61.0.3163.100)\n  (Driver info: chromedriver\u003d2.31.488763 (092de99f48a300323ecf8c2a4e2e7cab51de5ba8),platform\u003dWindows NT 10.0.15063 x86_64) (WARNING: The server did not provide any stacktrace information)\nCommand duration or timeout: 62 milliseconds\nBuild info: version: \u00272.53.0\u0027, revision: \u002735ae25b\u0027, time: \u00272016-03-15 17:00:58\u0027\nSystem info: host: \u0027DESKTOP-QAVLP3L\u0027, ip: \u0027192.168.56.1\u0027, os.name: \u0027Windows 10\u0027, os.arch: \u0027amd64\u0027, os.version: \u002710.0\u0027, java.version: \u00271.8.0_102\u0027\nDriver info: com.kms.katalon.selenium.driver.CChromeDriver\nCapabilities [{applicationCacheEnabled\u003dfalse, rotatable\u003dfalse, mobileEmulationEnabled\u003dfalse, networkConnectionEnabled\u003dfalse, chrome\u003d{chromedriverVersion\u003d2.31.488763 (092de99f48a300323ecf8c2a4e2e7cab51de5ba8), userDataDir\u003dC:\\Users\\CHWEYA~1\\AppData\\Local\\Temp\\scoped_dir2724_12210}, takesHeapSnapshot\u003dtrue, pageLoadStrategy\u003dnormal, databaseEnabled\u003dfalse, handlesAlerts\u003dtrue, hasTouchScreen\u003dfalse, version\u003d61.0.3163.100, platform\u003dXP, browserConnectionEnabled\u003dfalse, nativeEvents\u003dtrue, acceptSslCerts\u003dtrue, locationContextEnabled\u003dtrue, webStorageEnabled\u003dtrue, browserName\u003dchrome, takesScreenshot\u003dtrue, javascriptEnabled\u003dtrue, cssSelectorsEnabled\u003dtrue, setWindowRect\u003dtrue, unexpectedAlertBehaviour\u003d}]\nSession ID: 2c0ddad276368f689c6df9330474aa3d)","startTime":1507884102059,"endTime":0,"childRecords":[],"interuppted":false}],"interuppted":false}],"interuppted":false}