<?xml version="1.0" encoding="UTF-8"?>
<testsuites name="Edit Department" time="60" tests="0" failures="1" errors="0">
   <testsuite name="Edit Department" tests="0" failures="1" errors="0" time="60" timestamp="2017-10-11 14:34:30" hostname="ChweyaJnr - 192.168.56.1" id="Test Suites/User Management/Department/Edit Department">
      <properties>
         <property name="deviceName" value=""/>
         <property name="devicePlatform" value=""/>
         <property name="logFolder" value="C:\\Users\\ChweyaJnr\\git\\VSMS-Test-Automation\\Reports\\User Management\\Department\\Edit Department\\20171011_143427"/>
         <property name="logFiles" value="C:\\Users\\ChweyaJnr\\git\\VSMS-Test-Automation\\Reports\\User Management\\Department\\Edit Department\\20171011_143427\\execution0.log"/>
         <property name="attachments" value="C:\\Users\\ChweyaJnr\\git\\VSMS-Test-Automation\\Reports\\User Management\\Department\\Edit Department\\20171011_143427\\1507721700243.png"/>
         <property name="hostName" value="ChweyaJnr - 192.168.56.1"/>
         <property name="os" value="Windows 10 64bit"/>
         <property name="katalonVersion" value="4.8.0.2"/>
         <property name="browser" value="Firefox 39.0"/>
         <property name="hostAddress" value="192.168.56.1"/>
         <property name="sessionId" value="1700bf54-555f-413e-b89e-75a9cc75d471"/>
         <property name="seleniumVersion" value="2.53.0"/>
         <property name="proxyInformation" value="ProxyInformation{proxyOption=NO_PROXY, proxyServerType=HTTP, password=, proxyServerAddress=, proxyServerPort=0}"/>
         <property name="platform" value="Windows 10"/>
      </properties>
      <testcase name="Test Cases/User Management/Department/Edit Department" classname="Test Cases/User Management/Department/Edit Department" status="FAILED">
         <failure type="FAILED" message="Unable to set text 'Trial' of object 'Object Repository/User Management/Edit Department/Edit Department Details/Search Department Input Field' (Root cause: org.openqa.selenium.ElementNotVisibleException: Element is not currently visible and so may not be interacted with
Command duration or timeout: 23 milliseconds
Build info: version: '2.53.0', revision: '35ae25b', time: '2016-03-15 17:00:58'
System info: host: 'DESKTOP-QAVLP3L', ip: '192.168.56.1', os.name: 'Windows 10', os.arch: 'amd64', os.version: '10.0', java.version: '1.8.0_102'
Driver info: com.kms.katalon.selenium.driver.CFirefoxDriver
Capabilities [{applicationCacheEnabled=true, rotatable=false, handlesAlerts=true, databaseEnabled=true, version=39.0.3, platform=WINDOWS, nativeEvents=false, acceptSslCerts=true, webStorageEnabled=true, locationContextEnabled=true, browserName=firefox, takesScreenshot=true, javascriptEnabled=true, cssSelectorsEnabled=true}]
Session ID: 1700bf54-555f-413e-b89e-75a9cc75d471)"/>
         <system-out><![CDATA[2017-10-11 14:34:30 - [TEST_CASE][FAILED] - Test Cases/User Management/Department/Edit Department: Test Cases/User Management/Department/Edit Department FAILED because (of) Unable to set text 'Trial' of object 'Object Repository/User Management/Edit Department/Edit Department Details/Search Department Input Field' (Root cause: org.openqa.selenium.ElementNotVisibleException: Element is not currently visible and so may not be interacted with
Command duration or timeout: 23 milliseconds
Build info: version: '2.53.0', revision: '35ae25b', time: '2016-03-15 17:00:58'
System info: host: 'DESKTOP-QAVLP3L', ip: '192.168.56.1', os.name: 'Windows 10', os.arch: 'amd64', os.version: '10.0', java.version: '1.8.0_102'
Driver info: com.kms.katalon.selenium.driver.CFirefoxDriver
Capabilities [{applicationCacheEnabled=true, rotatable=false, handlesAlerts=true, databaseEnabled=true, version=39.0.3, platform=WINDOWS, nativeEvents=false, acceptSslCerts=true, webStorageEnabled=true, locationContextEnabled=true, browserName=firefox, takesScreenshot=true, javascriptEnabled=true, cssSelectorsEnabled=true}]
Session ID: 1700bf54-555f-413e-b89e-75a9cc75d471)

2017-10-11 14:34:31 - [TEST_STEP][PASSED] - callTestCase: Call Test Case 'Test Cases/LOGIN' successfully

2017-10-11 14:34:31 - [TEST_CASE][PASSED] - Test Cases/LOGIN: Test Cases/LOGIN

2017-10-11 14:34:32 - [TEST_STEP][PASSED] - openBrowser: Browser is opened with url: 'https://sandbox.vsms.tezzasolutions.com/index'

2017-10-11 14:34:46 - [MESSAGE][PASSED] - Browser is opened with url: 'https://sandbox.vsms.tezzasolutions.com/index'

2017-10-11 14:34:46 - [TEST_STEP][PASSED] - click: Object: 'Object Repository/login/a_Log in' is clicked on

2017-10-11 14:34:46 - [MESSAGE][PASSED] - Object: 'Object Repository/login/a_Log in' is clicked on

2017-10-11 14:34:46 - [TEST_STEP][PASSED] - setText: Text 'clarinenyauncho@gmail.com' is set on object 'Object Repository/login/input_email'

2017-10-11 14:34:49 - [MESSAGE][PASSED] - Text 'clarinenyauncho@gmail.com' is set on object 'Object Repository/login/input_email'

2017-10-11 14:34:49 - [TEST_STEP][PASSED] - setText: Text 'changeme' is set on object 'Object Repository/login/input_password'

2017-10-11 14:34:49 - [MESSAGE][PASSED] - Text 'changeme' is set on object 'Object Repository/login/input_password'

2017-10-11 14:34:49 - [TEST_STEP][PASSED] - click: Object: 'Object Repository/login/button_Login' is clicked on

2017-10-11 14:34:51 - [MESSAGE][PASSED] - Object: 'Object Repository/login/button_Login' is clicked on

2017-10-11 14:34:51 - [MESSAGE][PASSED] - Call Test Case 'Test Cases/LOGIN' successfully

2017-10-11 14:34:51 - [TEST_STEP][PASSED] - click: Object: 'Object Repository/User Management/Add New User/Module Dropdown Objects/Modules dropdown' is clicked on

2017-10-11 14:34:51 - [MESSAGE][PASSED] - Object: 'Object Repository/User Management/Add New User/Module Dropdown Objects/Modules dropdown' is clicked on

2017-10-11 14:34:51 - [TEST_STEP][PASSED] - click: Object: 'Object Repository/User Management/Add New User/Module Dropdown Objects/User Management Dropdown' is clicked on

2017-10-11 14:34:52 - [MESSAGE][PASSED] - Object: 'Object Repository/User Management/Add New User/Module Dropdown Objects/User Management Dropdown' is clicked on

2017-10-11 14:34:52 - [TEST_STEP][PASSED] - delay: Delayed 5 second(s)

2017-10-11 14:34:57 - [MESSAGE][PASSED] - Delayed 5 second(s)

2017-10-11 14:34:57 - [TEST_STEP][PASSED] - click: Object: 'Object Repository/User Management/Edit Department/User Settings Link/User Settings' is clicked on

2017-10-11 14:34:57 - [MESSAGE][PASSED] - Object: 'Object Repository/User Management/Edit Department/User Settings Link/User Settings' is clicked on

2017-10-11 14:34:57 - [TEST_STEP][PASSED] - maximizeWindow: Current window maximized

2017-10-11 14:34:59 - [MESSAGE][PASSED] - Current window maximized

2017-10-11 14:34:59 - [TEST_STEP][PASSED] - click: Object: 'Object Repository/User Management/Edit Department/Edit Department Details/Manage Departments Link' is clicked on

2017-10-11 14:35:00 - [MESSAGE][PASSED] - Object: 'Object Repository/User Management/Edit Department/Edit Department Details/Manage Departments Link' is clicked on

2017-10-11 14:35:00 - [TEST_STEP][FAILED] - setText: Unable to set text 'Trial' of object 'Object Repository/User Management/Edit Department/Edit Department Details/Search Department Input Field' (Root cause: org.openqa.selenium.ElementNotVisibleException: Element is not currently visible and so may not be interacted with
Command duration or timeout: 23 milliseconds
Build info: version: '2.53.0', revision: '35ae25b', time: '2016-03-15 17:00:58'
System info: host: 'DESKTOP-QAVLP3L', ip: '192.168.56.1', os.name: 'Windows 10', os.arch: 'amd64', os.version: '10.0', java.version: '1.8.0_102'
Driver info: com.kms.katalon.selenium.driver.CFirefoxDriver
Capabilities [{applicationCacheEnabled=true, rotatable=false, handlesAlerts=true, databaseEnabled=true, version=39.0.3, platform=WINDOWS, nativeEvents=false, acceptSslCerts=true, webStorageEnabled=true, locationContextEnabled=true, browserName=firefox, takesScreenshot=true, javascriptEnabled=true, cssSelectorsEnabled=true}]
Session ID: 1700bf54-555f-413e-b89e-75a9cc75d471)

2017-10-11 14:35:00 - [MESSAGE][FAILED] - Unable to set text 'Trial' of object 'Object Repository/User Management/Edit Department/Edit Department Details/Search Department Input Field' (Root cause: org.openqa.selenium.ElementNotVisibleException: Element is not currently visible and so may not be interacted with
Command duration or timeout: 23 milliseconds
Build info: version: '2.53.0', revision: '35ae25b', time: '2016-03-15 17:00:58'
System info: host: 'DESKTOP-QAVLP3L', ip: '192.168.56.1', os.name: 'Windows 10', os.arch: 'amd64', os.version: '10.0', java.version: '1.8.0_102'
Driver info: com.kms.katalon.selenium.driver.CFirefoxDriver
Capabilities [{applicationCacheEnabled=true, rotatable=false, handlesAlerts=true, databaseEnabled=true, version=39.0.3, platform=WINDOWS, nativeEvents=false, acceptSslCerts=true, webStorageEnabled=true, locationContextEnabled=true, browserName=firefox, takesScreenshot=true, javascriptEnabled=true, cssSelectorsEnabled=true}]
Session ID: 1700bf54-555f-413e-b89e-75a9cc75d471)
[[ATTACHMENT|C:\\Users\\ChweyaJnr\\git\\VSMS-Test-Automation\\Reports\\User Management\\Department\\Edit Department\\20171011_143427\\1507721700243.png]]

2017-10-11 14:35:00 - [TEST_STEP][PASSED] - click: Object: 'Object Repository/User Management/Edit Department/Edit Department Details/Edit button' is clicked on

2017-10-11 14:35:00 - [MESSAGE][PASSED] - Object: 'Object Repository/User Management/Edit Department/Edit Department Details/Edit button' is clicked on

2017-10-11 14:35:00 - [TEST_STEP][PASSED] - delay: Delayed 5 second(s)

2017-10-11 14:35:05 - [MESSAGE][PASSED] - Delayed 5 second(s)

2017-10-11 14:35:05 - [TEST_STEP][PASSED] - setText: Text 'Trial' is set on object 'Object Repository/User Management/Edit Department/Edit Department Details/Department Name field'

2017-10-11 14:35:06 - [MESSAGE][PASSED] - Text 'Trial' is set on object 'Object Repository/User Management/Edit Department/Edit Department Details/Department Name field'

2017-10-11 14:35:06 - [TEST_STEP][PASSED] - click: Object: 'Object Repository/User Management/Edit Department/Edit Department Details/button_Update' is clicked on

2017-10-11 14:35:07 - [MESSAGE][PASSED] - Object: 'Object Repository/User Management/Edit Department/Edit Department Details/button_Update' is clicked on

2017-10-11 14:35:07 - [TEST_STEP][PASSED] - delay: Delayed 5 second(s)

2017-10-11 14:35:12 - [MESSAGE][PASSED] - Delayed 5 second(s)

2017-10-11 14:35:12 - [TEST_STEP][FAILED] - click: Unable to click on object 'Object Repository/User Management/Edit Department/Edit Department Details/Trial1 updated successfully' (Root cause: org.openqa.selenium.remote.UnreachableBrowserException: Error communicating with the remote browser. It may have died.
Build info: version: '2.53.0', revision: '35ae25b', time: '2016-03-15 17:00:58'
System info: host: 'DESKTOP-QAVLP3L', ip: '192.168.56.1', os.name: 'Windows 10', os.arch: 'amd64', os.version: '10.0', java.version: '1.8.0_102'
Driver info: driver.version: RemoteWebDriver
Capabilities [{applicationCacheEnabled=true, rotatable=false, handlesAlerts=true, databaseEnabled=true, version=39.0.3, platform=WINDOWS, nativeEvents=false, acceptSslCerts=true, webStorageEnabled=true, locationContextEnabled=true, browserName=firefox, takesScreenshot=true, javascriptEnabled=true, cssSelectorsEnabled=true}]
Session ID: 1700bf54-555f-413e-b89e-75a9cc75d471)

2017-10-11 14:35:28 - [MESSAGE][WARNING] - Cannot take screenshot

2017-10-11 14:35:28 - [MESSAGE][FAILED] - Unable to click on object 'Object Repository/User Management/Edit Department/Edit Department Details/Trial1 updated successfully' (Root cause: org.openqa.selenium.remote.UnreachableBrowserException: Error communicating with the remote browser. It may have died.
Build info: version: '2.53.0', revision: '35ae25b', time: '2016-03-15 17:00:58'
System info: host: 'DESKTOP-QAVLP3L', ip: '192.168.56.1', os.name: 'Windows 10', os.arch: 'amd64', os.version: '10.0', java.version: '1.8.0_102'
Driver info: driver.version: RemoteWebDriver
Capabilities [{applicationCacheEnabled=true, rotatable=false, handlesAlerts=true, databaseEnabled=true, version=39.0.3, platform=WINDOWS, nativeEvents=false, acceptSslCerts=true, webStorageEnabled=true, locationContextEnabled=true, browserName=firefox, takesScreenshot=true, javascriptEnabled=true, cssSelectorsEnabled=true}]
Session ID: 1700bf54-555f-413e-b89e-75a9cc75d471)

2017-10-11 14:35:28 - [TEST_STEP][PASSED] - closeBrowser: Browser is closed

2017-10-11 14:35:30 - [MESSAGE][WARNING] - Browser is not reachable. Browser may have been closed already.

2017-10-11 14:35:30 - [MESSAGE][PASSED] - Browser is closed]]></system-out>
         <system-err><![CDATA[2017-10-11 14:34:30 - [TEST_CASE][FAILED] - Test Cases/User Management/Department/Edit Department: Test Cases/User Management/Department/Edit Department FAILED because (of) Unable to set text 'Trial' of object 'Object Repository/User Management/Edit Department/Edit Department Details/Search Department Input Field' (Root cause: org.openqa.selenium.ElementNotVisibleException: Element is not currently visible and so may not be interacted with
Command duration or timeout: 23 milliseconds
Build info: version: '2.53.0', revision: '35ae25b', time: '2016-03-15 17:00:58'
System info: host: 'DESKTOP-QAVLP3L', ip: '192.168.56.1', os.name: 'Windows 10', os.arch: 'amd64', os.version: '10.0', java.version: '1.8.0_102'
Driver info: com.kms.katalon.selenium.driver.CFirefoxDriver
Capabilities [{applicationCacheEnabled=true, rotatable=false, handlesAlerts=true, databaseEnabled=true, version=39.0.3, platform=WINDOWS, nativeEvents=false, acceptSslCerts=true, webStorageEnabled=true, locationContextEnabled=true, browserName=firefox, takesScreenshot=true, javascriptEnabled=true, cssSelectorsEnabled=true}]
Session ID: 1700bf54-555f-413e-b89e-75a9cc75d471)]]></system-err>
      </testcase>
      <system-out><![CDATA[2017-10-11 14:34:30 - [TEST_SUITE][FAILED] - Edit Department: Test Cases/User Management/Department/Edit Department FAILED because (of) Unable to set text 'Trial' of object 'Object Repository/User Management/Edit Department/Edit Department Details/Search Department Input Field' (Root cause: org.openqa.selenium.ElementNotVisibleException: Element is not currently visible and so may not be interacted with
Command duration or timeout: 23 milliseconds
Build info: version: '2.53.0', revision: '35ae25b', time: '2016-03-15 17:00:58'
System info: host: 'DESKTOP-QAVLP3L', ip: '192.168.56.1', os.name: 'Windows 10', os.arch: 'amd64', os.version: '10.0', java.version: '1.8.0_102'
Driver info: com.kms.katalon.selenium.driver.CFirefoxDriver
Capabilities [{applicationCacheEnabled=true, rotatable=false, handlesAlerts=true, databaseEnabled=true, version=39.0.3, platform=WINDOWS, nativeEvents=false, acceptSslCerts=true, webStorageEnabled=true, locationContextEnabled=true, browserName=firefox, takesScreenshot=true, javascriptEnabled=true, cssSelectorsEnabled=true}]
Session ID: 1700bf54-555f-413e-b89e-75a9cc75d471)]]></system-out>
      <system-err><![CDATA[2017-10-11 14:34:30 - [TEST_SUITE][FAILED] - Edit Department: Test Cases/User Management/Department/Edit Department FAILED because (of) Unable to set text 'Trial' of object 'Object Repository/User Management/Edit Department/Edit Department Details/Search Department Input Field' (Root cause: org.openqa.selenium.ElementNotVisibleException: Element is not currently visible and so may not be interacted with
Command duration or timeout: 23 milliseconds
Build info: version: '2.53.0', revision: '35ae25b', time: '2016-03-15 17:00:58'
System info: host: 'DESKTOP-QAVLP3L', ip: '192.168.56.1', os.name: 'Windows 10', os.arch: 'amd64', os.version: '10.0', java.version: '1.8.0_102'
Driver info: com.kms.katalon.selenium.driver.CFirefoxDriver
Capabilities [{applicationCacheEnabled=true, rotatable=false, handlesAlerts=true, databaseEnabled=true, version=39.0.3, platform=WINDOWS, nativeEvents=false, acceptSslCerts=true, webStorageEnabled=true, locationContextEnabled=true, browserName=firefox, takesScreenshot=true, javascriptEnabled=true, cssSelectorsEnabled=true}]
Session ID: 1700bf54-555f-413e-b89e-75a9cc75d471)]]></system-err>
   </testsuite>
</testsuites>
