<?xml version="1.0" encoding="UTF-8"?>
<testsuites name="Add Property" time="410" tests="0" failures="1" errors="0">
   <testsuite name="Add Property" tests="0" failures="1" errors="0" time="410" timestamp="2017-12-04 12:53:47" hostname="Stella Ireri - DESKTOP-JP48UB6" id="Test Suites/Property Management/Add Property">
      <properties>
         <property name="deviceName" value=""/>
         <property name="devicePlatform" value=""/>
         <property name="logFolder" value="C:\\Users\\Stella Ireri\\git\\VSMS-Test-Automation\\Reports\\Property Management\\Add Property\\20171204_125345"/>
         <property name="logFiles" value="C:\\Users\\Stella Ireri\\git\\VSMS-Test-Automation\\Reports\\Property Management\\Add Property\\20171204_125345\\execution0.log"/>
         <property name="attachments" value="C:\\Users\\Stella Ireri\\git\\VSMS-Test-Automation\\Reports\\Property Management\\Add Property\\20171204_125345\\1512381635883.png, C:\\Users\\Stella Ireri\\git\\VSMS-Test-Automation\\Reports\\Property Management\\Add Property\\20171204_125345\\1512381636520.png"/>
         <property name="hostName" value="Stella Ireri - DESKTOP-JP48UB6"/>
         <property name="os" value="Windows 10 64bit"/>
         <property name="katalonVersion" value="5.1.0.1"/>
         <property name="browser" value="Chrome 62.0.3202.94"/>
         <property name="hostAddress" value="192.168.1.114"/>
         <property name="sessionId" value="99a4dd2b07e29550b55b54ef8ae3d4b9"/>
         <property name="seleniumVersion" value="3.7.1"/>
         <property name="proxyInformation" value="ProxyInformation{proxyOption=NO_PROXY, proxyServerType=HTTP, password=, proxyServerAddress=, proxyServerPort=0}"/>
         <property name="platform" value="Windows 10"/>
      </properties>
      <testcase name="Test Cases/Property management/Add Property" classname="Test Cases/Property management/Add Property" status="FAILED">
         <failure type="FAILED" message="Unable to verify alert present (Root cause: No alert found after 30 second(s).)"/>
         <system-out><![CDATA[2017-12-04 12:53:47 - [TEST_CASE][FAILED] - Test Cases/Property management/Add Property: Test Cases/Property management/Add Property FAILED because (of) Unable to verify alert present (Root cause: No alert found after 30 second(s).)

2017-12-04 12:53:48 - [TEST_STEP][PASSED] - callTestCase: Call Test Case 'Test Cases/Common/User Login' successfully

2017-12-04 12:53:48 - [TEST_CASE][PASSED] - Test Cases/Common/User Login: Test Cases/Common/User Login

2017-12-04 12:53:50 - [TEST_STEP][PASSED] - openBrowser: Browser is opened with url: 'https://sandbox.vsms.tezzasolutions.com/index'

2017-12-04 12:57:53 - [MESSAGE][PASSED] - Browser is opened with url: 'https://sandbox.vsms.tezzasolutions.com/index'

2017-12-04 12:57:53 - [TEST_STEP][PASSED] - maximizeWindow: Current window maximized

2017-12-04 12:57:55 - [MESSAGE][PASSED] - Current window maximized

2017-12-04 12:57:55 - [TEST_STEP][PASSED] - click: Object: 'Object Repository/login/a_Log in' is clicked on

2017-12-04 12:58:49 - [MESSAGE][PASSED] - Object: 'Object Repository/login/a_Log in' is clicked on

2017-12-04 12:58:49 - [TEST_STEP][PASSED] - setText: Text 'stella.ireri@tezzasolutions.com' is set on object 'Object Repository/login/input_email'

2017-12-04 12:58:49 - [MESSAGE][PASSED] - Text 'stella.ireri@tezzasolutions.com' is set on object 'Object Repository/login/input_email'

2017-12-04 12:58:49 - [TEST_STEP][PASSED] - verifyElementPresent: Object 'Object Repository/Page_Visitor Security Management Sy/VSMS  Sign In' is present

2017-12-04 12:58:49 - [MESSAGE][PASSED] - Object 'Object Repository/Page_Visitor Security Management Sy/VSMS  Sign In' is present

2017-12-04 12:58:49 - [TEST_STEP][PASSED] - setText: Text '!qwerty123' is set on object 'Object Repository/login/input_password'

2017-12-04 12:58:49 - [MESSAGE][PASSED] - Text '!qwerty123' is set on object 'Object Repository/login/input_password'

2017-12-04 12:58:49 - [TEST_STEP][PASSED] - verifyElementClickable: Object 'Object Repository/login/button_Login' is clickable

2017-12-04 12:58:49 - [MESSAGE][PASSED] - Object 'Object Repository/login/button_Login' is clickable

2017-12-04 12:58:49 - [TEST_STEP][PASSED] - click: Object: 'Object Repository/login/button_Login' is clicked on

2017-12-04 12:59:36 - [MESSAGE][PASSED] - Object: 'Object Repository/login/button_Login' is clicked on

2017-12-04 12:59:36 - [MESSAGE][PASSED] - Call Test Case 'Test Cases/Common/User Login' successfully

2017-12-04 12:59:36 - [TEST_STEP][PASSED] - callTestCase: Call Test Case 'Test Cases/Property management/Property management menu' successfully

2017-12-04 12:59:36 - [TEST_CASE][PASSED] - Test Cases/Property management/Property management menu: Test Cases/Property management/Property management menu

2017-12-04 12:59:36 - [TEST_STEP][PASSED] - click: Object: 'Object Repository/Property Management/Property menu/Modules' is clicked on

2017-12-04 12:59:36 - [MESSAGE][PASSED] - Object: 'Object Repository/Property Management/Property menu/Modules' is clicked on

2017-12-04 12:59:36 - [TEST_STEP][PASSED] - click: Object: 'Object Repository/Property Management/Property menu/Property Management' is clicked on

2017-12-04 12:59:37 - [MESSAGE][PASSED] - Object: 'Object Repository/Property Management/Property menu/Property Management' is clicked on

2017-12-04 12:59:37 - [TEST_STEP][PASSED] - click: Object: 'Object Repository/Property Management/Property menu/Property' is clicked on

2017-12-04 12:59:45 - [MESSAGE][PASSED] - Object: 'Object Repository/Property Management/Property menu/Property' is clicked on

2017-12-04 12:59:45 - [MESSAGE][PASSED] - Call Test Case 'Test Cases/Property management/Property management menu' successfully

2017-12-04 12:59:45 - [TEST_STEP][PASSED] - delay: Delayed 5 second(s)

2017-12-04 12:59:50 - [MESSAGE][PASSED] - Delayed 5 second(s)

2017-12-04 12:59:50 - [TEST_STEP][PASSED] - click: Object: 'Object Repository/Property Management/Add New Property/button_Add New' is clicked on

2017-12-04 12:59:50 - [MESSAGE][PASSED] - Object: 'Object Repository/Property Management/Add New Property/button_Add New' is clicked on

2017-12-04 12:59:50 - [TEST_STEP][PASSED] - delay: Delayed 5 second(s)

2017-12-04 12:59:55 - [MESSAGE][PASSED] - Delayed 5 second(s)

2017-12-04 12:59:55 - [TEST_STEP][PASSED] - setText: Text 'Kamata Apartments' is set on object 'Object Repository/Property Management/Add New Property/property_name'

2017-12-04 12:59:55 - [MESSAGE][PASSED] - Text 'Kamata Apartments' is set on object 'Object Repository/Property Management/Add New Property/property_name'

2017-12-04 12:59:55 - [TEST_STEP][PASSED] - selectOptionByLabel: All options with label 'Building' are selected in object 'Object Repository/Property Management/Add New Property/property_type_id' 

2017-12-04 12:59:55 - [MESSAGE][PASSED] - All options with label 'Building' are selected in object 'Object Repository/Property Management/Add New Property/property_type_id' 

2017-12-04 12:59:55 - [TEST_STEP][PASSED] - setText: Text '12365' is set on object 'Object Repository/Property Management/Add New Property/property_address1'

2017-12-04 12:59:55 - [MESSAGE][PASSED] - Text '12365' is set on object 'Object Repository/Property Management/Add New Property/property_address1'

2017-12-04 12:59:55 - [TEST_STEP][PASSED] - setText: Text '89' is set on object 'Object Repository/Property Management/Add New Property/property_address2'

2017-12-04 12:59:56 - [MESSAGE][PASSED] - Text '89' is set on object 'Object Repository/Property Management/Add New Property/property_address2'

2017-12-04 12:59:56 - [TEST_STEP][PASSED] - setText: Text 'kilome' is set on object 'Object Repository/Property Management/Add New Property/property_city'

2017-12-04 12:59:56 - [MESSAGE][PASSED] - Text 'kilome' is set on object 'Object Repository/Property Management/Add New Property/property_city'

2017-12-04 12:59:56 - [TEST_STEP][PASSED] - selectOptionByValue: All options with value 'Kenya' are selected in object 'Object Repository/Property Management/Add New Property/property_country' 

2017-12-04 12:59:56 - [MESSAGE][PASSED] - All options with value 'Kenya' are selected in object 'Object Repository/Property Management/Add New Property/property_country' 

2017-12-04 12:59:56 - [TEST_STEP][PASSED] - selectOptionByValue: All options with value 'Makueni' are selected in object 'Object Repository/Property Management/Add New Property/property_state' 

2017-12-04 12:59:56 - [MESSAGE][PASSED] - All options with value 'Makueni' are selected in object 'Object Repository/Property Management/Add New Property/property_state' 

2017-12-04 12:59:56 - [TEST_STEP][PASSED] - delay: Delayed 5 second(s)

2017-12-04 13:00:01 - [MESSAGE][PASSED] - Delayed 5 second(s)

2017-12-04 13:00:01 - [TEST_STEP][PASSED] - click: Object: 'Object Repository/Property Management/Add New Property/button_Add' is clicked on

2017-12-04 13:00:01 - [MESSAGE][PASSED] - Object: 'Object Repository/Property Management/Add New Property/button_Add' is clicked on

2017-12-04 13:00:01 - [TEST_STEP][PASSED] - delay: Delayed 3 second(s)

2017-12-04 13:00:04 - [MESSAGE][PASSED] - Delayed 3 second(s)

2017-12-04 13:00:04 - [TEST_STEP][FAILED] - verifyAlertPresent: Unable to verify alert present (Root cause: No alert found after 30 second(s).)

2017-12-04 13:00:04 - [MESSAGE][WARNING] - Timeout '0' is invalid. Using default page load timeout: '30'

2017-12-04 13:00:36 - [MESSAGE][FAILED] - No alert found after 30 second(s).
[[ATTACHMENT|C:\\Users\\Stella Ireri\\git\\VSMS-Test-Automation\\Reports\\Property Management\\Add Property\\20171204_125345\\1512381635883.png]]

2017-12-04 13:00:36 - [MESSAGE][FAILED] - Unable to verify alert present (Root cause: No alert found after 30 second(s).)
[[ATTACHMENT|C:\\Users\\Stella Ireri\\git\\VSMS-Test-Automation\\Reports\\Property Management\\Add Property\\20171204_125345\\1512381636520.png]]]]></system-out>
         <system-err><![CDATA[2017-12-04 12:53:47 - [TEST_CASE][FAILED] - Test Cases/Property management/Add Property: Test Cases/Property management/Add Property FAILED because (of) Unable to verify alert present (Root cause: No alert found after 30 second(s).)]]></system-err>
      </testcase>
      <system-out><![CDATA[2017-12-04 12:53:47 - [TEST_SUITE][FAILED] - Add Property: Test Cases/Property management/Add Property FAILED because (of) Unable to verify alert present (Root cause: No alert found after 30 second(s).)]]></system-out>
      <system-err><![CDATA[2017-12-04 12:53:47 - [TEST_SUITE][FAILED] - Add Property: Test Cases/Property management/Add Property FAILED because (of) Unable to verify alert present (Root cause: No alert found after 30 second(s).)]]></system-err>
   </testsuite>
</testsuites>
