<?xml version="1.0" encoding="UTF-8"?>
<testsuites name="Sign Up" time="71" tests="0" failures="1" errors="0">
   <testsuite name="Sign Up" tests="0" failures="1" errors="0" time="71" timestamp="2017-10-03 17:53:52" hostname="ChweyaJnr - DESKTOP-QAVLP3L" id="Test Suites/Sign Up/Sign Up">
      <properties>
         <property name="deviceName" value=""/>
         <property name="devicePlatform" value=""/>
         <property name="logFolder" value="C:\\Users\\ChweyaJnr\\git\\VSMS-Test-Automation\\Reports\\Sign Up\\Sign Up\\20171003_175345"/>
         <property name="logFiles" value="C:\\Users\\ChweyaJnr\\git\\VSMS-Test-Automation\\Reports\\Sign Up\\Sign Up\\20171003_175345\\execution0.log"/>
         <property name="attachments" value=""/>
         <property name="hostName" value="ChweyaJnr - DESKTOP-QAVLP3L"/>
         <property name="os" value="Windows 10 64bit"/>
         <property name="katalonVersion" value="4.8.0.2"/>
         <property name="browser" value="Firefox 39.0"/>
         <property name="hostAddress" value="192.168.56.1"/>
         <property name="sessionId" value="3533164a-1a7a-4be3-80cb-bab0e7cf6e57"/>
         <property name="seleniumVersion" value="2.53.0"/>
         <property name="proxyInformation" value="ProxyInformation{proxyOption=NO_PROXY, proxyServerType=HTTP, password=, proxyServerAddress=, proxyServerPort=0}"/>
         <property name="platform" value="Windows 10"/>
      </properties>
      <testcase name="Test Cases/Sign Up" classname="Test Cases/Sign Up" status="FAILED">
         <failure type="FAILED" message="Unable to click on object 'Object Repository/Sign Up/Page_VSMS VSMS Sign Up/Page_VSMS VSMS Sign Up/span_select2-selection__arrow' (Root cause: org.openqa.selenium.NoSuchWindowException: Window not found. The browser window may have been closed.
Command duration or timeout: 72 milliseconds
Build info: version: '2.53.0', revision: '35ae25b', time: '2016-03-15 17:00:58'
System info: host: 'DESKTOP-QAVLP3L', ip: '192.168.56.1', os.name: 'Windows 10', os.arch: 'amd64', os.version: '10.0', java.version: '1.8.0_102'
Driver info: com.kms.katalon.selenium.driver.CFirefoxDriver
Capabilities [{applicationCacheEnabled=true, rotatable=false, handlesAlerts=true, databaseEnabled=true, version=39.0.3, platform=WINDOWS, nativeEvents=false, acceptSslCerts=true, webStorageEnabled=true, locationContextEnabled=true, browserName=firefox, takesScreenshot=true, javascriptEnabled=true, cssSelectorsEnabled=true}]
Session ID: 3533164a-1a7a-4be3-80cb-bab0e7cf6e57
*** Element info: {Using=xpath, value=//span[count(. | id(&quot;signup-form&quot;)/div[@class=&quot;form-group&quot;]/div[@class=&quot;col-md-9&quot;]/span[@class=&quot;select2 select2-container select2-container--bootstrap&quot;]/span[@class=&quot;selection&quot;]/span[@class=&quot;select2-selection select2-selection--single&quot;]/span[@class=&quot;select2-selection__arrow&quot;]) = count(id(&quot;signup-form&quot;)/div[@class=&quot;form-group&quot;]/div[@class=&quot;col-md-9&quot;]/span[@class=&quot;select2 select2-container select2-container--bootstrap&quot;]/span[@class=&quot;selection&quot;]/span[@class=&quot;select2-selection select2-selection--single&quot;]/span[@class=&quot;select2-selection__arrow&quot;])]})"/>
         <system-out><![CDATA[2017-10-03 17:53:53 - [TEST_CASE][FAILED] - Test Cases/Sign Up: Test Cases/Sign Up FAILED because (of) Unable to click on object 'Object Repository/Sign Up/Page_VSMS VSMS Sign Up/Page_VSMS VSMS Sign Up/span_select2-selection__arrow' (Root cause: org.openqa.selenium.NoSuchWindowException: Window not found. The browser window may have been closed.
Command duration or timeout: 72 milliseconds
Build info: version: '2.53.0', revision: '35ae25b', time: '2016-03-15 17:00:58'
System info: host: 'DESKTOP-QAVLP3L', ip: '192.168.56.1', os.name: 'Windows 10', os.arch: 'amd64', os.version: '10.0', java.version: '1.8.0_102'
Driver info: com.kms.katalon.selenium.driver.CFirefoxDriver
Capabilities [{applicationCacheEnabled=true, rotatable=false, handlesAlerts=true, databaseEnabled=true, version=39.0.3, platform=WINDOWS, nativeEvents=false, acceptSslCerts=true, webStorageEnabled=true, locationContextEnabled=true, browserName=firefox, takesScreenshot=true, javascriptEnabled=true, cssSelectorsEnabled=true}]
Session ID: 3533164a-1a7a-4be3-80cb-bab0e7cf6e57
*** Element info: {Using=xpath, value=//span[count(. | id("signup-form")/div[@class="form-group"]/div[@class="col-md-9"]/span[@class="select2 select2-container select2-container--bootstrap"]/span[@class="selection"]/span[@class="select2-selection select2-selection--single"]/span[@class="select2-selection__arrow"]) = count(id("signup-form")/div[@class="form-group"]/div[@class="col-md-9"]/span[@class="select2 select2-container select2-container--bootstrap"]/span[@class="selection"]/span[@class="select2-selection select2-selection--single"]/span[@class="select2-selection__arrow"])]})

2017-10-03 17:53:54 - [TEST_STEP][PASSED] - openBrowser: Browser is opened with url: ''

2017-10-03 17:54:03 - [MESSAGE][PASSED] - Browser is opened with url: ''

2017-10-03 17:54:03 - [TEST_STEP][PASSED] - navigateToUrl: Navigate to 'https://sandbox.vsms.tezzasolutions.com/index' successfully

2017-10-03 17:54:12 - [MESSAGE][PASSED] - Navigate to 'https://sandbox.vsms.tezzasolutions.com/index' successfully

2017-10-03 17:54:12 - [TEST_STEP][PASSED] - click: Object: 'Object Repository/Sign Up/Page_VSMS Overview/a_Log in' is clicked on

2017-10-03 17:54:12 - [MESSAGE][PASSED] - Object: 'Object Repository/Sign Up/Page_VSMS Overview/a_Log in' is clicked on

2017-10-03 17:54:12 - [TEST_STEP][PASSED] - maximizeWindow: Current window maximized

2017-10-03 17:54:16 - [MESSAGE][PASSED] - Current window maximized

2017-10-03 17:54:16 - [TEST_STEP][PASSED] - click: Object: 'Object Repository/Sign Up/Page_Visitor Security Management Sy/a_Dont have an account' is clicked on

2017-10-03 17:54:16 - [MESSAGE][PASSED] - Object: 'Object Repository/Sign Up/Page_Visitor Security Management Sy/a_Dont have an account' is clicked on

2017-10-03 17:54:16 - [TEST_STEP][PASSED] - click: Object: 'Object Repository/Sign Up/Page_VSMS Pricing/a_Subscribe' is clicked on

2017-10-03 17:54:17 - [MESSAGE][PASSED] - Object: 'Object Repository/Sign Up/Page_VSMS Pricing/a_Subscribe' is clicked on

2017-10-03 17:54:17 - [TEST_STEP][PASSED] - setText: Text 'Tezza Test' is set on object 'Object Repository/Sign Up/Page_VSMS VSMS Sign Up/input_tenant_name'

2017-10-03 17:54:27 - [MESSAGE][PASSED] - Text 'Tezza Test' is set on object 'Object Repository/Sign Up/Page_VSMS VSMS Sign Up/input_tenant_name'

2017-10-03 17:54:27 - [TEST_STEP][PASSED] - setText: Text 'Chweya' is set on object 'Object Repository/Sign Up/Page_VSMS VSMS Sign Up/input_first_name'

2017-10-03 17:54:27 - [MESSAGE][PASSED] - Text 'Chweya' is set on object 'Object Repository/Sign Up/Page_VSMS VSMS Sign Up/input_first_name'

2017-10-03 17:54:27 - [TEST_STEP][PASSED] - setText: Text 'Charles' is set on object 'Object Repository/Sign Up/Page_VSMS VSMS Sign Up/input_last_name'

2017-10-03 17:54:28 - [MESSAGE][PASSED] - Text 'Charles' is set on object 'Object Repository/Sign Up/Page_VSMS VSMS Sign Up/input_last_name'

2017-10-03 17:54:28 - [TEST_STEP][PASSED] - setText: Text 'charles.chweyaa@tezzasolutions.com' is set on object 'Object Repository/Sign Up/Page_VSMS VSMS Sign Up/input_tenant_email'

2017-10-03 17:54:28 - [MESSAGE][PASSED] - Text 'charles.chweyaa@tezzasolutions.com' is set on object 'Object Repository/Sign Up/Page_VSMS VSMS Sign Up/input_tenant_email'

2017-10-03 17:54:28 - [TEST_STEP][PASSED] - setText: Text '0725165219' is set on object 'Object Repository/Sign Up/Page_VSMS VSMS Sign Up/input_tenant_phone'

2017-10-03 17:54:29 - [MESSAGE][PASSED] - Text '0725165219' is set on object 'Object Repository/Sign Up/Page_VSMS VSMS Sign Up/input_tenant_phone'

2017-10-03 17:54:29 - [TEST_STEP][PASSED] - delay: Delayed 5 second(s)

2017-10-03 17:54:34 - [MESSAGE][PASSED] - Delayed 5 second(s)

2017-10-03 17:54:34 - [TEST_STEP][FAILED] - click: Unable to click on object 'Object Repository/Sign Up/Page_VSMS VSMS Sign Up/Page_VSMS VSMS Sign Up/span_select2-selection__arrow' (Root cause: org.openqa.selenium.NoSuchWindowException: Window not found. The browser window may have been closed.
Command duration or timeout: 72 milliseconds
Build info: version: '2.53.0', revision: '35ae25b', time: '2016-03-15 17:00:58'
System info: host: 'DESKTOP-QAVLP3L', ip: '192.168.56.1', os.name: 'Windows 10', os.arch: 'amd64', os.version: '10.0', java.version: '1.8.0_102'
Driver info: com.kms.katalon.selenium.driver.CFirefoxDriver
Capabilities [{applicationCacheEnabled=true, rotatable=false, handlesAlerts=true, databaseEnabled=true, version=39.0.3, platform=WINDOWS, nativeEvents=false, acceptSslCerts=true, webStorageEnabled=true, locationContextEnabled=true, browserName=firefox, takesScreenshot=true, javascriptEnabled=true, cssSelectorsEnabled=true}]
Session ID: 3533164a-1a7a-4be3-80cb-bab0e7cf6e57
*** Element info: {Using=xpath, value=//span[count(. | id("signup-form")/div[@class="form-group"]/div[@class="col-md-9"]/span[@class="select2 select2-container select2-container--bootstrap"]/span[@class="selection"]/span[@class="select2-selection select2-selection--single"]/span[@class="select2-selection__arrow"]) = count(id("signup-form")/div[@class="form-group"]/div[@class="col-md-9"]/span[@class="select2 select2-container select2-container--bootstrap"]/span[@class="selection"]/span[@class="select2-selection select2-selection--single"]/span[@class="select2-selection__arrow"])]})

2017-10-03 17:55:02 - [MESSAGE][WARNING] - Cannot take screenshot

2017-10-03 17:55:02 - [MESSAGE][FAILED] - Unable to click on object 'Object Repository/Sign Up/Page_VSMS VSMS Sign Up/Page_VSMS VSMS Sign Up/span_select2-selection__arrow' (Root cause: org.openqa.selenium.NoSuchWindowException: Window not found. The browser window may have been closed.
Command duration or timeout: 72 milliseconds
Build info: version: '2.53.0', revision: '35ae25b', time: '2016-03-15 17:00:58'
System info: host: 'DESKTOP-QAVLP3L', ip: '192.168.56.1', os.name: 'Windows 10', os.arch: 'amd64', os.version: '10.0', java.version: '1.8.0_102'
Driver info: com.kms.katalon.selenium.driver.CFirefoxDriver
Capabilities [{applicationCacheEnabled=true, rotatable=false, handlesAlerts=true, databaseEnabled=true, version=39.0.3, platform=WINDOWS, nativeEvents=false, acceptSslCerts=true, webStorageEnabled=true, locationContextEnabled=true, browserName=firefox, takesScreenshot=true, javascriptEnabled=true, cssSelectorsEnabled=true}]
Session ID: 3533164a-1a7a-4be3-80cb-bab0e7cf6e57
*** Element info: {Using=xpath, value=//span[count(. | id("signup-form")/div[@class="form-group"]/div[@class="col-md-9"]/span[@class="select2 select2-container select2-container--bootstrap"]/span[@class="selection"]/span[@class="select2-selection select2-selection--single"]/span[@class="select2-selection__arrow"]) = count(id("signup-form")/div[@class="form-group"]/div[@class="col-md-9"]/span[@class="select2 select2-container select2-container--bootstrap"]/span[@class="selection"]/span[@class="select2-selection select2-selection--single"]/span[@class="select2-selection__arrow"])]})]]></system-out>
         <system-err><![CDATA[2017-10-03 17:53:53 - [TEST_CASE][FAILED] - Test Cases/Sign Up: Test Cases/Sign Up FAILED because (of) Unable to click on object 'Object Repository/Sign Up/Page_VSMS VSMS Sign Up/Page_VSMS VSMS Sign Up/span_select2-selection__arrow' (Root cause: org.openqa.selenium.NoSuchWindowException: Window not found. The browser window may have been closed.
Command duration or timeout: 72 milliseconds
Build info: version: '2.53.0', revision: '35ae25b', time: '2016-03-15 17:00:58'
System info: host: 'DESKTOP-QAVLP3L', ip: '192.168.56.1', os.name: 'Windows 10', os.arch: 'amd64', os.version: '10.0', java.version: '1.8.0_102'
Driver info: com.kms.katalon.selenium.driver.CFirefoxDriver
Capabilities [{applicationCacheEnabled=true, rotatable=false, handlesAlerts=true, databaseEnabled=true, version=39.0.3, platform=WINDOWS, nativeEvents=false, acceptSslCerts=true, webStorageEnabled=true, locationContextEnabled=true, browserName=firefox, takesScreenshot=true, javascriptEnabled=true, cssSelectorsEnabled=true}]
Session ID: 3533164a-1a7a-4be3-80cb-bab0e7cf6e57
*** Element info: {Using=xpath, value=//span[count(. | id("signup-form")/div[@class="form-group"]/div[@class="col-md-9"]/span[@class="select2 select2-container select2-container--bootstrap"]/span[@class="selection"]/span[@class="select2-selection select2-selection--single"]/span[@class="select2-selection__arrow"]) = count(id("signup-form")/div[@class="form-group"]/div[@class="col-md-9"]/span[@class="select2 select2-container select2-container--bootstrap"]/span[@class="selection"]/span[@class="select2-selection select2-selection--single"]/span[@class="select2-selection__arrow"])]})]]></system-err>
      </testcase>
      <system-out><![CDATA[2017-10-03 17:53:52 - [TEST_SUITE][FAILED] - Sign Up: Test Cases/Sign Up FAILED because (of) Unable to click on object 'Object Repository/Sign Up/Page_VSMS VSMS Sign Up/Page_VSMS VSMS Sign Up/span_select2-selection__arrow' (Root cause: org.openqa.selenium.NoSuchWindowException: Window not found. The browser window may have been closed.
Command duration or timeout: 72 milliseconds
Build info: version: '2.53.0', revision: '35ae25b', time: '2016-03-15 17:00:58'
System info: host: 'DESKTOP-QAVLP3L', ip: '192.168.56.1', os.name: 'Windows 10', os.arch: 'amd64', os.version: '10.0', java.version: '1.8.0_102'
Driver info: com.kms.katalon.selenium.driver.CFirefoxDriver
Capabilities [{applicationCacheEnabled=true, rotatable=false, handlesAlerts=true, databaseEnabled=true, version=39.0.3, platform=WINDOWS, nativeEvents=false, acceptSslCerts=true, webStorageEnabled=true, locationContextEnabled=true, browserName=firefox, takesScreenshot=true, javascriptEnabled=true, cssSelectorsEnabled=true}]
Session ID: 3533164a-1a7a-4be3-80cb-bab0e7cf6e57
*** Element info: {Using=xpath, value=//span[count(. | id("signup-form")/div[@class="form-group"]/div[@class="col-md-9"]/span[@class="select2 select2-container select2-container--bootstrap"]/span[@class="selection"]/span[@class="select2-selection select2-selection--single"]/span[@class="select2-selection__arrow"]) = count(id("signup-form")/div[@class="form-group"]/div[@class="col-md-9"]/span[@class="select2 select2-container select2-container--bootstrap"]/span[@class="selection"]/span[@class="select2-selection select2-selection--single"]/span[@class="select2-selection__arrow"])]})]]></system-out>
      <system-err><![CDATA[2017-10-03 17:53:52 - [TEST_SUITE][FAILED] - Sign Up: Test Cases/Sign Up FAILED because (of) Unable to click on object 'Object Repository/Sign Up/Page_VSMS VSMS Sign Up/Page_VSMS VSMS Sign Up/span_select2-selection__arrow' (Root cause: org.openqa.selenium.NoSuchWindowException: Window not found. The browser window may have been closed.
Command duration or timeout: 72 milliseconds
Build info: version: '2.53.0', revision: '35ae25b', time: '2016-03-15 17:00:58'
System info: host: 'DESKTOP-QAVLP3L', ip: '192.168.56.1', os.name: 'Windows 10', os.arch: 'amd64', os.version: '10.0', java.version: '1.8.0_102'
Driver info: com.kms.katalon.selenium.driver.CFirefoxDriver
Capabilities [{applicationCacheEnabled=true, rotatable=false, handlesAlerts=true, databaseEnabled=true, version=39.0.3, platform=WINDOWS, nativeEvents=false, acceptSslCerts=true, webStorageEnabled=true, locationContextEnabled=true, browserName=firefox, takesScreenshot=true, javascriptEnabled=true, cssSelectorsEnabled=true}]
Session ID: 3533164a-1a7a-4be3-80cb-bab0e7cf6e57
*** Element info: {Using=xpath, value=//span[count(. | id("signup-form")/div[@class="form-group"]/div[@class="col-md-9"]/span[@class="select2 select2-container select2-container--bootstrap"]/span[@class="selection"]/span[@class="select2-selection select2-selection--single"]/span[@class="select2-selection__arrow"]) = count(id("signup-form")/div[@class="form-group"]/div[@class="col-md-9"]/span[@class="select2 select2-container select2-container--bootstrap"]/span[@class="selection"]/span[@class="select2-selection select2-selection--single"]/span[@class="select2-selection__arrow"])]})]]></system-err>
   </testsuite>
</testsuites>
