<?xml version="1.0" encoding="UTF-8"?>
<testsuites name="Sign Up" time="44" tests="0" failures="1" errors="0">
   <testsuite name="Sign Up" tests="0" failures="1" errors="0" time="44" timestamp="2017-10-12 11:39:24" hostname="ChweyaJnr - 192.168.56.1" id="Test Suites/Creating New Account/Sign Up">
      <properties>
         <property name="deviceName" value=""/>
         <property name="devicePlatform" value=""/>
         <property name="logFolder" value="C:\\Users\\ChweyaJnr\\git\\VSMS-Test-Automation\\Reports\\Creating New Account\\Sign Up\\20171012_113921"/>
         <property name="logFiles" value="C:\\Users\\ChweyaJnr\\git\\VSMS-Test-Automation\\Reports\\Creating New Account\\Sign Up\\20171012_113921\\execution0.log"/>
         <property name="attachments" value="C:\\Users\\ChweyaJnr\\git\\VSMS-Test-Automation\\Reports\\Creating New Account\\Sign Up\\20171012_113921\\1507797600252.png"/>
         <property name="hostName" value="ChweyaJnr - 192.168.56.1"/>
         <property name="os" value="Windows 10 64bit"/>
         <property name="katalonVersion" value="4.8.0.2"/>
         <property name="browser" value="Chrome 61.0.3163.100"/>
         <property name="hostAddress" value="192.168.56.1"/>
         <property name="sessionId" value="e135c0d3e454139502993fc39c873035"/>
         <property name="seleniumVersion" value="2.53.0"/>
         <property name="proxyInformation" value="ProxyInformation{proxyOption=NO_PROXY, proxyServerType=HTTP, password=, proxyServerAddress=, proxyServerPort=0}"/>
         <property name="platform" value="Windows 10"/>
      </properties>
      <testcase name="Test Cases/Creating New Account/Sign Up" classname="Test Cases/Creating New Account/Sign Up" status="FAILED">
         <failure type="FAILED" message="Unable to click on object 'Object Repository/Creating New Account/Sign Up/li_AfricaNairobi - (UTC0300) N' (Root cause: org.openqa.selenium.WebDriverException: unknown error: Failed to execute 'getComputedStyle' on 'Window': parameter 1 is not of type 'Element'.
  (Session info: chrome=61.0.3163.100)
  (Driver info: chromedriver=2.31.488763 (092de99f48a300323ecf8c2a4e2e7cab51de5ba8),platform=Windows NT 10.0.15063 x86_64) (WARNING: The server did not provide any stacktrace information)
Command duration or timeout: 218 milliseconds
Build info: version: '2.53.0', revision: '35ae25b', time: '2016-03-15 17:00:58'
System info: host: 'DESKTOP-QAVLP3L', ip: '192.168.56.1', os.name: 'Windows 10', os.arch: 'amd64', os.version: '10.0', java.version: '1.8.0_102'
Driver info: com.kms.katalon.selenium.driver.CChromeDriver
Capabilities [{applicationCacheEnabled=false, rotatable=false, mobileEmulationEnabled=false, networkConnectionEnabled=false, chrome={chromedriverVersion=2.31.488763 (092de99f48a300323ecf8c2a4e2e7cab51de5ba8), userDataDir=C:\Users\CHWEYA~1\AppData\Local\Temp\scoped_dir12064_4144}, takesHeapSnapshot=true, pageLoadStrategy=normal, databaseEnabled=false, handlesAlerts=true, hasTouchScreen=false, version=61.0.3163.100, platform=XP, browserConnectionEnabled=false, nativeEvents=true, acceptSslCerts=true, locationContextEnabled=true, webStorageEnabled=true, browserName=chrome, takesScreenshot=true, javascriptEnabled=true, cssSelectorsEnabled=true, setWindowRect=true, unexpectedAlertBehaviour=}]
Session ID: e135c0d3e454139502993fc39c873035)"/>
         <system-out><![CDATA[2017-10-12 11:39:25 - [TEST_CASE][FAILED] - Test Cases/Creating New Account/Sign Up: Test Cases/Creating New Account/Sign Up FAILED because (of) Unable to click on object 'Object Repository/Creating New Account/Sign Up/li_AfricaNairobi - (UTC0300) N' (Root cause: org.openqa.selenium.WebDriverException: unknown error: Failed to execute 'getComputedStyle' on 'Window': parameter 1 is not of type 'Element'.
  (Session info: chrome=61.0.3163.100)
  (Driver info: chromedriver=2.31.488763 (092de99f48a300323ecf8c2a4e2e7cab51de5ba8),platform=Windows NT 10.0.15063 x86_64) (WARNING: The server did not provide any stacktrace information)
Command duration or timeout: 218 milliseconds
Build info: version: '2.53.0', revision: '35ae25b', time: '2016-03-15 17:00:58'
System info: host: 'DESKTOP-QAVLP3L', ip: '192.168.56.1', os.name: 'Windows 10', os.arch: 'amd64', os.version: '10.0', java.version: '1.8.0_102'
Driver info: com.kms.katalon.selenium.driver.CChromeDriver
Capabilities [{applicationCacheEnabled=false, rotatable=false, mobileEmulationEnabled=false, networkConnectionEnabled=false, chrome={chromedriverVersion=2.31.488763 (092de99f48a300323ecf8c2a4e2e7cab51de5ba8), userDataDir=C:\Users\CHWEYA~1\AppData\Local\Temp\scoped_dir12064_4144}, takesHeapSnapshot=true, pageLoadStrategy=normal, databaseEnabled=false, handlesAlerts=true, hasTouchScreen=false, version=61.0.3163.100, platform=XP, browserConnectionEnabled=false, nativeEvents=true, acceptSslCerts=true, locationContextEnabled=true, webStorageEnabled=true, browserName=chrome, takesScreenshot=true, javascriptEnabled=true, cssSelectorsEnabled=true, setWindowRect=true, unexpectedAlertBehaviour=}]
Session ID: e135c0d3e454139502993fc39c873035)

2017-10-12 11:39:26 - [TEST_STEP][PASSED] - openBrowser: Browser is opened with url: ''

2017-10-12 11:39:32 - [MESSAGE][PASSED] - Browser is opened with url: ''

2017-10-12 11:39:32 - [TEST_STEP][PASSED] - navigateToUrl: Navigate to 'https://sandbox.vsms.tezzasolutions.com/index' successfully

2017-10-12 11:39:39 - [MESSAGE][PASSED] - Navigate to 'https://sandbox.vsms.tezzasolutions.com/index' successfully

2017-10-12 11:39:39 - [TEST_STEP][PASSED] - click: Object: 'Object Repository/Creating New Account/Login Link/Log in Link' is clicked on

2017-10-12 11:39:42 - [MESSAGE][PASSED] - Object: 'Object Repository/Creating New Account/Login Link/Log in Link' is clicked on

2017-10-12 11:39:42 - [TEST_STEP][PASSED] - maximizeWindow: Current window maximized

2017-10-12 11:39:43 - [MESSAGE][PASSED] - Current window maximized

2017-10-12 11:39:43 - [TEST_STEP][PASSED] - click: Object: 'Object Repository/Creating New Account/Dont have account link/Dont have an account Link' is clicked on

2017-10-12 11:39:45 - [MESSAGE][PASSED] - Object: 'Object Repository/Creating New Account/Dont have account link/Dont have an account Link' is clicked on

2017-10-12 11:39:45 - [TEST_STEP][PASSED] - click: Object: 'Object Repository/Creating New Account/Subscribe/Subscribe Button' is clicked on

2017-10-12 11:39:50 - [MESSAGE][PASSED] - Object: 'Object Repository/Creating New Account/Subscribe/Subscribe Button' is clicked on

2017-10-12 11:39:50 - [TEST_STEP][PASSED] - setText: Text 'Tezza Test' is set on object 'Object Repository/Creating New Account/Sign Up/input_tenant_name'

2017-10-12 11:39:51 - [MESSAGE][PASSED] - Text 'Tezza Test' is set on object 'Object Repository/Creating New Account/Sign Up/input_tenant_name'

2017-10-12 11:39:51 - [TEST_STEP][PASSED] - setText: Text 'Chweya' is set on object 'Object Repository/Creating New Account/Sign Up/input_first_name'

2017-10-12 11:39:51 - [MESSAGE][PASSED] - Text 'Chweya' is set on object 'Object Repository/Creating New Account/Sign Up/input_first_name'

2017-10-12 11:39:51 - [TEST_STEP][PASSED] - setText: Text 'Charles' is set on object 'Object Repository/Creating New Account/Sign Up/input_last_name'

2017-10-12 11:39:52 - [MESSAGE][PASSED] - Text 'Charles' is set on object 'Object Repository/Creating New Account/Sign Up/input_last_name'

2017-10-12 11:39:52 - [TEST_STEP][PASSED] - setText: Text 'charles.chweyaa@tezzasolutions.com' is set on object 'Object Repository/Creating New Account/Sign Up/input_tenant_email'

2017-10-12 11:39:53 - [MESSAGE][PASSED] - Text 'charles.chweyaa@tezzasolutions.com' is set on object 'Object Repository/Creating New Account/Sign Up/input_tenant_email'

2017-10-12 11:39:53 - [TEST_STEP][PASSED] - setText: Text '0725165219' is set on object 'Object Repository/Creating New Account/Sign Up/input_tenant_phone'

2017-10-12 11:39:53 - [MESSAGE][PASSED] - Text '0725165219' is set on object 'Object Repository/Creating New Account/Sign Up/input_tenant_phone'

2017-10-12 11:39:53 - [TEST_STEP][PASSED] - delay: Delayed 5 second(s)

2017-10-12 11:39:58 - [MESSAGE][PASSED] - Delayed 5 second(s)

2017-10-12 11:39:58 - [TEST_STEP][PASSED] - click: Object: 'Object Repository/Creating New Account/Sign Up/span_select2-selection__arrow' is clicked on

2017-10-12 11:39:58 - [MESSAGE][PASSED] - Object: 'Object Repository/Creating New Account/Sign Up/span_select2-selection__arrow' is clicked on

2017-10-12 11:39:58 - [TEST_STEP][PASSED] - setText: Text 'Africa/Nairobi - (UTC+03:00) Nairobi' is set on object 'Object Repository/Creating New Account/Sign Up/input_select2-search__field'

2017-10-12 11:39:59 - [MESSAGE][PASSED] - Text 'Africa/Nairobi - (UTC+03:00) Nairobi' is set on object 'Object Repository/Creating New Account/Sign Up/input_select2-search__field'

2017-10-12 11:39:59 - [TEST_STEP][FAILED] - click: Unable to click on object 'Object Repository/Creating New Account/Sign Up/li_AfricaNairobi - (UTC0300) N' (Root cause: org.openqa.selenium.WebDriverException: unknown error: Failed to execute 'getComputedStyle' on 'Window': parameter 1 is not of type 'Element'.
  (Session info: chrome=61.0.3163.100)
  (Driver info: chromedriver=2.31.488763 (092de99f48a300323ecf8c2a4e2e7cab51de5ba8),platform=Windows NT 10.0.15063 x86_64) (WARNING: The server did not provide any stacktrace information)
Command duration or timeout: 218 milliseconds
Build info: version: '2.53.0', revision: '35ae25b', time: '2016-03-15 17:00:58'
System info: host: 'DESKTOP-QAVLP3L', ip: '192.168.56.1', os.name: 'Windows 10', os.arch: 'amd64', os.version: '10.0', java.version: '1.8.0_102'
Driver info: com.kms.katalon.selenium.driver.CChromeDriver
Capabilities [{applicationCacheEnabled=false, rotatable=false, mobileEmulationEnabled=false, networkConnectionEnabled=false, chrome={chromedriverVersion=2.31.488763 (092de99f48a300323ecf8c2a4e2e7cab51de5ba8), userDataDir=C:\Users\CHWEYA~1\AppData\Local\Temp\scoped_dir12064_4144}, takesHeapSnapshot=true, pageLoadStrategy=normal, databaseEnabled=false, handlesAlerts=true, hasTouchScreen=false, version=61.0.3163.100, platform=XP, browserConnectionEnabled=false, nativeEvents=true, acceptSslCerts=true, locationContextEnabled=true, webStorageEnabled=true, browserName=chrome, takesScreenshot=true, javascriptEnabled=true, cssSelectorsEnabled=true, setWindowRect=true, unexpectedAlertBehaviour=}]
Session ID: e135c0d3e454139502993fc39c873035)

2017-10-12 11:40:00 - [MESSAGE][FAILED] - Unable to click on object 'Object Repository/Creating New Account/Sign Up/li_AfricaNairobi - (UTC0300) N' (Root cause: org.openqa.selenium.WebDriverException: unknown error: Failed to execute 'getComputedStyle' on 'Window': parameter 1 is not of type 'Element'.
  (Session info: chrome=61.0.3163.100)
  (Driver info: chromedriver=2.31.488763 (092de99f48a300323ecf8c2a4e2e7cab51de5ba8),platform=Windows NT 10.0.15063 x86_64) (WARNING: The server did not provide any stacktrace information)
Command duration or timeout: 218 milliseconds
Build info: version: '2.53.0', revision: '35ae25b', time: '2016-03-15 17:00:58'
System info: host: 'DESKTOP-QAVLP3L', ip: '192.168.56.1', os.name: 'Windows 10', os.arch: 'amd64', os.version: '10.0', java.version: '1.8.0_102'
Driver info: com.kms.katalon.selenium.driver.CChromeDriver
Capabilities [{applicationCacheEnabled=false, rotatable=false, mobileEmulationEnabled=false, networkConnectionEnabled=false, chrome={chromedriverVersion=2.31.488763 (092de99f48a300323ecf8c2a4e2e7cab51de5ba8), userDataDir=C:\Users\CHWEYA~1\AppData\Local\Temp\scoped_dir12064_4144}, takesHeapSnapshot=true, pageLoadStrategy=normal, databaseEnabled=false, handlesAlerts=true, hasTouchScreen=false, version=61.0.3163.100, platform=XP, browserConnectionEnabled=false, nativeEvents=true, acceptSslCerts=true, locationContextEnabled=true, webStorageEnabled=true, browserName=chrome, takesScreenshot=true, javascriptEnabled=true, cssSelectorsEnabled=true, setWindowRect=true, unexpectedAlertBehaviour=}]
Session ID: e135c0d3e454139502993fc39c873035)
[[ATTACHMENT|C:\\Users\\ChweyaJnr\\git\\VSMS-Test-Automation\\Reports\\Creating New Account\\Sign Up\\20171012_113921\\1507797600252.png]]

2017-10-12 11:40:00 - [TEST_STEP][PASSED] - selectOptionByValue: All options with value 'KES' are selected in object 'Object Repository/Creating New Account/Sign Up/select_currency'  using regular expression

2017-10-12 11:40:01 - [MESSAGE][PASSED] - All options with value 'KES' are selected in object 'Object Repository/Creating New Account/Sign Up/select_currency'  using regular expression

2017-10-12 11:40:01 - [TEST_STEP][PASSED] - click: Object: 'Object Repository/Creating New Account/Sign Up/input_terms' is clicked on

2017-10-12 11:40:01 - [MESSAGE][PASSED] - Object: 'Object Repository/Creating New Account/Sign Up/input_terms' is clicked on

2017-10-12 11:40:01 - [TEST_STEP][PASSED] - click: Object: 'Object Repository/Creating New Account/Sign Up/button_Subscribe' is clicked on

2017-10-12 11:40:01 - [MESSAGE][PASSED] - Object: 'Object Repository/Creating New Account/Sign Up/button_Subscribe' is clicked on

2017-10-12 11:40:01 - [TEST_STEP][PASSED] - delay: Delayed 6 second(s)

2017-10-12 11:40:07 - [MESSAGE][PASSED] - Delayed 6 second(s)

2017-10-12 11:40:07 - [TEST_STEP][PASSED] - closeBrowser: Browser is closed

2017-10-12 11:40:09 - [MESSAGE][PASSED] - Browser is closed]]></system-out>
         <system-err><![CDATA[2017-10-12 11:39:25 - [TEST_CASE][FAILED] - Test Cases/Creating New Account/Sign Up: Test Cases/Creating New Account/Sign Up FAILED because (of) Unable to click on object 'Object Repository/Creating New Account/Sign Up/li_AfricaNairobi - (UTC0300) N' (Root cause: org.openqa.selenium.WebDriverException: unknown error: Failed to execute 'getComputedStyle' on 'Window': parameter 1 is not of type 'Element'.
  (Session info: chrome=61.0.3163.100)
  (Driver info: chromedriver=2.31.488763 (092de99f48a300323ecf8c2a4e2e7cab51de5ba8),platform=Windows NT 10.0.15063 x86_64) (WARNING: The server did not provide any stacktrace information)
Command duration or timeout: 218 milliseconds
Build info: version: '2.53.0', revision: '35ae25b', time: '2016-03-15 17:00:58'
System info: host: 'DESKTOP-QAVLP3L', ip: '192.168.56.1', os.name: 'Windows 10', os.arch: 'amd64', os.version: '10.0', java.version: '1.8.0_102'
Driver info: com.kms.katalon.selenium.driver.CChromeDriver
Capabilities [{applicationCacheEnabled=false, rotatable=false, mobileEmulationEnabled=false, networkConnectionEnabled=false, chrome={chromedriverVersion=2.31.488763 (092de99f48a300323ecf8c2a4e2e7cab51de5ba8), userDataDir=C:\Users\CHWEYA~1\AppData\Local\Temp\scoped_dir12064_4144}, takesHeapSnapshot=true, pageLoadStrategy=normal, databaseEnabled=false, handlesAlerts=true, hasTouchScreen=false, version=61.0.3163.100, platform=XP, browserConnectionEnabled=false, nativeEvents=true, acceptSslCerts=true, locationContextEnabled=true, webStorageEnabled=true, browserName=chrome, takesScreenshot=true, javascriptEnabled=true, cssSelectorsEnabled=true, setWindowRect=true, unexpectedAlertBehaviour=}]
Session ID: e135c0d3e454139502993fc39c873035)]]></system-err>
      </testcase>
      <system-out><![CDATA[2017-10-12 11:39:24 - [TEST_SUITE][FAILED] - Sign Up: Test Cases/Creating New Account/Sign Up FAILED because (of) Unable to click on object 'Object Repository/Creating New Account/Sign Up/li_AfricaNairobi - (UTC0300) N' (Root cause: org.openqa.selenium.WebDriverException: unknown error: Failed to execute 'getComputedStyle' on 'Window': parameter 1 is not of type 'Element'.
  (Session info: chrome=61.0.3163.100)
  (Driver info: chromedriver=2.31.488763 (092de99f48a300323ecf8c2a4e2e7cab51de5ba8),platform=Windows NT 10.0.15063 x86_64) (WARNING: The server did not provide any stacktrace information)
Command duration or timeout: 218 milliseconds
Build info: version: '2.53.0', revision: '35ae25b', time: '2016-03-15 17:00:58'
System info: host: 'DESKTOP-QAVLP3L', ip: '192.168.56.1', os.name: 'Windows 10', os.arch: 'amd64', os.version: '10.0', java.version: '1.8.0_102'
Driver info: com.kms.katalon.selenium.driver.CChromeDriver
Capabilities [{applicationCacheEnabled=false, rotatable=false, mobileEmulationEnabled=false, networkConnectionEnabled=false, chrome={chromedriverVersion=2.31.488763 (092de99f48a300323ecf8c2a4e2e7cab51de5ba8), userDataDir=C:\Users\CHWEYA~1\AppData\Local\Temp\scoped_dir12064_4144}, takesHeapSnapshot=true, pageLoadStrategy=normal, databaseEnabled=false, handlesAlerts=true, hasTouchScreen=false, version=61.0.3163.100, platform=XP, browserConnectionEnabled=false, nativeEvents=true, acceptSslCerts=true, locationContextEnabled=true, webStorageEnabled=true, browserName=chrome, takesScreenshot=true, javascriptEnabled=true, cssSelectorsEnabled=true, setWindowRect=true, unexpectedAlertBehaviour=}]
Session ID: e135c0d3e454139502993fc39c873035)]]></system-out>
      <system-err><![CDATA[2017-10-12 11:39:24 - [TEST_SUITE][FAILED] - Sign Up: Test Cases/Creating New Account/Sign Up FAILED because (of) Unable to click on object 'Object Repository/Creating New Account/Sign Up/li_AfricaNairobi - (UTC0300) N' (Root cause: org.openqa.selenium.WebDriverException: unknown error: Failed to execute 'getComputedStyle' on 'Window': parameter 1 is not of type 'Element'.
  (Session info: chrome=61.0.3163.100)
  (Driver info: chromedriver=2.31.488763 (092de99f48a300323ecf8c2a4e2e7cab51de5ba8),platform=Windows NT 10.0.15063 x86_64) (WARNING: The server did not provide any stacktrace information)
Command duration or timeout: 218 milliseconds
Build info: version: '2.53.0', revision: '35ae25b', time: '2016-03-15 17:00:58'
System info: host: 'DESKTOP-QAVLP3L', ip: '192.168.56.1', os.name: 'Windows 10', os.arch: 'amd64', os.version: '10.0', java.version: '1.8.0_102'
Driver info: com.kms.katalon.selenium.driver.CChromeDriver
Capabilities [{applicationCacheEnabled=false, rotatable=false, mobileEmulationEnabled=false, networkConnectionEnabled=false, chrome={chromedriverVersion=2.31.488763 (092de99f48a300323ecf8c2a4e2e7cab51de5ba8), userDataDir=C:\Users\CHWEYA~1\AppData\Local\Temp\scoped_dir12064_4144}, takesHeapSnapshot=true, pageLoadStrategy=normal, databaseEnabled=false, handlesAlerts=true, hasTouchScreen=false, version=61.0.3163.100, platform=XP, browserConnectionEnabled=false, nativeEvents=true, acceptSslCerts=true, locationContextEnabled=true, webStorageEnabled=true, browserName=chrome, takesScreenshot=true, javascriptEnabled=true, cssSelectorsEnabled=true, setWindowRect=true, unexpectedAlertBehaviour=}]
Session ID: e135c0d3e454139502993fc39c873035)]]></system-err>
   </testsuite>
</testsuites>
