<?xml version="1.0" encoding="UTF-8"?>
<testsuites name="Add Event" time="290" tests="0" failures="1" errors="0">
   <testsuite name="Add Event" tests="0" failures="1" errors="0" time="290" timestamp="2017-12-04 15:42:40" hostname="Dennis Gituto - DESKTOP-IA8CIQG" id="Test Suites/Calendar Management/Add Event">
      <properties>
         <property name="deviceName" value=""/>
         <property name="devicePlatform" value=""/>
         <property name="logFolder" value="C:\\Users\\Dennis Gituto\\git\\VSMS-Test-Automation\\Reports\\Calendar Management\\Add Event\\20171204_154239"/>
         <property name="logFiles" value="C:\\Users\\Dennis Gituto\\git\\VSMS-Test-Automation\\Reports\\Calendar Management\\Add Event\\20171204_154239\\execution0.log"/>
         <property name="attachments" value="C:\\Users\\Dennis Gituto\\git\\VSMS-Test-Automation\\Reports\\Calendar Management\\Add Event\\20171204_154239\\1512391609571.png, C:\\Users\\Dennis Gituto\\git\\VSMS-Test-Automation\\Reports\\Calendar Management\\Add Event\\20171204_154239\\1512391644790.png"/>
         <property name="hostName" value="Dennis Gituto - DESKTOP-IA8CIQG"/>
         <property name="os" value="Windows 10 64bit"/>
         <property name="katalonVersion" value="5.1.0.1"/>
         <property name="browser" value="Chrome 62.0.3202.94"/>
         <property name="hostAddress" value="192.168.1.101"/>
         <property name="sessionId" value="45db3e738005b973fbd2c6ae98ba8137"/>
         <property name="seleniumVersion" value="3.7.1"/>
         <property name="proxyInformation" value="ProxyInformation{proxyOption=NO_PROXY, proxyServerType=HTTP, password=, proxyServerAddress=, proxyServerPort=0}"/>
         <property name="platform" value="Windows 10"/>
      </properties>
      <testcase name="Test Cases/Calendar Management/Add new Event" classname="Test Cases/Calendar Management/Add new Event" status="FAILED">
         <failure type="FAILED" message="Unable to click on object 'Object Repository/Calendar Management/Add new Event/Save Event Button' (Root cause: org.openqa.selenium.WebDriverException: unknown error: Element &lt;button class=&quot;btn btn-info&quot; ng-show=&quot;savebutton&quot; id=&quot;step11&quot; ng-click=&quot;saveEvent(eventForm.$valid)&quot;>...&lt;/button> is not clickable at point (447, 388). Other element would receive the click: &lt;div class=&quot;loader&quot; ng-show=&quot;loader&quot;>...&lt;/div>
  (Session info: chrome=62.0.3202.94)
  (Driver info: chromedriver=2.33.506120 (e3e53437346286c0bc2d2dc9aa4915ba81d9023f),platform=Windows NT 10.0.14393 x86_64) (WARNING: The server did not provide any stacktrace information)
Command duration or timeout: 0 milliseconds
Build info: version: '3.7.1', revision: '8a0099a', time: '2017-11-06T21:07:36.161Z'
System info: host: 'DESKTOP-IA8CIQG', ip: '192.168.1.101', os.name: 'Windows 10', os.arch: 'amd64', os.version: '10.0', java.version: '1.8.0_102'
Driver info: com.kms.katalon.selenium.driver.CChromeDriver
Capabilities {acceptSslCerts: true, applicationCacheEnabled: false, browserConnectionEnabled: false, browserName: chrome, chrome: {chromedriverVersion: 2.33.506120 (e3e53437346286..., userDataDir: C:\Users\DENNIS~1\AppData\L...}, cssSelectorsEnabled: true, databaseEnabled: false, handlesAlerts: true, hasTouchScreen: false, javascriptEnabled: true, locationContextEnabled: true, mobileEmulationEnabled: false, nativeEvents: true, networkConnectionEnabled: false, pageLoadStrategy: normal, platform: XP, platformName: XP, rotatable: false, setWindowRect: true, takesHeapSnapshot: true, takesScreenshot: true, unexpectedAlertBehaviour: , unhandledPromptBehavior: , version: 62.0.3202.94, webStorageEnabled: true}
Session ID: 45db3e738005b973fbd2c6ae98ba8137)"/>
         <system-out><![CDATA[2017-12-04 15:42:41 - [TEST_CASE][FAILED] - Test Cases/Calendar Management/Add new Event: Test Cases/Calendar Management/Add new Event FAILED because (of) Unable to click on object 'Object Repository/Calendar Management/Add new Event/Save Event Button' (Root cause: org.openqa.selenium.WebDriverException: unknown error: Element <button class="btn btn-info" ng-show="savebutton" id="step11" ng-click="saveEvent(eventForm.$valid)">...</button> is not clickable at point (447, 388). Other element would receive the click: <div class="loader" ng-show="loader">...</div>
  (Session info: chrome=62.0.3202.94)
  (Driver info: chromedriver=2.33.506120 (e3e53437346286c0bc2d2dc9aa4915ba81d9023f),platform=Windows NT 10.0.14393 x86_64) (WARNING: The server did not provide any stacktrace information)
Command duration or timeout: 0 milliseconds
Build info: version: '3.7.1', revision: '8a0099a', time: '2017-11-06T21:07:36.161Z'
System info: host: 'DESKTOP-IA8CIQG', ip: '192.168.1.101', os.name: 'Windows 10', os.arch: 'amd64', os.version: '10.0', java.version: '1.8.0_102'
Driver info: com.kms.katalon.selenium.driver.CChromeDriver
Capabilities {acceptSslCerts: true, applicationCacheEnabled: false, browserConnectionEnabled: false, browserName: chrome, chrome: {chromedriverVersion: 2.33.506120 (e3e53437346286..., userDataDir: C:\Users\DENNIS~1\AppData\L...}, cssSelectorsEnabled: true, databaseEnabled: false, handlesAlerts: true, hasTouchScreen: false, javascriptEnabled: true, locationContextEnabled: true, mobileEmulationEnabled: false, nativeEvents: true, networkConnectionEnabled: false, pageLoadStrategy: normal, platform: XP, platformName: XP, rotatable: false, setWindowRect: true, takesHeapSnapshot: true, takesScreenshot: true, unexpectedAlertBehaviour: , unhandledPromptBehavior: , version: 62.0.3202.94, webStorageEnabled: true}
Session ID: 45db3e738005b973fbd2c6ae98ba8137)

2017-12-04 15:42:41 - [TEST_STEP][PASSED] - callTestCase: Call Test Case 'Test Cases/Common/User Login' successfully

2017-12-04 15:42:41 - [TEST_CASE][PASSED] - Test Cases/Common/User Login: Test Cases/Common/User Login

2017-12-04 15:42:43 - [TEST_STEP][PASSED] - openBrowser: Browser is opened with url: 'https://sandbox.vsms.tezzasolutions.com/index'

2017-12-04 15:45:23 - [MESSAGE][PASSED] - Browser is opened with url: 'https://sandbox.vsms.tezzasolutions.com/index'

2017-12-04 15:45:23 - [TEST_STEP][PASSED] - maximizeWindow: Current window maximized

2017-12-04 15:45:24 - [MESSAGE][PASSED] - Current window maximized

2017-12-04 15:45:24 - [TEST_STEP][PASSED] - click: Object: 'Object Repository/login/a_Log in' is clicked on

2017-12-04 15:45:54 - [MESSAGE][PASSED] - Object: 'Object Repository/login/a_Log in' is clicked on

2017-12-04 15:45:54 - [TEST_STEP][PASSED] - setText: Text 'stella.ireri@tezzasolutions.com' is set on object 'Object Repository/login/input_email'

2017-12-04 15:45:54 - [MESSAGE][PASSED] - Text 'stella.ireri@tezzasolutions.com' is set on object 'Object Repository/login/input_email'

2017-12-04 15:45:54 - [TEST_STEP][PASSED] - verifyElementPresent: Object 'Object Repository/Page_Visitor Security Management Sy/VSMS  Sign In' is present

2017-12-04 15:45:55 - [MESSAGE][PASSED] - Object 'Object Repository/Page_Visitor Security Management Sy/VSMS  Sign In' is present

2017-12-04 15:45:55 - [TEST_STEP][PASSED] - setText: Text '!qwerty123' is set on object 'Object Repository/login/input_password'

2017-12-04 15:45:55 - [MESSAGE][PASSED] - Text '!qwerty123' is set on object 'Object Repository/login/input_password'

2017-12-04 15:45:55 - [TEST_STEP][PASSED] - verifyElementClickable: Object 'Object Repository/login/button_Login' is clickable

2017-12-04 15:45:55 - [MESSAGE][PASSED] - Object 'Object Repository/login/button_Login' is clickable

2017-12-04 15:45:55 - [TEST_STEP][PASSED] - click: Object: 'Object Repository/login/button_Login' is clicked on

2017-12-04 15:46:25 - [MESSAGE][PASSED] - Object: 'Object Repository/login/button_Login' is clicked on

2017-12-04 15:46:25 - [MESSAGE][PASSED] - Call Test Case 'Test Cases/Common/User Login' successfully

2017-12-04 15:46:25 - [TEST_STEP][PASSED] - callTestCase: Call Test Case 'Test Cases/Calendar Management/Calendar Menu' successfully

2017-12-04 15:46:25 - [TEST_CASE][PASSED] - Test Cases/Calendar Management/Calendar Menu: Test Cases/Calendar Management/Calendar Menu

2017-12-04 15:46:25 - [TEST_STEP][PASSED] - click: Object: 'Object Repository/Dashboard Page/a_Modules' is clicked on

2017-12-04 15:46:25 - [MESSAGE][PASSED] - Object: 'Object Repository/Dashboard Page/a_Modules' is clicked on

2017-12-04 15:46:25 - [TEST_STEP][PASSED] - click: Object: 'Object Repository/Dashboard Page/a_Calendar Management' is clicked on

2017-12-04 15:46:25 - [MESSAGE][PASSED] - Object: 'Object Repository/Dashboard Page/a_Calendar Management' is clicked on

2017-12-04 15:46:25 - [TEST_STEP][PASSED] - click: Object: 'Object Repository/Dashboard Page/a_Calendar' is clicked on

2017-12-04 15:46:46 - [MESSAGE][PASSED] - Object: 'Object Repository/Dashboard Page/a_Calendar' is clicked on

2017-12-04 15:46:46 - [MESSAGE][PASSED] - Call Test Case 'Test Cases/Calendar Management/Calendar Menu' successfully

2017-12-04 15:46:46 - [TEST_STEP][PASSED] - click: Object: 'Object Repository/Calendar Management/Add new Event/New Event' is clicked on

2017-12-04 15:46:46 - [MESSAGE][PASSED] - Object: 'Object Repository/Calendar Management/Add new Event/New Event' is clicked on

2017-12-04 15:46:46 - [TEST_STEP][PASSED] - setText: Text 'Developer's Interview' is set on object 'Object Repository/Calendar Management/Add new Event/Title'

2017-12-04 15:46:47 - [MESSAGE][PASSED] - Text 'Developer's Interview' is set on object 'Object Repository/Calendar Management/Add new Event/Title'

2017-12-04 15:46:47 - [TEST_STEP][PASSED] - setText: Text '10/12/17' is set on object 'Object Repository/Calendar Management/Add new Event/Start Date'

2017-12-04 15:46:47 - [MESSAGE][PASSED] - Text '10/12/17' is set on object 'Object Repository/Calendar Management/Add new Event/Start Date'

2017-12-04 15:46:47 - [TEST_STEP][PASSED] - setText: Text '1300' is set on object 'Object Repository/Calendar Management/Add new Event/Start Time'

2017-12-04 15:46:48 - [MESSAGE][PASSED] - Text '1300' is set on object 'Object Repository/Calendar Management/Add new Event/Start Time'

2017-12-04 15:46:48 - [TEST_STEP][PASSED] - setText: Text '10/12/17' is set on object 'Object Repository/Calendar Management/Add new Event/End Date'

2017-12-04 15:46:48 - [MESSAGE][PASSED] - Text '10/12/17' is set on object 'Object Repository/Calendar Management/Add new Event/End Date'

2017-12-04 15:46:48 - [TEST_STEP][PASSED] - setText: Text '1800' is set on object 'Object Repository/Calendar Management/Add new Event/End Time'

2017-12-04 15:46:48 - [MESSAGE][PASSED] - Text '1800' is set on object 'Object Repository/Calendar Management/Add new Event/End Time'

2017-12-04 15:46:48 - [TEST_STEP][PASSED] - selectOptionByValue: All options with value '' are selected in object 'Object Repository/Calendar Management/Add new Event/Location' 

2017-12-04 15:46:49 - [MESSAGE][PASSED] - All options with value '' are selected in object 'Object Repository/Calendar Management/Add new Event/Location' 

2017-12-04 15:46:49 - [TEST_STEP][PASSED] - setText: Text 'C# Developers Interview' is set on object 'Object Repository/Calendar Management/Add new Event/Description'

2017-12-04 15:46:49 - [MESSAGE][PASSED] - Text 'C# Developers Interview' is set on object 'Object Repository/Calendar Management/Add new Event/Description'

2017-12-04 15:46:49 - [TEST_STEP][FAILED] - click: Unable to click on object 'Object Repository/Calendar Management/Add new Event/Save Event Button' (Root cause: org.openqa.selenium.WebDriverException: unknown error: Element <button class="btn btn-info" ng-show="savebutton" id="step11" ng-click="saveEvent(eventForm.$valid)">...</button> is not clickable at point (447, 388). Other element would receive the click: <div class="loader" ng-show="loader">...</div>
  (Session info: chrome=62.0.3202.94)
  (Driver info: chromedriver=2.33.506120 (e3e53437346286c0bc2d2dc9aa4915ba81d9023f),platform=Windows NT 10.0.14393 x86_64) (WARNING: The server did not provide any stacktrace information)
Command duration or timeout: 0 milliseconds
Build info: version: '3.7.1', revision: '8a0099a', time: '2017-11-06T21:07:36.161Z'
System info: host: 'DESKTOP-IA8CIQG', ip: '192.168.1.101', os.name: 'Windows 10', os.arch: 'amd64', os.version: '10.0', java.version: '1.8.0_102'
Driver info: com.kms.katalon.selenium.driver.CChromeDriver
Capabilities {acceptSslCerts: true, applicationCacheEnabled: false, browserConnectionEnabled: false, browserName: chrome, chrome: {chromedriverVersion: 2.33.506120 (e3e53437346286..., userDataDir: C:\Users\DENNIS~1\AppData\L...}, cssSelectorsEnabled: true, databaseEnabled: false, handlesAlerts: true, hasTouchScreen: false, javascriptEnabled: true, locationContextEnabled: true, mobileEmulationEnabled: false, nativeEvents: true, networkConnectionEnabled: false, pageLoadStrategy: normal, platform: XP, platformName: XP, rotatable: false, setWindowRect: true, takesHeapSnapshot: true, takesScreenshot: true, unexpectedAlertBehaviour: , unhandledPromptBehavior: , version: 62.0.3202.94, webStorageEnabled: true}
Session ID: 45db3e738005b973fbd2c6ae98ba8137)

2017-12-04 15:46:49 - [MESSAGE][FAILED] - Unable to click on object 'Object Repository/Calendar Management/Add new Event/Save Event Button' (Root cause: org.openqa.selenium.WebDriverException: unknown error: Element <button class="btn btn-info" ng-show="savebutton" id="step11" ng-click="saveEvent(eventForm.$valid)">...</button> is not clickable at point (447, 388). Other element would receive the click: <div class="loader" ng-show="loader">...</div>
  (Session info: chrome=62.0.3202.94)
  (Driver info: chromedriver=2.33.506120 (e3e53437346286c0bc2d2dc9aa4915ba81d9023f),platform=Windows NT 10.0.14393 x86_64) (WARNING: The server did not provide any stacktrace information)
Command duration or timeout: 0 milliseconds
Build info: version: '3.7.1', revision: '8a0099a', time: '2017-11-06T21:07:36.161Z'
System info: host: 'DESKTOP-IA8CIQG', ip: '192.168.1.101', os.name: 'Windows 10', os.arch: 'amd64', os.version: '10.0', java.version: '1.8.0_102'
Driver info: com.kms.katalon.selenium.driver.CChromeDriver
Capabilities {acceptSslCerts: true, applicationCacheEnabled: false, browserConnectionEnabled: false, browserName: chrome, chrome: {chromedriverVersion: 2.33.506120 (e3e53437346286..., userDataDir: C:\Users\DENNIS~1\AppData\L...}, cssSelectorsEnabled: true, databaseEnabled: false, handlesAlerts: true, hasTouchScreen: false, javascriptEnabled: true, locationContextEnabled: true, mobileEmulationEnabled: false, nativeEvents: true, networkConnectionEnabled: false, pageLoadStrategy: normal, platform: XP, platformName: XP, rotatable: false, setWindowRect: true, takesHeapSnapshot: true, takesScreenshot: true, unexpectedAlertBehaviour: , unhandledPromptBehavior: , version: 62.0.3202.94, webStorageEnabled: true}
Session ID: 45db3e738005b973fbd2c6ae98ba8137)
[[ATTACHMENT|C:\\Users\\Dennis Gituto\\git\\VSMS-Test-Automation\\Reports\\Calendar Management\\Add Event\\20171204_154239\\1512391609571.png]]

2017-12-04 15:46:49 - [TEST_STEP][PASSED] - delay: Delayed 3 second(s)

2017-12-04 15:46:52 - [MESSAGE][PASSED] - Delayed 3 second(s)

2017-12-04 15:46:52 - [TEST_STEP][FAILED] - verifyElementPresent: com.kms.katalon.core.webui.exception.WebElementNotFoundException: Web element with id: 'Object Repository/Calendar Management/Add new Event/Verify an Event is Added/Event created successfully Message' located by 'By.xpath: id("page-wrapper")/div[@class="row"]/div[2]/div[@class="alert alert-success alert-dismissable fade in ng-binding"]' not found

2017-12-04 15:46:53 - [MESSAGE][WARNING] - Timeout '0' is invalid. Using default page load timeout: '30'

2017-12-04 15:47:25 - [MESSAGE][FAILED] - com.kms.katalon.core.webui.exception.WebElementNotFoundException: Web element with id: 'Object Repository/Calendar Management/Add new Event/Verify an Event is Added/Event created successfully Message' located by 'By.xpath: id("page-wrapper")/div[@class="row"]/div[2]/div[@class="alert alert-success alert-dismissable fade in ng-binding"]' not found
[[ATTACHMENT|C:\\Users\\Dennis Gituto\\git\\VSMS-Test-Automation\\Reports\\Calendar Management\\Add Event\\20171204_154239\\1512391644790.png]]

2017-12-04 15:47:25 - [TEST_STEP][PASSED] - delay: Delayed 5 second(s)

2017-12-04 15:47:30 - [MESSAGE][PASSED] - Delayed 5 second(s)

2017-12-04 15:47:30 - [TEST_STEP][PASSED] - closeBrowser: Browser is closed

2017-12-04 15:47:30 - [MESSAGE][PASSED] - Browser is closed]]></system-out>
         <system-err><![CDATA[2017-12-04 15:42:41 - [TEST_CASE][FAILED] - Test Cases/Calendar Management/Add new Event: Test Cases/Calendar Management/Add new Event FAILED because (of) Unable to click on object 'Object Repository/Calendar Management/Add new Event/Save Event Button' (Root cause: org.openqa.selenium.WebDriverException: unknown error: Element <button class="btn btn-info" ng-show="savebutton" id="step11" ng-click="saveEvent(eventForm.$valid)">...</button> is not clickable at point (447, 388). Other element would receive the click: <div class="loader" ng-show="loader">...</div>
  (Session info: chrome=62.0.3202.94)
  (Driver info: chromedriver=2.33.506120 (e3e53437346286c0bc2d2dc9aa4915ba81d9023f),platform=Windows NT 10.0.14393 x86_64) (WARNING: The server did not provide any stacktrace information)
Command duration or timeout: 0 milliseconds
Build info: version: '3.7.1', revision: '8a0099a', time: '2017-11-06T21:07:36.161Z'
System info: host: 'DESKTOP-IA8CIQG', ip: '192.168.1.101', os.name: 'Windows 10', os.arch: 'amd64', os.version: '10.0', java.version: '1.8.0_102'
Driver info: com.kms.katalon.selenium.driver.CChromeDriver
Capabilities {acceptSslCerts: true, applicationCacheEnabled: false, browserConnectionEnabled: false, browserName: chrome, chrome: {chromedriverVersion: 2.33.506120 (e3e53437346286..., userDataDir: C:\Users\DENNIS~1\AppData\L...}, cssSelectorsEnabled: true, databaseEnabled: false, handlesAlerts: true, hasTouchScreen: false, javascriptEnabled: true, locationContextEnabled: true, mobileEmulationEnabled: false, nativeEvents: true, networkConnectionEnabled: false, pageLoadStrategy: normal, platform: XP, platformName: XP, rotatable: false, setWindowRect: true, takesHeapSnapshot: true, takesScreenshot: true, unexpectedAlertBehaviour: , unhandledPromptBehavior: , version: 62.0.3202.94, webStorageEnabled: true}
Session ID: 45db3e738005b973fbd2c6ae98ba8137)]]></system-err>
      </testcase>
      <system-out><![CDATA[2017-12-04 15:42:40 - [TEST_SUITE][FAILED] - Add Event: Test Cases/Calendar Management/Add new Event FAILED because (of) Unable to click on object 'Object Repository/Calendar Management/Add new Event/Save Event Button' (Root cause: org.openqa.selenium.WebDriverException: unknown error: Element <button class="btn btn-info" ng-show="savebutton" id="step11" ng-click="saveEvent(eventForm.$valid)">...</button> is not clickable at point (447, 388). Other element would receive the click: <div class="loader" ng-show="loader">...</div>
  (Session info: chrome=62.0.3202.94)
  (Driver info: chromedriver=2.33.506120 (e3e53437346286c0bc2d2dc9aa4915ba81d9023f),platform=Windows NT 10.0.14393 x86_64) (WARNING: The server did not provide any stacktrace information)
Command duration or timeout: 0 milliseconds
Build info: version: '3.7.1', revision: '8a0099a', time: '2017-11-06T21:07:36.161Z'
System info: host: 'DESKTOP-IA8CIQG', ip: '192.168.1.101', os.name: 'Windows 10', os.arch: 'amd64', os.version: '10.0', java.version: '1.8.0_102'
Driver info: com.kms.katalon.selenium.driver.CChromeDriver
Capabilities {acceptSslCerts: true, applicationCacheEnabled: false, browserConnectionEnabled: false, browserName: chrome, chrome: {chromedriverVersion: 2.33.506120 (e3e53437346286..., userDataDir: C:\Users\DENNIS~1\AppData\L...}, cssSelectorsEnabled: true, databaseEnabled: false, handlesAlerts: true, hasTouchScreen: false, javascriptEnabled: true, locationContextEnabled: true, mobileEmulationEnabled: false, nativeEvents: true, networkConnectionEnabled: false, pageLoadStrategy: normal, platform: XP, platformName: XP, rotatable: false, setWindowRect: true, takesHeapSnapshot: true, takesScreenshot: true, unexpectedAlertBehaviour: , unhandledPromptBehavior: , version: 62.0.3202.94, webStorageEnabled: true}
Session ID: 45db3e738005b973fbd2c6ae98ba8137)]]></system-out>
      <system-err><![CDATA[2017-12-04 15:42:40 - [TEST_SUITE][FAILED] - Add Event: Test Cases/Calendar Management/Add new Event FAILED because (of) Unable to click on object 'Object Repository/Calendar Management/Add new Event/Save Event Button' (Root cause: org.openqa.selenium.WebDriverException: unknown error: Element <button class="btn btn-info" ng-show="savebutton" id="step11" ng-click="saveEvent(eventForm.$valid)">...</button> is not clickable at point (447, 388). Other element would receive the click: <div class="loader" ng-show="loader">...</div>
  (Session info: chrome=62.0.3202.94)
  (Driver info: chromedriver=2.33.506120 (e3e53437346286c0bc2d2dc9aa4915ba81d9023f),platform=Windows NT 10.0.14393 x86_64) (WARNING: The server did not provide any stacktrace information)
Command duration or timeout: 0 milliseconds
Build info: version: '3.7.1', revision: '8a0099a', time: '2017-11-06T21:07:36.161Z'
System info: host: 'DESKTOP-IA8CIQG', ip: '192.168.1.101', os.name: 'Windows 10', os.arch: 'amd64', os.version: '10.0', java.version: '1.8.0_102'
Driver info: com.kms.katalon.selenium.driver.CChromeDriver
Capabilities {acceptSslCerts: true, applicationCacheEnabled: false, browserConnectionEnabled: false, browserName: chrome, chrome: {chromedriverVersion: 2.33.506120 (e3e53437346286..., userDataDir: C:\Users\DENNIS~1\AppData\L...}, cssSelectorsEnabled: true, databaseEnabled: false, handlesAlerts: true, hasTouchScreen: false, javascriptEnabled: true, locationContextEnabled: true, mobileEmulationEnabled: false, nativeEvents: true, networkConnectionEnabled: false, pageLoadStrategy: normal, platform: XP, platformName: XP, rotatable: false, setWindowRect: true, takesHeapSnapshot: true, takesScreenshot: true, unexpectedAlertBehaviour: , unhandledPromptBehavior: , version: 62.0.3202.94, webStorageEnabled: true}
Session ID: 45db3e738005b973fbd2c6ae98ba8137)]]></system-err>
   </testsuite>
</testsuites>
