<?xml version="1.0" encoding="UTF-8"?>
<testsuites name="Sign up" time="60" tests="0" failures="1" errors="0">
   <testsuite name="Sign up" tests="0" failures="1" errors="0" time="60" timestamp="2017-12-05 12:16:30" hostname="Dennis Gituto - DESKTOP-IA8CIQG" id="Test Suites/Request Meeting/Sign up">
      <properties>
         <property name="deviceName" value=""/>
         <property name="devicePlatform" value=""/>
         <property name="logFolder" value="C:\\Users\\Dennis Gituto\\git\\VSMS-Test-Automation\\Reports\\Request Meeting\\Sign up\\20171205_121628"/>
         <property name="logFiles" value="C:\\Users\\Dennis Gituto\\git\\VSMS-Test-Automation\\Reports\\Request Meeting\\Sign up\\20171205_121628\\execution0.log"/>
         <property name="attachments" value="C:\\Users\\Dennis Gituto\\git\\VSMS-Test-Automation\\Reports\\Request Meeting\\Sign up\\20171205_121628\\1512465442545.png"/>
         <property name="hostName" value="Dennis Gituto - DESKTOP-IA8CIQG"/>
         <property name="os" value="Windows 10 64bit"/>
         <property name="katalonVersion" value="5.1.0.1"/>
         <property name="browser" value="Chrome 62.0.3202.94"/>
         <property name="hostAddress" value="192.168.1.101"/>
         <property name="sessionId" value="c8d11fac1f75543155577f3cf65d5726"/>
         <property name="seleniumVersion" value="3.7.1"/>
         <property name="proxyInformation" value="ProxyInformation{proxyOption=NO_PROXY, proxyServerType=HTTP, password=, proxyServerAddress=, proxyServerPort=0}"/>
         <property name="platform" value="Windows 10"/>
      </properties>
      <testcase name="Test Cases/Request A Meeting/Sign Up in Request Meeting" classname="Test Cases/Request A Meeting/Sign Up in Request Meeting" status="FAILED">
         <failure type="FAILED" message="Unable to select option by value '3' of object 'Object Repository/Request A meeting/Sign Up In Request Meeting/select_tenant_id'  (Root cause: org.openqa.selenium.NoSuchElementException: Cannot locate option with value: 3
For documentation on this error, please visit: http://seleniumhq.org/exceptions/no_such_element.html
Build info: version: '3.7.1', revision: '8a0099a', time: '2017-11-06T21:07:36.161Z'
System info: host: 'DESKTOP-IA8CIQG', ip: '192.168.1.101', os.name: 'Windows 10', os.arch: 'amd64', os.version: '10.0', java.version: '1.8.0_102'
Driver info: driver.version: unknown)"/>
         <system-out><![CDATA[2017-12-05 12:16:30 - [TEST_CASE][FAILED] - Test Cases/Request A Meeting/Sign Up in Request Meeting: Test Cases/Request A Meeting/Sign Up in Request Meeting FAILED because (of) Unable to select option by value '3' of object 'Object Repository/Request A meeting/Sign Up In Request Meeting/select_tenant_id'  (Root cause: org.openqa.selenium.NoSuchElementException: Cannot locate option with value: 3
For documentation on this error, please visit: http://seleniumhq.org/exceptions/no_such_element.html
Build info: version: '3.7.1', revision: '8a0099a', time: '2017-11-06T21:07:36.161Z'
System info: host: 'DESKTOP-IA8CIQG', ip: '192.168.1.101', os.name: 'Windows 10', os.arch: 'amd64', os.version: '10.0', java.version: '1.8.0_102'
Driver info: driver.version: unknown)

2017-12-05 12:16:31 - [TEST_STEP][PASSED] - callTestCase: Call Test Case 'Test Cases/Request A Meeting/Request a Meeting Menu' successfully

2017-12-05 12:16:32 - [TEST_CASE][PASSED] - Test Cases/Request A Meeting/Request a Meeting Menu: Test Cases/Request A Meeting/Request a Meeting Menu

2017-12-05 12:16:32 - [TEST_STEP][PASSED] - openBrowser: Browser is opened with url: ''

2017-12-05 12:16:35 - [MESSAGE][PASSED] - Browser is opened with url: ''

2017-12-05 12:16:35 - [TEST_STEP][PASSED] - navigateToUrl: Navigate to 'https://sandbox.vsms.tezzasolutions.com/index' successfully

2017-12-05 12:17:14 - [MESSAGE][PASSED] - Navigate to 'https://sandbox.vsms.tezzasolutions.com/index' successfully

2017-12-05 12:17:14 - [TEST_STEP][PASSED] - maximizeWindow: Current window maximized

2017-12-05 12:17:15 - [MESSAGE][PASSED] - Current window maximized

2017-12-05 12:17:15 - [TEST_STEP][PASSED] - click: Object: 'Object Repository/Request A meeting/Request meeting Page/button_REQUEST A MEETING' is clicked on

2017-12-05 12:17:15 - [MESSAGE][PASSED] - Object: 'Object Repository/Request A meeting/Request meeting Page/button_REQUEST A MEETING' is clicked on

2017-12-05 12:17:15 - [TEST_STEP][PASSED] - delay: Delayed 5 second(s)

2017-12-05 12:17:20 - [MESSAGE][PASSED] - Delayed 5 second(s)

2017-12-05 12:17:20 - [MESSAGE][PASSED] - Call Test Case 'Test Cases/Request A Meeting/Request a Meeting Menu' successfully

2017-12-05 12:17:20 - [TEST_STEP][PASSED] - setText: Text 'Mr' is set on object 'Object Repository/Request A meeting/Sign Up In Request Meeting/input_title'

2017-12-05 12:17:21 - [MESSAGE][PASSED] - Text 'Mr' is set on object 'Object Repository/Request A meeting/Sign Up In Request Meeting/input_title'

2017-12-05 12:17:21 - [TEST_STEP][PASSED] - setText: Text 'Dennis' is set on object 'Object Repository/Request A meeting/Sign Up In Request Meeting/input_firstname'

2017-12-05 12:17:22 - [MESSAGE][PASSED] - Text 'Dennis' is set on object 'Object Repository/Request A meeting/Sign Up In Request Meeting/input_firstname'

2017-12-05 12:17:22 - [TEST_STEP][PASSED] - setText: Text 'Gituto' is set on object 'Object Repository/Request A meeting/Sign Up In Request Meeting/input_lastname'

2017-12-05 12:17:22 - [MESSAGE][PASSED] - Text 'Gituto' is set on object 'Object Repository/Request A meeting/Sign Up In Request Meeting/input_lastname'

2017-12-05 12:17:22 - [TEST_STEP][FAILED] - selectOptionByValue: Unable to select option by value '3' of object 'Object Repository/Request A meeting/Sign Up In Request Meeting/select_tenant_id'  (Root cause: org.openqa.selenium.NoSuchElementException: Cannot locate option with value: 3
For documentation on this error, please visit: http://seleniumhq.org/exceptions/no_such_element.html
Build info: version: '3.7.1', revision: '8a0099a', time: '2017-11-06T21:07:36.161Z'
System info: host: 'DESKTOP-IA8CIQG', ip: '192.168.1.101', os.name: 'Windows 10', os.arch: 'amd64', os.version: '10.0', java.version: '1.8.0_102'
Driver info: driver.version: unknown)

2017-12-05 12:17:23 - [MESSAGE][FAILED] - Unable to select option by value '3' of object 'Object Repository/Request A meeting/Sign Up In Request Meeting/select_tenant_id'  (Root cause: org.openqa.selenium.NoSuchElementException: Cannot locate option with value: 3
For documentation on this error, please visit: http://seleniumhq.org/exceptions/no_such_element.html
Build info: version: '3.7.1', revision: '8a0099a', time: '2017-11-06T21:07:36.161Z'
System info: host: 'DESKTOP-IA8CIQG', ip: '192.168.1.101', os.name: 'Windows 10', os.arch: 'amd64', os.version: '10.0', java.version: '1.8.0_102'
Driver info: driver.version: unknown)
[[ATTACHMENT|C:\\Users\\Dennis Gituto\\git\\VSMS-Test-Automation\\Reports\\Request Meeting\\Sign up\\20171205_121628\\1512465442545.png]]

2017-12-05 12:17:23 - [TEST_STEP][PASSED] - setText: Text 'dennisgituto@yahoo.com' is set on object 'Object Repository/Request A meeting/Sign Up In Request Meeting/input_email'

2017-12-05 12:17:23 - [MESSAGE][PASSED] - Text 'dennisgituto@yahoo.com' is set on object 'Object Repository/Request A meeting/Sign Up In Request Meeting/input_email'

2017-12-05 12:17:23 - [TEST_STEP][PASSED] - setText: Text 'desteg' is set on object 'Object Repository/Request A meeting/Sign Up In Request Meeting/input_password'

2017-12-05 12:17:24 - [MESSAGE][PASSED] - Text 'desteg' is set on object 'Object Repository/Request A meeting/Sign Up In Request Meeting/input_password'

2017-12-05 12:17:24 - [TEST_STEP][PASSED] - setText: Text 'var_confirmPassword' is set on object 'Object Repository/Request A meeting/Sign Up In Request Meeting/input_password_confirmation'

2017-12-05 12:17:24 - [MESSAGE][PASSED] - Text 'var_confirmPassword' is set on object 'Object Repository/Request A meeting/Sign Up In Request Meeting/input_password_confirmation'

2017-12-05 12:17:24 - [TEST_STEP][PASSED] - click: Object: 'Object Repository/Request A meeting/Sign Up In Request Meeting/button_Sign Up' is clicked on

2017-12-05 12:17:25 - [MESSAGE][PASSED] - Object: 'Object Repository/Request A meeting/Sign Up In Request Meeting/button_Sign Up' is clicked on

2017-12-05 12:17:25 - [TEST_STEP][PASSED] - delay: Delayed 2 second(s)

2017-12-05 12:17:27 - [MESSAGE][PASSED] - Delayed 2 second(s)

2017-12-05 12:17:27 - [TEST_STEP][PASSED] - verifyElementVisible: Object 'Object Repository/Request A meeting/Sign Up In Request Meeting/Verify Sign Up in Request Meeting/Request Sign up' is visible

2017-12-05 12:17:27 - [MESSAGE][PASSED] - Object 'Object Repository/Request A meeting/Sign Up In Request Meeting/Verify Sign Up in Request Meeting/Request Sign up' is visible

2017-12-05 12:17:27 - [TEST_STEP][PASSED] - delay: Delayed 3 second(s)

2017-12-05 12:17:30 - [MESSAGE][PASSED] - Delayed 3 second(s)

2017-12-05 12:17:30 - [TEST_STEP][PASSED] - closeBrowser: Browser is closed

2017-12-05 12:17:31 - [MESSAGE][PASSED] - Browser is closed]]></system-out>
         <system-err><![CDATA[2017-12-05 12:16:30 - [TEST_CASE][FAILED] - Test Cases/Request A Meeting/Sign Up in Request Meeting: Test Cases/Request A Meeting/Sign Up in Request Meeting FAILED because (of) Unable to select option by value '3' of object 'Object Repository/Request A meeting/Sign Up In Request Meeting/select_tenant_id'  (Root cause: org.openqa.selenium.NoSuchElementException: Cannot locate option with value: 3
For documentation on this error, please visit: http://seleniumhq.org/exceptions/no_such_element.html
Build info: version: '3.7.1', revision: '8a0099a', time: '2017-11-06T21:07:36.161Z'
System info: host: 'DESKTOP-IA8CIQG', ip: '192.168.1.101', os.name: 'Windows 10', os.arch: 'amd64', os.version: '10.0', java.version: '1.8.0_102'
Driver info: driver.version: unknown)]]></system-err>
      </testcase>
      <system-out><![CDATA[2017-12-05 12:16:30 - [TEST_SUITE][FAILED] - Sign up: Test Cases/Request A Meeting/Sign Up in Request Meeting FAILED because (of) Unable to select option by value '3' of object 'Object Repository/Request A meeting/Sign Up In Request Meeting/select_tenant_id'  (Root cause: org.openqa.selenium.NoSuchElementException: Cannot locate option with value: 3
For documentation on this error, please visit: http://seleniumhq.org/exceptions/no_such_element.html
Build info: version: '3.7.1', revision: '8a0099a', time: '2017-11-06T21:07:36.161Z'
System info: host: 'DESKTOP-IA8CIQG', ip: '192.168.1.101', os.name: 'Windows 10', os.arch: 'amd64', os.version: '10.0', java.version: '1.8.0_102'
Driver info: driver.version: unknown)]]></system-out>
      <system-err><![CDATA[2017-12-05 12:16:30 - [TEST_SUITE][FAILED] - Sign up: Test Cases/Request A Meeting/Sign Up in Request Meeting FAILED because (of) Unable to select option by value '3' of object 'Object Repository/Request A meeting/Sign Up In Request Meeting/select_tenant_id'  (Root cause: org.openqa.selenium.NoSuchElementException: Cannot locate option with value: 3
For documentation on this error, please visit: http://seleniumhq.org/exceptions/no_such_element.html
Build info: version: '3.7.1', revision: '8a0099a', time: '2017-11-06T21:07:36.161Z'
System info: host: 'DESKTOP-IA8CIQG', ip: '192.168.1.101', os.name: 'Windows 10', os.arch: 'amd64', os.version: '10.0', java.version: '1.8.0_102'
Driver info: driver.version: unknown)]]></system-err>
   </testsuite>
</testsuites>
