<?xml version="1.0" encoding="UTF-8"?>
<testsuites name="Add New Profile" time="32" tests="0" failures="1" errors="0">
   <testsuite name="Add New Profile" tests="0" failures="1" errors="0" time="32" timestamp="2017-10-11 12:20:27" hostname="ChweyaJnr - 192.168.56.1" id="Test Suites/User Management/Profile Module/Add New Profile">
      <properties>
         <property name="deviceName" value=""/>
         <property name="devicePlatform" value=""/>
         <property name="logFolder" value="C:\\Users\\ChweyaJnr\\git\\VSMS-Test-Automation\\Reports\\User Management\\Profile Module\\Add New Profile\\20171011_122024"/>
         <property name="logFiles" value="C:\\Users\\ChweyaJnr\\git\\VSMS-Test-Automation\\Reports\\User Management\\Profile Module\\Add New Profile\\20171011_122024\\execution0.log"/>
         <property name="attachments" value="C:\\Users\\ChweyaJnr\\git\\VSMS-Test-Automation\\Reports\\User Management\\Profile Module\\Add New Profile\\20171011_122024\\1507713654145.png"/>
         <property name="hostName" value="ChweyaJnr - 192.168.56.1"/>
         <property name="os" value="Windows 10 64bit"/>
         <property name="katalonVersion" value="4.8.0.2"/>
         <property name="browser" value="Chrome 61.0.3163.100"/>
         <property name="hostAddress" value="192.168.56.1"/>
         <property name="sessionId" value="94d59fd2fa60f0ba8936895f1fd26bab"/>
         <property name="seleniumVersion" value="2.53.0"/>
         <property name="proxyInformation" value="ProxyInformation{proxyOption=NO_PROXY, proxyServerType=HTTP, password=, proxyServerAddress=, proxyServerPort=0}"/>
         <property name="platform" value="Windows 10"/>
      </properties>
      <testcase name="Test Cases/User Management/Profile Module/Add New Profile" classname="Test Cases/User Management/Profile Module/Add New Profile" status="FAILED">
         <failure type="FAILED" message="Unable to click on object 'Object Repository/User Management/Add New Profile/Add New Profile/New profile has been added successfully' (Root cause: org.openqa.selenium.WebDriverException: unknown error: Element &lt;p ng-bind=&quot;msg&quot; class=&quot;alert alert-info ng-binding&quot; ng-show=&quot;successAlert&quot;>...&lt;/p> is not clickable at point (774, 208). Other element would receive the click: &lt;div class=&quot;modal-backdrop fade&quot;>&lt;/div>
  (Session info: chrome=61.0.3163.100)
  (Driver info: chromedriver=2.31.488763 (092de99f48a300323ecf8c2a4e2e7cab51de5ba8),platform=Windows NT 10.0.15063 x86_64) (WARNING: The server did not provide any stacktrace information)
Command duration or timeout: 117 milliseconds
Build info: version: '2.53.0', revision: '35ae25b', time: '2016-03-15 17:00:58'
System info: host: 'DESKTOP-QAVLP3L', ip: '192.168.56.1', os.name: 'Windows 10', os.arch: 'amd64', os.version: '10.0', java.version: '1.8.0_102'
Driver info: com.kms.katalon.selenium.driver.CChromeDriver
Capabilities [{applicationCacheEnabled=false, rotatable=false, mobileEmulationEnabled=false, networkConnectionEnabled=false, chrome={chromedriverVersion=2.31.488763 (092de99f48a300323ecf8c2a4e2e7cab51de5ba8), userDataDir=C:\Users\CHWEYA~1\AppData\Local\Temp\scoped_dir12112_21762}, takesHeapSnapshot=true, pageLoadStrategy=normal, databaseEnabled=false, handlesAlerts=true, hasTouchScreen=false, version=61.0.3163.100, platform=XP, browserConnectionEnabled=false, nativeEvents=true, acceptSslCerts=true, locationContextEnabled=true, webStorageEnabled=true, browserName=chrome, takesScreenshot=true, javascriptEnabled=true, cssSelectorsEnabled=true, setWindowRect=true, unexpectedAlertBehaviour=}]
Session ID: 94d59fd2fa60f0ba8936895f1fd26bab)"/>
         <system-out><![CDATA[2017-10-11 12:20:27 - [TEST_CASE][FAILED] - Test Cases/User Management/Profile Module/Add New Profile: Test Cases/User Management/Profile Module/Add New Profile FAILED because (of) Unable to click on object 'Object Repository/User Management/Add New Profile/Add New Profile/New profile has been added successfully' (Root cause: org.openqa.selenium.WebDriverException: unknown error: Element <p ng-bind="msg" class="alert alert-info ng-binding" ng-show="successAlert">...</p> is not clickable at point (774, 208). Other element would receive the click: <div class="modal-backdrop fade"></div>
  (Session info: chrome=61.0.3163.100)
  (Driver info: chromedriver=2.31.488763 (092de99f48a300323ecf8c2a4e2e7cab51de5ba8),platform=Windows NT 10.0.15063 x86_64) (WARNING: The server did not provide any stacktrace information)
Command duration or timeout: 117 milliseconds
Build info: version: '2.53.0', revision: '35ae25b', time: '2016-03-15 17:00:58'
System info: host: 'DESKTOP-QAVLP3L', ip: '192.168.56.1', os.name: 'Windows 10', os.arch: 'amd64', os.version: '10.0', java.version: '1.8.0_102'
Driver info: com.kms.katalon.selenium.driver.CChromeDriver
Capabilities [{applicationCacheEnabled=false, rotatable=false, mobileEmulationEnabled=false, networkConnectionEnabled=false, chrome={chromedriverVersion=2.31.488763 (092de99f48a300323ecf8c2a4e2e7cab51de5ba8), userDataDir=C:\Users\CHWEYA~1\AppData\Local\Temp\scoped_dir12112_21762}, takesHeapSnapshot=true, pageLoadStrategy=normal, databaseEnabled=false, handlesAlerts=true, hasTouchScreen=false, version=61.0.3163.100, platform=XP, browserConnectionEnabled=false, nativeEvents=true, acceptSslCerts=true, locationContextEnabled=true, webStorageEnabled=true, browserName=chrome, takesScreenshot=true, javascriptEnabled=true, cssSelectorsEnabled=true, setWindowRect=true, unexpectedAlertBehaviour=}]
Session ID: 94d59fd2fa60f0ba8936895f1fd26bab)

2017-10-11 12:20:28 - [TEST_STEP][NOT_RUN] - openBrowser: NOT_RUN: openBrowser

2017-10-11 12:20:28 - [MESSAGE][NOT_RUN] - NOT_RUN: openBrowser

2017-10-11 12:20:28 - [TEST_STEP][NOT_RUN] - navigateToUrl: NOT_RUN: navigateToUrl

2017-10-11 12:20:28 - [MESSAGE][NOT_RUN] - NOT_RUN: navigateToUrl

2017-10-11 12:20:28 - [TEST_STEP][NOT_RUN] - click: NOT_RUN: click

2017-10-11 12:20:28 - [MESSAGE][NOT_RUN] - NOT_RUN: click

2017-10-11 12:20:28 - [TEST_STEP][NOT_RUN] - setText: NOT_RUN: setText

2017-10-11 12:20:28 - [MESSAGE][NOT_RUN] - NOT_RUN: setText

2017-10-11 12:20:28 - [TEST_STEP][NOT_RUN] - setText: NOT_RUN: setText

2017-10-11 12:20:28 - [MESSAGE][NOT_RUN] - NOT_RUN: setText

2017-10-11 12:20:28 - [TEST_STEP][NOT_RUN] - click: NOT_RUN: click

2017-10-11 12:20:28 - [MESSAGE][NOT_RUN] - NOT_RUN: click

2017-10-11 12:20:28 - [TEST_STEP][PASSED] - callTestCase: Call Test Case 'Test Cases/LOGIN' successfully

2017-10-11 12:20:28 - [TEST_CASE][PASSED] - Test Cases/LOGIN: Test Cases/LOGIN

2017-10-11 12:20:29 - [TEST_STEP][PASSED] - openBrowser: Browser is opened with url: 'https://sandbox.vsms.tezzasolutions.com/index'

2017-10-11 12:20:37 - [MESSAGE][PASSED] - Browser is opened with url: 'https://sandbox.vsms.tezzasolutions.com/index'

2017-10-11 12:20:37 - [TEST_STEP][PASSED] - click: Object: 'Object Repository/login/a_Log in' is clicked on

2017-10-11 12:20:39 - [MESSAGE][PASSED] - Object: 'Object Repository/login/a_Log in' is clicked on

2017-10-11 12:20:39 - [TEST_STEP][PASSED] - setText: Text 'clarinenyauncho@gmail.com' is set on object 'Object Repository/login/input_email'

2017-10-11 12:20:40 - [MESSAGE][PASSED] - Text 'clarinenyauncho@gmail.com' is set on object 'Object Repository/login/input_email'

2017-10-11 12:20:40 - [TEST_STEP][PASSED] - setText: Text 'changeme' is set on object 'Object Repository/login/input_password'

2017-10-11 12:20:40 - [MESSAGE][PASSED] - Text 'changeme' is set on object 'Object Repository/login/input_password'

2017-10-11 12:20:40 - [TEST_STEP][PASSED] - click: Object: 'Object Repository/login/button_Login' is clicked on

2017-10-11 12:20:44 - [MESSAGE][PASSED] - Object: 'Object Repository/login/button_Login' is clicked on

2017-10-11 12:20:44 - [MESSAGE][PASSED] - Call Test Case 'Test Cases/LOGIN' successfully

2017-10-11 12:20:44 - [TEST_STEP][PASSED] - click: Object: 'Object Repository/User Management/Add New User/Module Dropdown Objects/Modules dropdown' is clicked on

2017-10-11 12:20:44 - [MESSAGE][PASSED] - Object: 'Object Repository/User Management/Add New User/Module Dropdown Objects/Modules dropdown' is clicked on

2017-10-11 12:20:44 - [TEST_STEP][PASSED] - click: Object: 'Object Repository/User Management/Add New User/Module Dropdown Objects/User Management Dropdown' is clicked on

2017-10-11 12:20:45 - [MESSAGE][PASSED] - Object: 'Object Repository/User Management/Add New User/Module Dropdown Objects/User Management Dropdown' is clicked on

2017-10-11 12:20:45 - [TEST_STEP][PASSED] - click: Object: 'Object Repository/User Management/Add New Profile/Profile Link/a_Profile' is clicked on

2017-10-11 12:20:46 - [MESSAGE][PASSED] - Object: 'Object Repository/User Management/Add New Profile/Profile Link/a_Profile' is clicked on

2017-10-11 12:20:46 - [TEST_STEP][PASSED] - maximizeWindow: Current window maximized

2017-10-11 12:20:47 - [MESSAGE][PASSED] - Current window maximized

2017-10-11 12:20:47 - [TEST_STEP][PASSED] - click: Object: 'Object Repository/User Management/Add New Profile/Add New Profile/a_Add New' is clicked on

2017-10-11 12:20:47 - [MESSAGE][PASSED] - Object: 'Object Repository/User Management/Add New Profile/Add New Profile/a_Add New' is clicked on

2017-10-11 12:20:47 - [TEST_STEP][PASSED] - delay: Delayed 5 second(s)

2017-10-11 12:20:52 - [MESSAGE][PASSED] - Delayed 5 second(s)

2017-10-11 12:20:52 - [TEST_STEP][PASSED] - setText: Text 'TestProfile1' is set on object 'Object Repository/User Management/Add New Profile/Add New Profile/input_profilename'

2017-10-11 12:20:52 - [MESSAGE][PASSED] - Text 'TestProfile1' is set on object 'Object Repository/User Management/Add New Profile/Add New Profile/input_profilename'

2017-10-11 12:20:52 - [TEST_STEP][PASSED] - setText: Text 'TestProf' is set on object 'Object Repository/User Management/Add New Profile/Add New Profile/textarea_profiledescription'

2017-10-11 12:20:53 - [MESSAGE][PASSED] - Text 'TestProf' is set on object 'Object Repository/User Management/Add New Profile/Add New Profile/textarea_profiledescription'

2017-10-11 12:20:53 - [TEST_STEP][PASSED] - click: Object: 'Object Repository/User Management/Add New Profile/Add New Profile/button_Save' is clicked on

2017-10-11 12:20:53 - [MESSAGE][PASSED] - Object: 'Object Repository/User Management/Add New Profile/Add New Profile/button_Save' is clicked on

2017-10-11 12:20:53 - [TEST_STEP][FAILED] - click: Unable to click on object 'Object Repository/User Management/Add New Profile/Add New Profile/New profile has been added successfully' (Root cause: org.openqa.selenium.WebDriverException: unknown error: Element <p ng-bind="msg" class="alert alert-info ng-binding" ng-show="successAlert">...</p> is not clickable at point (774, 208). Other element would receive the click: <div class="modal-backdrop fade"></div>
  (Session info: chrome=61.0.3163.100)
  (Driver info: chromedriver=2.31.488763 (092de99f48a300323ecf8c2a4e2e7cab51de5ba8),platform=Windows NT 10.0.15063 x86_64) (WARNING: The server did not provide any stacktrace information)
Command duration or timeout: 117 milliseconds
Build info: version: '2.53.0', revision: '35ae25b', time: '2016-03-15 17:00:58'
System info: host: 'DESKTOP-QAVLP3L', ip: '192.168.56.1', os.name: 'Windows 10', os.arch: 'amd64', os.version: '10.0', java.version: '1.8.0_102'
Driver info: com.kms.katalon.selenium.driver.CChromeDriver
Capabilities [{applicationCacheEnabled=false, rotatable=false, mobileEmulationEnabled=false, networkConnectionEnabled=false, chrome={chromedriverVersion=2.31.488763 (092de99f48a300323ecf8c2a4e2e7cab51de5ba8), userDataDir=C:\Users\CHWEYA~1\AppData\Local\Temp\scoped_dir12112_21762}, takesHeapSnapshot=true, pageLoadStrategy=normal, databaseEnabled=false, handlesAlerts=true, hasTouchScreen=false, version=61.0.3163.100, platform=XP, browserConnectionEnabled=false, nativeEvents=true, acceptSslCerts=true, locationContextEnabled=true, webStorageEnabled=true, browserName=chrome, takesScreenshot=true, javascriptEnabled=true, cssSelectorsEnabled=true, setWindowRect=true, unexpectedAlertBehaviour=}]
Session ID: 94d59fd2fa60f0ba8936895f1fd26bab)

2017-10-11 12:20:54 - [MESSAGE][FAILED] - Unable to click on object 'Object Repository/User Management/Add New Profile/Add New Profile/New profile has been added successfully' (Root cause: org.openqa.selenium.WebDriverException: unknown error: Element <p ng-bind="msg" class="alert alert-info ng-binding" ng-show="successAlert">...</p> is not clickable at point (774, 208). Other element would receive the click: <div class="modal-backdrop fade"></div>
  (Session info: chrome=61.0.3163.100)
  (Driver info: chromedriver=2.31.488763 (092de99f48a300323ecf8c2a4e2e7cab51de5ba8),platform=Windows NT 10.0.15063 x86_64) (WARNING: The server did not provide any stacktrace information)
Command duration or timeout: 117 milliseconds
Build info: version: '2.53.0', revision: '35ae25b', time: '2016-03-15 17:00:58'
System info: host: 'DESKTOP-QAVLP3L', ip: '192.168.56.1', os.name: 'Windows 10', os.arch: 'amd64', os.version: '10.0', java.version: '1.8.0_102'
Driver info: com.kms.katalon.selenium.driver.CChromeDriver
Capabilities [{applicationCacheEnabled=false, rotatable=false, mobileEmulationEnabled=false, networkConnectionEnabled=false, chrome={chromedriverVersion=2.31.488763 (092de99f48a300323ecf8c2a4e2e7cab51de5ba8), userDataDir=C:\Users\CHWEYA~1\AppData\Local\Temp\scoped_dir12112_21762}, takesHeapSnapshot=true, pageLoadStrategy=normal, databaseEnabled=false, handlesAlerts=true, hasTouchScreen=false, version=61.0.3163.100, platform=XP, browserConnectionEnabled=false, nativeEvents=true, acceptSslCerts=true, locationContextEnabled=true, webStorageEnabled=true, browserName=chrome, takesScreenshot=true, javascriptEnabled=true, cssSelectorsEnabled=true, setWindowRect=true, unexpectedAlertBehaviour=}]
Session ID: 94d59fd2fa60f0ba8936895f1fd26bab)
[[ATTACHMENT|C:\\Users\\ChweyaJnr\\git\\VSMS-Test-Automation\\Reports\\User Management\\Profile Module\\Add New Profile\\20171011_122024\\1507713654145.png]]

2017-10-11 12:20:54 - [TEST_STEP][PASSED] - delay: Delayed 3 second(s)

2017-10-11 12:20:57 - [MESSAGE][PASSED] - Delayed 3 second(s)

2017-10-11 12:20:57 - [TEST_STEP][PASSED] - closeBrowser: Browser is closed

2017-10-11 12:20:58 - [MESSAGE][PASSED] - Browser is closed]]></system-out>
         <system-err><![CDATA[2017-10-11 12:20:27 - [TEST_CASE][FAILED] - Test Cases/User Management/Profile Module/Add New Profile: Test Cases/User Management/Profile Module/Add New Profile FAILED because (of) Unable to click on object 'Object Repository/User Management/Add New Profile/Add New Profile/New profile has been added successfully' (Root cause: org.openqa.selenium.WebDriverException: unknown error: Element <p ng-bind="msg" class="alert alert-info ng-binding" ng-show="successAlert">...</p> is not clickable at point (774, 208). Other element would receive the click: <div class="modal-backdrop fade"></div>
  (Session info: chrome=61.0.3163.100)
  (Driver info: chromedriver=2.31.488763 (092de99f48a300323ecf8c2a4e2e7cab51de5ba8),platform=Windows NT 10.0.15063 x86_64) (WARNING: The server did not provide any stacktrace information)
Command duration or timeout: 117 milliseconds
Build info: version: '2.53.0', revision: '35ae25b', time: '2016-03-15 17:00:58'
System info: host: 'DESKTOP-QAVLP3L', ip: '192.168.56.1', os.name: 'Windows 10', os.arch: 'amd64', os.version: '10.0', java.version: '1.8.0_102'
Driver info: com.kms.katalon.selenium.driver.CChromeDriver
Capabilities [{applicationCacheEnabled=false, rotatable=false, mobileEmulationEnabled=false, networkConnectionEnabled=false, chrome={chromedriverVersion=2.31.488763 (092de99f48a300323ecf8c2a4e2e7cab51de5ba8), userDataDir=C:\Users\CHWEYA~1\AppData\Local\Temp\scoped_dir12112_21762}, takesHeapSnapshot=true, pageLoadStrategy=normal, databaseEnabled=false, handlesAlerts=true, hasTouchScreen=false, version=61.0.3163.100, platform=XP, browserConnectionEnabled=false, nativeEvents=true, acceptSslCerts=true, locationContextEnabled=true, webStorageEnabled=true, browserName=chrome, takesScreenshot=true, javascriptEnabled=true, cssSelectorsEnabled=true, setWindowRect=true, unexpectedAlertBehaviour=}]
Session ID: 94d59fd2fa60f0ba8936895f1fd26bab)]]></system-err>
      </testcase>
      <system-out><![CDATA[2017-10-11 12:20:27 - [TEST_SUITE][FAILED] - Add New Profile: Test Cases/User Management/Profile Module/Add New Profile FAILED because (of) Unable to click on object 'Object Repository/User Management/Add New Profile/Add New Profile/New profile has been added successfully' (Root cause: org.openqa.selenium.WebDriverException: unknown error: Element <p ng-bind="msg" class="alert alert-info ng-binding" ng-show="successAlert">...</p> is not clickable at point (774, 208). Other element would receive the click: <div class="modal-backdrop fade"></div>
  (Session info: chrome=61.0.3163.100)
  (Driver info: chromedriver=2.31.488763 (092de99f48a300323ecf8c2a4e2e7cab51de5ba8),platform=Windows NT 10.0.15063 x86_64) (WARNING: The server did not provide any stacktrace information)
Command duration or timeout: 117 milliseconds
Build info: version: '2.53.0', revision: '35ae25b', time: '2016-03-15 17:00:58'
System info: host: 'DESKTOP-QAVLP3L', ip: '192.168.56.1', os.name: 'Windows 10', os.arch: 'amd64', os.version: '10.0', java.version: '1.8.0_102'
Driver info: com.kms.katalon.selenium.driver.CChromeDriver
Capabilities [{applicationCacheEnabled=false, rotatable=false, mobileEmulationEnabled=false, networkConnectionEnabled=false, chrome={chromedriverVersion=2.31.488763 (092de99f48a300323ecf8c2a4e2e7cab51de5ba8), userDataDir=C:\Users\CHWEYA~1\AppData\Local\Temp\scoped_dir12112_21762}, takesHeapSnapshot=true, pageLoadStrategy=normal, databaseEnabled=false, handlesAlerts=true, hasTouchScreen=false, version=61.0.3163.100, platform=XP, browserConnectionEnabled=false, nativeEvents=true, acceptSslCerts=true, locationContextEnabled=true, webStorageEnabled=true, browserName=chrome, takesScreenshot=true, javascriptEnabled=true, cssSelectorsEnabled=true, setWindowRect=true, unexpectedAlertBehaviour=}]
Session ID: 94d59fd2fa60f0ba8936895f1fd26bab)]]></system-out>
      <system-err><![CDATA[2017-10-11 12:20:27 - [TEST_SUITE][FAILED] - Add New Profile: Test Cases/User Management/Profile Module/Add New Profile FAILED because (of) Unable to click on object 'Object Repository/User Management/Add New Profile/Add New Profile/New profile has been added successfully' (Root cause: org.openqa.selenium.WebDriverException: unknown error: Element <p ng-bind="msg" class="alert alert-info ng-binding" ng-show="successAlert">...</p> is not clickable at point (774, 208). Other element would receive the click: <div class="modal-backdrop fade"></div>
  (Session info: chrome=61.0.3163.100)
  (Driver info: chromedriver=2.31.488763 (092de99f48a300323ecf8c2a4e2e7cab51de5ba8),platform=Windows NT 10.0.15063 x86_64) (WARNING: The server did not provide any stacktrace information)
Command duration or timeout: 117 milliseconds
Build info: version: '2.53.0', revision: '35ae25b', time: '2016-03-15 17:00:58'
System info: host: 'DESKTOP-QAVLP3L', ip: '192.168.56.1', os.name: 'Windows 10', os.arch: 'amd64', os.version: '10.0', java.version: '1.8.0_102'
Driver info: com.kms.katalon.selenium.driver.CChromeDriver
Capabilities [{applicationCacheEnabled=false, rotatable=false, mobileEmulationEnabled=false, networkConnectionEnabled=false, chrome={chromedriverVersion=2.31.488763 (092de99f48a300323ecf8c2a4e2e7cab51de5ba8), userDataDir=C:\Users\CHWEYA~1\AppData\Local\Temp\scoped_dir12112_21762}, takesHeapSnapshot=true, pageLoadStrategy=normal, databaseEnabled=false, handlesAlerts=true, hasTouchScreen=false, version=61.0.3163.100, platform=XP, browserConnectionEnabled=false, nativeEvents=true, acceptSslCerts=true, locationContextEnabled=true, webStorageEnabled=true, browserName=chrome, takesScreenshot=true, javascriptEnabled=true, cssSelectorsEnabled=true, setWindowRect=true, unexpectedAlertBehaviour=}]
Session ID: 94d59fd2fa60f0ba8936895f1fd26bab)]]></system-err>
   </testsuite>
</testsuites>
