{"devicePlatform":"","logFolder":"C:\\Users\\Stella\\git\\VSMS-Test-Automation\\Reports\\LogIn\\20171010_145400","runData":{"hostName":"Stella - 192.168.56.1","os":"Windows 8.1 64bit","katalonVersion":"4.8.0.2","browser":"Chrome 61.0.3163.100","hostAddress":"192.168.56.1","sessionId":"8e2e8f9bf397bd4fa211b7c103c4ab97","seleniumVersion":"2.53.0","proxyInformation":"ProxyInformation{proxyOption\u003dNO_PROXY, proxyServerType\u003d, password\u003d, proxyServerAddress\u003d, proxyServerPort\u003d0}","platform":"Windows 8.1"},"type":"TEST_SUITE","name":"LogIn","id":"Test Suites/LogIn","source":"","message":"Test Cases/LOGIN FAILED because (of) Variable \u0027var_Loginemail\u0027 is not defined for test case.","description":"user authentication","startTime":1507636442990,"endTime":1507636469342,"childRecords":[{"isOptional":false,"type":"TEST_CASE","name":"Test Cases/LOGIN","id":"Test Cases/LOGIN","source":"C:\\\\Users\\\\Stella\\\\git\\\\VSMS-Test-AutomationTest Cases\\\\LOGIN.tc","message":"Test Cases/LOGIN FAILED because (of) Variable \u0027var_Loginemail\u0027 is not defined for test case.","description":"authenticating a VSMS user","startTime":1507636443665,"endTime":1507636467566,"childRecords":[{"testStatus":{"stackTrace":"","statusValue":"INFO"},"type":"MESSAGE","name":"","message":"Evaluating variables for test case","startTime":1507636443952,"endTime":0,"childRecords":[],"interuppted":false},{"index":1,"isIgnoredIfFailed":false,"type":"TEST_STEP","name":"openBrowser","message":"Browser is opened with url: \u0027https://sandbox.vsms.tezzasolutions.com/index\u0027","description":"","startTime":1507636444485,"endTime":1507636464480,"childRecords":[{"testStatus":{"stackTrace":"","statusValue":"PASSED"},"type":"MESSAGE","name":"","message":"Browser is opened with url: \u0027https://sandbox.vsms.tezzasolutions.com/index\u0027","startTime":1507636464478,"endTime":0,"childRecords":[],"interuppted":false}],"interuppted":false},{"index":2,"isIgnoredIfFailed":false,"type":"TEST_STEP","name":"click","message":"Object: \u0027Object Repository/login/a_Log in\u0027 is clicked on","description":"","startTime":1507636464481,"endTime":1507636467537,"childRecords":[{"testStatus":{"stackTrace":"","statusValue":"PASSED"},"type":"MESSAGE","name":"","message":"Object: \u0027Object Repository/login/a_Log in\u0027 is clicked on","startTime":1507636467536,"endTime":0,"childRecords":[],"interuppted":false}],"interuppted":false},{"index":3,"isIgnoredIfFailed":false,"type":"TEST_STEP","name":"setText","message":"Finding Test Object with id \u0027Object Repository/login/input_email\u0027","description":"","startTime":1507636467538,"endTime":1507636467556,"childRecords":[],"interuppted":false},{"testStatus":{"stackTrace":"","statusValue":"ERROR"},"type":"MESSAGE","name":"","message":"Test Cases/LOGIN FAILED because (of) Variable \u0027var_Loginemail\u0027 is not defined for test case.","startTime":1507636467558,"endTime":0,"childRecords":[],"interuppted":false}],"interuppted":false}],"interuppted":false}