<?xml version="1.0" encoding="UTF-8"?>
<testsuites name="User Login" time="23" tests="0" failures="1" errors="0">
   <testsuite name="User Login" tests="0" failures="1" errors="0" time="23" timestamp="2017-10-03 11:38:32" hostname="ChweyaJnr - DESKTOP-QAVLP3L" id="Test Suites/Login/User Login">
      <properties>
         <property name="deviceName" value=""/>
         <property name="devicePlatform" value=""/>
         <property name="logFolder" value="C:\\Users\\ChweyaJnr\\git\\VSMS-Test-Automation\\Reports\\Login\\User Login\\20171003_113829"/>
         <property name="logFiles" value="C:\\Users\\ChweyaJnr\\git\\VSMS-Test-Automation\\Reports\\Login\\User Login\\20171003_113829\\execution0.log"/>
         <property name="attachments" value="C:\\Users\\ChweyaJnr\\git\\VSMS-Test-Automation\\Reports\\Login\\User Login\\20171003_113829\\1507019935098.png, C:\\Users\\ChweyaJnr\\git\\VSMS-Test-Automation\\Reports\\Login\\User Login\\20171003_113829\\1507019935267.png"/>
         <property name="hostName" value="ChweyaJnr - DESKTOP-QAVLP3L"/>
         <property name="os" value="Windows 10 64bit"/>
         <property name="katalonVersion" value="4.8.0.2"/>
         <property name="browser" value="Firefox 39.0"/>
         <property name="hostAddress" value="192.168.56.1"/>
         <property name="sessionId" value="ee5cf031-2590-406a-bf4d-44e11f54db68"/>
         <property name="seleniumVersion" value="2.53.0"/>
         <property name="proxyInformation" value="ProxyInformation{proxyOption=NO_PROXY, proxyServerType=HTTP, password=, proxyServerAddress=, proxyServerPort=0}"/>
         <property name="platform" value="Windows 10"/>
      </properties>
      <testcase name="Test Cases/User Login Page/Login" classname="Test Cases/User Login Page/Login" status="FAILED">
         <failure type="FAILED" message="Unable to verify object 'Object Repository/Page_Visitor Security Management Sy/strong_These credentials do no' is present (Root cause: com.kms.katalon.core.webui.exception.WebElementNotFoundException: Web element with id: 'Object Repository/Page_Visitor Security Management Sy/strong_These credentials do no' located by 'By.xpath: //strong[count(. | //*[contains(.,'These credentials do not match our records.')]) = count(//*[contains(.,'These credentials do not match our records.')])]' not found)"/>
         <system-out><![CDATA[2017-10-03 11:38:33 - [TEST_CASE][FAILED] - Test Cases/User Login Page/Login: Test Cases/User Login Page/Login FAILED because (of) Unable to verify object 'Object Repository/Page_Visitor Security Management Sy/strong_These credentials do no' is present (Root cause: com.kms.katalon.core.webui.exception.WebElementNotFoundException: Web element with id: 'Object Repository/Page_Visitor Security Management Sy/strong_These credentials do no' located by 'By.xpath: //strong[count(. | //*[contains(.,'These credentials do not match our records.')]) = count(//*[contains(.,'These credentials do not match our records.')])]' not found)

2017-10-03 11:38:34 - [TEST_STEP][PASSED] - openBrowser: Browser is opened with url: ''

2017-10-03 11:38:42 - [MESSAGE][PASSED] - Browser is opened with url: ''

2017-10-03 11:38:42 - [TEST_STEP][PASSED] - navigateToUrl: Navigate to 'https://sandbox.vsms.tezzasolutions.com/index' successfully

2017-10-03 11:38:46 - [MESSAGE][PASSED] - Navigate to 'https://sandbox.vsms.tezzasolutions.com/index' successfully

2017-10-03 11:38:46 - [TEST_STEP][PASSED] - maximizeWindow: Current window maximized

2017-10-03 11:38:46 - [MESSAGE][PASSED] - Current window maximized

2017-10-03 11:38:46 - [TEST_STEP][PASSED] - click: Object: 'Object Repository/VSMS Login Objects/Page_VSMS Overview/a_Log in' is clicked on

2017-10-03 11:38:47 - [MESSAGE][PASSED] - Object: 'Object Repository/VSMS Login Objects/Page_VSMS Overview/a_Log in' is clicked on

2017-10-03 11:38:47 - [TEST_STEP][PASSED] - setText: Text 'changeme@gmail.com' is set on object 'Object Repository/VSMS Login Objects/Page_Visitor Security Management Sy/input_email'

2017-10-03 11:38:49 - [MESSAGE][PASSED] - Text 'changeme@gmail.com' is set on object 'Object Repository/VSMS Login Objects/Page_Visitor Security Management Sy/input_email'

2017-10-03 11:38:49 - [TEST_STEP][PASSED] - setText: Text 'changeme' is set on object 'Object Repository/VSMS Login Objects/Page_Visitor Security Management Sy/input_password'

2017-10-03 11:38:49 - [MESSAGE][PASSED] - Text 'changeme' is set on object 'Object Repository/VSMS Login Objects/Page_Visitor Security Management Sy/input_password'

2017-10-03 11:38:49 - [TEST_STEP][FAILED] - verifyElementPresent: Unable to verify object 'Object Repository/Page_Visitor Security Management Sy/strong_These credentials do no' is present (Root cause: com.kms.katalon.core.webui.exception.WebElementNotFoundException: Web element with id: 'Object Repository/Page_Visitor Security Management Sy/strong_These credentials do no' located by 'By.xpath: //strong[count(. | //*[contains(.,'These credentials do not match our records.')]) = count(//*[contains(.,'These credentials do not match our records.')])]' not found)

2017-10-03 11:38:55 - [MESSAGE][FAILED] - com.kms.katalon.core.webui.exception.WebElementNotFoundException: Web element with id: 'Object Repository/Page_Visitor Security Management Sy/strong_These credentials do no' located by 'By.xpath: //strong[count(. | //*[contains(.,'These credentials do not match our records.')]) = count(//*[contains(.,'These credentials do not match our records.')])]' not found
[[ATTACHMENT|C:\\Users\\ChweyaJnr\\git\\VSMS-Test-Automation\\Reports\\Login\\User Login\\20171003_113829\\1507019935098.png]]

2017-10-03 11:38:55 - [MESSAGE][FAILED] - Unable to verify object 'Object Repository/Page_Visitor Security Management Sy/strong_These credentials do no' is present (Root cause: com.kms.katalon.core.webui.exception.WebElementNotFoundException: Web element with id: 'Object Repository/Page_Visitor Security Management Sy/strong_These credentials do no' located by 'By.xpath: //strong[count(. | //*[contains(.,'These credentials do not match our records.')]) = count(//*[contains(.,'These credentials do not match our records.')])]' not found)
[[ATTACHMENT|C:\\Users\\ChweyaJnr\\git\\VSMS-Test-Automation\\Reports\\Login\\User Login\\20171003_113829\\1507019935267.png]]]]></system-out>
         <system-err><![CDATA[2017-10-03 11:38:33 - [TEST_CASE][FAILED] - Test Cases/User Login Page/Login: Test Cases/User Login Page/Login FAILED because (of) Unable to verify object 'Object Repository/Page_Visitor Security Management Sy/strong_These credentials do no' is present (Root cause: com.kms.katalon.core.webui.exception.WebElementNotFoundException: Web element with id: 'Object Repository/Page_Visitor Security Management Sy/strong_These credentials do no' located by 'By.xpath: //strong[count(. | //*[contains(.,'These credentials do not match our records.')]) = count(//*[contains(.,'These credentials do not match our records.')])]' not found)]]></system-err>
      </testcase>
      <system-out><![CDATA[2017-10-03 11:38:32 - [TEST_SUITE][FAILED] - User Login: Test Cases/User Login Page/Login FAILED because (of) Unable to verify object 'Object Repository/Page_Visitor Security Management Sy/strong_These credentials do no' is present (Root cause: com.kms.katalon.core.webui.exception.WebElementNotFoundException: Web element with id: 'Object Repository/Page_Visitor Security Management Sy/strong_These credentials do no' located by 'By.xpath: //strong[count(. | //*[contains(.,'These credentials do not match our records.')]) = count(//*[contains(.,'These credentials do not match our records.')])]' not found)]]></system-out>
      <system-err><![CDATA[2017-10-03 11:38:32 - [TEST_SUITE][FAILED] - User Login: Test Cases/User Login Page/Login FAILED because (of) Unable to verify object 'Object Repository/Page_Visitor Security Management Sy/strong_These credentials do no' is present (Root cause: com.kms.katalon.core.webui.exception.WebElementNotFoundException: Web element with id: 'Object Repository/Page_Visitor Security Management Sy/strong_These credentials do no' located by 'By.xpath: //strong[count(. | //*[contains(.,'These credentials do not match our records.')]) = count(//*[contains(.,'These credentials do not match our records.')])]' not found)]]></system-err>
   </testsuite>
</testsuites>
