{"devicePlatform":"","logFolder":"C:\\Users\\Dennis Gituto\\git\\VSMS-Test-Automation\\Reports\\Profile\\Update Profile\\20171205_091615","runData":{"hostName":"Dennis Gituto - DESKTOP-IA8CIQG","os":"Windows 10 64bit","katalonVersion":"5.1.0.1","browser":"Chrome 62.0.3202.94","hostAddress":"192.168.1.101","sessionId":"a97ef9d7305d750cb5f0195933c756da","seleniumVersion":"3.7.1","proxyInformation":"ProxyInformation{proxyOption\u003dNO_PROXY, proxyServerType\u003dHTTP, password\u003d, proxyServerAddress\u003d, proxyServerPort\u003d0}","platform":"Windows 10"},"type":"TEST_SUITE","name":"Update Profile","id":"Test Suites/Profile/Update Profile","source":"","message":"Test Cases/Profile/Update Profile FAILED because (of) Unable to select option by value \u0027number:101\u0027 of object \u0027Object Repository/Profile/Profile Page/Department\u0027  (Root cause: org.openqa.selenium.NoSuchElementException: Cannot locate option with value: number:101\nFor documentation on this error, please visit: http://seleniumhq.org/exceptions/no_such_element.html\nBuild info: version: \u00273.7.1\u0027, revision: \u00278a0099a\u0027, time: \u00272017-11-06T21:07:36.161Z\u0027\nSystem info: host: \u0027DESKTOP-IA8CIQG\u0027, ip: \u0027192.168.1.101\u0027, os.name: \u0027Windows 10\u0027, os.arch: \u0027amd64\u0027, os.version: \u002710.0\u0027, java.version: \u00271.8.0_102\u0027\nDriver info: driver.version: unknown)","description":"Update User\u0027s Profile","startTime":1512454577985,"endTime":1512454682206,"childRecords":[{"isOptional":false,"type":"TEST_CASE","name":"Test Cases/Profile/Update Profile","id":"Test Cases/Profile/Update Profile","source":"C:\\\\Users\\\\Dennis Gituto\\\\git\\\\VSMS-Test-AutomationTest Cases\\\\Profile\\\\Update Profile.tc","message":"Test Cases/Profile/Update Profile FAILED because (of) Unable to select option by value \u0027number:101\u0027 of object \u0027Object Repository/Profile/Profile Page/Department\u0027  (Root cause: org.openqa.selenium.NoSuchElementException: Cannot locate option with value: number:101\nFor documentation on this error, please visit: http://seleniumhq.org/exceptions/no_such_element.html\nBuild info: version: \u00273.7.1\u0027, revision: \u00278a0099a\u0027, time: \u00272017-11-06T21:07:36.161Z\u0027\nSystem info: host: \u0027DESKTOP-IA8CIQG\u0027, ip: \u0027192.168.1.101\u0027, os.name: \u0027Windows 10\u0027, os.arch: \u0027amd64\u0027, os.version: \u002710.0\u0027, java.version: \u00271.8.0_102\u0027\nDriver info: driver.version: unknown)","description":"Update User\u0027s Profile","startTime":1512454578637,"endTime":1512454682175,"childRecords":[{"testStatus":{"stackTrace":"","statusValue":"INFO"},"type":"MESSAGE","name":"","message":"Evaluating variables for test case","startTime":1512454579102,"endTime":0,"childRecords":[],"interuppted":false},{"testStatus":{"stackTrace":"","statusValue":"INFO"},"type":"MESSAGE","name":"","message":"Variable \u0027var_firstName\u0027 is set to Madiba","startTime":1512454579197,"endTime":0,"childRecords":[],"interuppted":false},{"testStatus":{"stackTrace":"","statusValue":"INFO"},"type":"MESSAGE","name":"","message":"Variable \u0027var_lastName\u0027 is set to Mandela","startTime":1512454579198,"endTime":0,"childRecords":[],"interuppted":false},{"testStatus":{"stackTrace":"","statusValue":"INFO"},"type":"MESSAGE","name":"","message":"Variable \u0027var_jobTitle\u0027 is set to Tester","startTime":1512454579199,"endTime":0,"childRecords":[],"interuppted":false},{"testStatus":{"stackTrace":"","statusValue":"INFO"},"type":"MESSAGE","name":"","message":"Variable \u0027var_phone\u0027 is set to 0725165229","startTime":1512454579199,"endTime":0,"childRecords":[],"interuppted":false},{"testStatus":{"stackTrace":"","statusValue":"INFO"},"type":"MESSAGE","name":"","message":"Variable \u0027var_altPhone\u0027 is set to 0725167892","startTime":1512454579199,"endTime":0,"childRecords":[],"interuppted":false},{"testStatus":{"stackTrace":"","statusValue":"INFO"},"type":"MESSAGE","name":"","message":"Variable \u0027var_altEmail\u0027 is set to dennisgituto@yahoo.com","startTime":1512454579199,"endTime":0,"childRecords":[],"interuppted":false},{"testStatus":{"stackTrace":"","statusValue":"INFO"},"type":"MESSAGE","name":"","message":"Variable \u0027var_address1\u0027 is set to 6789","startTime":1512454579199,"endTime":0,"childRecords":[],"interuppted":false},{"testStatus":{"stackTrace":"","statusValue":"INFO"},"type":"MESSAGE","name":"","message":"Variable \u0027var_address2\u0027 is set to 12345","startTime":1512454579199,"endTime":0,"childRecords":[],"interuppted":false},{"testStatus":{"stackTrace":"","statusValue":"INFO"},"type":"MESSAGE","name":"","message":"Variable \u0027var_city\u0027 is set to Nairobi","startTime":1512454579199,"endTime":0,"childRecords":[],"interuppted":false},{"index":1,"isIgnoredIfFailed":false,"type":"TEST_STEP","name":"callTestCase","message":"Call Test Case \u0027Test Cases/Common/User Login\u0027 successfully","description":"","startTime":1512454579658,"endTime":1512454598392,"childRecords":[{"isOptional":false,"type":"TEST_CASE","name":"Test Cases/Common/User Login","id":"Test Cases/Common/User Login","source":"C:\\\\Users\\\\Dennis Gituto\\\\git\\\\VSMS-Test-AutomationTest Cases\\\\Common\\\\User Login.tc","message":"Test Cases/Common/User Login","description":"authenticating a VSMS user","startTime":1512454579791,"endTime":1512454598385,"childRecords":[{"testStatus":{"stackTrace":"","statusValue":"INFO"},"type":"MESSAGE","name":"","message":"Evaluating variables for test case","startTime":1512454579811,"endTime":0,"childRecords":[],"interuppted":false},{"testStatus":{"stackTrace":"","statusValue":"INFO"},"type":"MESSAGE","name":"","message":"Checking test data id","startTime":1512454579916,"endTime":0,"childRecords":[],"interuppted":false},{"testStatus":{"stackTrace":"","statusValue":"INFO"},"type":"MESSAGE","name":"","message":"Finding test data with id \u0027Data Files/Login Credentials\u0027","startTime":1512454579917,"endTime":0,"childRecords":[],"interuppted":false},{"testStatus":{"stackTrace":"","statusValue":"INFO"},"type":"MESSAGE","name":"","message":"Test data is excel file, reading excel file","startTime":1512454579918,"endTime":0,"childRecords":[],"interuppted":false},{"testStatus":{"stackTrace":"","statusValue":"INFO"},"type":"MESSAGE","name":"","message":"Reading excel file with source file \u0027C:\\Users\\Dennis Gituto\\git\\VSMS-Test-Automation\\Data Files\\Login Credentials.xlsx\u0027 and sheet name \u0027Sheet1\u0027","startTime":1512454579918,"endTime":0,"childRecords":[],"interuppted":false},{"testStatus":{"stackTrace":"","statusValue":"INFO"},"type":"MESSAGE","name":"","message":"Variable \u0027Url\u0027 is set to https://sandbox.vsms.tezzasolutions.com/index as default","startTime":1512454580796,"endTime":0,"childRecords":[],"interuppted":false},{"testStatus":{"stackTrace":"","statusValue":"INFO"},"type":"MESSAGE","name":"","message":"Checking test data id","startTime":1512454580821,"endTime":0,"childRecords":[],"interuppted":false},{"testStatus":{"stackTrace":"","statusValue":"INFO"},"type":"MESSAGE","name":"","message":"Finding test data with id \u0027Data Files/Login Credentials\u0027","startTime":1512454580822,"endTime":0,"childRecords":[],"interuppted":false},{"testStatus":{"stackTrace":"","statusValue":"INFO"},"type":"MESSAGE","name":"","message":"Test data is excel file, reading excel file","startTime":1512454580823,"endTime":0,"childRecords":[],"interuppted":false},{"testStatus":{"stackTrace":"","statusValue":"INFO"},"type":"MESSAGE","name":"","message":"Reading excel file with source file \u0027C:\\Users\\Dennis Gituto\\git\\VSMS-Test-Automation\\Data Files\\Login Credentials.xlsx\u0027 and sheet name \u0027Sheet1\u0027","startTime":1512454580823,"endTime":0,"childRecords":[],"interuppted":false},{"testStatus":{"stackTrace":"","statusValue":"INFO"},"type":"MESSAGE","name":"","message":"Variable \u0027email\u0027 is set to stella.ireri@tezzasolutions.com as default","startTime":1512454580952,"endTime":0,"childRecords":[],"interuppted":false},{"testStatus":{"stackTrace":"","statusValue":"INFO"},"type":"MESSAGE","name":"","message":"Checking test data id","startTime":1512454580973,"endTime":0,"childRecords":[],"interuppted":false},{"testStatus":{"stackTrace":"","statusValue":"INFO"},"type":"MESSAGE","name":"","message":"Finding test data with id \u0027Data Files/Login Credentials\u0027","startTime":1512454580980,"endTime":0,"childRecords":[],"interuppted":false},{"testStatus":{"stackTrace":"","statusValue":"INFO"},"type":"MESSAGE","name":"","message":"Test data is excel file, reading excel file","startTime":1512454581076,"endTime":0,"childRecords":[],"interuppted":false},{"testStatus":{"stackTrace":"","statusValue":"INFO"},"type":"MESSAGE","name":"","message":"Reading excel file with source file \u0027C:\\Users\\Dennis Gituto\\git\\VSMS-Test-Automation\\Data Files\\Login Credentials.xlsx\u0027 and sheet name \u0027Sheet1\u0027","startTime":1512454581079,"endTime":0,"childRecords":[],"interuppted":false},{"testStatus":{"stackTrace":"","statusValue":"INFO"},"type":"MESSAGE","name":"","message":"Variable \u0027password\u0027 is set to !qwerty123 as default","startTime":1512454581197,"endTime":0,"childRecords":[],"interuppted":false},{"index":1,"isIgnoredIfFailed":false,"type":"TEST_STEP","name":"openBrowser","message":"Browser is opened with url: \u0027https://sandbox.vsms.tezzasolutions.com/index\u0027","description":"","startTime":1512454581361,"endTime":1512454590151,"childRecords":[{"testStatus":{"stackTrace":"","statusValue":"PASSED"},"type":"MESSAGE","name":"","message":"Browser is opened with url: \u0027https://sandbox.vsms.tezzasolutions.com/index\u0027","startTime":1512454590150,"endTime":0,"childRecords":[],"interuppted":false}],"interuppted":false},{"index":2,"isIgnoredIfFailed":false,"type":"TEST_STEP","name":"maximizeWindow","message":"Current window maximized","description":"","startTime":1512454590151,"endTime":1512454591319,"childRecords":[{"testStatus":{"stackTrace":"","statusValue":"PASSED"},"type":"MESSAGE","name":"","message":"Current window maximized","startTime":1512454591319,"endTime":0,"childRecords":[],"interuppted":false}],"interuppted":false},{"index":3,"isIgnoredIfFailed":false,"type":"TEST_STEP","name":"click","message":"Object: \u0027Object Repository/login/a_Log in\u0027 is clicked on","description":"","startTime":1512454591320,"endTime":1512454593666,"childRecords":[{"testStatus":{"stackTrace":"","statusValue":"PASSED"},"type":"MESSAGE","name":"","message":"Object: \u0027Object Repository/login/a_Log in\u0027 is clicked on","startTime":1512454593664,"endTime":0,"childRecords":[],"interuppted":false}],"interuppted":false},{"index":4,"isIgnoredIfFailed":false,"type":"TEST_STEP","name":"setText","message":"Text \u0027stella.ireri@tezzasolutions.com\u0027 is set on object \u0027Object Repository/login/input_email\u0027","description":"","startTime":1512454593666,"endTime":1512454594228,"childRecords":[{"testStatus":{"stackTrace":"","statusValue":"PASSED"},"type":"MESSAGE","name":"","message":"Text \u0027stella.ireri@tezzasolutions.com\u0027 is set on object \u0027Object Repository/login/input_email\u0027","startTime":1512454594227,"endTime":0,"childRecords":[],"interuppted":false}],"interuppted":false},{"index":5,"isIgnoredIfFailed":false,"type":"TEST_STEP","name":"verifyElementPresent","message":"Object \u0027Object Repository/Page_Visitor Security Management Sy/VSMS  Sign In\u0027 is present","description":"","startTime":1512454594228,"endTime":1512454594275,"childRecords":[{"testStatus":{"stackTrace":"","statusValue":"PASSED"},"type":"MESSAGE","name":"","message":"Object \u0027Object Repository/Page_Visitor Security Management Sy/VSMS  Sign In\u0027 is present","startTime":1512454594274,"endTime":0,"childRecords":[],"interuppted":false}],"interuppted":false},{"index":6,"isIgnoredIfFailed":false,"type":"TEST_STEP","name":"setText","message":"Text \u0027!qwerty123\u0027 is set on object \u0027Object Repository/login/input_password\u0027","description":"","startTime":1512454594275,"endTime":1512454594526,"childRecords":[{"testStatus":{"stackTrace":"","statusValue":"PASSED"},"type":"MESSAGE","name":"","message":"Text \u0027!qwerty123\u0027 is set on object \u0027Object Repository/login/input_password\u0027","startTime":1512454594526,"endTime":0,"childRecords":[],"interuppted":false}],"interuppted":false},{"index":7,"isIgnoredIfFailed":false,"type":"TEST_STEP","name":"verifyElementClickable","message":"Object \u0027Object Repository/login/button_Login\u0027 is clickable","description":"","startTime":1512454594526,"endTime":1512454594613,"childRecords":[{"testStatus":{"stackTrace":"","statusValue":"PASSED"},"type":"MESSAGE","name":"","message":"Object \u0027Object Repository/login/button_Login\u0027 is clickable","startTime":1512454594612,"endTime":0,"childRecords":[],"interuppted":false}],"interuppted":false},{"index":8,"isIgnoredIfFailed":false,"type":"TEST_STEP","name":"click","message":"Object: \u0027Object Repository/login/button_Login\u0027 is clicked on","description":"","startTime":1512454594613,"endTime":1512454598385,"childRecords":[{"testStatus":{"stackTrace":"","statusValue":"PASSED"},"type":"MESSAGE","name":"","message":"Object: \u0027Object Repository/login/button_Login\u0027 is clicked on","startTime":1512454598383,"endTime":0,"childRecords":[],"interuppted":false}],"interuppted":false},{"testStatus":{"stackTrace":"","statusValue":"PASSED"},"type":"MESSAGE","name":"","message":"Test Cases/Common/User Login","startTime":1512454598385,"endTime":0,"childRecords":[],"interuppted":false}],"interuppted":false},{"testStatus":{"stackTrace":"","statusValue":"PASSED"},"type":"MESSAGE","name":"","message":"Call Test Case \u0027Test Cases/Common/User Login\u0027 successfully","startTime":1512454598391,"endTime":0,"childRecords":[],"interuppted":false}],"interuppted":false},{"index":2,"isIgnoredIfFailed":false,"type":"TEST_STEP","name":"maximizeWindow","message":"Current window maximized","description":"","startTime":1512454598392,"endTime":1512454598397,"childRecords":[{"testStatus":{"stackTrace":"","statusValue":"PASSED"},"type":"MESSAGE","name":"","message":"Current window maximized","startTime":1512454598397,"endTime":0,"childRecords":[],"interuppted":false}],"interuppted":false},{"index":3,"isIgnoredIfFailed":false,"type":"TEST_STEP","name":"callTestCase","message":"Call Test Case \u0027Test Cases/Profile/Profile Menu\u0027 successfully","description":"","startTime":1512454598397,"endTime":1512454600073,"childRecords":[{"isOptional":false,"type":"TEST_CASE","name":"Test Cases/Profile/Profile Menu","id":"Test Cases/Profile/Profile Menu","source":"C:\\\\Users\\\\Dennis Gituto\\\\git\\\\VSMS-Test-AutomationTest Cases\\\\Profile\\\\Profile Menu.tc","message":"Test Cases/Profile/Profile Menu","description":"Handles user Profile page common steps","startTime":1512454598454,"endTime":1512454600073,"childRecords":[{"testStatus":{"stackTrace":"","statusValue":"INFO"},"type":"MESSAGE","name":"","message":"Evaluating variables for test case","startTime":1512454598474,"endTime":0,"childRecords":[],"interuppted":false},{"index":1,"isIgnoredIfFailed":false,"type":"TEST_STEP","name":"click","message":"Object: \u0027Object Repository/Profile/Nav Bar/a_dropdown-toggle\u0027 is clicked on","description":"","startTime":1512454598655,"endTime":1512454598798,"childRecords":[{"testStatus":{"stackTrace":"","statusValue":"PASSED"},"type":"MESSAGE","name":"","message":"Object: \u0027Object Repository/Profile/Nav Bar/a_dropdown-toggle\u0027 is clicked on","startTime":1512454598798,"endTime":0,"childRecords":[],"interuppted":false}],"interuppted":false},{"index":2,"isIgnoredIfFailed":false,"type":"TEST_STEP","name":"click","message":"Object: \u0027Object Repository/Profile/Nav Bar/a_My Profile\u0027 is clicked on","description":"","startTime":1512454598798,"endTime":1512454600072,"childRecords":[{"testStatus":{"stackTrace":"","statusValue":"PASSED"},"type":"MESSAGE","name":"","message":"Object: \u0027Object Repository/Profile/Nav Bar/a_My Profile\u0027 is clicked on","startTime":1512454600072,"endTime":0,"childRecords":[],"interuppted":false}],"interuppted":false},{"testStatus":{"stackTrace":"","statusValue":"PASSED"},"type":"MESSAGE","name":"","message":"Test Cases/Profile/Profile Menu","startTime":1512454600072,"endTime":0,"childRecords":[],"interuppted":false}],"interuppted":false},{"testStatus":{"stackTrace":"","statusValue":"PASSED"},"type":"MESSAGE","name":"","message":"Call Test Case \u0027Test Cases/Profile/Profile Menu\u0027 successfully","startTime":1512454600073,"endTime":0,"childRecords":[],"interuppted":false}],"interuppted":false},{"index":4,"isIgnoredIfFailed":false,"type":"TEST_STEP","name":"selectOptionByValue","message":"All options with value \u0027Mr\u0027 are selected in object \u0027Object Repository/Profile/Profile Page/select_title\u0027 ","description":"","startTime":1512454600073,"endTime":1512454600273,"childRecords":[{"testStatus":{"stackTrace":"","statusValue":"PASSED"},"type":"MESSAGE","name":"","message":"All options with value \u0027Mr\u0027 are selected in object \u0027Object Repository/Profile/Profile Page/select_title\u0027 ","startTime":1512454600273,"endTime":0,"childRecords":[],"interuppted":false}],"interuppted":false},{"index":5,"isIgnoredIfFailed":false,"type":"TEST_STEP","name":"setText","message":"Text \u0027Madiba\u0027 is set on object \u0027Object Repository/Profile/Profile Page/FirstName\u0027","description":"","startTime":1512454600273,"endTime":1512454600611,"childRecords":[{"testStatus":{"stackTrace":"","statusValue":"PASSED"},"type":"MESSAGE","name":"","message":"Text \u0027Madiba\u0027 is set on object \u0027Object Repository/Profile/Profile Page/FirstName\u0027","startTime":1512454600611,"endTime":0,"childRecords":[],"interuppted":false}],"interuppted":false},{"index":6,"isIgnoredIfFailed":false,"type":"TEST_STEP","name":"setText","message":"Text \u0027Mandela\u0027 is set on object \u0027Object Repository/Profile/Profile Page/LastName\u0027","description":"","startTime":1512454600612,"endTime":1512454600888,"childRecords":[{"testStatus":{"stackTrace":"","statusValue":"PASSED"},"type":"MESSAGE","name":"","message":"Text \u0027Mandela\u0027 is set on object \u0027Object Repository/Profile/Profile Page/LastName\u0027","startTime":1512454600888,"endTime":0,"childRecords":[],"interuppted":false}],"interuppted":false},{"index":7,"isIgnoredIfFailed":false,"type":"TEST_STEP","name":"setText","message":"Text \u0027Tester\u0027 is set on object \u0027Object Repository/Profile/Profile Page/Job Title\u0027","description":"","startTime":1512454600888,"endTime":1512454601137,"childRecords":[{"testStatus":{"stackTrace":"","statusValue":"PASSED"},"type":"MESSAGE","name":"","message":"Text \u0027Tester\u0027 is set on object \u0027Object Repository/Profile/Profile Page/Job Title\u0027","startTime":1512454601133,"endTime":0,"childRecords":[],"interuppted":false}],"interuppted":false},{"attachment":"1512454601223.png","index":8,"isIgnoredIfFailed":false,"type":"TEST_STEP","name":"selectOptionByValue","message":"Unable to select option by value \u0027number:101\u0027 of object \u0027Object Repository/Profile/Profile Page/Department\u0027  (Root cause: org.openqa.selenium.NoSuchElementException: Cannot locate option with value: number:101\nFor documentation on this error, please visit: http://seleniumhq.org/exceptions/no_such_element.html\nBuild info: version: \u00273.7.1\u0027, revision: \u00278a0099a\u0027, time: \u00272017-11-06T21:07:36.161Z\u0027\nSystem info: host: \u0027DESKTOP-IA8CIQG\u0027, ip: \u0027192.168.1.101\u0027, os.name: \u0027Windows 10\u0027, os.arch: \u0027amd64\u0027, os.version: \u002710.0\u0027, java.version: \u00271.8.0_102\u0027\nDriver info: driver.version: unknown)","description":"","startTime":1512454601137,"endTime":1512454601740,"childRecords":[{"testStatus":{"stackTrace":"","statusValue":"FAILED"},"attachment":"1512454601223.png","type":"MESSAGE","name":"","message":"Unable to select option by value \u0027number:101\u0027 of object \u0027Object Repository/Profile/Profile Page/Department\u0027  (Root cause: org.openqa.selenium.NoSuchElementException: Cannot locate option with value: number:101\nFor documentation on this error, please visit: http://seleniumhq.org/exceptions/no_such_element.html\nBuild info: version: \u00273.7.1\u0027, revision: \u00278a0099a\u0027, time: \u00272017-11-06T21:07:36.161Z\u0027\nSystem info: host: \u0027DESKTOP-IA8CIQG\u0027, ip: \u0027192.168.1.101\u0027, os.name: \u0027Windows 10\u0027, os.arch: \u0027amd64\u0027, os.version: \u002710.0\u0027, java.version: \u00271.8.0_102\u0027\nDriver info: driver.version: unknown)","startTime":1512454601740,"endTime":0,"childRecords":[],"interuppted":false}],"interuppted":false},{"index":9,"isIgnoredIfFailed":false,"type":"TEST_STEP","name":"setText","message":"Text \u00270725165229\u0027 is set on object \u0027Object Repository/Profile/Profile Page/Phone\u0027","description":"","startTime":1512454601740,"endTime":1512454602078,"childRecords":[{"testStatus":{"stackTrace":"","statusValue":"PASSED"},"type":"MESSAGE","name":"","message":"Text \u00270725165229\u0027 is set on object \u0027Object Repository/Profile/Profile Page/Phone\u0027","startTime":1512454602076,"endTime":0,"childRecords":[],"interuppted":false}],"interuppted":false},{"index":10,"isIgnoredIfFailed":false,"type":"TEST_STEP","name":"setText","message":"Text \u00270725167892\u0027 is set on object \u0027Object Repository/Profile/Profile Page/Alt Phone\u0027","description":"","startTime":1512454602078,"endTime":1512454602304,"childRecords":[{"testStatus":{"stackTrace":"","statusValue":"PASSED"},"type":"MESSAGE","name":"","message":"Text \u00270725167892\u0027 is set on object \u0027Object Repository/Profile/Profile Page/Alt Phone\u0027","startTime":1512454602304,"endTime":0,"childRecords":[],"interuppted":false}],"interuppted":false},{"index":11,"isIgnoredIfFailed":false,"type":"TEST_STEP","name":"setText","message":"Text \u0027dennisgituto@yahoo.com\u0027 is set on object \u0027Object Repository/Profile/Profile Page/Alt Email\u0027","description":"","startTime":1512454602304,"endTime":1512454602655,"childRecords":[{"testStatus":{"stackTrace":"","statusValue":"PASSED"},"type":"MESSAGE","name":"","message":"Text \u0027dennisgituto@yahoo.com\u0027 is set on object \u0027Object Repository/Profile/Profile Page/Alt Email\u0027","startTime":1512454602655,"endTime":0,"childRecords":[],"interuppted":false}],"interuppted":false},{"index":12,"isIgnoredIfFailed":false,"type":"TEST_STEP","name":"setText","message":"Text \u00276789\u0027 is set on object \u0027Object Repository/Profile/Profile Page/Address 1\u0027","description":"","startTime":1512454602656,"endTime":1512454602829,"childRecords":[{"testStatus":{"stackTrace":"","statusValue":"PASSED"},"type":"MESSAGE","name":"","message":"Text \u00276789\u0027 is set on object \u0027Object Repository/Profile/Profile Page/Address 1\u0027","startTime":1512454602829,"endTime":0,"childRecords":[],"interuppted":false}],"interuppted":false},{"attachment":"1512454634246.png","index":13,"isIgnoredIfFailed":false,"type":"TEST_STEP","name":"setText","message":"Unable to set text \u002712345\u0027 of object \u0027Object Repository/Profile/Profile Page/Address 2\u0027 (Root cause: com.kms.katalon.core.webui.exception.WebElementNotFoundException: Web element with id: \u0027Object Repository/Profile/Profile Page/Address 2\u0027 located by \u0027By.xpath: //textarea[count(. | //*[@name \u003d \u0027last_name\u0027]) \u003d count(//*[@name \u003d \u0027last_name\u0027])][count(. | //*[@type \u003d \u0027text\u0027]) \u003d count(//*[@type \u003d \u0027text\u0027])]\u0027 not found)","description":"","startTime":1512454602829,"endTime":1512454634606,"childRecords":[{"testStatus":{"stackTrace":"","statusValue":"FAILED"},"attachment":"1512454634246.png","type":"MESSAGE","name":"","message":"Unable to set text \u002712345\u0027 of object \u0027Object Repository/Profile/Profile Page/Address 2\u0027 (Root cause: com.kms.katalon.core.webui.exception.WebElementNotFoundException: Web element with id: \u0027Object Repository/Profile/Profile Page/Address 2\u0027 located by \u0027By.xpath: //textarea[count(. | //*[@name \u003d \u0027last_name\u0027]) \u003d count(//*[@name \u003d \u0027last_name\u0027])][count(. | //*[@type \u003d \u0027text\u0027]) \u003d count(//*[@type \u003d \u0027text\u0027])]\u0027 not found)","startTime":1512454634605,"endTime":0,"childRecords":[],"interuppted":false}],"interuppted":false},{"index":14,"isIgnoredIfFailed":false,"type":"TEST_STEP","name":"setText","message":"Text \u0027Nairobi\u0027 is set on object \u0027Object Repository/Profile/Profile Page/City\u0027","description":"","startTime":1512454634607,"endTime":1512454634821,"childRecords":[{"testStatus":{"stackTrace":"","statusValue":"PASSED"},"type":"MESSAGE","name":"","message":"Text \u0027Nairobi\u0027 is set on object \u0027Object Repository/Profile/Profile Page/City\u0027","startTime":1512454634821,"endTime":0,"childRecords":[],"interuppted":false}],"interuppted":false},{"index":15,"isIgnoredIfFailed":false,"type":"TEST_STEP","name":"selectOptionByValue","message":"All options with value \u0027Kenya\u0027 are selected in object \u0027Object Repository/Profile/Profile Page/Country\u0027 ","description":"","startTime":1512454634825,"endTime":1512454634921,"childRecords":[{"testStatus":{"stackTrace":"","statusValue":"PASSED"},"type":"MESSAGE","name":"","message":"All options with value \u0027Kenya\u0027 are selected in object \u0027Object Repository/Profile/Profile Page/Country\u0027 ","startTime":1512454634921,"endTime":0,"childRecords":[],"interuppted":false}],"interuppted":false},{"attachment":"1512454634999.png","index":16,"isIgnoredIfFailed":false,"type":"TEST_STEP","name":"selectOptionByValue","message":"Unable to select option by value \u0027Nairobi\u0027 of object \u0027Object Repository/Profile/Profile Page/State\u0027  (Root cause: org.openqa.selenium.NoSuchElementException: Cannot locate option with value: Nairobi\nFor documentation on this error, please visit: http://seleniumhq.org/exceptions/no_such_element.html\nBuild info: version: \u00273.7.1\u0027, revision: \u00278a0099a\u0027, time: \u00272017-11-06T21:07:36.161Z\u0027\nSystem info: host: \u0027DESKTOP-IA8CIQG\u0027, ip: \u0027192.168.1.101\u0027, os.name: \u0027Windows 10\u0027, os.arch: \u0027amd64\u0027, os.version: \u002710.0\u0027, java.version: \u00271.8.0_102\u0027\nDriver info: driver.version: unknown)","description":"","startTime":1512454634921,"endTime":1512454635374,"childRecords":[{"testStatus":{"stackTrace":"","statusValue":"FAILED"},"attachment":"1512454634999.png","type":"MESSAGE","name":"","message":"Unable to select option by value \u0027Nairobi\u0027 of object \u0027Object Repository/Profile/Profile Page/State\u0027  (Root cause: org.openqa.selenium.NoSuchElementException: Cannot locate option with value: Nairobi\nFor documentation on this error, please visit: http://seleniumhq.org/exceptions/no_such_element.html\nBuild info: version: \u00273.7.1\u0027, revision: \u00278a0099a\u0027, time: \u00272017-11-06T21:07:36.161Z\u0027\nSystem info: host: \u0027DESKTOP-IA8CIQG\u0027, ip: \u0027192.168.1.101\u0027, os.name: \u0027Windows 10\u0027, os.arch: \u0027amd64\u0027, os.version: \u002710.0\u0027, java.version: \u00271.8.0_102\u0027\nDriver info: driver.version: unknown)","startTime":1512454635374,"endTime":0,"childRecords":[],"interuppted":false}],"interuppted":false},{"index":17,"isIgnoredIfFailed":false,"type":"TEST_STEP","name":"delay","message":"Delayed 5 second(s)","description":"","startTime":1512454635374,"endTime":1512454640385,"childRecords":[{"testStatus":{"stackTrace":"","statusValue":"PASSED"},"type":"MESSAGE","name":"","message":"Delayed 5 second(s)","startTime":1512454640383,"endTime":0,"childRecords":[],"interuppted":false}],"interuppted":false},{"index":18,"isIgnoredIfFailed":false,"type":"TEST_STEP","name":"click","message":"Object: \u0027Object Repository/Profile/Profile Page/button_Update\u0027 is clicked on","description":"","startTime":1512454640387,"endTime":1512454640564,"childRecords":[{"testStatus":{"stackTrace":"","statusValue":"PASSED"},"type":"MESSAGE","name":"","message":"Object: \u0027Object Repository/Profile/Profile Page/button_Update\u0027 is clicked on","startTime":1512454640564,"endTime":0,"childRecords":[],"interuppted":false}],"interuppted":false},{"index":19,"isIgnoredIfFailed":false,"type":"TEST_STEP","name":"delay","message":"Delayed 5 second(s)","description":"","startTime":1512454640564,"endTime":1512454645569,"childRecords":[{"testStatus":{"stackTrace":"","statusValue":"PASSED"},"type":"MESSAGE","name":"","message":"Delayed 5 second(s)","startTime":1512454645568,"endTime":0,"childRecords":[],"interuppted":false}],"interuppted":false},{"attachment":"1512454677856.png","index":20,"isIgnoredIfFailed":false,"type":"TEST_STEP","name":"verifyElementVisible","message":"Web element with id: \u0027Object Repository/Profile/Verify Update Profile/Profile Update Verification\u0027 located by \u0027By.xpath: //p[count(. | //*[@ng-bind \u003d \u0027msg\u0027]) \u003d count(//*[@ng-bind \u003d \u0027msg\u0027])][count(. | //*[@class \u003d \u0027alert alert-info ng-binding\u0027]) \u003d count(//*[@class \u003d \u0027alert alert-info ng-binding\u0027])][count(. | //*[@ng-show \u003d \u0027successAlert\u0027]) \u003d count(//*[@ng-show \u003d \u0027successAlert\u0027])][count(. | //*[text() \u003d \u0027Profile updated successfully!\u0027]) \u003d count(//*[text() \u003d \u0027Profile updated successfully!\u0027])][count(. | id(\"page-wrapper\")/div[@class\u003d\"alert-dismissable fade in\"]/p[@class\u003d\"alert alert-info ng-binding\"]) \u003d count(id(\"page-wrapper\")/div[@class\u003d\"alert-dismissable fade in\"]/p[@class\u003d\"alert alert-info ng-binding\"])]\u0027 not found","description":"","startTime":1512454645569,"endTime":1512454678376,"childRecords":[{"testStatus":{"stackTrace":"","statusValue":"FAILED"},"attachment":"1512454677856.png","type":"MESSAGE","name":"","message":"Web element with id: \u0027Object Repository/Profile/Verify Update Profile/Profile Update Verification\u0027 located by \u0027By.xpath: //p[count(. | //*[@ng-bind \u003d \u0027msg\u0027]) \u003d count(//*[@ng-bind \u003d \u0027msg\u0027])][count(. | //*[@class \u003d \u0027alert alert-info ng-binding\u0027]) \u003d count(//*[@class \u003d \u0027alert alert-info ng-binding\u0027])][count(. | //*[@ng-show \u003d \u0027successAlert\u0027]) \u003d count(//*[@ng-show \u003d \u0027successAlert\u0027])][count(. | //*[text() \u003d \u0027Profile updated successfully!\u0027]) \u003d count(//*[text() \u003d \u0027Profile updated successfully!\u0027])][count(. | id(\"page-wrapper\")/div[@class\u003d\"alert-dismissable fade in\"]/p[@class\u003d\"alert alert-info ng-binding\"]) \u003d count(id(\"page-wrapper\")/div[@class\u003d\"alert-dismissable fade in\"]/p[@class\u003d\"alert alert-info ng-binding\"])]\u0027 not found","startTime":1512454678374,"endTime":0,"childRecords":[],"interuppted":false}],"interuppted":false},{"index":21,"isIgnoredIfFailed":false,"type":"TEST_STEP","name":"delay","message":"Delayed 3 second(s)","description":"","startTime":1512454678376,"endTime":1512454681379,"childRecords":[{"testStatus":{"stackTrace":"","statusValue":"PASSED"},"type":"MESSAGE","name":"","message":"Delayed 3 second(s)","startTime":1512454681378,"endTime":0,"childRecords":[],"interuppted":false}],"interuppted":false},{"index":22,"isIgnoredIfFailed":false,"type":"TEST_STEP","name":"closeBrowser","message":"Browser is closed","description":"","startTime":1512454681382,"endTime":1512454682171,"childRecords":[{"testStatus":{"stackTrace":"","statusValue":"PASSED"},"type":"MESSAGE","name":"","message":"Browser is closed","startTime":1512454682171,"endTime":0,"childRecords":[],"interuppted":false}],"interuppted":false},{"testStatus":{"stackTrace":"","statusValue":"FAILED"},"type":"MESSAGE","name":"","message":"Test Cases/Profile/Update Profile FAILED because (of) Unable to select option by value \u0027number:101\u0027 of object \u0027Object Repository/Profile/Profile Page/Department\u0027  (Root cause: org.openqa.selenium.NoSuchElementException: Cannot locate option with value: number:101\nFor documentation on this error, please visit: http://seleniumhq.org/exceptions/no_such_element.html\nBuild info: version: \u00273.7.1\u0027, revision: \u00278a0099a\u0027, time: \u00272017-11-06T21:07:36.161Z\u0027\nSystem info: host: \u0027DESKTOP-IA8CIQG\u0027, ip: \u0027192.168.1.101\u0027, os.name: \u0027Windows 10\u0027, os.arch: \u0027amd64\u0027, os.version: \u002710.0\u0027, java.version: \u00271.8.0_102\u0027\nDriver info: driver.version: unknown)","startTime":1512454682172,"endTime":0,"childRecords":[],"interuppted":false}],"interuppted":false}],"interuppted":false}