{"devicePlatform":"","logFolder":"C:\\Users\\Stella\\git\\VSMS-Test-Automation\\Reports\\LogIn\\20171010_145217","runData":{"hostName":"Stella - 192.168.56.1","hostAddress":"192.168.56.1","os":"Windows 8.1 64bit","katalonVersion":"4.8.0.2"},"type":"TEST_SUITE","name":"LogIn","id":"Test Suites/LogIn","source":"","message":"Test Cases/LOGIN FAILED because (of) Variable \u0027var_URL\u0027 is not defined for test case.","description":"user authentication","startTime":1507636340104,"endTime":1507636341448,"childRecords":[{"isOptional":false,"type":"TEST_CASE","name":"Test Cases/LOGIN","id":"Test Cases/LOGIN","source":"C:\\\\Users\\\\Stella\\\\git\\\\VSMS-Test-AutomationTest Cases\\\\LOGIN.tc","message":"Test Cases/LOGIN FAILED because (of) Variable \u0027var_URL\u0027 is not defined for test case.","description":"authenticating a VSMS user","startTime":1507636340543,"endTime":1507636341359,"childRecords":[{"testStatus":{"stackTrace":"","statusValue":"INFO"},"type":"MESSAGE","name":"","message":"Evaluating variables for test case","startTime":1507636340783,"endTime":0,"childRecords":[],"interuppted":false},{"index":1,"isIgnoredIfFailed":false,"type":"TEST_STEP","name":"openBrowser","description":"","startTime":1507636341332,"endTime":1507636341341,"childRecords":[],"interuppted":false},{"testStatus":{"stackTrace":"","statusValue":"ERROR"},"type":"MESSAGE","name":"","message":"Test Cases/LOGIN FAILED because (of) Variable \u0027var_URL\u0027 is not defined for test case.","startTime":1507636341344,"endTime":0,"childRecords":[],"interuppted":false}],"interuppted":false}],"interuppted":false}