<?xml version="1.0" encoding="UTF-8"?>
<testsuites name="Add new Event" time="44" tests="1" failures="1" errors="0">
   <testsuite name="Add new Event" tests="1" failures="1" errors="0" time="44" timestamp="2017-10-06 14:19:09" hostname="Gituto Nyawira - Gituto-PC" id="Test Suites/Add new Event">
      <properties>
         <property name="deviceName" value=""/>
         <property name="devicePlatform" value=""/>
         <property name="logFolder" value="C:\\Users\\Gituto Nyawira\\git\\VSMS-Test-Automation\\Reports\\Add new Event\\20171006_141904"/>
         <property name="logFiles" value="C:\\Users\\Gituto Nyawira\\git\\VSMS-Test-Automation\\Reports\\Add new Event\\20171006_141904\\execution0.log"/>
         <property name="attachments" value="C:\\Users\\Gituto Nyawira\\git\\VSMS-Test-Automation\\Reports\\Add new Event\\20171006_141904\\1507288790550.png"/>
         <property name="hostName" value="Gituto Nyawira - Gituto-PC"/>
         <property name="os" value="Windows 10 64bit"/>
         <property name="katalonVersion" value="4.8.0.2"/>
         <property name="browser" value="Chrome 61.0.3163.100"/>
         <property name="hostAddress" value="192.168.43.189"/>
         <property name="sessionId" value="e375d690df027206c1ac44f0af940154"/>
         <property name="seleniumVersion" value="2.53.0"/>
         <property name="proxyInformation" value="ProxyInformation{proxyOption=NO_PROXY, proxyServerType=HTTP, password=, proxyServerAddress=, proxyServerPort=0}"/>
         <property name="platform" value="Windows 10"/>
      </properties>
      <testcase name="Test Cases/Login Test case" classname="Test Cases/Login Test case" status="PASSED">
         <system-out><![CDATA[2017-10-06 14:19:10 - [TEST_CASE][PASSED] - Test Cases/Login Test case: Test Cases/Login Test case

2017-10-06 14:19:11 - [TEST_STEP][PASSED] - openBrowser: Browser is opened with url: ''

2017-10-06 14:19:18 - [MESSAGE][PASSED] - Browser is opened with url: ''

2017-10-06 14:19:18 - [TEST_STEP][PASSED] - navigateToUrl: Navigate to 'https://sandbox.vsms.tezzasolutions.com/index' successfully

2017-10-06 14:19:26 - [MESSAGE][PASSED] - Navigate to 'https://sandbox.vsms.tezzasolutions.com/index' successfully

2017-10-06 14:19:26 - [TEST_STEP][PASSED] - click: Object: 'Object Repository/Overview Page/a_Log in' is clicked on

2017-10-06 14:19:29 - [MESSAGE][PASSED] - Object: 'Object Repository/Overview Page/a_Log in' is clicked on

2017-10-06 14:19:29 - [TEST_STEP][PASSED] - setText: Text 'dennis.gituto@tezzasolutions.com' is set on object 'Object Repository/Login Page/input_email'

2017-10-06 14:19:31 - [MESSAGE][PASSED] - Text 'dennis.gituto@tezzasolutions.com' is set on object 'Object Repository/Login Page/input_email'

2017-10-06 14:19:31 - [TEST_STEP][PASSED] - setText: Text 'Desteg@3871' is set on object 'Object Repository/Login Page/input_password'

2017-10-06 14:19:31 - [MESSAGE][PASSED] - Text 'Desteg@3871' is set on object 'Object Repository/Login Page/input_password'

2017-10-06 14:19:31 - [TEST_STEP][PASSED] - click: Object: 'Object Repository/Login Page/button_Login' is clicked on

2017-10-06 14:19:35 - [MESSAGE][PASSED] - Object: 'Object Repository/Login Page/button_Login' is clicked on]]></system-out>
         <system-err><![CDATA[]]></system-err>
      </testcase>
      <testcase name="Test Cases/Add New Event" classname="Test Cases/Add New Event" status="FAILED">
         <failure type="FAILED" message="Unable to select option by label 'Moran/Nelion / Lenana' of object 'Object Repository/Add Event Page/select_location_data'  (Root cause: org.openqa.selenium.NoSuchElementException: Cannot locate element with text: Moran/Nelion / Lenana
For documentation on this error, please visit: http://seleniumhq.org/exceptions/no_such_element.html
Build info: version: '2.53.0', revision: '35ae25b', time: '2016-03-15 17:00:58'
System info: host: 'Gituto-PC', ip: '192.168.43.189', os.name: 'Windows 10', os.arch: 'amd64', os.version: '10.0', java.version: '1.8.0_102'
Driver info: driver.version: unknown)"/>
         <system-out><![CDATA[2017-10-06 14:19:35 - [TEST_CASE][FAILED] - Test Cases/Add New Event: Test Cases/Add New Event FAILED because (of) Unable to select option by label 'Moran/Nelion / Lenana' of object 'Object Repository/Add Event Page/select_location_data'  (Root cause: org.openqa.selenium.NoSuchElementException: Cannot locate element with text: Moran/Nelion / Lenana
For documentation on this error, please visit: http://seleniumhq.org/exceptions/no_such_element.html
Build info: version: '2.53.0', revision: '35ae25b', time: '2016-03-15 17:00:58'
System info: host: 'Gituto-PC', ip: '192.168.43.189', os.name: 'Windows 10', os.arch: 'amd64', os.version: '10.0', java.version: '1.8.0_102'
Driver info: driver.version: unknown)

2017-10-06 14:19:36 - [TEST_STEP][PASSED] - click: Object: 'Object Repository/Dashboard Page/a_Modules' is clicked on

2017-10-06 14:19:37 - [MESSAGE][PASSED] - Object: 'Object Repository/Dashboard Page/a_Modules' is clicked on

2017-10-06 14:19:37 - [TEST_STEP][PASSED] - click: Object: 'Object Repository/Dashboard Page/a_Calendar Management' is clicked on

2017-10-06 14:19:38 - [MESSAGE][PASSED] - Object: 'Object Repository/Dashboard Page/a_Calendar Management' is clicked on

2017-10-06 14:19:38 - [TEST_STEP][PASSED] - click: Object: 'Object Repository/Dashboard Page/a_Calendar' is clicked on

2017-10-06 14:19:42 - [MESSAGE][PASSED] - Object: 'Object Repository/Dashboard Page/a_Calendar' is clicked on

2017-10-06 14:19:42 - [TEST_STEP][PASSED] - click: Object: 'Object Repository/Calendar/button_New Event' is clicked on

2017-10-06 14:19:45 - [MESSAGE][PASSED] - Object: 'Object Repository/Calendar/button_New Event' is clicked on

2017-10-06 14:19:45 - [TEST_STEP][PASSED] - setText: Text 'SCRUM Meeting' is set on object 'Object Repository/Add Event Page/input_title'

2017-10-06 14:19:46 - [MESSAGE][PASSED] - Text 'SCRUM Meeting' is set on object 'Object Repository/Add Event Page/input_title'

2017-10-06 14:19:46 - [TEST_STEP][PASSED] - setText: Text '10/08/2017' is set on object 'Object Repository/Add Event Page/input_start_date'

2017-10-06 14:19:47 - [MESSAGE][PASSED] - Text '10/08/2017' is set on object 'Object Repository/Add Event Page/input_start_date'

2017-10-06 14:19:47 - [TEST_STEP][PASSED] - setText: Text '1700' is set on object 'Object Repository/Add Event Page/input_start_time'

2017-10-06 14:19:48 - [MESSAGE][PASSED] - Text '1700' is set on object 'Object Repository/Add Event Page/input_start_time'

2017-10-06 14:19:48 - [TEST_STEP][PASSED] - setText: Text '10/10/2017' is set on object 'Object Repository/Add Event Page/input_end_date'

2017-10-06 14:19:49 - [MESSAGE][PASSED] - Text '10/10/2017' is set on object 'Object Repository/Add Event Page/input_end_date'

2017-10-06 14:19:49 - [TEST_STEP][PASSED] - setText: Text '1300' is set on object 'Object Repository/Add Event Page/input_end_time'

2017-10-06 14:19:50 - [MESSAGE][PASSED] - Text '1300' is set on object 'Object Repository/Add Event Page/input_end_time'

2017-10-06 14:19:50 - [TEST_STEP][FAILED] - selectOptionByLabel: Unable to select option by label 'Moran/Nelion / Lenana' of object 'Object Repository/Add Event Page/select_location_data'  (Root cause: org.openqa.selenium.NoSuchElementException: Cannot locate element with text: Moran/Nelion / Lenana
For documentation on this error, please visit: http://seleniumhq.org/exceptions/no_such_element.html
Build info: version: '2.53.0', revision: '35ae25b', time: '2016-03-15 17:00:58'
System info: host: 'Gituto-PC', ip: '192.168.43.189', os.name: 'Windows 10', os.arch: 'amd64', os.version: '10.0', java.version: '1.8.0_102'
Driver info: driver.version: unknown)

2017-10-06 14:19:51 - [MESSAGE][FAILED] - Unable to select option by label 'Moran/Nelion / Lenana' of object 'Object Repository/Add Event Page/select_location_data'  (Root cause: org.openqa.selenium.NoSuchElementException: Cannot locate element with text: Moran/Nelion / Lenana
For documentation on this error, please visit: http://seleniumhq.org/exceptions/no_such_element.html
Build info: version: '2.53.0', revision: '35ae25b', time: '2016-03-15 17:00:58'
System info: host: 'Gituto-PC', ip: '192.168.43.189', os.name: 'Windows 10', os.arch: 'amd64', os.version: '10.0', java.version: '1.8.0_102'
Driver info: driver.version: unknown)
[[ATTACHMENT|C:\\Users\\Gituto Nyawira\\git\\VSMS-Test-Automation\\Reports\\Add new Event\\20171006_141904\\1507288790550.png]]]]></system-out>
         <system-err><![CDATA[2017-10-06 14:19:35 - [TEST_CASE][FAILED] - Test Cases/Add New Event: Test Cases/Add New Event FAILED because (of) Unable to select option by label 'Moran/Nelion / Lenana' of object 'Object Repository/Add Event Page/select_location_data'  (Root cause: org.openqa.selenium.NoSuchElementException: Cannot locate element with text: Moran/Nelion / Lenana
For documentation on this error, please visit: http://seleniumhq.org/exceptions/no_such_element.html
Build info: version: '2.53.0', revision: '35ae25b', time: '2016-03-15 17:00:58'
System info: host: 'Gituto-PC', ip: '192.168.43.189', os.name: 'Windows 10', os.arch: 'amd64', os.version: '10.0', java.version: '1.8.0_102'
Driver info: driver.version: unknown)]]></system-err>
      </testcase>
      <system-out><![CDATA[2017-10-06 14:19:09 - [TEST_SUITE][FAILED] - Add new Event: Test Cases/Add New Event FAILED because (of) Unable to select option by label 'Moran/Nelion / Lenana' of object 'Object Repository/Add Event Page/select_location_data'  (Root cause: org.openqa.selenium.NoSuchElementException: Cannot locate element with text: Moran/Nelion / Lenana
For documentation on this error, please visit: http://seleniumhq.org/exceptions/no_such_element.html
Build info: version: '2.53.0', revision: '35ae25b', time: '2016-03-15 17:00:58'
System info: host: 'Gituto-PC', ip: '192.168.43.189', os.name: 'Windows 10', os.arch: 'amd64', os.version: '10.0', java.version: '1.8.0_102'
Driver info: driver.version: unknown)]]></system-out>
      <system-err><![CDATA[2017-10-06 14:19:09 - [TEST_SUITE][FAILED] - Add new Event: Test Cases/Add New Event FAILED because (of) Unable to select option by label 'Moran/Nelion / Lenana' of object 'Object Repository/Add Event Page/select_location_data'  (Root cause: org.openqa.selenium.NoSuchElementException: Cannot locate element with text: Moran/Nelion / Lenana
For documentation on this error, please visit: http://seleniumhq.org/exceptions/no_such_element.html
Build info: version: '2.53.0', revision: '35ae25b', time: '2016-03-15 17:00:58'
System info: host: 'Gituto-PC', ip: '192.168.43.189', os.name: 'Windows 10', os.arch: 'amd64', os.version: '10.0', java.version: '1.8.0_102'
Driver info: driver.version: unknown)]]></system-err>
   </testsuite>
</testsuites>
