<?xml version="1.0" encoding="UTF-8"?>
<testsuites name="Sign Up" time="40" tests="0" failures="1" errors="0">
   <testsuite name="Sign Up" tests="0" failures="1" errors="0" time="40" timestamp="2017-10-03 21:26:53" hostname="ChweyaJnr - DESKTOP-QAVLP3L" id="Test Suites/Sign Up/Sign Up">
      <properties>
         <property name="deviceName" value=""/>
         <property name="devicePlatform" value=""/>
         <property name="logFolder" value="C:\\Users\\ChweyaJnr\\git\\VSMS-Test-Automation\\Reports\\Sign Up\\Sign Up\\20171003_212646"/>
         <property name="logFiles" value="C:\\Users\\ChweyaJnr\\git\\VSMS-Test-Automation\\Reports\\Sign Up\\Sign Up\\20171003_212646\\execution0.log"/>
         <property name="attachments" value="C:\\Users\\ChweyaJnr\\git\\VSMS-Test-Automation\\Reports\\Sign Up\\Sign Up\\20171003_212646\\1507055252468.png"/>
         <property name="hostName" value="ChweyaJnr - DESKTOP-QAVLP3L"/>
         <property name="os" value="Windows 10 64bit"/>
         <property name="katalonVersion" value="4.8.0.2"/>
         <property name="browser" value="Firefox 39.0"/>
         <property name="hostAddress" value="192.168.56.1"/>
         <property name="sessionId" value="152ce81d-21a2-400c-9ebf-4acdea754a91"/>
         <property name="seleniumVersion" value="2.53.0"/>
         <property name="proxyInformation" value="ProxyInformation{proxyOption=NO_PROXY, proxyServerType=HTTP, password=, proxyServerAddress=, proxyServerPort=0}"/>
         <property name="platform" value="Windows 10"/>
      </properties>
      <testcase name="Test Cases/Creating New Account/Sign Up" classname="Test Cases/Creating New Account/Sign Up" status="FAILED">
         <failure type="FAILED" message="Unable to click on object 'Object Repository/Sign Up/Sign Up/span_select2-selection__arrow' (Root cause: org.openqa.selenium.WebDriverException: Element is not clickable at point (824.5, 17.199996948242188). Other element would receive the click: &lt;a href=&quot;https://sandbox.vsms.tezzasolutions.com/pricing&quot;>&lt;/a>
Command duration or timeout: 100 milliseconds
Build info: version: '2.53.0', revision: '35ae25b', time: '2016-03-15 17:00:58'
System info: host: 'DESKTOP-QAVLP3L', ip: '192.168.56.1', os.name: 'Windows 10', os.arch: 'amd64', os.version: '10.0', java.version: '1.8.0_102'
Driver info: com.kms.katalon.selenium.driver.CFirefoxDriver
Capabilities [{applicationCacheEnabled=true, rotatable=false, handlesAlerts=true, databaseEnabled=true, version=39.0.3, platform=WINDOWS, nativeEvents=false, acceptSslCerts=true, webStorageEnabled=true, locationContextEnabled=true, browserName=firefox, takesScreenshot=true, javascriptEnabled=true, cssSelectorsEnabled=true}]
Session ID: 152ce81d-21a2-400c-9ebf-4acdea754a91)"/>
         <system-out><![CDATA[2017-10-03 21:26:53 - [TEST_CASE][FAILED] - Test Cases/Creating New Account/Sign Up: Test Cases/Creating New Account/Sign Up FAILED because (of) Unable to click on object 'Object Repository/Sign Up/Sign Up/span_select2-selection__arrow' (Root cause: org.openqa.selenium.WebDriverException: Element is not clickable at point (824.5, 17.199996948242188). Other element would receive the click: <a href="https://sandbox.vsms.tezzasolutions.com/pricing"></a>
Command duration or timeout: 100 milliseconds
Build info: version: '2.53.0', revision: '35ae25b', time: '2016-03-15 17:00:58'
System info: host: 'DESKTOP-QAVLP3L', ip: '192.168.56.1', os.name: 'Windows 10', os.arch: 'amd64', os.version: '10.0', java.version: '1.8.0_102'
Driver info: com.kms.katalon.selenium.driver.CFirefoxDriver
Capabilities [{applicationCacheEnabled=true, rotatable=false, handlesAlerts=true, databaseEnabled=true, version=39.0.3, platform=WINDOWS, nativeEvents=false, acceptSslCerts=true, webStorageEnabled=true, locationContextEnabled=true, browserName=firefox, takesScreenshot=true, javascriptEnabled=true, cssSelectorsEnabled=true}]
Session ID: 152ce81d-21a2-400c-9ebf-4acdea754a91)

2017-10-03 21:26:54 - [TEST_STEP][PASSED] - openBrowser: Browser is opened with url: ''

2017-10-03 21:27:02 - [MESSAGE][PASSED] - Browser is opened with url: ''

2017-10-03 21:27:02 - [TEST_STEP][PASSED] - navigateToUrl: Navigate to 'https://sandbox.vsms.tezzasolutions.com/index' successfully

2017-10-03 21:27:11 - [MESSAGE][PASSED] - Navigate to 'https://sandbox.vsms.tezzasolutions.com/index' successfully

2017-10-03 21:27:11 - [TEST_STEP][PASSED] - click: Object: 'Object Repository/Sign Up/Login Link/a_Log in' is clicked on

2017-10-03 21:27:11 - [MESSAGE][PASSED] - Object: 'Object Repository/Sign Up/Login Link/a_Log in' is clicked on

2017-10-03 21:27:11 - [TEST_STEP][PASSED] - maximizeWindow: Current window maximized

2017-10-03 21:27:14 - [MESSAGE][PASSED] - Current window maximized

2017-10-03 21:27:14 - [TEST_STEP][PASSED] - click: Object: 'Object Repository/Sign Up/Dont have account link/a_Dont have an account' is clicked on

2017-10-03 21:27:16 - [MESSAGE][PASSED] - Object: 'Object Repository/Sign Up/Dont have account link/a_Dont have an account' is clicked on

2017-10-03 21:27:16 - [TEST_STEP][PASSED] - click: Object: 'Object Repository/Sign Up/Subscribe/a_Subscribe' is clicked on

2017-10-03 21:27:24 - [MESSAGE][PASSED] - Object: 'Object Repository/Sign Up/Subscribe/a_Subscribe' is clicked on

2017-10-03 21:27:24 - [TEST_STEP][PASSED] - setText: Text 'Tezza Test' is set on object 'Object Repository/Sign Up/Sign Up/input_tenant_name'

2017-10-03 21:27:25 - [MESSAGE][PASSED] - Text 'Tezza Test' is set on object 'Object Repository/Sign Up/Sign Up/input_tenant_name'

2017-10-03 21:27:25 - [TEST_STEP][PASSED] - setText: Text 'Chweya' is set on object 'Object Repository/Sign Up/Sign Up/input_first_name'

2017-10-03 21:27:25 - [MESSAGE][PASSED] - Text 'Chweya' is set on object 'Object Repository/Sign Up/Sign Up/input_first_name'

2017-10-03 21:27:25 - [TEST_STEP][PASSED] - setText: Text 'Charles' is set on object 'Object Repository/Sign Up/Sign Up/input_last_name'

2017-10-03 21:27:26 - [MESSAGE][PASSED] - Text 'Charles' is set on object 'Object Repository/Sign Up/Sign Up/input_last_name'

2017-10-03 21:27:26 - [TEST_STEP][PASSED] - setText: Text 'charles.chweyaa@tezzasolutions.com' is set on object 'Object Repository/Sign Up/Sign Up/input_tenant_email'

2017-10-03 21:27:26 - [MESSAGE][PASSED] - Text 'charles.chweyaa@tezzasolutions.com' is set on object 'Object Repository/Sign Up/Sign Up/input_tenant_email'

2017-10-03 21:27:26 - [TEST_STEP][PASSED] - setText: Text '0725165219' is set on object 'Object Repository/Sign Up/Sign Up/input_tenant_phone'

2017-10-03 21:27:27 - [MESSAGE][PASSED] - Text '0725165219' is set on object 'Object Repository/Sign Up/Sign Up/input_tenant_phone'

2017-10-03 21:27:27 - [TEST_STEP][PASSED] - delay: Delayed 5 second(s)

2017-10-03 21:27:32 - [MESSAGE][PASSED] - Delayed 5 second(s)

2017-10-03 21:27:32 - [TEST_STEP][FAILED] - click: Unable to click on object 'Object Repository/Sign Up/Sign Up/span_select2-selection__arrow' (Root cause: org.openqa.selenium.WebDriverException: Element is not clickable at point (824.5, 17.199996948242188). Other element would receive the click: <a href="https://sandbox.vsms.tezzasolutions.com/pricing"></a>
Command duration or timeout: 100 milliseconds
Build info: version: '2.53.0', revision: '35ae25b', time: '2016-03-15 17:00:58'
System info: host: 'DESKTOP-QAVLP3L', ip: '192.168.56.1', os.name: 'Windows 10', os.arch: 'amd64', os.version: '10.0', java.version: '1.8.0_102'
Driver info: com.kms.katalon.selenium.driver.CFirefoxDriver
Capabilities [{applicationCacheEnabled=true, rotatable=false, handlesAlerts=true, databaseEnabled=true, version=39.0.3, platform=WINDOWS, nativeEvents=false, acceptSslCerts=true, webStorageEnabled=true, locationContextEnabled=true, browserName=firefox, takesScreenshot=true, javascriptEnabled=true, cssSelectorsEnabled=true}]
Session ID: 152ce81d-21a2-400c-9ebf-4acdea754a91)

2017-10-03 21:27:32 - [MESSAGE][FAILED] - Unable to click on object 'Object Repository/Sign Up/Sign Up/span_select2-selection__arrow' (Root cause: org.openqa.selenium.WebDriverException: Element is not clickable at point (824.5, 17.199996948242188). Other element would receive the click: <a href="https://sandbox.vsms.tezzasolutions.com/pricing"></a>
Command duration or timeout: 100 milliseconds
Build info: version: '2.53.0', revision: '35ae25b', time: '2016-03-15 17:00:58'
System info: host: 'DESKTOP-QAVLP3L', ip: '192.168.56.1', os.name: 'Windows 10', os.arch: 'amd64', os.version: '10.0', java.version: '1.8.0_102'
Driver info: com.kms.katalon.selenium.driver.CFirefoxDriver
Capabilities [{applicationCacheEnabled=true, rotatable=false, handlesAlerts=true, databaseEnabled=true, version=39.0.3, platform=WINDOWS, nativeEvents=false, acceptSslCerts=true, webStorageEnabled=true, locationContextEnabled=true, browserName=firefox, takesScreenshot=true, javascriptEnabled=true, cssSelectorsEnabled=true}]
Session ID: 152ce81d-21a2-400c-9ebf-4acdea754a91)
[[ATTACHMENT|C:\\Users\\ChweyaJnr\\git\\VSMS-Test-Automation\\Reports\\Sign Up\\Sign Up\\20171003_212646\\1507055252468.png]]]]></system-out>
         <system-err><![CDATA[2017-10-03 21:26:53 - [TEST_CASE][FAILED] - Test Cases/Creating New Account/Sign Up: Test Cases/Creating New Account/Sign Up FAILED because (of) Unable to click on object 'Object Repository/Sign Up/Sign Up/span_select2-selection__arrow' (Root cause: org.openqa.selenium.WebDriverException: Element is not clickable at point (824.5, 17.199996948242188). Other element would receive the click: <a href="https://sandbox.vsms.tezzasolutions.com/pricing"></a>
Command duration or timeout: 100 milliseconds
Build info: version: '2.53.0', revision: '35ae25b', time: '2016-03-15 17:00:58'
System info: host: 'DESKTOP-QAVLP3L', ip: '192.168.56.1', os.name: 'Windows 10', os.arch: 'amd64', os.version: '10.0', java.version: '1.8.0_102'
Driver info: com.kms.katalon.selenium.driver.CFirefoxDriver
Capabilities [{applicationCacheEnabled=true, rotatable=false, handlesAlerts=true, databaseEnabled=true, version=39.0.3, platform=WINDOWS, nativeEvents=false, acceptSslCerts=true, webStorageEnabled=true, locationContextEnabled=true, browserName=firefox, takesScreenshot=true, javascriptEnabled=true, cssSelectorsEnabled=true}]
Session ID: 152ce81d-21a2-400c-9ebf-4acdea754a91)]]></system-err>
      </testcase>
      <system-out><![CDATA[2017-10-03 21:26:53 - [TEST_SUITE][FAILED] - Sign Up: Test Cases/Creating New Account/Sign Up FAILED because (of) Unable to click on object 'Object Repository/Sign Up/Sign Up/span_select2-selection__arrow' (Root cause: org.openqa.selenium.WebDriverException: Element is not clickable at point (824.5, 17.199996948242188). Other element would receive the click: <a href="https://sandbox.vsms.tezzasolutions.com/pricing"></a>
Command duration or timeout: 100 milliseconds
Build info: version: '2.53.0', revision: '35ae25b', time: '2016-03-15 17:00:58'
System info: host: 'DESKTOP-QAVLP3L', ip: '192.168.56.1', os.name: 'Windows 10', os.arch: 'amd64', os.version: '10.0', java.version: '1.8.0_102'
Driver info: com.kms.katalon.selenium.driver.CFirefoxDriver
Capabilities [{applicationCacheEnabled=true, rotatable=false, handlesAlerts=true, databaseEnabled=true, version=39.0.3, platform=WINDOWS, nativeEvents=false, acceptSslCerts=true, webStorageEnabled=true, locationContextEnabled=true, browserName=firefox, takesScreenshot=true, javascriptEnabled=true, cssSelectorsEnabled=true}]
Session ID: 152ce81d-21a2-400c-9ebf-4acdea754a91)]]></system-out>
      <system-err><![CDATA[2017-10-03 21:26:53 - [TEST_SUITE][FAILED] - Sign Up: Test Cases/Creating New Account/Sign Up FAILED because (of) Unable to click on object 'Object Repository/Sign Up/Sign Up/span_select2-selection__arrow' (Root cause: org.openqa.selenium.WebDriverException: Element is not clickable at point (824.5, 17.199996948242188). Other element would receive the click: <a href="https://sandbox.vsms.tezzasolutions.com/pricing"></a>
Command duration or timeout: 100 milliseconds
Build info: version: '2.53.0', revision: '35ae25b', time: '2016-03-15 17:00:58'
System info: host: 'DESKTOP-QAVLP3L', ip: '192.168.56.1', os.name: 'Windows 10', os.arch: 'amd64', os.version: '10.0', java.version: '1.8.0_102'
Driver info: com.kms.katalon.selenium.driver.CFirefoxDriver
Capabilities [{applicationCacheEnabled=true, rotatable=false, handlesAlerts=true, databaseEnabled=true, version=39.0.3, platform=WINDOWS, nativeEvents=false, acceptSslCerts=true, webStorageEnabled=true, locationContextEnabled=true, browserName=firefox, takesScreenshot=true, javascriptEnabled=true, cssSelectorsEnabled=true}]
Session ID: 152ce81d-21a2-400c-9ebf-4acdea754a91)]]></system-err>
   </testsuite>
</testsuites>
