<?xml version="1.0" encoding="UTF-8"?>
<testsuites name="Update Profile" time="211" tests="0" failures="2" errors="0">
   <testsuite name="Update Profile" tests="0" failures="2" errors="0" time="211" timestamp="2017-10-13 12:22:34" hostname="Gituto Nyawira - Gituto-PC" id="Test Suites/Profile/Update Profile">
      <properties>
         <property name="deviceName" value=""/>
         <property name="devicePlatform" value=""/>
         <property name="logFolder" value="C:\\Users\\Gituto Nyawira\\git\\VSMS-Test-Automation\\Reports\\Profile\\Update Profile\\20171013_122225"/>
         <property name="logFiles" value="C:\\Users\\Gituto Nyawira\\git\\VSMS-Test-Automation\\Reports\\Profile\\Update Profile\\20171013_122225\\execution0.log"/>
         <property name="attachments" value="C:\\Users\\Gituto Nyawira\\git\\VSMS-Test-Automation\\Reports\\Profile\\Update Profile\\20171013_122225\\1507886656965.png, C:\\Users\\Gituto Nyawira\\git\\VSMS-Test-Automation\\Reports\\Profile\\Update Profile\\20171013_122225\\1507886752209.png"/>
         <property name="hostName" value="Gituto Nyawira - Gituto-PC"/>
         <property name="os" value="Windows 10 64bit"/>
         <property name="katalonVersion" value="4.8.0.2"/>
         <property name="browser" value="Firefox 55.0"/>
         <property name="hostAddress" value="192.168.43.189"/>
         <property name="sessionId" value="5788e550-4c4e-46a4-9e7d-628a5f4f8d2e"/>
         <property name="seleniumVersion" value="2.53.0"/>
         <property name="proxyInformation" value="ProxyInformation{proxyOption=NO_PROXY, proxyServerType=HTTP, password=, proxyServerAddress=, proxyServerPort=0}"/>
         <property name="platform" value="Windows 10"/>
      </properties>
      <testcase name="Test Cases/Profile/Update Profile - Iteration 1" classname="Test Cases/Profile/Update Profile" status="FAILED">
         <failure type="FAILED" message="Test Cases/Profile/Update Profile FAILED because (of) Unable to select option by value 'Nairobi' of object 'Object Repository/Profile/Profile Page/State'  (Root cause: org.openqa.selenium.NoSuchElementException: Cannot locate option with value: Nairobi
For documentation on this error, please visit: http://seleniumhq.org/exceptions/no_such_element.html
Build info: version: '2.53.0', revision: '35ae25b', time: '2016-03-15 17:00:58'
System info: host: 'Gituto-PC', ip: '192.168.43.189', os.name: 'Windows 10', os.arch: 'amd64', os.version: '10.0', java.version: '1.8.0_102'
Driver info: driver.version: unknown)"/>
         <system-out><![CDATA[2017-10-13 12:22:35 - [TEST_CASE][FAILED] - Test Cases/Profile/Update Profile - Iteration 1: Test Cases/Profile/Update Profile FAILED because (of) Unable to select option by value 'Nairobi' of object 'Object Repository/Profile/Profile Page/State'  (Root cause: org.openqa.selenium.NoSuchElementException: Cannot locate option with value: Nairobi
For documentation on this error, please visit: http://seleniumhq.org/exceptions/no_such_element.html
Build info: version: '2.53.0', revision: '35ae25b', time: '2016-03-15 17:00:58'
System info: host: 'Gituto-PC', ip: '192.168.43.189', os.name: 'Windows 10', os.arch: 'amd64', os.version: '10.0', java.version: '1.8.0_102'
Driver info: driver.version: unknown)

2017-10-13 12:22:38 - [TEST_STEP][PASSED] - callTestCase: Call Test Case 'Test Cases/LOGIN' successfully

2017-10-13 12:22:38 - [TEST_CASE][PASSED] - Test Cases/LOGIN: Test Cases/LOGIN

2017-10-13 12:22:39 - [TEST_STEP][PASSED] - openBrowser: Browser is opened with url: 'https://sandbox.vsms.tezzasolutions.com/index'

2017-10-13 12:23:32 - [MESSAGE][PASSED] - Browser is opened with url: 'https://sandbox.vsms.tezzasolutions.com/index'

2017-10-13 12:23:32 - [TEST_STEP][PASSED] - click: Object: 'Object Repository/login/a_Log in' is clicked on

2017-10-13 12:23:35 - [MESSAGE][PASSED] - Object: 'Object Repository/login/a_Log in' is clicked on

2017-10-13 12:23:35 - [TEST_STEP][PASSED] - setText: Text 'clarinenyauncho@gmail.com' is set on object 'Object Repository/login/input_email'

2017-10-13 12:23:43 - [MESSAGE][PASSED] - Text 'clarinenyauncho@gmail.com' is set on object 'Object Repository/login/input_email'

2017-10-13 12:23:43 - [TEST_STEP][PASSED] - setText: Text 'changeme' is set on object 'Object Repository/login/input_password'

2017-10-13 12:23:43 - [MESSAGE][PASSED] - Text 'changeme' is set on object 'Object Repository/login/input_password'

2017-10-13 12:23:43 - [TEST_STEP][PASSED] - click: Object: 'Object Repository/login/button_Login' is clicked on

2017-10-13 12:23:52 - [MESSAGE][PASSED] - Object: 'Object Repository/login/button_Login' is clicked on

2017-10-13 12:23:52 - [MESSAGE][PASSED] - Call Test Case 'Test Cases/LOGIN' successfully

2017-10-13 12:23:52 - [TEST_STEP][PASSED] - maximizeWindow: Current window maximized

2017-10-13 12:23:52 - [MESSAGE][PASSED] - Current window maximized

2017-10-13 12:23:52 - [TEST_STEP][PASSED] - click: Object: 'Object Repository/Profile/Nav Bar/a_dropdown-toggle' is clicked on

2017-10-13 12:23:53 - [MESSAGE][PASSED] - Object: 'Object Repository/Profile/Nav Bar/a_dropdown-toggle' is clicked on

2017-10-13 12:23:53 - [TEST_STEP][PASSED] - click: Object: 'Object Repository/Profile/Nav Bar/a_My Profile' is clicked on

2017-10-13 12:23:54 - [MESSAGE][PASSED] - Object: 'Object Repository/Profile/Nav Bar/a_My Profile' is clicked on

2017-10-13 12:23:54 - [TEST_STEP][PASSED] - selectOptionByValue: All options with value 'Mr' are selected in object 'Object Repository/Profile/Profile Page/select_title' 

2017-10-13 12:24:01 - [MESSAGE][PASSED] - All options with value 'Mr' are selected in object 'Object Repository/Profile/Profile Page/select_title' 

2017-10-13 12:24:01 - [TEST_STEP][PASSED] - setText: Text 'Madiba' is set on object 'Object Repository/Profile/Profile Page/FirstName'

2017-10-13 12:24:04 - [MESSAGE][PASSED] - Text 'Madiba' is set on object 'Object Repository/Profile/Profile Page/FirstName'

2017-10-13 12:24:04 - [TEST_STEP][PASSED] - setText: Text 'Mandela' is set on object 'Object Repository/Profile/Profile Page/LastName'

2017-10-13 12:24:06 - [MESSAGE][PASSED] - Text 'Mandela' is set on object 'Object Repository/Profile/Profile Page/LastName'

2017-10-13 12:24:06 - [TEST_STEP][PASSED] - setText: Text 'Tester' is set on object 'Object Repository/Profile/Profile Page/Job Title'

2017-10-13 12:24:07 - [MESSAGE][PASSED] - Text 'Tester' is set on object 'Object Repository/Profile/Profile Page/Job Title'

2017-10-13 12:24:07 - [TEST_STEP][PASSED] - selectOptionByValue: All options with value 'number:101' are selected in object 'Object Repository/Profile/Profile Page/Department' 

2017-10-13 12:24:08 - [MESSAGE][PASSED] - All options with value 'number:101' are selected in object 'Object Repository/Profile/Profile Page/Department' 

2017-10-13 12:24:08 - [TEST_STEP][PASSED] - setText: Text '0725165229' is set on object 'Object Repository/Profile/Profile Page/Phone'

2017-10-13 12:24:09 - [MESSAGE][PASSED] - Text '0725165229' is set on object 'Object Repository/Profile/Profile Page/Phone'

2017-10-13 12:24:09 - [TEST_STEP][PASSED] - setText: Text '0725167892' is set on object 'Object Repository/Profile/Profile Page/Alt Phone'

2017-10-13 12:24:10 - [MESSAGE][PASSED] - Text '0725167892' is set on object 'Object Repository/Profile/Profile Page/Alt Phone'

2017-10-13 12:24:10 - [TEST_STEP][PASSED] - setText: Text 'dennisgituto@yahoo.com' is set on object 'Object Repository/Profile/Profile Page/Alt Email'

2017-10-13 12:24:11 - [MESSAGE][PASSED] - Text 'dennisgituto@yahoo.com' is set on object 'Object Repository/Profile/Profile Page/Alt Email'

2017-10-13 12:24:11 - [TEST_STEP][PASSED] - setText: Text '6789' is set on object 'Object Repository/Profile/Profile Page/Address 1'

2017-10-13 12:24:12 - [MESSAGE][PASSED] - Text '6789' is set on object 'Object Repository/Profile/Profile Page/Address 1'

2017-10-13 12:24:12 - [TEST_STEP][PASSED] - setText: Text '12345' is set on object 'Object Repository/Profile/Profile Page/Address 2'

2017-10-13 12:24:14 - [MESSAGE][PASSED] - Text '12345' is set on object 'Object Repository/Profile/Profile Page/Address 2'

2017-10-13 12:24:14 - [TEST_STEP][PASSED] - setText: Text 'Nairobi' is set on object 'Object Repository/Profile/Profile Page/City'

2017-10-13 12:24:15 - [MESSAGE][PASSED] - Text 'Nairobi' is set on object 'Object Repository/Profile/Profile Page/City'

2017-10-13 12:24:15 - [TEST_STEP][PASSED] - selectOptionByValue: All options with value 'Kenya' are selected in object 'Object Repository/Profile/Profile Page/Country' 

2017-10-13 12:24:16 - [MESSAGE][PASSED] - All options with value 'Kenya' are selected in object 'Object Repository/Profile/Profile Page/Country' 

2017-10-13 12:24:16 - [TEST_STEP][FAILED] - selectOptionByValue: Unable to select option by value 'Nairobi' of object 'Object Repository/Profile/Profile Page/State'  (Root cause: org.openqa.selenium.NoSuchElementException: Cannot locate option with value: Nairobi
For documentation on this error, please visit: http://seleniumhq.org/exceptions/no_such_element.html
Build info: version: '2.53.0', revision: '35ae25b', time: '2016-03-15 17:00:58'
System info: host: 'Gituto-PC', ip: '192.168.43.189', os.name: 'Windows 10', os.arch: 'amd64', os.version: '10.0', java.version: '1.8.0_102'
Driver info: driver.version: unknown)

2017-10-13 12:24:17 - [MESSAGE][FAILED] - Unable to select option by value 'Nairobi' of object 'Object Repository/Profile/Profile Page/State'  (Root cause: org.openqa.selenium.NoSuchElementException: Cannot locate option with value: Nairobi
For documentation on this error, please visit: http://seleniumhq.org/exceptions/no_such_element.html
Build info: version: '2.53.0', revision: '35ae25b', time: '2016-03-15 17:00:58'
System info: host: 'Gituto-PC', ip: '192.168.43.189', os.name: 'Windows 10', os.arch: 'amd64', os.version: '10.0', java.version: '1.8.0_102'
Driver info: driver.version: unknown)
[[ATTACHMENT|C:\\Users\\Gituto Nyawira\\git\\VSMS-Test-Automation\\Reports\\Profile\\Update Profile\\20171013_122225\\1507886656965.png]]

2017-10-13 12:24:17 - [TEST_STEP][PASSED] - delay: Delayed 5 second(s)

2017-10-13 12:24:22 - [MESSAGE][PASSED] - Delayed 5 second(s)

2017-10-13 12:24:22 - [TEST_STEP][PASSED] - click: Object: 'Object Repository/Profile/Profile Page/button_Update' is clicked on

2017-10-13 12:24:23 - [MESSAGE][PASSED] - Object: 'Object Repository/Profile/Profile Page/button_Update' is clicked on

2017-10-13 12:24:23 - [TEST_STEP][PASSED] - delay: Delayed 5 second(s)

2017-10-13 12:24:28 - [MESSAGE][PASSED] - Delayed 5 second(s)

2017-10-13 12:24:28 - [TEST_STEP][PASSED] - closeBrowser: Browser is closed

2017-10-13 12:24:31 - [MESSAGE][PASSED] - Browser is closed]]></system-out>
         <system-err><![CDATA[2017-10-13 12:22:35 - [TEST_CASE][FAILED] - Test Cases/Profile/Update Profile - Iteration 1: Test Cases/Profile/Update Profile FAILED because (of) Unable to select option by value 'Nairobi' of object 'Object Repository/Profile/Profile Page/State'  (Root cause: org.openqa.selenium.NoSuchElementException: Cannot locate option with value: Nairobi
For documentation on this error, please visit: http://seleniumhq.org/exceptions/no_such_element.html
Build info: version: '2.53.0', revision: '35ae25b', time: '2016-03-15 17:00:58'
System info: host: 'Gituto-PC', ip: '192.168.43.189', os.name: 'Windows 10', os.arch: 'amd64', os.version: '10.0', java.version: '1.8.0_102'
Driver info: driver.version: unknown)]]></system-err>
      </testcase>
      <testcase name="Test Cases/Profile/Update Profile - Iteration 2" classname="Test Cases/Profile/Update Profile" status="FAILED">
         <failure type="FAILED" message="Test Cases/Profile/Update Profile FAILED because (of) Unable to select option by value 'Nairobi' of object 'Object Repository/Profile/Profile Page/State'  (Root cause: org.openqa.selenium.NoSuchElementException: Cannot locate option with value: Nairobi
For documentation on this error, please visit: http://seleniumhq.org/exceptions/no_such_element.html
Build info: version: '2.53.0', revision: '35ae25b', time: '2016-03-15 17:00:58'
System info: host: 'Gituto-PC', ip: '192.168.43.189', os.name: 'Windows 10', os.arch: 'amd64', os.version: '10.0', java.version: '1.8.0_102'
Driver info: driver.version: unknown)"/>
         <system-out><![CDATA[2017-10-13 12:24:31 - [TEST_CASE][FAILED] - Test Cases/Profile/Update Profile - Iteration 2: Test Cases/Profile/Update Profile FAILED because (of) Unable to select option by value 'Nairobi' of object 'Object Repository/Profile/Profile Page/State'  (Root cause: org.openqa.selenium.NoSuchElementException: Cannot locate option with value: Nairobi
For documentation on this error, please visit: http://seleniumhq.org/exceptions/no_such_element.html
Build info: version: '2.53.0', revision: '35ae25b', time: '2016-03-15 17:00:58'
System info: host: 'Gituto-PC', ip: '192.168.43.189', os.name: 'Windows 10', os.arch: 'amd64', os.version: '10.0', java.version: '1.8.0_102'
Driver info: driver.version: unknown)

2017-10-13 12:24:31 - [TEST_STEP][PASSED] - callTestCase: Call Test Case 'Test Cases/LOGIN' successfully

2017-10-13 12:24:31 - [TEST_CASE][PASSED] - Test Cases/LOGIN: Test Cases/LOGIN

2017-10-13 12:24:31 - [TEST_STEP][PASSED] - openBrowser: Browser is opened with url: 'https://sandbox.vsms.tezzasolutions.com/index'

2017-10-13 12:25:04 - [MESSAGE][PASSED] - Browser is opened with url: 'https://sandbox.vsms.tezzasolutions.com/index'

2017-10-13 12:25:04 - [TEST_STEP][PASSED] - click: Object: 'Object Repository/login/a_Log in' is clicked on

2017-10-13 12:25:06 - [MESSAGE][PASSED] - Object: 'Object Repository/login/a_Log in' is clicked on

2017-10-13 12:25:06 - [TEST_STEP][PASSED] - setText: Text 'clarinenyauncho@gmail.com' is set on object 'Object Repository/login/input_email'

2017-10-13 12:25:18 - [MESSAGE][PASSED] - Text 'clarinenyauncho@gmail.com' is set on object 'Object Repository/login/input_email'

2017-10-13 12:25:18 - [TEST_STEP][PASSED] - setText: Text 'changeme' is set on object 'Object Repository/login/input_password'

2017-10-13 12:25:19 - [MESSAGE][PASSED] - Text 'changeme' is set on object 'Object Repository/login/input_password'

2017-10-13 12:25:19 - [TEST_STEP][PASSED] - click: Object: 'Object Repository/login/button_Login' is clicked on

2017-10-13 12:25:27 - [MESSAGE][PASSED] - Object: 'Object Repository/login/button_Login' is clicked on

2017-10-13 12:25:27 - [MESSAGE][PASSED] - Call Test Case 'Test Cases/LOGIN' successfully

2017-10-13 12:25:27 - [TEST_STEP][PASSED] - maximizeWindow: Current window maximized

2017-10-13 12:25:27 - [MESSAGE][PASSED] - Current window maximized

2017-10-13 12:25:27 - [TEST_STEP][PASSED] - click: Object: 'Object Repository/Profile/Nav Bar/a_dropdown-toggle' is clicked on

2017-10-13 12:25:29 - [MESSAGE][PASSED] - Object: 'Object Repository/Profile/Nav Bar/a_dropdown-toggle' is clicked on

2017-10-13 12:25:29 - [TEST_STEP][PASSED] - click: Object: 'Object Repository/Profile/Nav Bar/a_My Profile' is clicked on

2017-10-13 12:25:30 - [MESSAGE][PASSED] - Object: 'Object Repository/Profile/Nav Bar/a_My Profile' is clicked on

2017-10-13 12:25:30 - [TEST_STEP][PASSED] - selectOptionByValue: All options with value 'Mr' are selected in object 'Object Repository/Profile/Profile Page/select_title' 

2017-10-13 12:25:38 - [MESSAGE][PASSED] - All options with value 'Mr' are selected in object 'Object Repository/Profile/Profile Page/select_title' 

2017-10-13 12:25:38 - [TEST_STEP][PASSED] - setText: Text '' is set on object 'Object Repository/Profile/Profile Page/FirstName'

2017-10-13 12:25:40 - [MESSAGE][PASSED] - Text '' is set on object 'Object Repository/Profile/Profile Page/FirstName'

2017-10-13 12:25:40 - [TEST_STEP][PASSED] - setText: Text '' is set on object 'Object Repository/Profile/Profile Page/LastName'

2017-10-13 12:25:41 - [MESSAGE][PASSED] - Text '' is set on object 'Object Repository/Profile/Profile Page/LastName'

2017-10-13 12:25:41 - [TEST_STEP][PASSED] - setText: Text '' is set on object 'Object Repository/Profile/Profile Page/Job Title'

2017-10-13 12:25:43 - [MESSAGE][PASSED] - Text '' is set on object 'Object Repository/Profile/Profile Page/Job Title'

2017-10-13 12:25:43 - [TEST_STEP][PASSED] - selectOptionByValue: All options with value 'number:101' are selected in object 'Object Repository/Profile/Profile Page/Department' 

2017-10-13 12:25:45 - [MESSAGE][PASSED] - All options with value 'number:101' are selected in object 'Object Repository/Profile/Profile Page/Department' 

2017-10-13 12:25:45 - [TEST_STEP][PASSED] - setText: Text '' is set on object 'Object Repository/Profile/Profile Page/Phone'

2017-10-13 12:25:47 - [MESSAGE][PASSED] - Text '' is set on object 'Object Repository/Profile/Profile Page/Phone'

2017-10-13 12:25:47 - [TEST_STEP][PASSED] - setText: Text '' is set on object 'Object Repository/Profile/Profile Page/Alt Phone'

2017-10-13 12:25:48 - [MESSAGE][PASSED] - Text '' is set on object 'Object Repository/Profile/Profile Page/Alt Phone'

2017-10-13 12:25:48 - [TEST_STEP][PASSED] - setText: Text '' is set on object 'Object Repository/Profile/Profile Page/Alt Email'

2017-10-13 12:25:49 - [MESSAGE][PASSED] - Text '' is set on object 'Object Repository/Profile/Profile Page/Alt Email'

2017-10-13 12:25:49 - [TEST_STEP][PASSED] - setText: Text '' is set on object 'Object Repository/Profile/Profile Page/Address 1'

2017-10-13 12:25:49 - [MESSAGE][PASSED] - Text '' is set on object 'Object Repository/Profile/Profile Page/Address 1'

2017-10-13 12:25:49 - [TEST_STEP][PASSED] - setText: Text '' is set on object 'Object Repository/Profile/Profile Page/Address 2'

2017-10-13 12:25:50 - [MESSAGE][PASSED] - Text '' is set on object 'Object Repository/Profile/Profile Page/Address 2'

2017-10-13 12:25:50 - [TEST_STEP][PASSED] - setText: Text '' is set on object 'Object Repository/Profile/Profile Page/City'

2017-10-13 12:25:50 - [MESSAGE][PASSED] - Text '' is set on object 'Object Repository/Profile/Profile Page/City'

2017-10-13 12:25:50 - [TEST_STEP][PASSED] - selectOptionByValue: All options with value 'Kenya' are selected in object 'Object Repository/Profile/Profile Page/Country' 

2017-10-13 12:25:51 - [MESSAGE][PASSED] - All options with value 'Kenya' are selected in object 'Object Repository/Profile/Profile Page/Country' 

2017-10-13 12:25:51 - [TEST_STEP][FAILED] - selectOptionByValue: Unable to select option by value 'Nairobi' of object 'Object Repository/Profile/Profile Page/State'  (Root cause: org.openqa.selenium.NoSuchElementException: Cannot locate option with value: Nairobi
For documentation on this error, please visit: http://seleniumhq.org/exceptions/no_such_element.html
Build info: version: '2.53.0', revision: '35ae25b', time: '2016-03-15 17:00:58'
System info: host: 'Gituto-PC', ip: '192.168.43.189', os.name: 'Windows 10', os.arch: 'amd64', os.version: '10.0', java.version: '1.8.0_102'
Driver info: driver.version: unknown)

2017-10-13 12:25:52 - [MESSAGE][FAILED] - Unable to select option by value 'Nairobi' of object 'Object Repository/Profile/Profile Page/State'  (Root cause: org.openqa.selenium.NoSuchElementException: Cannot locate option with value: Nairobi
For documentation on this error, please visit: http://seleniumhq.org/exceptions/no_such_element.html
Build info: version: '2.53.0', revision: '35ae25b', time: '2016-03-15 17:00:58'
System info: host: 'Gituto-PC', ip: '192.168.43.189', os.name: 'Windows 10', os.arch: 'amd64', os.version: '10.0', java.version: '1.8.0_102'
Driver info: driver.version: unknown)
[[ATTACHMENT|C:\\Users\\Gituto Nyawira\\git\\VSMS-Test-Automation\\Reports\\Profile\\Update Profile\\20171013_122225\\1507886752209.png]]

2017-10-13 12:25:52 - [TEST_STEP][PASSED] - delay: Delayed 5 second(s)

2017-10-13 12:25:57 - [MESSAGE][PASSED] - Delayed 5 second(s)

2017-10-13 12:25:57 - [TEST_STEP][PASSED] - click: Object: 'Object Repository/Profile/Profile Page/button_Update' is clicked on

2017-10-13 12:25:59 - [MESSAGE][PASSED] - Object: 'Object Repository/Profile/Profile Page/button_Update' is clicked on

2017-10-13 12:25:59 - [TEST_STEP][PASSED] - delay: Delayed 5 second(s)

2017-10-13 12:26:04 - [MESSAGE][PASSED] - Delayed 5 second(s)

2017-10-13 12:26:04 - [TEST_STEP][PASSED] - closeBrowser: Browser is closed

2017-10-13 12:26:05 - [MESSAGE][PASSED] - Browser is closed]]></system-out>
         <system-err><![CDATA[2017-10-13 12:24:31 - [TEST_CASE][FAILED] - Test Cases/Profile/Update Profile - Iteration 2: Test Cases/Profile/Update Profile FAILED because (of) Unable to select option by value 'Nairobi' of object 'Object Repository/Profile/Profile Page/State'  (Root cause: org.openqa.selenium.NoSuchElementException: Cannot locate option with value: Nairobi
For documentation on this error, please visit: http://seleniumhq.org/exceptions/no_such_element.html
Build info: version: '2.53.0', revision: '35ae25b', time: '2016-03-15 17:00:58'
System info: host: 'Gituto-PC', ip: '192.168.43.189', os.name: 'Windows 10', os.arch: 'amd64', os.version: '10.0', java.version: '1.8.0_102'
Driver info: driver.version: unknown)]]></system-err>
      </testcase>
      <system-out><![CDATA[2017-10-13 12:22:34 - [TEST_SUITE][FAILED] - Update Profile: Test Cases/Profile/Update Profile FAILED because (of) Unable to select option by value 'Nairobi' of object 'Object Repository/Profile/Profile Page/State'  (Root cause: org.openqa.selenium.NoSuchElementException: Cannot locate option with value: Nairobi
For documentation on this error, please visit: http://seleniumhq.org/exceptions/no_such_element.html
Build info: version: '2.53.0', revision: '35ae25b', time: '2016-03-15 17:00:58'
System info: host: 'Gituto-PC', ip: '192.168.43.189', os.name: 'Windows 10', os.arch: 'amd64', os.version: '10.0', java.version: '1.8.0_102'
Driver info: driver.version: unknown)]]></system-out>
      <system-err><![CDATA[2017-10-13 12:22:34 - [TEST_SUITE][FAILED] - Update Profile: Test Cases/Profile/Update Profile FAILED because (of) Unable to select option by value 'Nairobi' of object 'Object Repository/Profile/Profile Page/State'  (Root cause: org.openqa.selenium.NoSuchElementException: Cannot locate option with value: Nairobi
For documentation on this error, please visit: http://seleniumhq.org/exceptions/no_such_element.html
Build info: version: '2.53.0', revision: '35ae25b', time: '2016-03-15 17:00:58'
System info: host: 'Gituto-PC', ip: '192.168.43.189', os.name: 'Windows 10', os.arch: 'amd64', os.version: '10.0', java.version: '1.8.0_102'
Driver info: driver.version: unknown)]]></system-err>
   </testsuite>
</testsuites>
