<?xml version="1.0" encoding="UTF-8"?>
<testsuites name="Leave a Message" time="61" tests="1" failures="1" errors="0">
   <testsuite name="Leave a Message" tests="1" failures="1" errors="0" time="61" timestamp="2017-10-03 13:44:28" hostname="Gituto Nyawira - Gituto-PC" id="Test Suites/Leave a Message">
      <properties>
         <property name="deviceName" value=""/>
         <property name="devicePlatform" value=""/>
         <property name="logFolder" value="C:\\Users\\Gituto Nyawira\\git\\VSMS-Test-Automation\\Reports\\Leave a Message\\20171003_134422"/>
         <property name="logFiles" value="C:\\Users\\Gituto Nyawira\\git\\VSMS-Test-Automation\\Reports\\Leave a Message\\20171003_134422\\execution0.log"/>
         <property name="attachments" value="C:\\Users\\Gituto Nyawira\\git\\VSMS-Test-Automation\\Reports\\Leave a Message\\20171003_134422\\1507027520705.png"/>
         <property name="hostName" value="Gituto Nyawira - Gituto-PC"/>
         <property name="os" value="Windows 10 64bit"/>
         <property name="katalonVersion" value="4.8.0.2"/>
         <property name="browser" value="Chrome 61.0.3163.100"/>
         <property name="hostAddress" value="192.168.43.189"/>
         <property name="sessionId" value="6b6d8eb6062a39ae7d243a049f69c515"/>
         <property name="seleniumVersion" value="2.53.0"/>
         <property name="proxyInformation" value="ProxyInformation{proxyOption=NO_PROXY, proxyServerType=HTTP, password=, proxyServerAddress=, proxyServerPort=0}"/>
         <property name="platform" value="Windows 10"/>
      </properties>
      <testcase name="Test Cases/Login Test case" classname="Test Cases/Login Test case" status="PASSED">
         <system-out><![CDATA[2017-10-03 13:44:28 - [TEST_CASE][PASSED] - Test Cases/Login Test case: Test Cases/Login Test case

2017-10-03 13:44:29 - [TEST_STEP][PASSED] - openBrowser: Browser is opened with url: ''

2017-10-03 13:44:37 - [MESSAGE][PASSED] - Browser is opened with url: ''

2017-10-03 13:44:37 - [TEST_STEP][PASSED] - navigateToUrl: Navigate to 'https://sandbox.vsms.tezzasolutions.com/index' successfully

2017-10-03 13:44:52 - [MESSAGE][PASSED] - Navigate to 'https://sandbox.vsms.tezzasolutions.com/index' successfully

2017-10-03 13:44:52 - [TEST_STEP][PASSED] - click: Object: 'Object Repository/Overview Page/a_Log in' is clicked on

2017-10-03 13:44:56 - [MESSAGE][PASSED] - Object: 'Object Repository/Overview Page/a_Log in' is clicked on

2017-10-03 13:44:56 - [TEST_STEP][PASSED] - setText: Text 'dennis.gituto@tezzasolutions.com' is set on object 'Object Repository/Login Page/input_email'

2017-10-03 13:44:58 - [MESSAGE][PASSED] - Text 'dennis.gituto@tezzasolutions.com' is set on object 'Object Repository/Login Page/input_email'

2017-10-03 13:44:58 - [TEST_STEP][PASSED] - setText: Text 'Desteg@3871' is set on object 'Object Repository/Login Page/input_password'

2017-10-03 13:44:59 - [MESSAGE][PASSED] - Text 'Desteg@3871' is set on object 'Object Repository/Login Page/input_password'

2017-10-03 13:44:59 - [TEST_STEP][PASSED] - click: Object: 'Object Repository/Login Page/button_Login' is clicked on

2017-10-03 13:45:06 - [MESSAGE][PASSED] - Object: 'Object Repository/Login Page/button_Login' is clicked on]]></system-out>
         <system-err><![CDATA[]]></system-err>
      </testcase>
      <testcase name="Test Cases/Leave a message in Unscheduled Visit" classname="Test Cases/Leave a message in Unscheduled Visit" status="FAILED">
         <failure type="FAILED" message="Unable to click on object 'Object Repository/Leave a message Page/button_Submit' (Root cause: org.openqa.selenium.WebDriverException: unknown error: Element is not clickable at point (509, 586)
  (Session info: chrome=61.0.3163.100)
  (Driver info: chromedriver=2.31.488763 (092de99f48a300323ecf8c2a4e2e7cab51de5ba8),platform=Windows NT 10.0.15063 x86_64) (WARNING: The server did not provide any stacktrace information)
Command duration or timeout: 93 milliseconds
Build info: version: '2.53.0', revision: '35ae25b', time: '2016-03-15 17:00:58'
System info: host: 'Gituto-PC', ip: '192.168.43.189', os.name: 'Windows 10', os.arch: 'amd64', os.version: '10.0', java.version: '1.8.0_102'
Driver info: com.kms.katalon.selenium.driver.CChromeDriver
Capabilities [{applicationCacheEnabled=false, rotatable=false, mobileEmulationEnabled=false, networkConnectionEnabled=false, chrome={chromedriverVersion=2.31.488763 (092de99f48a300323ecf8c2a4e2e7cab51de5ba8), userDataDir=C:\Users\GITUTO~1\AppData\Local\Temp\scoped_dir4432_24946}, takesHeapSnapshot=true, pageLoadStrategy=normal, databaseEnabled=false, handlesAlerts=true, hasTouchScreen=false, version=61.0.3163.100, platform=XP, browserConnectionEnabled=false, nativeEvents=true, acceptSslCerts=true, locationContextEnabled=true, webStorageEnabled=true, browserName=chrome, takesScreenshot=true, javascriptEnabled=true, cssSelectorsEnabled=true, setWindowRect=true, unexpectedAlertBehaviour=}]
Session ID: 6b6d8eb6062a39ae7d243a049f69c515)"/>
         <system-out><![CDATA[2017-10-03 13:45:06 - [TEST_CASE][FAILED] - Test Cases/Leave a message in Unscheduled Visit: Test Cases/Leave a message in Unscheduled Visit FAILED because (of) Unable to click on object 'Object Repository/Leave a message Page/button_Submit' (Root cause: org.openqa.selenium.WebDriverException: unknown error: Element is not clickable at point (509, 586)
  (Session info: chrome=61.0.3163.100)
  (Driver info: chromedriver=2.31.488763 (092de99f48a300323ecf8c2a4e2e7cab51de5ba8),platform=Windows NT 10.0.15063 x86_64) (WARNING: The server did not provide any stacktrace information)
Command duration or timeout: 93 milliseconds
Build info: version: '2.53.0', revision: '35ae25b', time: '2016-03-15 17:00:58'
System info: host: 'Gituto-PC', ip: '192.168.43.189', os.name: 'Windows 10', os.arch: 'amd64', os.version: '10.0', java.version: '1.8.0_102'
Driver info: com.kms.katalon.selenium.driver.CChromeDriver
Capabilities [{applicationCacheEnabled=false, rotatable=false, mobileEmulationEnabled=false, networkConnectionEnabled=false, chrome={chromedriverVersion=2.31.488763 (092de99f48a300323ecf8c2a4e2e7cab51de5ba8), userDataDir=C:\Users\GITUTO~1\AppData\Local\Temp\scoped_dir4432_24946}, takesHeapSnapshot=true, pageLoadStrategy=normal, databaseEnabled=false, handlesAlerts=true, hasTouchScreen=false, version=61.0.3163.100, platform=XP, browserConnectionEnabled=false, nativeEvents=true, acceptSslCerts=true, locationContextEnabled=true, webStorageEnabled=true, browserName=chrome, takesScreenshot=true, javascriptEnabled=true, cssSelectorsEnabled=true, setWindowRect=true, unexpectedAlertBehaviour=}]
Session ID: 6b6d8eb6062a39ae7d243a049f69c515)

2017-10-03 13:45:07 - [TEST_STEP][PASSED] - click: Object: 'Object Repository/Dashboard Page/a_Modules' is clicked on

2017-10-03 13:45:08 - [MESSAGE][PASSED] - Object: 'Object Repository/Dashboard Page/a_Modules' is clicked on

2017-10-03 13:45:08 - [TEST_STEP][PASSED] - click: Object: 'Object Repository/Dashboard Page/a_Self-Service Management' is clicked on

2017-10-03 13:45:09 - [MESSAGE][PASSED] - Object: 'Object Repository/Dashboard Page/a_Self-Service Management' is clicked on

2017-10-03 13:45:09 - [TEST_STEP][PASSED] - click: Object: 'Object Repository/Dashboard Page/a_Self-Service' is clicked on

2017-10-03 13:45:11 - [MESSAGE][PASSED] - Object: 'Object Repository/Dashboard Page/a_Self-Service' is clicked on

2017-10-03 13:45:11 - [TEST_STEP][PASSED] - click: Object: 'Object Repository/Self-Service Page/Unscheduled Button' is clicked on

2017-10-03 13:45:14 - [MESSAGE][PASSED] - Object: 'Object Repository/Self-Service Page/Unscheduled Button' is clicked on

2017-10-03 13:45:14 - [TEST_STEP][PASSED] - click: Object: 'Object Repository/Leave a message Page/Leave Message Button' is clicked on

2017-10-03 13:45:15 - [MESSAGE][PASSED] - Object: 'Object Repository/Leave a message Page/Leave Message Button' is clicked on

2017-10-03 13:45:15 - [TEST_STEP][PASSED] - setText: Text 'Dennis' is set on object 'Object Repository/Leave a message Page/input_first_name'

2017-10-03 13:45:16 - [MESSAGE][PASSED] - Text 'Dennis' is set on object 'Object Repository/Leave a message Page/input_first_name'

2017-10-03 13:45:16 - [TEST_STEP][PASSED] - setText: Text 'Nyawira' is set on object 'Object Repository/Leave a message Page/input_last_name'

2017-10-03 13:45:17 - [MESSAGE][PASSED] - Text 'Nyawira' is set on object 'Object Repository/Leave a message Page/input_last_name'

2017-10-03 13:45:17 - [TEST_STEP][PASSED] - setText: Text 'dennisgituto1@gmail.com' is set on object 'Object Repository/Leave a message Page/input_email'

2017-10-03 13:45:18 - [MESSAGE][PASSED] - Text 'dennisgituto1@gmail.com' is set on object 'Object Repository/Leave a message Page/input_email'

2017-10-03 13:45:18 - [TEST_STEP][PASSED] - setText: Text 'Shila Zahra' is set on object 'Object Repository/Leave a message Page/input_staff_name'

2017-10-03 13:45:19 - [MESSAGE][PASSED] - Text 'Shila Zahra' is set on object 'Object Repository/Leave a message Page/input_staff_name'

2017-10-03 13:45:19 - [TEST_STEP][PASSED] - setText: Text 'Call me ASAP' is set on object 'Object Repository/Leave a message Page/textarea_comment'

2017-10-03 13:45:20 - [MESSAGE][PASSED] - Text 'Call me ASAP' is set on object 'Object Repository/Leave a message Page/textarea_comment'

2017-10-03 13:45:20 - [TEST_STEP][FAILED] - click: Unable to click on object 'Object Repository/Leave a message Page/button_Submit' (Root cause: org.openqa.selenium.WebDriverException: unknown error: Element is not clickable at point (509, 586)
  (Session info: chrome=61.0.3163.100)
  (Driver info: chromedriver=2.31.488763 (092de99f48a300323ecf8c2a4e2e7cab51de5ba8),platform=Windows NT 10.0.15063 x86_64) (WARNING: The server did not provide any stacktrace information)
Command duration or timeout: 93 milliseconds
Build info: version: '2.53.0', revision: '35ae25b', time: '2016-03-15 17:00:58'
System info: host: 'Gituto-PC', ip: '192.168.43.189', os.name: 'Windows 10', os.arch: 'amd64', os.version: '10.0', java.version: '1.8.0_102'
Driver info: com.kms.katalon.selenium.driver.CChromeDriver
Capabilities [{applicationCacheEnabled=false, rotatable=false, mobileEmulationEnabled=false, networkConnectionEnabled=false, chrome={chromedriverVersion=2.31.488763 (092de99f48a300323ecf8c2a4e2e7cab51de5ba8), userDataDir=C:\Users\GITUTO~1\AppData\Local\Temp\scoped_dir4432_24946}, takesHeapSnapshot=true, pageLoadStrategy=normal, databaseEnabled=false, handlesAlerts=true, hasTouchScreen=false, version=61.0.3163.100, platform=XP, browserConnectionEnabled=false, nativeEvents=true, acceptSslCerts=true, locationContextEnabled=true, webStorageEnabled=true, browserName=chrome, takesScreenshot=true, javascriptEnabled=true, cssSelectorsEnabled=true, setWindowRect=true, unexpectedAlertBehaviour=}]
Session ID: 6b6d8eb6062a39ae7d243a049f69c515)

2017-10-03 13:45:22 - [MESSAGE][FAILED] - Unable to click on object 'Object Repository/Leave a message Page/button_Submit' (Root cause: org.openqa.selenium.WebDriverException: unknown error: Element is not clickable at point (509, 586)
  (Session info: chrome=61.0.3163.100)
  (Driver info: chromedriver=2.31.488763 (092de99f48a300323ecf8c2a4e2e7cab51de5ba8),platform=Windows NT 10.0.15063 x86_64) (WARNING: The server did not provide any stacktrace information)
Command duration or timeout: 93 milliseconds
Build info: version: '2.53.0', revision: '35ae25b', time: '2016-03-15 17:00:58'
System info: host: 'Gituto-PC', ip: '192.168.43.189', os.name: 'Windows 10', os.arch: 'amd64', os.version: '10.0', java.version: '1.8.0_102'
Driver info: com.kms.katalon.selenium.driver.CChromeDriver
Capabilities [{applicationCacheEnabled=false, rotatable=false, mobileEmulationEnabled=false, networkConnectionEnabled=false, chrome={chromedriverVersion=2.31.488763 (092de99f48a300323ecf8c2a4e2e7cab51de5ba8), userDataDir=C:\Users\GITUTO~1\AppData\Local\Temp\scoped_dir4432_24946}, takesHeapSnapshot=true, pageLoadStrategy=normal, databaseEnabled=false, handlesAlerts=true, hasTouchScreen=false, version=61.0.3163.100, platform=XP, browserConnectionEnabled=false, nativeEvents=true, acceptSslCerts=true, locationContextEnabled=true, webStorageEnabled=true, browserName=chrome, takesScreenshot=true, javascriptEnabled=true, cssSelectorsEnabled=true, setWindowRect=true, unexpectedAlertBehaviour=}]
Session ID: 6b6d8eb6062a39ae7d243a049f69c515)
[[ATTACHMENT|C:\\Users\\Gituto Nyawira\\git\\VSMS-Test-Automation\\Reports\\Leave a Message\\20171003_134422\\1507027520705.png]]]]></system-out>
         <system-err><![CDATA[2017-10-03 13:45:06 - [TEST_CASE][FAILED] - Test Cases/Leave a message in Unscheduled Visit: Test Cases/Leave a message in Unscheduled Visit FAILED because (of) Unable to click on object 'Object Repository/Leave a message Page/button_Submit' (Root cause: org.openqa.selenium.WebDriverException: unknown error: Element is not clickable at point (509, 586)
  (Session info: chrome=61.0.3163.100)
  (Driver info: chromedriver=2.31.488763 (092de99f48a300323ecf8c2a4e2e7cab51de5ba8),platform=Windows NT 10.0.15063 x86_64) (WARNING: The server did not provide any stacktrace information)
Command duration or timeout: 93 milliseconds
Build info: version: '2.53.0', revision: '35ae25b', time: '2016-03-15 17:00:58'
System info: host: 'Gituto-PC', ip: '192.168.43.189', os.name: 'Windows 10', os.arch: 'amd64', os.version: '10.0', java.version: '1.8.0_102'
Driver info: com.kms.katalon.selenium.driver.CChromeDriver
Capabilities [{applicationCacheEnabled=false, rotatable=false, mobileEmulationEnabled=false, networkConnectionEnabled=false, chrome={chromedriverVersion=2.31.488763 (092de99f48a300323ecf8c2a4e2e7cab51de5ba8), userDataDir=C:\Users\GITUTO~1\AppData\Local\Temp\scoped_dir4432_24946}, takesHeapSnapshot=true, pageLoadStrategy=normal, databaseEnabled=false, handlesAlerts=true, hasTouchScreen=false, version=61.0.3163.100, platform=XP, browserConnectionEnabled=false, nativeEvents=true, acceptSslCerts=true, locationContextEnabled=true, webStorageEnabled=true, browserName=chrome, takesScreenshot=true, javascriptEnabled=true, cssSelectorsEnabled=true, setWindowRect=true, unexpectedAlertBehaviour=}]
Session ID: 6b6d8eb6062a39ae7d243a049f69c515)]]></system-err>
      </testcase>
      <system-out><![CDATA[2017-10-03 13:44:28 - [TEST_SUITE][FAILED] - Leave a Message: Test Cases/Leave a message in Unscheduled Visit FAILED because (of) Unable to click on object 'Object Repository/Leave a message Page/button_Submit' (Root cause: org.openqa.selenium.WebDriverException: unknown error: Element is not clickable at point (509, 586)
  (Session info: chrome=61.0.3163.100)
  (Driver info: chromedriver=2.31.488763 (092de99f48a300323ecf8c2a4e2e7cab51de5ba8),platform=Windows NT 10.0.15063 x86_64) (WARNING: The server did not provide any stacktrace information)
Command duration or timeout: 93 milliseconds
Build info: version: '2.53.0', revision: '35ae25b', time: '2016-03-15 17:00:58'
System info: host: 'Gituto-PC', ip: '192.168.43.189', os.name: 'Windows 10', os.arch: 'amd64', os.version: '10.0', java.version: '1.8.0_102'
Driver info: com.kms.katalon.selenium.driver.CChromeDriver
Capabilities [{applicationCacheEnabled=false, rotatable=false, mobileEmulationEnabled=false, networkConnectionEnabled=false, chrome={chromedriverVersion=2.31.488763 (092de99f48a300323ecf8c2a4e2e7cab51de5ba8), userDataDir=C:\Users\GITUTO~1\AppData\Local\Temp\scoped_dir4432_24946}, takesHeapSnapshot=true, pageLoadStrategy=normal, databaseEnabled=false, handlesAlerts=true, hasTouchScreen=false, version=61.0.3163.100, platform=XP, browserConnectionEnabled=false, nativeEvents=true, acceptSslCerts=true, locationContextEnabled=true, webStorageEnabled=true, browserName=chrome, takesScreenshot=true, javascriptEnabled=true, cssSelectorsEnabled=true, setWindowRect=true, unexpectedAlertBehaviour=}]
Session ID: 6b6d8eb6062a39ae7d243a049f69c515)]]></system-out>
      <system-err><![CDATA[2017-10-03 13:44:28 - [TEST_SUITE][FAILED] - Leave a Message: Test Cases/Leave a message in Unscheduled Visit FAILED because (of) Unable to click on object 'Object Repository/Leave a message Page/button_Submit' (Root cause: org.openqa.selenium.WebDriverException: unknown error: Element is not clickable at point (509, 586)
  (Session info: chrome=61.0.3163.100)
  (Driver info: chromedriver=2.31.488763 (092de99f48a300323ecf8c2a4e2e7cab51de5ba8),platform=Windows NT 10.0.15063 x86_64) (WARNING: The server did not provide any stacktrace information)
Command duration or timeout: 93 milliseconds
Build info: version: '2.53.0', revision: '35ae25b', time: '2016-03-15 17:00:58'
System info: host: 'Gituto-PC', ip: '192.168.43.189', os.name: 'Windows 10', os.arch: 'amd64', os.version: '10.0', java.version: '1.8.0_102'
Driver info: com.kms.katalon.selenium.driver.CChromeDriver
Capabilities [{applicationCacheEnabled=false, rotatable=false, mobileEmulationEnabled=false, networkConnectionEnabled=false, chrome={chromedriverVersion=2.31.488763 (092de99f48a300323ecf8c2a4e2e7cab51de5ba8), userDataDir=C:\Users\GITUTO~1\AppData\Local\Temp\scoped_dir4432_24946}, takesHeapSnapshot=true, pageLoadStrategy=normal, databaseEnabled=false, handlesAlerts=true, hasTouchScreen=false, version=61.0.3163.100, platform=XP, browserConnectionEnabled=false, nativeEvents=true, acceptSslCerts=true, locationContextEnabled=true, webStorageEnabled=true, browserName=chrome, takesScreenshot=true, javascriptEnabled=true, cssSelectorsEnabled=true, setWindowRect=true, unexpectedAlertBehaviour=}]
Session ID: 6b6d8eb6062a39ae7d243a049f69c515)]]></system-err>
   </testsuite>
</testsuites>
