{"devicePlatform":"","logFolder":"C:\\Users\\Dennis Gituto\\git\\VSMS-Test-Automation\\Reports\\Profile\\Update Profile\\20171204_155458","runData":{"hostName":"Dennis Gituto - DESKTOP-IA8CIQG","os":"Windows 10 64bit","katalonVersion":"5.1.0.1","browser":"Chrome 62.0.3202.94","hostAddress":"192.168.1.101","sessionId":"73fdc5cef9504bf439ffcf8437d346dc","seleniumVersion":"3.7.1","proxyInformation":"ProxyInformation{proxyOption\u003dNO_PROXY, proxyServerType\u003dHTTP, password\u003d, proxyServerAddress\u003d, proxyServerPort\u003d0}","platform":"Windows 10"},"type":"TEST_SUITE","name":"Update Profile","id":"Test Suites/Profile/Update Profile","source":"","message":"Test Cases/Profile/Update Profile FAILED because (of) Unable to select option by value \u0027number:101\u0027 of object \u0027Object Repository/Profile/Profile Page/Department\u0027  (Root cause: org.openqa.selenium.NoSuchElementException: Cannot locate option with value: number:101\nFor documentation on this error, please visit: http://seleniumhq.org/exceptions/no_such_element.html\nBuild info: version: \u00273.7.1\u0027, revision: \u00278a0099a\u0027, time: \u00272017-11-06T21:07:36.161Z\u0027\nSystem info: host: \u0027DESKTOP-IA8CIQG\u0027, ip: \u0027192.168.1.101\u0027, os.name: \u0027Windows 10\u0027, os.arch: \u0027amd64\u0027, os.version: \u002710.0\u0027, java.version: \u00271.8.0_102\u0027\nDriver info: driver.version: unknown)","description":"Update User\u0027s Profile","startTime":1512392100101,"endTime":1512392246354,"childRecords":[{"isOptional":false,"type":"TEST_CASE","name":"Test Cases/Profile/Update Profile","id":"Test Cases/Profile/Update Profile","source":"C:\\\\Users\\\\Dennis Gituto\\\\git\\\\VSMS-Test-AutomationTest Cases\\\\Profile\\\\Update Profile.tc","message":"Test Cases/Profile/Update Profile FAILED because (of) Unable to select option by value \u0027number:101\u0027 of object \u0027Object Repository/Profile/Profile Page/Department\u0027  (Root cause: org.openqa.selenium.NoSuchElementException: Cannot locate option with value: number:101\nFor documentation on this error, please visit: http://seleniumhq.org/exceptions/no_such_element.html\nBuild info: version: \u00273.7.1\u0027, revision: \u00278a0099a\u0027, time: \u00272017-11-06T21:07:36.161Z\u0027\nSystem info: host: \u0027DESKTOP-IA8CIQG\u0027, ip: \u0027192.168.1.101\u0027, os.name: \u0027Windows 10\u0027, os.arch: \u0027amd64\u0027, os.version: \u002710.0\u0027, java.version: \u00271.8.0_102\u0027\nDriver info: driver.version: unknown)","description":"Update User\u0027s Profile","startTime":1512392100465,"endTime":1512392246297,"childRecords":[{"testStatus":{"stackTrace":"","statusValue":"INFO"},"type":"MESSAGE","name":"","message":"Evaluating variables for test case","startTime":1512392100633,"endTime":0,"childRecords":[],"interuppted":false},{"testStatus":{"stackTrace":"","statusValue":"INFO"},"type":"MESSAGE","name":"","message":"Variable \u0027var_firstName\u0027 is set to Madiba","startTime":1512392100711,"endTime":0,"childRecords":[],"interuppted":false},{"testStatus":{"stackTrace":"","statusValue":"INFO"},"type":"MESSAGE","name":"","message":"Variable \u0027var_lastName\u0027 is set to Mandela","startTime":1512392100712,"endTime":0,"childRecords":[],"interuppted":false},{"testStatus":{"stackTrace":"","statusValue":"INFO"},"type":"MESSAGE","name":"","message":"Variable \u0027var_jobTitle\u0027 is set to Tester","startTime":1512392100712,"endTime":0,"childRecords":[],"interuppted":false},{"testStatus":{"stackTrace":"","statusValue":"INFO"},"type":"MESSAGE","name":"","message":"Variable \u0027var_phone\u0027 is set to 0725165229","startTime":1512392100712,"endTime":0,"childRecords":[],"interuppted":false},{"testStatus":{"stackTrace":"","statusValue":"INFO"},"type":"MESSAGE","name":"","message":"Variable \u0027var_altPhone\u0027 is set to 0725167892","startTime":1512392100712,"endTime":0,"childRecords":[],"interuppted":false},{"testStatus":{"stackTrace":"","statusValue":"INFO"},"type":"MESSAGE","name":"","message":"Variable \u0027var_altEmail\u0027 is set to dennisgituto@yahoo.com","startTime":1512392100712,"endTime":0,"childRecords":[],"interuppted":false},{"testStatus":{"stackTrace":"","statusValue":"INFO"},"type":"MESSAGE","name":"","message":"Variable \u0027var_address1\u0027 is set to 6789","startTime":1512392100712,"endTime":0,"childRecords":[],"interuppted":false},{"testStatus":{"stackTrace":"","statusValue":"INFO"},"type":"MESSAGE","name":"","message":"Variable \u0027var_address2\u0027 is set to 12345","startTime":1512392100712,"endTime":0,"childRecords":[],"interuppted":false},{"testStatus":{"stackTrace":"","statusValue":"INFO"},"type":"MESSAGE","name":"","message":"Variable \u0027var_city\u0027 is set to Nairobi","startTime":1512392100741,"endTime":0,"childRecords":[],"interuppted":false},{"index":1,"isIgnoredIfFailed":false,"type":"TEST_STEP","name":"callTestCase","message":"Call Test Case \u0027Test Cases/Common/User Login\u0027 successfully","description":"","startTime":1512392101115,"endTime":1512392185290,"childRecords":[{"isOptional":false,"type":"TEST_CASE","name":"Test Cases/Common/User Login","id":"Test Cases/Common/User Login","source":"C:\\\\Users\\\\Dennis Gituto\\\\git\\\\VSMS-Test-AutomationTest Cases\\\\Common\\\\User Login.tc","message":"Test Cases/Common/User Login","description":"authenticating a VSMS user","startTime":1512392101232,"endTime":1512392185284,"childRecords":[{"testStatus":{"stackTrace":"","statusValue":"INFO"},"type":"MESSAGE","name":"","message":"Evaluating variables for test case","startTime":1512392101258,"endTime":0,"childRecords":[],"interuppted":false},{"testStatus":{"stackTrace":"","statusValue":"INFO"},"type":"MESSAGE","name":"","message":"Checking test data id","startTime":1512392101324,"endTime":0,"childRecords":[],"interuppted":false},{"testStatus":{"stackTrace":"","statusValue":"INFO"},"type":"MESSAGE","name":"","message":"Finding test data with id \u0027Data Files/Login Credentials\u0027","startTime":1512392101324,"endTime":0,"childRecords":[],"interuppted":false},{"testStatus":{"stackTrace":"","statusValue":"INFO"},"type":"MESSAGE","name":"","message":"Test data is excel file, reading excel file","startTime":1512392101325,"endTime":0,"childRecords":[],"interuppted":false},{"testStatus":{"stackTrace":"","statusValue":"INFO"},"type":"MESSAGE","name":"","message":"Reading excel file with source file \u0027C:\\Users\\Dennis Gituto\\git\\VSMS-Test-Automation\\Data Files\\Login Credentials.xlsx\u0027 and sheet name \u0027Sheet1\u0027","startTime":1512392101325,"endTime":0,"childRecords":[],"interuppted":false},{"testStatus":{"stackTrace":"","statusValue":"INFO"},"type":"MESSAGE","name":"","message":"Variable \u0027Url\u0027 is set to https://sandbox.vsms.tezzasolutions.com/index as default","startTime":1512392102168,"endTime":0,"childRecords":[],"interuppted":false},{"testStatus":{"stackTrace":"","statusValue":"INFO"},"type":"MESSAGE","name":"","message":"Checking test data id","startTime":1512392102169,"endTime":0,"childRecords":[],"interuppted":false},{"testStatus":{"stackTrace":"","statusValue":"INFO"},"type":"MESSAGE","name":"","message":"Finding test data with id \u0027Data Files/Login Credentials\u0027","startTime":1512392102169,"endTime":0,"childRecords":[],"interuppted":false},{"testStatus":{"stackTrace":"","statusValue":"INFO"},"type":"MESSAGE","name":"","message":"Test data is excel file, reading excel file","startTime":1512392102184,"endTime":0,"childRecords":[],"interuppted":false},{"testStatus":{"stackTrace":"","statusValue":"INFO"},"type":"MESSAGE","name":"","message":"Reading excel file with source file \u0027C:\\Users\\Dennis Gituto\\git\\VSMS-Test-Automation\\Data Files\\Login Credentials.xlsx\u0027 and sheet name \u0027Sheet1\u0027","startTime":1512392102186,"endTime":0,"childRecords":[],"interuppted":false},{"testStatus":{"stackTrace":"","statusValue":"INFO"},"type":"MESSAGE","name":"","message":"Variable \u0027email\u0027 is set to stella.ireri@tezzasolutions.com as default","startTime":1512392102272,"endTime":0,"childRecords":[],"interuppted":false},{"testStatus":{"stackTrace":"","statusValue":"INFO"},"type":"MESSAGE","name":"","message":"Checking test data id","startTime":1512392102273,"endTime":0,"childRecords":[],"interuppted":false},{"testStatus":{"stackTrace":"","statusValue":"INFO"},"type":"MESSAGE","name":"","message":"Finding test data with id \u0027Data Files/Login Credentials\u0027","startTime":1512392102273,"endTime":0,"childRecords":[],"interuppted":false},{"testStatus":{"stackTrace":"","statusValue":"INFO"},"type":"MESSAGE","name":"","message":"Test data is excel file, reading excel file","startTime":1512392102296,"endTime":0,"childRecords":[],"interuppted":false},{"testStatus":{"stackTrace":"","statusValue":"INFO"},"type":"MESSAGE","name":"","message":"Reading excel file with source file \u0027C:\\Users\\Dennis Gituto\\git\\VSMS-Test-Automation\\Data Files\\Login Credentials.xlsx\u0027 and sheet name \u0027Sheet1\u0027","startTime":1512392102296,"endTime":0,"childRecords":[],"interuppted":false},{"testStatus":{"stackTrace":"","statusValue":"INFO"},"type":"MESSAGE","name":"","message":"Variable \u0027password\u0027 is set to !qwerty123 as default","startTime":1512392102637,"endTime":0,"childRecords":[],"interuppted":false},{"index":1,"isIgnoredIfFailed":false,"type":"TEST_STEP","name":"openBrowser","message":"Browser is opened with url: \u0027https://sandbox.vsms.tezzasolutions.com/index\u0027","description":"","startTime":1512392102931,"endTime":1512392159958,"childRecords":[{"testStatus":{"stackTrace":"","statusValue":"PASSED"},"type":"MESSAGE","name":"","message":"Browser is opened with url: \u0027https://sandbox.vsms.tezzasolutions.com/index\u0027","startTime":1512392159956,"endTime":0,"childRecords":[],"interuppted":false}],"interuppted":false},{"index":2,"isIgnoredIfFailed":false,"type":"TEST_STEP","name":"maximizeWindow","message":"Current window maximized","description":"","startTime":1512392159959,"endTime":1512392161150,"childRecords":[{"testStatus":{"stackTrace":"","statusValue":"PASSED"},"type":"MESSAGE","name":"","message":"Current window maximized","startTime":1512392161149,"endTime":0,"childRecords":[],"interuppted":false}],"interuppted":false},{"index":3,"isIgnoredIfFailed":false,"type":"TEST_STEP","name":"click","message":"Object: \u0027Object Repository/login/a_Log in\u0027 is clicked on","description":"","startTime":1512392161150,"endTime":1512392168060,"childRecords":[{"testStatus":{"stackTrace":"","statusValue":"PASSED"},"type":"MESSAGE","name":"","message":"Object: \u0027Object Repository/login/a_Log in\u0027 is clicked on","startTime":1512392168058,"endTime":0,"childRecords":[],"interuppted":false}],"interuppted":false},{"index":4,"isIgnoredIfFailed":false,"type":"TEST_STEP","name":"setText","message":"Text \u0027stella.ireri@tezzasolutions.com\u0027 is set on object \u0027Object Repository/login/input_email\u0027","description":"","startTime":1512392168060,"endTime":1512392168416,"childRecords":[{"testStatus":{"stackTrace":"","statusValue":"PASSED"},"type":"MESSAGE","name":"","message":"Text \u0027stella.ireri@tezzasolutions.com\u0027 is set on object \u0027Object Repository/login/input_email\u0027","startTime":1512392168416,"endTime":0,"childRecords":[],"interuppted":false}],"interuppted":false},{"index":5,"isIgnoredIfFailed":false,"type":"TEST_STEP","name":"verifyElementPresent","message":"Object \u0027Object Repository/Page_Visitor Security Management Sy/VSMS  Sign In\u0027 is present","description":"","startTime":1512392168416,"endTime":1512392168475,"childRecords":[{"testStatus":{"stackTrace":"","statusValue":"PASSED"},"type":"MESSAGE","name":"","message":"Object \u0027Object Repository/Page_Visitor Security Management Sy/VSMS  Sign In\u0027 is present","startTime":1512392168475,"endTime":0,"childRecords":[],"interuppted":false}],"interuppted":false},{"index":6,"isIgnoredIfFailed":false,"type":"TEST_STEP","name":"setText","message":"Text \u0027!qwerty123\u0027 is set on object \u0027Object Repository/login/input_password\u0027","description":"","startTime":1512392168475,"endTime":1512392168694,"childRecords":[{"testStatus":{"stackTrace":"","statusValue":"PASSED"},"type":"MESSAGE","name":"","message":"Text \u0027!qwerty123\u0027 is set on object \u0027Object Repository/login/input_password\u0027","startTime":1512392168694,"endTime":0,"childRecords":[],"interuppted":false}],"interuppted":false},{"index":7,"isIgnoredIfFailed":false,"type":"TEST_STEP","name":"verifyElementClickable","message":"Object \u0027Object Repository/login/button_Login\u0027 is clickable","description":"","startTime":1512392168698,"endTime":1512392168756,"childRecords":[{"testStatus":{"stackTrace":"","statusValue":"PASSED"},"type":"MESSAGE","name":"","message":"Object \u0027Object Repository/login/button_Login\u0027 is clickable","startTime":1512392168756,"endTime":0,"childRecords":[],"interuppted":false}],"interuppted":false},{"index":8,"isIgnoredIfFailed":false,"type":"TEST_STEP","name":"click","message":"Object: \u0027Object Repository/login/button_Login\u0027 is clicked on","description":"","startTime":1512392168756,"endTime":1512392185283,"childRecords":[{"testStatus":{"stackTrace":"","statusValue":"PASSED"},"type":"MESSAGE","name":"","message":"Object: \u0027Object Repository/login/button_Login\u0027 is clicked on","startTime":1512392185283,"endTime":0,"childRecords":[],"interuppted":false}],"interuppted":false},{"testStatus":{"stackTrace":"","statusValue":"PASSED"},"type":"MESSAGE","name":"","message":"Test Cases/Common/User Login","startTime":1512392185284,"endTime":0,"childRecords":[],"interuppted":false}],"interuppted":false},{"testStatus":{"stackTrace":"","statusValue":"PASSED"},"type":"MESSAGE","name":"","message":"Call Test Case \u0027Test Cases/Common/User Login\u0027 successfully","startTime":1512392185290,"endTime":0,"childRecords":[],"interuppted":false}],"interuppted":false},{"index":2,"isIgnoredIfFailed":false,"type":"TEST_STEP","name":"maximizeWindow","message":"Current window maximized","description":"","startTime":1512392185290,"endTime":1512392185298,"childRecords":[{"testStatus":{"stackTrace":"","statusValue":"PASSED"},"type":"MESSAGE","name":"","message":"Current window maximized","startTime":1512392185294,"endTime":0,"childRecords":[],"interuppted":false}],"interuppted":false},{"index":3,"isIgnoredIfFailed":false,"type":"TEST_STEP","name":"callTestCase","message":"Call Test Case \u0027Test Cases/Profile/Profile Menu\u0027 successfully","description":"","startTime":1512392185298,"endTime":1512392197196,"childRecords":[{"isOptional":false,"type":"TEST_CASE","name":"Test Cases/Profile/Profile Menu","id":"Test Cases/Profile/Profile Menu","source":"C:\\\\Users\\\\Dennis Gituto\\\\git\\\\VSMS-Test-AutomationTest Cases\\\\Profile\\\\Profile Menu.tc","message":"Test Cases/Profile/Profile Menu","description":"Handles user Profile page common steps","startTime":1512392185354,"endTime":1512392197191,"childRecords":[{"testStatus":{"stackTrace":"","statusValue":"INFO"},"type":"MESSAGE","name":"","message":"Evaluating variables for test case","startTime":1512392185364,"endTime":0,"childRecords":[],"interuppted":false},{"index":1,"isIgnoredIfFailed":false,"type":"TEST_STEP","name":"click","message":"Object: \u0027Object Repository/Profile/Nav Bar/a_dropdown-toggle\u0027 is clicked on","description":"","startTime":1512392185581,"endTime":1512392185724,"childRecords":[{"testStatus":{"stackTrace":"","statusValue":"PASSED"},"type":"MESSAGE","name":"","message":"Object: \u0027Object Repository/Profile/Nav Bar/a_dropdown-toggle\u0027 is clicked on","startTime":1512392185724,"endTime":0,"childRecords":[],"interuppted":false}],"interuppted":false},{"index":2,"isIgnoredIfFailed":false,"type":"TEST_STEP","name":"click","message":"Object: \u0027Object Repository/Profile/Nav Bar/a_My Profile\u0027 is clicked on","description":"","startTime":1512392185724,"endTime":1512392197190,"childRecords":[{"testStatus":{"stackTrace":"","statusValue":"PASSED"},"type":"MESSAGE","name":"","message":"Object: \u0027Object Repository/Profile/Nav Bar/a_My Profile\u0027 is clicked on","startTime":1512392197188,"endTime":0,"childRecords":[],"interuppted":false}],"interuppted":false},{"testStatus":{"stackTrace":"","statusValue":"PASSED"},"type":"MESSAGE","name":"","message":"Test Cases/Profile/Profile Menu","startTime":1512392197191,"endTime":0,"childRecords":[],"interuppted":false}],"interuppted":false},{"testStatus":{"stackTrace":"","statusValue":"PASSED"},"type":"MESSAGE","name":"","message":"Call Test Case \u0027Test Cases/Profile/Profile Menu\u0027 successfully","startTime":1512392197194,"endTime":0,"childRecords":[],"interuppted":false}],"interuppted":false},{"index":4,"isIgnoredIfFailed":false,"type":"TEST_STEP","name":"selectOptionByValue","message":"All options with value \u0027Mr\u0027 are selected in object \u0027Object Repository/Profile/Profile Page/select_title\u0027 ","description":"","startTime":1512392197197,"endTime":1512392197410,"childRecords":[{"testStatus":{"stackTrace":"","statusValue":"PASSED"},"type":"MESSAGE","name":"","message":"All options with value \u0027Mr\u0027 are selected in object \u0027Object Repository/Profile/Profile Page/select_title\u0027 ","startTime":1512392197410,"endTime":0,"childRecords":[],"interuppted":false}],"interuppted":false},{"index":5,"isIgnoredIfFailed":false,"type":"TEST_STEP","name":"setText","message":"Text \u0027Madiba\u0027 is set on object \u0027Object Repository/Profile/Profile Page/FirstName\u0027","description":"","startTime":1512392197414,"endTime":1512392197669,"childRecords":[{"testStatus":{"stackTrace":"","statusValue":"PASSED"},"type":"MESSAGE","name":"","message":"Text \u0027Madiba\u0027 is set on object \u0027Object Repository/Profile/Profile Page/FirstName\u0027","startTime":1512392197668,"endTime":0,"childRecords":[],"interuppted":false}],"interuppted":false},{"index":6,"isIgnoredIfFailed":false,"type":"TEST_STEP","name":"setText","message":"Text \u0027Mandela\u0027 is set on object \u0027Object Repository/Profile/Profile Page/LastName\u0027","description":"","startTime":1512392197669,"endTime":1512392197919,"childRecords":[{"testStatus":{"stackTrace":"","statusValue":"PASSED"},"type":"MESSAGE","name":"","message":"Text \u0027Mandela\u0027 is set on object \u0027Object Repository/Profile/Profile Page/LastName\u0027","startTime":1512392197919,"endTime":0,"childRecords":[],"interuppted":false}],"interuppted":false},{"index":7,"isIgnoredIfFailed":false,"type":"TEST_STEP","name":"setText","message":"Text \u0027Tester\u0027 is set on object \u0027Object Repository/Profile/Profile Page/Job Title\u0027","description":"","startTime":1512392197919,"endTime":1512392198121,"childRecords":[{"testStatus":{"stackTrace":"","statusValue":"PASSED"},"type":"MESSAGE","name":"","message":"Text \u0027Tester\u0027 is set on object \u0027Object Repository/Profile/Profile Page/Job Title\u0027","startTime":1512392198121,"endTime":0,"childRecords":[],"interuppted":false}],"interuppted":false},{"attachment":"1512392198200.png","index":8,"isIgnoredIfFailed":false,"type":"TEST_STEP","name":"selectOptionByValue","message":"Unable to select option by value \u0027number:101\u0027 of object \u0027Object Repository/Profile/Profile Page/Department\u0027  (Root cause: org.openqa.selenium.NoSuchElementException: Cannot locate option with value: number:101\nFor documentation on this error, please visit: http://seleniumhq.org/exceptions/no_such_element.html\nBuild info: version: \u00273.7.1\u0027, revision: \u00278a0099a\u0027, time: \u00272017-11-06T21:07:36.161Z\u0027\nSystem info: host: \u0027DESKTOP-IA8CIQG\u0027, ip: \u0027192.168.1.101\u0027, os.name: \u0027Windows 10\u0027, os.arch: \u0027amd64\u0027, os.version: \u002710.0\u0027, java.version: \u00271.8.0_102\u0027\nDriver info: driver.version: unknown)","description":"","startTime":1512392198121,"endTime":1512392198576,"childRecords":[{"testStatus":{"stackTrace":"","statusValue":"FAILED"},"attachment":"1512392198200.png","type":"MESSAGE","name":"","message":"Unable to select option by value \u0027number:101\u0027 of object \u0027Object Repository/Profile/Profile Page/Department\u0027  (Root cause: org.openqa.selenium.NoSuchElementException: Cannot locate option with value: number:101\nFor documentation on this error, please visit: http://seleniumhq.org/exceptions/no_such_element.html\nBuild info: version: \u00273.7.1\u0027, revision: \u00278a0099a\u0027, time: \u00272017-11-06T21:07:36.161Z\u0027\nSystem info: host: \u0027DESKTOP-IA8CIQG\u0027, ip: \u0027192.168.1.101\u0027, os.name: \u0027Windows 10\u0027, os.arch: \u0027amd64\u0027, os.version: \u002710.0\u0027, java.version: \u00271.8.0_102\u0027\nDriver info: driver.version: unknown)","startTime":1512392198576,"endTime":0,"childRecords":[],"interuppted":false}],"interuppted":false},{"index":9,"isIgnoredIfFailed":false,"type":"TEST_STEP","name":"setText","message":"Text \u00270725165229\u0027 is set on object \u0027Object Repository/Profile/Profile Page/Phone\u0027","description":"","startTime":1512392198576,"endTime":1512392199082,"childRecords":[{"testStatus":{"stackTrace":"","statusValue":"PASSED"},"type":"MESSAGE","name":"","message":"Text \u00270725165229\u0027 is set on object \u0027Object Repository/Profile/Profile Page/Phone\u0027","startTime":1512392199078,"endTime":0,"childRecords":[],"interuppted":false}],"interuppted":false},{"index":10,"isIgnoredIfFailed":false,"type":"TEST_STEP","name":"setText","message":"Text \u00270725167892\u0027 is set on object \u0027Object Repository/Profile/Profile Page/Alt Phone\u0027","description":"","startTime":1512392199082,"endTime":1512392199344,"childRecords":[{"testStatus":{"stackTrace":"","statusValue":"PASSED"},"type":"MESSAGE","name":"","message":"Text \u00270725167892\u0027 is set on object \u0027Object Repository/Profile/Profile Page/Alt Phone\u0027","startTime":1512392199344,"endTime":0,"childRecords":[],"interuppted":false}],"interuppted":false},{"index":11,"isIgnoredIfFailed":false,"type":"TEST_STEP","name":"setText","message":"Text \u0027dennisgituto@yahoo.com\u0027 is set on object \u0027Object Repository/Profile/Profile Page/Alt Email\u0027","description":"","startTime":1512392199344,"endTime":1512392199685,"childRecords":[{"testStatus":{"stackTrace":"","statusValue":"PASSED"},"type":"MESSAGE","name":"","message":"Text \u0027dennisgituto@yahoo.com\u0027 is set on object \u0027Object Repository/Profile/Profile Page/Alt Email\u0027","startTime":1512392199685,"endTime":0,"childRecords":[],"interuppted":false}],"interuppted":false},{"index":12,"isIgnoredIfFailed":false,"type":"TEST_STEP","name":"setText","message":"Text \u00276789\u0027 is set on object \u0027Object Repository/Profile/Profile Page/Address 1\u0027","description":"","startTime":1512392199685,"endTime":1512392199856,"childRecords":[{"testStatus":{"stackTrace":"","statusValue":"PASSED"},"type":"MESSAGE","name":"","message":"Text \u00276789\u0027 is set on object \u0027Object Repository/Profile/Profile Page/Address 1\u0027","startTime":1512392199856,"endTime":0,"childRecords":[],"interuppted":false}],"interuppted":false},{"attachment":"1512392231170.png","index":13,"isIgnoredIfFailed":false,"type":"TEST_STEP","name":"setText","message":"Unable to set text \u002712345\u0027 of object \u0027Object Repository/Profile/Profile Page/Address 2\u0027 (Root cause: com.kms.katalon.core.webui.exception.WebElementNotFoundException: Web element with id: \u0027Object Repository/Profile/Profile Page/Address 2\u0027 located by \u0027By.xpath: //textarea[count(. | //*[@name \u003d \u0027last_name\u0027]) \u003d count(//*[@name \u003d \u0027last_name\u0027])][count(. | //*[@type \u003d \u0027text\u0027]) \u003d count(//*[@type \u003d \u0027text\u0027])]\u0027 not found)","description":"","startTime":1512392199856,"endTime":1512392231527,"childRecords":[{"testStatus":{"stackTrace":"","statusValue":"FAILED"},"attachment":"1512392231170.png","type":"MESSAGE","name":"","message":"Unable to set text \u002712345\u0027 of object \u0027Object Repository/Profile/Profile Page/Address 2\u0027 (Root cause: com.kms.katalon.core.webui.exception.WebElementNotFoundException: Web element with id: \u0027Object Repository/Profile/Profile Page/Address 2\u0027 located by \u0027By.xpath: //textarea[count(. | //*[@name \u003d \u0027last_name\u0027]) \u003d count(//*[@name \u003d \u0027last_name\u0027])][count(. | //*[@type \u003d \u0027text\u0027]) \u003d count(//*[@type \u003d \u0027text\u0027])]\u0027 not found)","startTime":1512392231526,"endTime":0,"childRecords":[],"interuppted":false}],"interuppted":false},{"index":14,"isIgnoredIfFailed":false,"type":"TEST_STEP","name":"setText","message":"Text \u0027Nairobi\u0027 is set on object \u0027Object Repository/Profile/Profile Page/City\u0027","description":"","startTime":1512392231527,"endTime":1512392231747,"childRecords":[{"testStatus":{"stackTrace":"","statusValue":"PASSED"},"type":"MESSAGE","name":"","message":"Text \u0027Nairobi\u0027 is set on object \u0027Object Repository/Profile/Profile Page/City\u0027","startTime":1512392231747,"endTime":0,"childRecords":[],"interuppted":false}],"interuppted":false},{"index":15,"isIgnoredIfFailed":false,"type":"TEST_STEP","name":"selectOptionByValue","message":"All options with value \u0027Kenya\u0027 are selected in object \u0027Object Repository/Profile/Profile Page/Country\u0027 ","description":"","startTime":1512392231747,"endTime":1512392231894,"childRecords":[{"testStatus":{"stackTrace":"","statusValue":"PASSED"},"type":"MESSAGE","name":"","message":"All options with value \u0027Kenya\u0027 are selected in object \u0027Object Repository/Profile/Profile Page/Country\u0027 ","startTime":1512392231894,"endTime":0,"childRecords":[],"interuppted":false}],"interuppted":false},{"attachment":"1512392231994.png","index":16,"isIgnoredIfFailed":false,"type":"TEST_STEP","name":"selectOptionByValue","message":"Unable to select option by value \u0027Nairobi\u0027 of object \u0027Object Repository/Profile/Profile Page/State\u0027  (Root cause: org.openqa.selenium.NoSuchElementException: Cannot locate option with value: Nairobi\nFor documentation on this error, please visit: http://seleniumhq.org/exceptions/no_such_element.html\nBuild info: version: \u00273.7.1\u0027, revision: \u00278a0099a\u0027, time: \u00272017-11-06T21:07:36.161Z\u0027\nSystem info: host: \u0027DESKTOP-IA8CIQG\u0027, ip: \u0027192.168.1.101\u0027, os.name: \u0027Windows 10\u0027, os.arch: \u0027amd64\u0027, os.version: \u002710.0\u0027, java.version: \u00271.8.0_102\u0027\nDriver info: driver.version: unknown)","description":"","startTime":1512392231894,"endTime":1512392232385,"childRecords":[{"testStatus":{"stackTrace":"","statusValue":"FAILED"},"attachment":"1512392231994.png","type":"MESSAGE","name":"","message":"Unable to select option by value \u0027Nairobi\u0027 of object \u0027Object Repository/Profile/Profile Page/State\u0027  (Root cause: org.openqa.selenium.NoSuchElementException: Cannot locate option with value: Nairobi\nFor documentation on this error, please visit: http://seleniumhq.org/exceptions/no_such_element.html\nBuild info: version: \u00273.7.1\u0027, revision: \u00278a0099a\u0027, time: \u00272017-11-06T21:07:36.161Z\u0027\nSystem info: host: \u0027DESKTOP-IA8CIQG\u0027, ip: \u0027192.168.1.101\u0027, os.name: \u0027Windows 10\u0027, os.arch: \u0027amd64\u0027, os.version: \u002710.0\u0027, java.version: \u00271.8.0_102\u0027\nDriver info: driver.version: unknown)","startTime":1512392232384,"endTime":0,"childRecords":[],"interuppted":false}],"interuppted":false},{"index":17,"isIgnoredIfFailed":false,"type":"TEST_STEP","name":"delay","message":"Delayed 5 second(s)","description":"","startTime":1512392232385,"endTime":1512392237388,"childRecords":[{"testStatus":{"stackTrace":"","statusValue":"PASSED"},"type":"MESSAGE","name":"","message":"Delayed 5 second(s)","startTime":1512392237387,"endTime":0,"childRecords":[],"interuppted":false}],"interuppted":false},{"index":18,"isIgnoredIfFailed":false,"type":"TEST_STEP","name":"click","message":"Object: \u0027Object Repository/Profile/Profile Page/button_Update\u0027 is clicked on","description":"","startTime":1512392237388,"endTime":1512392237520,"childRecords":[{"testStatus":{"stackTrace":"","statusValue":"PASSED"},"type":"MESSAGE","name":"","message":"Object: \u0027Object Repository/Profile/Profile Page/button_Update\u0027 is clicked on","startTime":1512392237516,"endTime":0,"childRecords":[],"interuppted":false}],"interuppted":false},{"index":19,"isIgnoredIfFailed":false,"type":"TEST_STEP","name":"delay","message":"Delayed 5 second(s)","description":"","startTime":1512392237520,"endTime":1512392242521,"childRecords":[{"testStatus":{"stackTrace":"","statusValue":"PASSED"},"type":"MESSAGE","name":"","message":"Delayed 5 second(s)","startTime":1512392242520,"endTime":0,"childRecords":[],"interuppted":false}],"interuppted":false},{"index":20,"isIgnoredIfFailed":false,"type":"TEST_STEP","name":"verifyElementVisible","message":"Object \u0027Object Repository/Profile/Verify Update Profile/Profile Update Verification\u0027 is visible","description":"","startTime":1512392242521,"endTime":1512392242580,"childRecords":[{"testStatus":{"stackTrace":"","statusValue":"PASSED"},"type":"MESSAGE","name":"","message":"Object \u0027Object Repository/Profile/Verify Update Profile/Profile Update Verification\u0027 is visible","startTime":1512392242580,"endTime":0,"childRecords":[],"interuppted":false}],"interuppted":false},{"index":21,"isIgnoredIfFailed":false,"type":"TEST_STEP","name":"delay","message":"Delayed 3 second(s)","description":"","startTime":1512392242596,"endTime":1512392245598,"childRecords":[{"testStatus":{"stackTrace":"","statusValue":"PASSED"},"type":"MESSAGE","name":"","message":"Delayed 3 second(s)","startTime":1512392245597,"endTime":0,"childRecords":[],"interuppted":false}],"interuppted":false},{"index":22,"isIgnoredIfFailed":false,"type":"TEST_STEP","name":"closeBrowser","message":"Browser is closed","description":"","startTime":1512392245598,"endTime":1512392246292,"childRecords":[{"testStatus":{"stackTrace":"","statusValue":"PASSED"},"type":"MESSAGE","name":"","message":"Browser is closed","startTime":1512392246292,"endTime":0,"childRecords":[],"interuppted":false}],"interuppted":false},{"testStatus":{"stackTrace":"","statusValue":"FAILED"},"type":"MESSAGE","name":"","message":"Test Cases/Profile/Update Profile FAILED because (of) Unable to select option by value \u0027number:101\u0027 of object \u0027Object Repository/Profile/Profile Page/Department\u0027  (Root cause: org.openqa.selenium.NoSuchElementException: Cannot locate option with value: number:101\nFor documentation on this error, please visit: http://seleniumhq.org/exceptions/no_such_element.html\nBuild info: version: \u00273.7.1\u0027, revision: \u00278a0099a\u0027, time: \u00272017-11-06T21:07:36.161Z\u0027\nSystem info: host: \u0027DESKTOP-IA8CIQG\u0027, ip: \u0027192.168.1.101\u0027, os.name: \u0027Windows 10\u0027, os.arch: \u0027amd64\u0027, os.version: \u002710.0\u0027, java.version: \u00271.8.0_102\u0027\nDriver info: driver.version: unknown)","startTime":1512392246293,"endTime":0,"childRecords":[],"interuppted":false}],"interuppted":false}],"interuppted":false}