<?xml version="1.0" encoding="UTF-8"?>
<testsuites name="Update Profile" time="146" tests="0" failures="1" errors="0">
   <testsuite name="Update Profile" tests="0" failures="1" errors="0" time="146" timestamp="2017-12-04 15:55:00" hostname="Dennis Gituto - DESKTOP-IA8CIQG" id="Test Suites/Profile/Update Profile">
      <properties>
         <property name="deviceName" value=""/>
         <property name="devicePlatform" value=""/>
         <property name="logFolder" value="C:\\Users\\Dennis Gituto\\git\\VSMS-Test-Automation\\Reports\\Profile\\Update Profile\\20171204_155458"/>
         <property name="logFiles" value="C:\\Users\\Dennis Gituto\\git\\VSMS-Test-Automation\\Reports\\Profile\\Update Profile\\20171204_155458\\execution0.log"/>
         <property name="attachments" value="C:\\Users\\Dennis Gituto\\git\\VSMS-Test-Automation\\Reports\\Profile\\Update Profile\\20171204_155458\\1512392198200.png, C:\\Users\\Dennis Gituto\\git\\VSMS-Test-Automation\\Reports\\Profile\\Update Profile\\20171204_155458\\1512392231170.png, C:\\Users\\Dennis Gituto\\git\\VSMS-Test-Automation\\Reports\\Profile\\Update Profile\\20171204_155458\\1512392231994.png"/>
         <property name="hostName" value="Dennis Gituto - DESKTOP-IA8CIQG"/>
         <property name="os" value="Windows 10 64bit"/>
         <property name="katalonVersion" value="5.1.0.1"/>
         <property name="browser" value="Chrome 62.0.3202.94"/>
         <property name="hostAddress" value="192.168.1.101"/>
         <property name="sessionId" value="73fdc5cef9504bf439ffcf8437d346dc"/>
         <property name="seleniumVersion" value="3.7.1"/>
         <property name="proxyInformation" value="ProxyInformation{proxyOption=NO_PROXY, proxyServerType=HTTP, password=, proxyServerAddress=, proxyServerPort=0}"/>
         <property name="platform" value="Windows 10"/>
      </properties>
      <testcase name="Test Cases/Profile/Update Profile" classname="Test Cases/Profile/Update Profile" status="FAILED">
         <failure type="FAILED" message="Unable to select option by value 'number:101' of object 'Object Repository/Profile/Profile Page/Department'  (Root cause: org.openqa.selenium.NoSuchElementException: Cannot locate option with value: number:101
For documentation on this error, please visit: http://seleniumhq.org/exceptions/no_such_element.html
Build info: version: '3.7.1', revision: '8a0099a', time: '2017-11-06T21:07:36.161Z'
System info: host: 'DESKTOP-IA8CIQG', ip: '192.168.1.101', os.name: 'Windows 10', os.arch: 'amd64', os.version: '10.0', java.version: '1.8.0_102'
Driver info: driver.version: unknown)"/>
         <system-out><![CDATA[2017-12-04 15:55:00 - [TEST_CASE][FAILED] - Test Cases/Profile/Update Profile: Test Cases/Profile/Update Profile FAILED because (of) Unable to select option by value 'number:101' of object 'Object Repository/Profile/Profile Page/Department'  (Root cause: org.openqa.selenium.NoSuchElementException: Cannot locate option with value: number:101
For documentation on this error, please visit: http://seleniumhq.org/exceptions/no_such_element.html
Build info: version: '3.7.1', revision: '8a0099a', time: '2017-11-06T21:07:36.161Z'
System info: host: 'DESKTOP-IA8CIQG', ip: '192.168.1.101', os.name: 'Windows 10', os.arch: 'amd64', os.version: '10.0', java.version: '1.8.0_102'
Driver info: driver.version: unknown)

2017-12-04 15:55:01 - [TEST_STEP][PASSED] - callTestCase: Call Test Case 'Test Cases/Common/User Login' successfully

2017-12-04 15:55:01 - [TEST_CASE][PASSED] - Test Cases/Common/User Login: Test Cases/Common/User Login

2017-12-04 15:55:02 - [TEST_STEP][PASSED] - openBrowser: Browser is opened with url: 'https://sandbox.vsms.tezzasolutions.com/index'

2017-12-04 15:55:59 - [MESSAGE][PASSED] - Browser is opened with url: 'https://sandbox.vsms.tezzasolutions.com/index'

2017-12-04 15:55:59 - [TEST_STEP][PASSED] - maximizeWindow: Current window maximized

2017-12-04 15:56:01 - [MESSAGE][PASSED] - Current window maximized

2017-12-04 15:56:01 - [TEST_STEP][PASSED] - click: Object: 'Object Repository/login/a_Log in' is clicked on

2017-12-04 15:56:08 - [MESSAGE][PASSED] - Object: 'Object Repository/login/a_Log in' is clicked on

2017-12-04 15:56:08 - [TEST_STEP][PASSED] - setText: Text 'stella.ireri@tezzasolutions.com' is set on object 'Object Repository/login/input_email'

2017-12-04 15:56:08 - [MESSAGE][PASSED] - Text 'stella.ireri@tezzasolutions.com' is set on object 'Object Repository/login/input_email'

2017-12-04 15:56:08 - [TEST_STEP][PASSED] - verifyElementPresent: Object 'Object Repository/Page_Visitor Security Management Sy/VSMS  Sign In' is present

2017-12-04 15:56:08 - [MESSAGE][PASSED] - Object 'Object Repository/Page_Visitor Security Management Sy/VSMS  Sign In' is present

2017-12-04 15:56:08 - [TEST_STEP][PASSED] - setText: Text '!qwerty123' is set on object 'Object Repository/login/input_password'

2017-12-04 15:56:08 - [MESSAGE][PASSED] - Text '!qwerty123' is set on object 'Object Repository/login/input_password'

2017-12-04 15:56:08 - [TEST_STEP][PASSED] - verifyElementClickable: Object 'Object Repository/login/button_Login' is clickable

2017-12-04 15:56:08 - [MESSAGE][PASSED] - Object 'Object Repository/login/button_Login' is clickable

2017-12-04 15:56:08 - [TEST_STEP][PASSED] - click: Object: 'Object Repository/login/button_Login' is clicked on

2017-12-04 15:56:25 - [MESSAGE][PASSED] - Object: 'Object Repository/login/button_Login' is clicked on

2017-12-04 15:56:25 - [MESSAGE][PASSED] - Call Test Case 'Test Cases/Common/User Login' successfully

2017-12-04 15:56:25 - [TEST_STEP][PASSED] - maximizeWindow: Current window maximized

2017-12-04 15:56:25 - [MESSAGE][PASSED] - Current window maximized

2017-12-04 15:56:25 - [TEST_STEP][PASSED] - callTestCase: Call Test Case 'Test Cases/Profile/Profile Menu' successfully

2017-12-04 15:56:25 - [TEST_CASE][PASSED] - Test Cases/Profile/Profile Menu: Test Cases/Profile/Profile Menu

2017-12-04 15:56:25 - [TEST_STEP][PASSED] - click: Object: 'Object Repository/Profile/Nav Bar/a_dropdown-toggle' is clicked on

2017-12-04 15:56:25 - [MESSAGE][PASSED] - Object: 'Object Repository/Profile/Nav Bar/a_dropdown-toggle' is clicked on

2017-12-04 15:56:25 - [TEST_STEP][PASSED] - click: Object: 'Object Repository/Profile/Nav Bar/a_My Profile' is clicked on

2017-12-04 15:56:37 - [MESSAGE][PASSED] - Object: 'Object Repository/Profile/Nav Bar/a_My Profile' is clicked on

2017-12-04 15:56:37 - [MESSAGE][PASSED] - Call Test Case 'Test Cases/Profile/Profile Menu' successfully

2017-12-04 15:56:37 - [TEST_STEP][PASSED] - selectOptionByValue: All options with value 'Mr' are selected in object 'Object Repository/Profile/Profile Page/select_title' 

2017-12-04 15:56:37 - [MESSAGE][PASSED] - All options with value 'Mr' are selected in object 'Object Repository/Profile/Profile Page/select_title' 

2017-12-04 15:56:37 - [TEST_STEP][PASSED] - setText: Text 'Madiba' is set on object 'Object Repository/Profile/Profile Page/FirstName'

2017-12-04 15:56:37 - [MESSAGE][PASSED] - Text 'Madiba' is set on object 'Object Repository/Profile/Profile Page/FirstName'

2017-12-04 15:56:37 - [TEST_STEP][PASSED] - setText: Text 'Mandela' is set on object 'Object Repository/Profile/Profile Page/LastName'

2017-12-04 15:56:37 - [MESSAGE][PASSED] - Text 'Mandela' is set on object 'Object Repository/Profile/Profile Page/LastName'

2017-12-04 15:56:37 - [TEST_STEP][PASSED] - setText: Text 'Tester' is set on object 'Object Repository/Profile/Profile Page/Job Title'

2017-12-04 15:56:38 - [MESSAGE][PASSED] - Text 'Tester' is set on object 'Object Repository/Profile/Profile Page/Job Title'

2017-12-04 15:56:38 - [TEST_STEP][FAILED] - selectOptionByValue: Unable to select option by value 'number:101' of object 'Object Repository/Profile/Profile Page/Department'  (Root cause: org.openqa.selenium.NoSuchElementException: Cannot locate option with value: number:101
For documentation on this error, please visit: http://seleniumhq.org/exceptions/no_such_element.html
Build info: version: '3.7.1', revision: '8a0099a', time: '2017-11-06T21:07:36.161Z'
System info: host: 'DESKTOP-IA8CIQG', ip: '192.168.1.101', os.name: 'Windows 10', os.arch: 'amd64', os.version: '10.0', java.version: '1.8.0_102'
Driver info: driver.version: unknown)

2017-12-04 15:56:38 - [MESSAGE][FAILED] - Unable to select option by value 'number:101' of object 'Object Repository/Profile/Profile Page/Department'  (Root cause: org.openqa.selenium.NoSuchElementException: Cannot locate option with value: number:101
For documentation on this error, please visit: http://seleniumhq.org/exceptions/no_such_element.html
Build info: version: '3.7.1', revision: '8a0099a', time: '2017-11-06T21:07:36.161Z'
System info: host: 'DESKTOP-IA8CIQG', ip: '192.168.1.101', os.name: 'Windows 10', os.arch: 'amd64', os.version: '10.0', java.version: '1.8.0_102'
Driver info: driver.version: unknown)
[[ATTACHMENT|C:\\Users\\Dennis Gituto\\git\\VSMS-Test-Automation\\Reports\\Profile\\Update Profile\\20171204_155458\\1512392198200.png]]

2017-12-04 15:56:38 - [TEST_STEP][PASSED] - setText: Text '0725165229' is set on object 'Object Repository/Profile/Profile Page/Phone'

2017-12-04 15:56:39 - [MESSAGE][PASSED] - Text '0725165229' is set on object 'Object Repository/Profile/Profile Page/Phone'

2017-12-04 15:56:39 - [TEST_STEP][PASSED] - setText: Text '0725167892' is set on object 'Object Repository/Profile/Profile Page/Alt Phone'

2017-12-04 15:56:39 - [MESSAGE][PASSED] - Text '0725167892' is set on object 'Object Repository/Profile/Profile Page/Alt Phone'

2017-12-04 15:56:39 - [TEST_STEP][PASSED] - setText: Text 'dennisgituto@yahoo.com' is set on object 'Object Repository/Profile/Profile Page/Alt Email'

2017-12-04 15:56:39 - [MESSAGE][PASSED] - Text 'dennisgituto@yahoo.com' is set on object 'Object Repository/Profile/Profile Page/Alt Email'

2017-12-04 15:56:39 - [TEST_STEP][PASSED] - setText: Text '6789' is set on object 'Object Repository/Profile/Profile Page/Address 1'

2017-12-04 15:56:39 - [MESSAGE][PASSED] - Text '6789' is set on object 'Object Repository/Profile/Profile Page/Address 1'

2017-12-04 15:56:39 - [TEST_STEP][FAILED] - setText: Unable to set text '12345' of object 'Object Repository/Profile/Profile Page/Address 2' (Root cause: com.kms.katalon.core.webui.exception.WebElementNotFoundException: Web element with id: 'Object Repository/Profile/Profile Page/Address 2' located by 'By.xpath: //textarea[count(. | //*[@name = 'last_name']) = count(//*[@name = 'last_name'])][count(. | //*[@type = 'text']) = count(//*[@type = 'text'])]' not found)

2017-12-04 15:57:11 - [MESSAGE][FAILED] - Unable to set text '12345' of object 'Object Repository/Profile/Profile Page/Address 2' (Root cause: com.kms.katalon.core.webui.exception.WebElementNotFoundException: Web element with id: 'Object Repository/Profile/Profile Page/Address 2' located by 'By.xpath: //textarea[count(. | //*[@name = 'last_name']) = count(//*[@name = 'last_name'])][count(. | //*[@type = 'text']) = count(//*[@type = 'text'])]' not found)
[[ATTACHMENT|C:\\Users\\Dennis Gituto\\git\\VSMS-Test-Automation\\Reports\\Profile\\Update Profile\\20171204_155458\\1512392231170.png]]

2017-12-04 15:57:11 - [TEST_STEP][PASSED] - setText: Text 'Nairobi' is set on object 'Object Repository/Profile/Profile Page/City'

2017-12-04 15:57:11 - [MESSAGE][PASSED] - Text 'Nairobi' is set on object 'Object Repository/Profile/Profile Page/City'

2017-12-04 15:57:11 - [TEST_STEP][PASSED] - selectOptionByValue: All options with value 'Kenya' are selected in object 'Object Repository/Profile/Profile Page/Country' 

2017-12-04 15:57:11 - [MESSAGE][PASSED] - All options with value 'Kenya' are selected in object 'Object Repository/Profile/Profile Page/Country' 

2017-12-04 15:57:11 - [TEST_STEP][FAILED] - selectOptionByValue: Unable to select option by value 'Nairobi' of object 'Object Repository/Profile/Profile Page/State'  (Root cause: org.openqa.selenium.NoSuchElementException: Cannot locate option with value: Nairobi
For documentation on this error, please visit: http://seleniumhq.org/exceptions/no_such_element.html
Build info: version: '3.7.1', revision: '8a0099a', time: '2017-11-06T21:07:36.161Z'
System info: host: 'DESKTOP-IA8CIQG', ip: '192.168.1.101', os.name: 'Windows 10', os.arch: 'amd64', os.version: '10.0', java.version: '1.8.0_102'
Driver info: driver.version: unknown)

2017-12-04 15:57:12 - [MESSAGE][FAILED] - Unable to select option by value 'Nairobi' of object 'Object Repository/Profile/Profile Page/State'  (Root cause: org.openqa.selenium.NoSuchElementException: Cannot locate option with value: Nairobi
For documentation on this error, please visit: http://seleniumhq.org/exceptions/no_such_element.html
Build info: version: '3.7.1', revision: '8a0099a', time: '2017-11-06T21:07:36.161Z'
System info: host: 'DESKTOP-IA8CIQG', ip: '192.168.1.101', os.name: 'Windows 10', os.arch: 'amd64', os.version: '10.0', java.version: '1.8.0_102'
Driver info: driver.version: unknown)
[[ATTACHMENT|C:\\Users\\Dennis Gituto\\git\\VSMS-Test-Automation\\Reports\\Profile\\Update Profile\\20171204_155458\\1512392231994.png]]

2017-12-04 15:57:12 - [TEST_STEP][PASSED] - delay: Delayed 5 second(s)

2017-12-04 15:57:17 - [MESSAGE][PASSED] - Delayed 5 second(s)

2017-12-04 15:57:17 - [TEST_STEP][PASSED] - click: Object: 'Object Repository/Profile/Profile Page/button_Update' is clicked on

2017-12-04 15:57:17 - [MESSAGE][PASSED] - Object: 'Object Repository/Profile/Profile Page/button_Update' is clicked on

2017-12-04 15:57:17 - [TEST_STEP][PASSED] - delay: Delayed 5 second(s)

2017-12-04 15:57:22 - [MESSAGE][PASSED] - Delayed 5 second(s)

2017-12-04 15:57:22 - [TEST_STEP][PASSED] - verifyElementVisible: Object 'Object Repository/Profile/Verify Update Profile/Profile Update Verification' is visible

2017-12-04 15:57:22 - [MESSAGE][PASSED] - Object 'Object Repository/Profile/Verify Update Profile/Profile Update Verification' is visible

2017-12-04 15:57:22 - [TEST_STEP][PASSED] - delay: Delayed 3 second(s)

2017-12-04 15:57:25 - [MESSAGE][PASSED] - Delayed 3 second(s)

2017-12-04 15:57:25 - [TEST_STEP][PASSED] - closeBrowser: Browser is closed

2017-12-04 15:57:26 - [MESSAGE][PASSED] - Browser is closed]]></system-out>
         <system-err><![CDATA[2017-12-04 15:55:00 - [TEST_CASE][FAILED] - Test Cases/Profile/Update Profile: Test Cases/Profile/Update Profile FAILED because (of) Unable to select option by value 'number:101' of object 'Object Repository/Profile/Profile Page/Department'  (Root cause: org.openqa.selenium.NoSuchElementException: Cannot locate option with value: number:101
For documentation on this error, please visit: http://seleniumhq.org/exceptions/no_such_element.html
Build info: version: '3.7.1', revision: '8a0099a', time: '2017-11-06T21:07:36.161Z'
System info: host: 'DESKTOP-IA8CIQG', ip: '192.168.1.101', os.name: 'Windows 10', os.arch: 'amd64', os.version: '10.0', java.version: '1.8.0_102'
Driver info: driver.version: unknown)]]></system-err>
      </testcase>
      <system-out><![CDATA[2017-12-04 15:55:00 - [TEST_SUITE][FAILED] - Update Profile: Test Cases/Profile/Update Profile FAILED because (of) Unable to select option by value 'number:101' of object 'Object Repository/Profile/Profile Page/Department'  (Root cause: org.openqa.selenium.NoSuchElementException: Cannot locate option with value: number:101
For documentation on this error, please visit: http://seleniumhq.org/exceptions/no_such_element.html
Build info: version: '3.7.1', revision: '8a0099a', time: '2017-11-06T21:07:36.161Z'
System info: host: 'DESKTOP-IA8CIQG', ip: '192.168.1.101', os.name: 'Windows 10', os.arch: 'amd64', os.version: '10.0', java.version: '1.8.0_102'
Driver info: driver.version: unknown)]]></system-out>
      <system-err><![CDATA[2017-12-04 15:55:00 - [TEST_SUITE][FAILED] - Update Profile: Test Cases/Profile/Update Profile FAILED because (of) Unable to select option by value 'number:101' of object 'Object Repository/Profile/Profile Page/Department'  (Root cause: org.openqa.selenium.NoSuchElementException: Cannot locate option with value: number:101
For documentation on this error, please visit: http://seleniumhq.org/exceptions/no_such_element.html
Build info: version: '3.7.1', revision: '8a0099a', time: '2017-11-06T21:07:36.161Z'
System info: host: 'DESKTOP-IA8CIQG', ip: '192.168.1.101', os.name: 'Windows 10', os.arch: 'amd64', os.version: '10.0', java.version: '1.8.0_102'
Driver info: driver.version: unknown)]]></system-err>
   </testsuite>
</testsuites>
