{"devicePlatform":"","logFolder":"C:\\Users\\Gituto Nyawira\\git\\VSMS-Test-Automation\\Reports\\Profile\\Update Profile\\20171012_140103","runData":{"hostName":"Gituto Nyawira - Gituto-PC","hostAddress":"192.168.43.189","os":"Windows 10 64bit","katalonVersion":"4.8.0.2"},"type":"TEST_SUITE","name":"Update Profile","id":"Test Suites/Profile/Update Profile","source":"","message":"Test Cases/Profile/Update Profile FAILED because (of) Variable \u0027var_URL\u0027 is not defined for test case.","description":"Updating Profile","startTime":1507806071034,"endTime":1507806074738,"childRecords":[{"isOptional":false,"type":"TEST_CASE","name":"Test Cases/Profile/Update Profile - Iteration 1","id":"Test Cases/Profile/Update Profile","source":"C:\\\\Users\\\\Gituto Nyawira\\\\git\\\\VSMS-Test-AutomationTest Cases\\\\Profile\\\\Update Profile.tc","message":"Test Cases/Profile/Update Profile FAILED because (of) Variable \u0027var_URL\u0027 is not defined for test case.","description":"Update profile, Excluding the Profile Pic","startTime":1507806071902,"endTime":1507806073900,"childRecords":[{"testStatus":{"stackTrace":"","statusValue":"INFO"},"type":"MESSAGE","name":"","message":"Evaluating variables for test case","startTime":1507806072410,"endTime":0,"childRecords":[],"interuppted":false},{"testStatus":{"stackTrace":"","statusValue":"INFO"},"type":"MESSAGE","name":"","message":"Variable \u0027var_firstName\u0027 is set to Madiba","startTime":1507806072761,"endTime":0,"childRecords":[],"interuppted":false},{"testStatus":{"stackTrace":"","statusValue":"INFO"},"type":"MESSAGE","name":"","message":"Variable \u0027var_lastName\u0027 is set to Mandela","startTime":1507806072762,"endTime":0,"childRecords":[],"interuppted":false},{"testStatus":{"stackTrace":"","statusValue":"INFO"},"type":"MESSAGE","name":"","message":"Variable \u0027var_jobTitle\u0027 is set to Tester","startTime":1507806072763,"endTime":0,"childRecords":[],"interuppted":false},{"testStatus":{"stackTrace":"","statusValue":"INFO"},"type":"MESSAGE","name":"","message":"Variable \u0027var_phone\u0027 is set to 0725165229","startTime":1507806072763,"endTime":0,"childRecords":[],"interuppted":false},{"testStatus":{"stackTrace":"","statusValue":"INFO"},"type":"MESSAGE","name":"","message":"Variable \u0027var_altPhone\u0027 is set to 0725167892","startTime":1507806072765,"endTime":0,"childRecords":[],"interuppted":false},{"testStatus":{"stackTrace":"","statusValue":"INFO"},"type":"MESSAGE","name":"","message":"Variable \u0027var_address2\u0027 is set to 1234","startTime":1507806072769,"endTime":0,"childRecords":[],"interuppted":false},{"testStatus":{"stackTrace":"","statusValue":"INFO"},"type":"MESSAGE","name":"","message":"Variable \u0027var_altEmail\u0027 is set to dennisgituto@yahoo.com","startTime":1507806072769,"endTime":0,"childRecords":[],"interuppted":false},{"testStatus":{"stackTrace":"","statusValue":"INFO"},"type":"MESSAGE","name":"","message":"Variable \u0027var_address1\u0027 is set to 6789","startTime":1507806072772,"endTime":0,"childRecords":[],"interuppted":false},{"testStatus":{"stackTrace":"","statusValue":"INFO"},"type":"MESSAGE","name":"","message":"Variable \u0027var_city\u0027 is set to Nairobi","startTime":1507806072774,"endTime":0,"childRecords":[],"interuppted":false},{"index":1,"isIgnoredIfFailed":false,"type":"TEST_STEP","name":"callTestCase","message":"Unable to call Test Case with id \u0027Test Cases/LOGIN\u0027 (Root cause: Call Test Case \u0027Test Cases/LOGIN\u0027 failed because of error(s))","description":"","startTime":1507806073403,"endTime":1507806073884,"childRecords":[{"isOptional":false,"type":"TEST_CASE","name":"Test Cases/LOGIN","id":"Test Cases/LOGIN","source":"C:\\\\Users\\\\Gituto Nyawira\\\\git\\\\VSMS-Test-AutomationTest Cases\\\\LOGIN.tc","message":"Test Cases/LOGIN FAILED because (of) Variable \u0027var_URL\u0027 is not defined for test case.","description":"authenticating a VSMS user","startTime":1507806073571,"endTime":1507806073873,"childRecords":[{"testStatus":{"stackTrace":"","statusValue":"INFO"},"type":"MESSAGE","name":"","message":"Evaluating variables for test case","startTime":1507806073592,"endTime":0,"childRecords":[],"interuppted":false},{"index":1,"isIgnoredIfFailed":false,"type":"TEST_STEP","name":"openBrowser","description":"","startTime":1507806073837,"endTime":1507806073843,"childRecords":[],"interuppted":false},{"testStatus":{"stackTrace":"","statusValue":"ERROR"},"type":"MESSAGE","name":"","message":"Test Cases/LOGIN FAILED because (of) Variable \u0027var_URL\u0027 is not defined for test case.","startTime":1507806073855,"endTime":0,"childRecords":[],"interuppted":false}],"interuppted":false},{"testStatus":{"stackTrace":"","statusValue":"FAILED"},"type":"MESSAGE","name":"","message":"Unable to call Test Case with id \u0027Test Cases/LOGIN\u0027 (Root cause: Call Test Case \u0027Test Cases/LOGIN\u0027 failed because of error(s))","startTime":1507806073881,"endTime":0,"childRecords":[],"interuppted":false}],"interuppted":false},{"testStatus":{"stackTrace":"","statusValue":"ERROR"},"type":"MESSAGE","name":"","message":"Test Cases/Profile/Update Profile FAILED because (of) Variable \u0027var_URL\u0027 is not defined for test case.","startTime":1507806073888,"endTime":0,"childRecords":[],"interuppted":false}],"interuppted":false},{"isOptional":false,"type":"TEST_CASE","name":"Test Cases/Profile/Update Profile - Iteration 2","id":"Test Cases/Profile/Update Profile","source":"C:\\\\Users\\\\Gituto Nyawira\\\\git\\\\VSMS-Test-AutomationTest Cases\\\\Profile\\\\Update Profile.tc","message":"Test Cases/Profile/Update Profile FAILED because (of) Variable \u0027var_URL\u0027 is not defined for test case.","description":"Update profile, Excluding the Profile Pic","startTime":1507806073960,"endTime":1507806074129,"childRecords":[{"testStatus":{"stackTrace":"","statusValue":"INFO"},"type":"MESSAGE","name":"","message":"Evaluating variables for test case","startTime":1507806073996,"endTime":0,"childRecords":[],"interuppted":false},{"testStatus":{"stackTrace":"","statusValue":"INFO"},"type":"MESSAGE","name":"","message":"Variable \u0027var_firstName\u0027 is set to ","startTime":1507806073997,"endTime":0,"childRecords":[],"interuppted":false},{"testStatus":{"stackTrace":"","statusValue":"INFO"},"type":"MESSAGE","name":"","message":"Variable \u0027var_lastName\u0027 is set to ","startTime":1507806073997,"endTime":0,"childRecords":[],"interuppted":false},{"testStatus":{"stackTrace":"","statusValue":"INFO"},"type":"MESSAGE","name":"","message":"Variable \u0027var_jobTitle\u0027 is set to ","startTime":1507806073998,"endTime":0,"childRecords":[],"interuppted":false},{"testStatus":{"stackTrace":"","statusValue":"INFO"},"type":"MESSAGE","name":"","message":"Variable \u0027var_phone\u0027 is set to ","startTime":1507806073998,"endTime":0,"childRecords":[],"interuppted":false},{"testStatus":{"stackTrace":"","statusValue":"INFO"},"type":"MESSAGE","name":"","message":"Variable \u0027var_altPhone\u0027 is set to ","startTime":1507806073999,"endTime":0,"childRecords":[],"interuppted":false},{"testStatus":{"stackTrace":"","statusValue":"INFO"},"type":"MESSAGE","name":"","message":"Variable \u0027var_address2\u0027 is set to ","startTime":1507806073999,"endTime":0,"childRecords":[],"interuppted":false},{"testStatus":{"stackTrace":"","statusValue":"INFO"},"type":"MESSAGE","name":"","message":"Variable \u0027var_altEmail\u0027 is set to ","startTime":1507806074000,"endTime":0,"childRecords":[],"interuppted":false},{"testStatus":{"stackTrace":"","statusValue":"INFO"},"type":"MESSAGE","name":"","message":"Variable \u0027var_address1\u0027 is set to ","startTime":1507806074001,"endTime":0,"childRecords":[],"interuppted":false},{"testStatus":{"stackTrace":"","statusValue":"INFO"},"type":"MESSAGE","name":"","message":"Variable \u0027var_city\u0027 is set to ","startTime":1507806074001,"endTime":0,"childRecords":[],"interuppted":false},{"index":1,"isIgnoredIfFailed":false,"type":"TEST_STEP","name":"callTestCase","message":"Unable to call Test Case with id \u0027Test Cases/LOGIN\u0027 (Root cause: Call Test Case \u0027Test Cases/LOGIN\u0027 failed because of error(s))","description":"","startTime":1507806074003,"endTime":1507806074125,"childRecords":[{"isOptional":false,"type":"TEST_CASE","name":"Test Cases/LOGIN","id":"Test Cases/LOGIN","source":"C:\\\\Users\\\\Gituto Nyawira\\\\git\\\\VSMS-Test-AutomationTest Cases\\\\LOGIN.tc","message":"Test Cases/LOGIN FAILED because (of) Variable \u0027var_URL\u0027 is not defined for test case.","description":"authenticating a VSMS user","startTime":1507806074063,"endTime":1507806074123,"childRecords":[{"testStatus":{"stackTrace":"","statusValue":"INFO"},"type":"MESSAGE","name":"","message":"Evaluating variables for test case","startTime":1507806074118,"endTime":0,"childRecords":[],"interuppted":false},{"index":1,"isIgnoredIfFailed":false,"type":"TEST_STEP","name":"openBrowser","description":"","startTime":1507806074120,"endTime":1507806074121,"childRecords":[],"interuppted":false},{"testStatus":{"stackTrace":"","statusValue":"ERROR"},"type":"MESSAGE","name":"","message":"Test Cases/LOGIN FAILED because (of) Variable \u0027var_URL\u0027 is not defined for test case.","startTime":1507806074121,"endTime":0,"childRecords":[],"interuppted":false}],"interuppted":false},{"testStatus":{"stackTrace":"","statusValue":"FAILED"},"type":"MESSAGE","name":"","message":"Unable to call Test Case with id \u0027Test Cases/LOGIN\u0027 (Root cause: Call Test Case \u0027Test Cases/LOGIN\u0027 failed because of error(s))","startTime":1507806074124,"endTime":0,"childRecords":[],"interuppted":false}],"interuppted":false},{"testStatus":{"stackTrace":"","statusValue":"ERROR"},"type":"MESSAGE","name":"","message":"Test Cases/Profile/Update Profile FAILED because (of) Variable \u0027var_URL\u0027 is not defined for test case.","startTime":1507806074128,"endTime":0,"childRecords":[],"interuppted":false}],"interuppted":false}],"interuppted":false}