{"devicePlatform":"","logFolder":"C:\\Users\\Gituto Nyawira\\git\\VSMS-Test-Automation\\Reports\\Profile\\Update Profile\\20171106_102930","runData":{"hostName":"Gituto Nyawira - Gituto-PC","os":"Windows 10 64bit","katalonVersion":"5.0.0.1","browser":"Chrome 61.0.3163.100","hostAddress":"192.168.1.111","sessionId":"40acbd0323dc01f4ddffd5f8973c0eb0","seleniumVersion":"2.53.0","proxyInformation":"ProxyInformation{proxyOption\u003dNO_PROXY, proxyServerType\u003dHTTP, password\u003d, proxyServerAddress\u003d, proxyServerPort\u003d0}","platform":"Windows 10"},"type":"TEST_SUITE","name":"Update Profile","id":"Test Suites/Profile/Update Profile","source":"","message":"Test Cases/Profile/Update Profile FAILED because (of) Unable to select option by value \u0027number:101\u0027 of object \u0027Object Repository/Profile/Profile Page/Department\u0027  (Root cause: org.openqa.selenium.NoSuchElementException: Cannot locate option with value: number:101\nFor documentation on this error, please visit: http://seleniumhq.org/exceptions/no_such_element.html\nBuild info: version: \u00272.53.0\u0027, revision: \u002735ae25b\u0027, time: \u00272016-03-15 17:00:58\u0027\nSystem info: host: \u0027Gituto-PC\u0027, ip: \u0027192.168.1.111\u0027, os.name: \u0027Windows 10\u0027, os.arch: \u0027amd64\u0027, os.version: \u002710.0\u0027, java.version: \u00271.8.0_102\u0027\nDriver info: driver.version: unknown)","description":"Update User\u0027s Profile","startTime":1509953375920,"endTime":1509953529338,"childRecords":[{"isOptional":false,"type":"TEST_CASE","name":"Test Cases/Profile/Update Profile","id":"Test Cases/Profile/Update Profile","source":"C:\\\\Users\\\\Gituto Nyawira\\\\git\\\\VSMS-Test-AutomationTest Cases\\\\Profile\\\\Update Profile.tc","message":"Test Cases/Profile/Update Profile FAILED because (of) Unable to select option by value \u0027number:101\u0027 of object \u0027Object Repository/Profile/Profile Page/Department\u0027  (Root cause: org.openqa.selenium.NoSuchElementException: Cannot locate option with value: number:101\nFor documentation on this error, please visit: http://seleniumhq.org/exceptions/no_such_element.html\nBuild info: version: \u00272.53.0\u0027, revision: \u002735ae25b\u0027, time: \u00272016-03-15 17:00:58\u0027\nSystem info: host: \u0027Gituto-PC\u0027, ip: \u0027192.168.1.111\u0027, os.name: \u0027Windows 10\u0027, os.arch: \u0027amd64\u0027, os.version: \u002710.0\u0027, java.version: \u00271.8.0_102\u0027\nDriver info: driver.version: unknown)","description":"Update User\u0027s Profile","startTime":1509953376601,"endTime":1509953529071,"childRecords":[{"testStatus":{"stackTrace":"","statusValue":"INFO"},"type":"MESSAGE","name":"","message":"Evaluating variables for test case","startTime":1509953376973,"endTime":0,"childRecords":[],"interuppted":false},{"testStatus":{"stackTrace":"","statusValue":"INFO"},"type":"MESSAGE","name":"","message":"Variable \u0027var_firstName\u0027 is set to Madiba","startTime":1509953377059,"endTime":0,"childRecords":[],"interuppted":false},{"testStatus":{"stackTrace":"","statusValue":"INFO"},"type":"MESSAGE","name":"","message":"Variable \u0027var_lastName\u0027 is set to Mandela","startTime":1509953377060,"endTime":0,"childRecords":[],"interuppted":false},{"testStatus":{"stackTrace":"","statusValue":"INFO"},"type":"MESSAGE","name":"","message":"Variable \u0027var_jobTitle\u0027 is set to Tester","startTime":1509953377062,"endTime":0,"childRecords":[],"interuppted":false},{"testStatus":{"stackTrace":"","statusValue":"INFO"},"type":"MESSAGE","name":"","message":"Variable \u0027var_phone\u0027 is set to 0725165229","startTime":1509953377063,"endTime":0,"childRecords":[],"interuppted":false},{"testStatus":{"stackTrace":"","statusValue":"INFO"},"type":"MESSAGE","name":"","message":"Variable \u0027var_altPhone\u0027 is set to 0725167892","startTime":1509953377064,"endTime":0,"childRecords":[],"interuppted":false},{"testStatus":{"stackTrace":"","statusValue":"INFO"},"type":"MESSAGE","name":"","message":"Variable \u0027var_altEmail\u0027 is set to dennisgituto@yahoo.com","startTime":1509953377064,"endTime":0,"childRecords":[],"interuppted":false},{"testStatus":{"stackTrace":"","statusValue":"INFO"},"type":"MESSAGE","name":"","message":"Variable \u0027var_address1\u0027 is set to 6789","startTime":1509953377065,"endTime":0,"childRecords":[],"interuppted":false},{"testStatus":{"stackTrace":"","statusValue":"INFO"},"type":"MESSAGE","name":"","message":"Variable \u0027var_address2\u0027 is set to 12345","startTime":1509953377065,"endTime":0,"childRecords":[],"interuppted":false},{"testStatus":{"stackTrace":"","statusValue":"INFO"},"type":"MESSAGE","name":"","message":"Variable \u0027var_city\u0027 is set to Nairobi","startTime":1509953377066,"endTime":0,"childRecords":[],"interuppted":false},{"index":1,"isIgnoredIfFailed":false,"type":"TEST_STEP","name":"callTestCase","message":"Call Test Case \u0027Test Cases/Common/User Login\u0027 successfully","description":"","startTime":1509953377735,"endTime":1509953452866,"childRecords":[{"isOptional":false,"type":"TEST_CASE","name":"Test Cases/Common/User Login","id":"Test Cases/Common/User Login","source":"C:\\\\Users\\\\Gituto Nyawira\\\\git\\\\VSMS-Test-AutomationTest Cases\\\\Common\\\\User Login.tc","message":"Test Cases/Common/User Login","description":"authenticating a VSMS user","startTime":1509953377941,"endTime":1509953452842,"childRecords":[{"testStatus":{"stackTrace":"","statusValue":"INFO"},"type":"MESSAGE","name":"","message":"Evaluating variables for test case","startTime":1509953377984,"endTime":0,"childRecords":[],"interuppted":false},{"index":1,"isIgnoredIfFailed":false,"type":"TEST_STEP","name":"openBrowser","message":"Browser is opened with url: \u0027https://sandbox.vsms.tezzasolutions.com/index\u0027","description":"","startTime":1509953378290,"endTime":1509953422838,"childRecords":[{"testStatus":{"stackTrace":"","statusValue":"PASSED"},"type":"MESSAGE","name":"","message":"Browser is opened with url: \u0027https://sandbox.vsms.tezzasolutions.com/index\u0027","startTime":1509953422836,"endTime":0,"childRecords":[],"interuppted":false}],"interuppted":false},{"index":2,"isIgnoredIfFailed":false,"type":"TEST_STEP","name":"maximizeWindow","message":"Current window maximized","description":"","startTime":1509953422839,"endTime":1509953424133,"childRecords":[{"testStatus":{"stackTrace":"","statusValue":"PASSED"},"type":"MESSAGE","name":"","message":"Current window maximized","startTime":1509953424130,"endTime":0,"childRecords":[],"interuppted":false}],"interuppted":false},{"index":3,"isIgnoredIfFailed":false,"type":"TEST_STEP","name":"click","message":"Object: \u0027Object Repository/login/a_Log in\u0027 is clicked on","description":"","startTime":1509953424135,"endTime":1509953434939,"childRecords":[{"testStatus":{"stackTrace":"","statusValue":"PASSED"},"type":"MESSAGE","name":"","message":"Object: \u0027Object Repository/login/a_Log in\u0027 is clicked on","startTime":1509953434938,"endTime":0,"childRecords":[],"interuppted":false}],"interuppted":false},{"index":4,"isIgnoredIfFailed":false,"type":"TEST_STEP","name":"setText","message":"Text \u0027clarinenyauncho@gmail.com\u0027 is set on object \u0027Object Repository/login/input_email\u0027","description":"","startTime":1509953434940,"endTime":1509953435649,"childRecords":[{"testStatus":{"stackTrace":"","statusValue":"PASSED"},"type":"MESSAGE","name":"","message":"Text \u0027clarinenyauncho@gmail.com\u0027 is set on object \u0027Object Repository/login/input_email\u0027","startTime":1509953435648,"endTime":0,"childRecords":[],"interuppted":false}],"interuppted":false},{"index":5,"isIgnoredIfFailed":false,"type":"TEST_STEP","name":"verifyElementPresent","message":"Object \u0027Object Repository/Page_Visitor Security Management Sy/VSMS  Sign In\u0027 is present","description":"","startTime":1509953435649,"endTime":1509953435827,"childRecords":[{"testStatus":{"stackTrace":"","statusValue":"PASSED"},"type":"MESSAGE","name":"","message":"Object \u0027Object Repository/Page_Visitor Security Management Sy/VSMS  Sign In\u0027 is present","startTime":1509953435826,"endTime":0,"childRecords":[],"interuppted":false}],"interuppted":false},{"index":6,"isIgnoredIfFailed":false,"type":"TEST_STEP","name":"setText","message":"Text \u0027changeme\u0027 is set on object \u0027Object Repository/login/input_password\u0027","description":"","startTime":1509953435827,"endTime":1509953436832,"childRecords":[{"testStatus":{"stackTrace":"","statusValue":"PASSED"},"type":"MESSAGE","name":"","message":"Text \u0027changeme\u0027 is set on object \u0027Object Repository/login/input_password\u0027","startTime":1509953436831,"endTime":0,"childRecords":[],"interuppted":false}],"interuppted":false},{"index":7,"isIgnoredIfFailed":false,"type":"TEST_STEP","name":"verifyElementClickable","message":"Object \u0027Object Repository/login/button_Login\u0027 is clickable","description":"","startTime":1509953436833,"endTime":1509953436966,"childRecords":[{"testStatus":{"stackTrace":"","statusValue":"PASSED"},"type":"MESSAGE","name":"","message":"Object \u0027Object Repository/login/button_Login\u0027 is clickable","startTime":1509953436965,"endTime":0,"childRecords":[],"interuppted":false}],"interuppted":false},{"index":8,"isIgnoredIfFailed":false,"type":"TEST_STEP","name":"click","message":"Object: \u0027Object Repository/login/button_Login\u0027 is clicked on","description":"","startTime":1509953436966,"endTime":1509953452840,"childRecords":[{"testStatus":{"stackTrace":"","statusValue":"PASSED"},"type":"MESSAGE","name":"","message":"Object: \u0027Object Repository/login/button_Login\u0027 is clicked on","startTime":1509953452838,"endTime":0,"childRecords":[],"interuppted":false}],"interuppted":false},{"testStatus":{"stackTrace":"","statusValue":"PASSED"},"type":"MESSAGE","name":"","message":"Test Cases/Common/User Login","startTime":1509953452841,"endTime":0,"childRecords":[],"interuppted":false}],"interuppted":false},{"testStatus":{"stackTrace":"","statusValue":"PASSED"},"type":"MESSAGE","name":"","message":"Call Test Case \u0027Test Cases/Common/User Login\u0027 successfully","startTime":1509953452864,"endTime":0,"childRecords":[],"interuppted":false}],"interuppted":false},{"index":2,"isIgnoredIfFailed":false,"type":"TEST_STEP","name":"maximizeWindow","message":"Current window maximized","description":"","startTime":1509953452867,"endTime":1509953452895,"childRecords":[{"testStatus":{"stackTrace":"","statusValue":"PASSED"},"type":"MESSAGE","name":"","message":"Current window maximized","startTime":1509953452893,"endTime":0,"childRecords":[],"interuppted":false}],"interuppted":false},{"index":3,"isIgnoredIfFailed":false,"type":"TEST_STEP","name":"callTestCase","message":"Call Test Case \u0027Test Cases/Profile/Profile Menu\u0027 successfully","description":"","startTime":1509953452896,"endTime":1509953468746,"childRecords":[{"isOptional":false,"type":"TEST_CASE","name":"Test Cases/Profile/Profile Menu","id":"Test Cases/Profile/Profile Menu","source":"C:\\\\Users\\\\Gituto Nyawira\\\\git\\\\VSMS-Test-AutomationTest Cases\\\\Profile\\\\Profile Menu.tc","message":"Test Cases/Profile/Profile Menu","description":"Handles user Profile page common steps","startTime":1509953453013,"endTime":1509953468744,"childRecords":[{"testStatus":{"stackTrace":"","statusValue":"INFO"},"type":"MESSAGE","name":"","message":"Evaluating variables for test case","startTime":1509953453139,"endTime":0,"childRecords":[],"interuppted":false},{"index":1,"isIgnoredIfFailed":false,"type":"TEST_STEP","name":"click","message":"Object: \u0027Object Repository/Profile/Nav Bar/a_dropdown-toggle\u0027 is clicked on","description":"","startTime":1509953454332,"endTime":1509953454891,"childRecords":[{"testStatus":{"stackTrace":"","statusValue":"PASSED"},"type":"MESSAGE","name":"","message":"Object: \u0027Object Repository/Profile/Nav Bar/a_dropdown-toggle\u0027 is clicked on","startTime":1509953454889,"endTime":0,"childRecords":[],"interuppted":false}],"interuppted":false},{"index":2,"isIgnoredIfFailed":false,"type":"TEST_STEP","name":"click","message":"Object: \u0027Object Repository/Profile/Nav Bar/a_My Profile\u0027 is clicked on","description":"","startTime":1509953454892,"endTime":1509953468743,"childRecords":[{"testStatus":{"stackTrace":"","statusValue":"PASSED"},"type":"MESSAGE","name":"","message":"Object: \u0027Object Repository/Profile/Nav Bar/a_My Profile\u0027 is clicked on","startTime":1509953468742,"endTime":0,"childRecords":[],"interuppted":false}],"interuppted":false},{"testStatus":{"stackTrace":"","statusValue":"PASSED"},"type":"MESSAGE","name":"","message":"Test Cases/Profile/Profile Menu","startTime":1509953468744,"endTime":0,"childRecords":[],"interuppted":false}],"interuppted":false},{"testStatus":{"stackTrace":"","statusValue":"PASSED"},"type":"MESSAGE","name":"","message":"Call Test Case \u0027Test Cases/Profile/Profile Menu\u0027 successfully","startTime":1509953468745,"endTime":0,"childRecords":[],"interuppted":false}],"interuppted":false},{"index":4,"isIgnoredIfFailed":false,"type":"TEST_STEP","name":"selectOptionByValue","message":"All options with value \u0027Mr\u0027 are selected in object \u0027Object Repository/Profile/Profile Page/select_title\u0027 ","description":"","startTime":1509953468747,"endTime":1509953469423,"childRecords":[{"testStatus":{"stackTrace":"","statusValue":"PASSED"},"type":"MESSAGE","name":"","message":"All options with value \u0027Mr\u0027 are selected in object \u0027Object Repository/Profile/Profile Page/select_title\u0027 ","startTime":1509953469422,"endTime":0,"childRecords":[],"interuppted":false}],"interuppted":false},{"index":5,"isIgnoredIfFailed":false,"type":"TEST_STEP","name":"setText","message":"Text \u0027Madiba\u0027 is set on object \u0027Object Repository/Profile/Profile Page/FirstName\u0027","description":"","startTime":1509953469424,"endTime":1509953470095,"childRecords":[{"testStatus":{"stackTrace":"","statusValue":"PASSED"},"type":"MESSAGE","name":"","message":"Text \u0027Madiba\u0027 is set on object \u0027Object Repository/Profile/Profile Page/FirstName\u0027","startTime":1509953470093,"endTime":0,"childRecords":[],"interuppted":false}],"interuppted":false},{"index":6,"isIgnoredIfFailed":false,"type":"TEST_STEP","name":"setText","message":"Text \u0027Mandela\u0027 is set on object \u0027Object Repository/Profile/Profile Page/LastName\u0027","description":"","startTime":1509953470095,"endTime":1509953470679,"childRecords":[{"testStatus":{"stackTrace":"","statusValue":"PASSED"},"type":"MESSAGE","name":"","message":"Text \u0027Mandela\u0027 is set on object \u0027Object Repository/Profile/Profile Page/LastName\u0027","startTime":1509953470678,"endTime":0,"childRecords":[],"interuppted":false}],"interuppted":false},{"index":7,"isIgnoredIfFailed":false,"type":"TEST_STEP","name":"setText","message":"Text \u0027Tester\u0027 is set on object \u0027Object Repository/Profile/Profile Page/Job Title\u0027","description":"","startTime":1509953470680,"endTime":1509953471150,"childRecords":[{"testStatus":{"stackTrace":"","statusValue":"PASSED"},"type":"MESSAGE","name":"","message":"Text \u0027Tester\u0027 is set on object \u0027Object Repository/Profile/Profile Page/Job Title\u0027","startTime":1509953471150,"endTime":0,"childRecords":[],"interuppted":false}],"interuppted":false},{"attachment":"1509953471352.png","index":8,"isIgnoredIfFailed":false,"type":"TEST_STEP","name":"selectOptionByValue","message":"Unable to select option by value \u0027number:101\u0027 of object \u0027Object Repository/Profile/Profile Page/Department\u0027  (Root cause: org.openqa.selenium.NoSuchElementException: Cannot locate option with value: number:101\nFor documentation on this error, please visit: http://seleniumhq.org/exceptions/no_such_element.html\nBuild info: version: \u00272.53.0\u0027, revision: \u002735ae25b\u0027, time: \u00272016-03-15 17:00:58\u0027\nSystem info: host: \u0027Gituto-PC\u0027, ip: \u0027192.168.1.111\u0027, os.name: \u0027Windows 10\u0027, os.arch: \u0027amd64\u0027, os.version: \u002710.0\u0027, java.version: \u00271.8.0_102\u0027\nDriver info: driver.version: unknown)","description":"","startTime":1509953471151,"endTime":1509953471807,"childRecords":[{"testStatus":{"stackTrace":"","statusValue":"FAILED"},"attachment":"1509953471352.png","type":"MESSAGE","name":"","message":"Unable to select option by value \u0027number:101\u0027 of object \u0027Object Repository/Profile/Profile Page/Department\u0027  (Root cause: org.openqa.selenium.NoSuchElementException: Cannot locate option with value: number:101\nFor documentation on this error, please visit: http://seleniumhq.org/exceptions/no_such_element.html\nBuild info: version: \u00272.53.0\u0027, revision: \u002735ae25b\u0027, time: \u00272016-03-15 17:00:58\u0027\nSystem info: host: \u0027Gituto-PC\u0027, ip: \u0027192.168.1.111\u0027, os.name: \u0027Windows 10\u0027, os.arch: \u0027amd64\u0027, os.version: \u002710.0\u0027, java.version: \u00271.8.0_102\u0027\nDriver info: driver.version: unknown)","startTime":1509953471805,"endTime":0,"childRecords":[],"interuppted":false}],"interuppted":false},{"index":9,"isIgnoredIfFailed":false,"type":"TEST_STEP","name":"setText","message":"Text \u00270725165229\u0027 is set on object \u0027Object Repository/Profile/Profile Page/Phone\u0027","description":"","startTime":1509953471807,"endTime":1509953472397,"childRecords":[{"testStatus":{"stackTrace":"","statusValue":"PASSED"},"type":"MESSAGE","name":"","message":"Text \u00270725165229\u0027 is set on object \u0027Object Repository/Profile/Profile Page/Phone\u0027","startTime":1509953472396,"endTime":0,"childRecords":[],"interuppted":false}],"interuppted":false},{"index":10,"isIgnoredIfFailed":false,"type":"TEST_STEP","name":"setText","message":"Text \u00270725167892\u0027 is set on object \u0027Object Repository/Profile/Profile Page/Alt Phone\u0027","description":"","startTime":1509953472397,"endTime":1509953472794,"childRecords":[{"testStatus":{"stackTrace":"","statusValue":"PASSED"},"type":"MESSAGE","name":"","message":"Text \u00270725167892\u0027 is set on object \u0027Object Repository/Profile/Profile Page/Alt Phone\u0027","startTime":1509953472794,"endTime":0,"childRecords":[],"interuppted":false}],"interuppted":false},{"index":11,"isIgnoredIfFailed":false,"type":"TEST_STEP","name":"setText","message":"Text \u0027dennisgituto@yahoo.com\u0027 is set on object \u0027Object Repository/Profile/Profile Page/Alt Email\u0027","description":"","startTime":1509953472795,"endTime":1509953473390,"childRecords":[{"testStatus":{"stackTrace":"","statusValue":"PASSED"},"type":"MESSAGE","name":"","message":"Text \u0027dennisgituto@yahoo.com\u0027 is set on object \u0027Object Repository/Profile/Profile Page/Alt Email\u0027","startTime":1509953473389,"endTime":0,"childRecords":[],"interuppted":false}],"interuppted":false},{"index":12,"isIgnoredIfFailed":false,"type":"TEST_STEP","name":"setText","message":"Text \u00276789\u0027 is set on object \u0027Object Repository/Profile/Profile Page/Address 1\u0027","description":"","startTime":1509953473390,"endTime":1509953473688,"childRecords":[{"testStatus":{"stackTrace":"","statusValue":"PASSED"},"type":"MESSAGE","name":"","message":"Text \u00276789\u0027 is set on object \u0027Object Repository/Profile/Profile Page/Address 1\u0027","startTime":1509953473688,"endTime":0,"childRecords":[],"interuppted":false}],"interuppted":false},{"index":13,"isIgnoredIfFailed":false,"type":"TEST_STEP","name":"setText","message":"Text \u002712345\u0027 is set on object \u0027Object Repository/Profile/Profile Page/Address 2\u0027","description":"","startTime":1509953473688,"endTime":1509953473983,"childRecords":[{"testStatus":{"stackTrace":"","statusValue":"PASSED"},"type":"MESSAGE","name":"","message":"Text \u002712345\u0027 is set on object \u0027Object Repository/Profile/Profile Page/Address 2\u0027","startTime":1509953473982,"endTime":0,"childRecords":[],"interuppted":false}],"interuppted":false},{"index":14,"isIgnoredIfFailed":false,"type":"TEST_STEP","name":"setText","message":"Text \u0027Nairobi\u0027 is set on object \u0027Object Repository/Profile/Profile Page/City\u0027","description":"","startTime":1509953473983,"endTime":1509953474359,"childRecords":[{"testStatus":{"stackTrace":"","statusValue":"PASSED"},"type":"MESSAGE","name":"","message":"Text \u0027Nairobi\u0027 is set on object \u0027Object Repository/Profile/Profile Page/City\u0027","startTime":1509953474358,"endTime":0,"childRecords":[],"interuppted":false}],"interuppted":false},{"index":15,"isIgnoredIfFailed":false,"type":"TEST_STEP","name":"selectOptionByValue","message":"All options with value \u0027Kenya\u0027 are selected in object \u0027Object Repository/Profile/Profile Page/Country\u0027 ","description":"","startTime":1509953474359,"endTime":1509953474537,"childRecords":[{"testStatus":{"stackTrace":"","statusValue":"PASSED"},"type":"MESSAGE","name":"","message":"All options with value \u0027Kenya\u0027 are selected in object \u0027Object Repository/Profile/Profile Page/Country\u0027 ","startTime":1509953474536,"endTime":0,"childRecords":[],"interuppted":false}],"interuppted":false},{"attachment":"1509953474750.png","index":16,"isIgnoredIfFailed":false,"type":"TEST_STEP","name":"selectOptionByValue","message":"Unable to select option by value \u0027Nairobi\u0027 of object \u0027Object Repository/Profile/Profile Page/State\u0027  (Root cause: org.openqa.selenium.NoSuchElementException: Cannot locate option with value: Nairobi\nFor documentation on this error, please visit: http://seleniumhq.org/exceptions/no_such_element.html\nBuild info: version: \u00272.53.0\u0027, revision: \u002735ae25b\u0027, time: \u00272016-03-15 17:00:58\u0027\nSystem info: host: \u0027Gituto-PC\u0027, ip: \u0027192.168.1.111\u0027, os.name: \u0027Windows 10\u0027, os.arch: \u0027amd64\u0027, os.version: \u002710.0\u0027, java.version: \u00271.8.0_102\u0027\nDriver info: driver.version: unknown)","description":"","startTime":1509953474537,"endTime":1509953475155,"childRecords":[{"testStatus":{"stackTrace":"","statusValue":"FAILED"},"attachment":"1509953474750.png","type":"MESSAGE","name":"","message":"Unable to select option by value \u0027Nairobi\u0027 of object \u0027Object Repository/Profile/Profile Page/State\u0027  (Root cause: org.openqa.selenium.NoSuchElementException: Cannot locate option with value: Nairobi\nFor documentation on this error, please visit: http://seleniumhq.org/exceptions/no_such_element.html\nBuild info: version: \u00272.53.0\u0027, revision: \u002735ae25b\u0027, time: \u00272016-03-15 17:00:58\u0027\nSystem info: host: \u0027Gituto-PC\u0027, ip: \u0027192.168.1.111\u0027, os.name: \u0027Windows 10\u0027, os.arch: \u0027amd64\u0027, os.version: \u002710.0\u0027, java.version: \u00271.8.0_102\u0027\nDriver info: driver.version: unknown)","startTime":1509953475155,"endTime":0,"childRecords":[],"interuppted":false}],"interuppted":false},{"index":17,"isIgnoredIfFailed":false,"type":"TEST_STEP","name":"delay","message":"Delayed 5 second(s)","description":"","startTime":1509953475156,"endTime":1509953480170,"childRecords":[{"testStatus":{"stackTrace":"","statusValue":"PASSED"},"type":"MESSAGE","name":"","message":"Delayed 5 second(s)","startTime":1509953480167,"endTime":0,"childRecords":[],"interuppted":false}],"interuppted":false},{"attachment":"1509953481005.png","index":18,"isIgnoredIfFailed":false,"type":"TEST_STEP","name":"click","message":"Unable to click on object \u0027Object Repository/Profile/Profile Page/button_Update\u0027 (Root cause: org.openqa.selenium.WebDriverException: unknown error: Element \u003cbutton type\u003d\"submit\" class\u003d\"btn btn-primary pull-right\" ng-click\u003d\"updatemyprofile(myprofileForm.$valid, myprofile.id)\"\u003e...\u003c/button\u003e is not clickable at point (1159, 494). Other element would receive the click: \u003cdiv class\u003d\"fab\" id\u003d\"fabs\"\u003e...\u003c/div\u003e\n  (Session info: chrome\u003d61.0.3163.100)\n  (Driver info: chromedriver\u003d2.33.506120 (e3e53437346286c0bc2d2dc9aa4915ba81d9023f),platform\u003dWindows NT 10.0.15063 x86_64) (WARNING: The server did not provide any stacktrace information)\nCommand duration or timeout: 325 milliseconds\nBuild info: version: \u00272.53.0\u0027, revision: \u002735ae25b\u0027, time: \u00272016-03-15 17:00:58\u0027\nSystem info: host: \u0027Gituto-PC\u0027, ip: \u0027192.168.1.111\u0027, os.name: \u0027Windows 10\u0027, os.arch: \u0027amd64\u0027, os.version: \u002710.0\u0027, java.version: \u00271.8.0_102\u0027\nDriver info: com.kms.katalon.selenium.driver.CChromeDriver\nCapabilities [{applicationCacheEnabled\u003dfalse, rotatable\u003dfalse, mobileEmulationEnabled\u003dfalse, networkConnectionEnabled\u003dfalse, chrome\u003d{chromedriverVersion\u003d2.33.506120 (e3e53437346286c0bc2d2dc9aa4915ba81d9023f), userDataDir\u003dC:\\Users\\GITUTO~1\\AppData\\Local\\Temp\\scoped_dir10380_26825}, takesHeapSnapshot\u003dtrue, pageLoadStrategy\u003dnormal, databaseEnabled\u003dfalse, handlesAlerts\u003dtrue, hasTouchScreen\u003dfalse, version\u003d61.0.3163.100, platform\u003dXP, browserConnectionEnabled\u003dfalse, nativeEvents\u003dtrue, acceptSslCerts\u003dtrue, locationContextEnabled\u003dtrue, webStorageEnabled\u003dtrue, browserName\u003dchrome, takesScreenshot\u003dtrue, javascriptEnabled\u003dtrue, cssSelectorsEnabled\u003dtrue, setWindowRect\u003dtrue, unexpectedAlertBehaviour\u003d}]\nSession ID: 40acbd0323dc01f4ddffd5f8973c0eb0)","description":"","startTime":1509953480171,"endTime":1509953481645,"childRecords":[{"testStatus":{"stackTrace":"","statusValue":"FAILED"},"attachment":"1509953481005.png","type":"MESSAGE","name":"","message":"Unable to click on object \u0027Object Repository/Profile/Profile Page/button_Update\u0027 (Root cause: org.openqa.selenium.WebDriverException: unknown error: Element \u003cbutton type\u003d\"submit\" class\u003d\"btn btn-primary pull-right\" ng-click\u003d\"updatemyprofile(myprofileForm.$valid, myprofile.id)\"\u003e...\u003c/button\u003e is not clickable at point (1159, 494). Other element would receive the click: \u003cdiv class\u003d\"fab\" id\u003d\"fabs\"\u003e...\u003c/div\u003e\n  (Session info: chrome\u003d61.0.3163.100)\n  (Driver info: chromedriver\u003d2.33.506120 (e3e53437346286c0bc2d2dc9aa4915ba81d9023f),platform\u003dWindows NT 10.0.15063 x86_64) (WARNING: The server did not provide any stacktrace information)\nCommand duration or timeout: 325 milliseconds\nBuild info: version: \u00272.53.0\u0027, revision: \u002735ae25b\u0027, time: \u00272016-03-15 17:00:58\u0027\nSystem info: host: \u0027Gituto-PC\u0027, ip: \u0027192.168.1.111\u0027, os.name: \u0027Windows 10\u0027, os.arch: \u0027amd64\u0027, os.version: \u002710.0\u0027, java.version: \u00271.8.0_102\u0027\nDriver info: com.kms.katalon.selenium.driver.CChromeDriver\nCapabilities [{applicationCacheEnabled\u003dfalse, rotatable\u003dfalse, mobileEmulationEnabled\u003dfalse, networkConnectionEnabled\u003dfalse, chrome\u003d{chromedriverVersion\u003d2.33.506120 (e3e53437346286c0bc2d2dc9aa4915ba81d9023f), userDataDir\u003dC:\\Users\\GITUTO~1\\AppData\\Local\\Temp\\scoped_dir10380_26825}, takesHeapSnapshot\u003dtrue, pageLoadStrategy\u003dnormal, databaseEnabled\u003dfalse, handlesAlerts\u003dtrue, hasTouchScreen\u003dfalse, version\u003d61.0.3163.100, platform\u003dXP, browserConnectionEnabled\u003dfalse, nativeEvents\u003dtrue, acceptSslCerts\u003dtrue, locationContextEnabled\u003dtrue, webStorageEnabled\u003dtrue, browserName\u003dchrome, takesScreenshot\u003dtrue, javascriptEnabled\u003dtrue, cssSelectorsEnabled\u003dtrue, setWindowRect\u003dtrue, unexpectedAlertBehaviour\u003d}]\nSession ID: 40acbd0323dc01f4ddffd5f8973c0eb0)","startTime":1509953481643,"endTime":0,"childRecords":[],"interuppted":false}],"interuppted":false},{"index":19,"isIgnoredIfFailed":false,"type":"TEST_STEP","name":"delay","message":"Delayed 5 second(s)","description":"","startTime":1509953481646,"endTime":1509953486654,"childRecords":[{"testStatus":{"stackTrace":"","statusValue":"PASSED"},"type":"MESSAGE","name":"","message":"Delayed 5 second(s)","startTime":1509953486650,"endTime":0,"childRecords":[],"interuppted":false}],"interuppted":false},{"attachment":"1509953521813.png","index":20,"isIgnoredIfFailed":false,"type":"TEST_STEP","name":"verifyElementVisible","message":"Web element with id: \u0027Object Repository/Profile/Verify Update Profile/Profile Update Verification\u0027 located by \u0027By.xpath: //p[count(. | //*[@ng-bind \u003d \u0027msg\u0027]) \u003d count(//*[@ng-bind \u003d \u0027msg\u0027])][count(. | //*[@class \u003d \u0027alert alert-info ng-binding\u0027]) \u003d count(//*[@class \u003d \u0027alert alert-info ng-binding\u0027])][count(. | //*[@ng-show \u003d \u0027successAlert\u0027]) \u003d count(//*[@ng-show \u003d \u0027successAlert\u0027])][count(. | //*[text() \u003d \u0027Profile updated successfully!\u0027]) \u003d count(//*[text() \u003d \u0027Profile updated successfully!\u0027])][count(. | id(\"page-wrapper\")/div[@class\u003d\"alert-dismissable fade in\"]/p[@class\u003d\"alert alert-info ng-binding\"]) \u003d count(id(\"page-wrapper\")/div[@class\u003d\"alert-dismissable fade in\"]/p[@class\u003d\"alert alert-info ng-binding\"])]\u0027 not found","description":"","startTime":1509953486655,"endTime":1509953522585,"childRecords":[{"testStatus":{"stackTrace":"","statusValue":"FAILED"},"attachment":"1509953521813.png","type":"MESSAGE","name":"","message":"Web element with id: \u0027Object Repository/Profile/Verify Update Profile/Profile Update Verification\u0027 located by \u0027By.xpath: //p[count(. | //*[@ng-bind \u003d \u0027msg\u0027]) \u003d count(//*[@ng-bind \u003d \u0027msg\u0027])][count(. | //*[@class \u003d \u0027alert alert-info ng-binding\u0027]) \u003d count(//*[@class \u003d \u0027alert alert-info ng-binding\u0027])][count(. | //*[@ng-show \u003d \u0027successAlert\u0027]) \u003d count(//*[@ng-show \u003d \u0027successAlert\u0027])][count(. | //*[text() \u003d \u0027Profile updated successfully!\u0027]) \u003d count(//*[text() \u003d \u0027Profile updated successfully!\u0027])][count(. | id(\"page-wrapper\")/div[@class\u003d\"alert-dismissable fade in\"]/p[@class\u003d\"alert alert-info ng-binding\"]) \u003d count(id(\"page-wrapper\")/div[@class\u003d\"alert-dismissable fade in\"]/p[@class\u003d\"alert alert-info ng-binding\"])]\u0027 not found","startTime":1509953522583,"endTime":0,"childRecords":[],"interuppted":false}],"interuppted":false},{"index":21,"isIgnoredIfFailed":false,"type":"TEST_STEP","name":"delay","message":"Delayed 3 second(s)","description":"","startTime":1509953522588,"endTime":1509953525592,"childRecords":[{"testStatus":{"stackTrace":"","statusValue":"PASSED"},"type":"MESSAGE","name":"","message":"Delayed 3 second(s)","startTime":1509953525591,"endTime":0,"childRecords":[],"interuppted":false}],"interuppted":false},{"index":22,"isIgnoredIfFailed":false,"type":"TEST_STEP","name":"closeBrowser","message":"Browser is closed","description":"","startTime":1509953525593,"endTime":1509953529060,"childRecords":[{"testStatus":{"stackTrace":"","statusValue":"PASSED"},"type":"MESSAGE","name":"","message":"Browser is closed","startTime":1509953529059,"endTime":0,"childRecords":[],"interuppted":false}],"interuppted":false},{"testStatus":{"stackTrace":"","statusValue":"FAILED"},"type":"MESSAGE","name":"","message":"Test Cases/Profile/Update Profile FAILED because (of) Unable to select option by value \u0027number:101\u0027 of object \u0027Object Repository/Profile/Profile Page/Department\u0027  (Root cause: org.openqa.selenium.NoSuchElementException: Cannot locate option with value: number:101\nFor documentation on this error, please visit: http://seleniumhq.org/exceptions/no_such_element.html\nBuild info: version: \u00272.53.0\u0027, revision: \u002735ae25b\u0027, time: \u00272016-03-15 17:00:58\u0027\nSystem info: host: \u0027Gituto-PC\u0027, ip: \u0027192.168.1.111\u0027, os.name: \u0027Windows 10\u0027, os.arch: \u0027amd64\u0027, os.version: \u002710.0\u0027, java.version: \u00271.8.0_102\u0027\nDriver info: driver.version: unknown)","startTime":1509953529064,"endTime":0,"childRecords":[],"interuppted":false}],"interuppted":false}],"interuppted":false}