<?xml version="1.0" encoding="UTF-8"?>
<testsuites name="Edit Group" time="48" tests="0" failures="1" errors="0">
   <testsuite name="Edit Group" tests="0" failures="1" errors="0" time="48" timestamp="2017-10-13 11:47:50" hostname="ChweyaJnr - 192.168.56.1" id="Test Suites/User Management/Group Module/Edit Group">
      <properties>
         <property name="deviceName" value=""/>
         <property name="devicePlatform" value=""/>
         <property name="logFolder" value="C:\\Users\\ChweyaJnr\\git\\VSMS-Test-Automation\\Reports\\User Management\\Group Module\\Edit Group\\20171013_114747"/>
         <property name="logFiles" value="C:\\Users\\ChweyaJnr\\git\\VSMS-Test-Automation\\Reports\\User Management\\Group Module\\Edit Group\\20171013_114747\\execution0.log"/>
         <property name="attachments" value="C:\\Users\\ChweyaJnr\\git\\VSMS-Test-Automation\\Reports\\User Management\\Group Module\\Edit Group\\20171013_114747\\1507884518065.png"/>
         <property name="hostName" value="ChweyaJnr - 192.168.56.1"/>
         <property name="os" value="Windows 10 64bit"/>
         <property name="katalonVersion" value="4.8.0.2"/>
         <property name="browser" value="Firefox 39.0"/>
         <property name="hostAddress" value="192.168.56.1"/>
         <property name="sessionId" value="b56cd112-eab1-4942-8c4d-60a9841ad4a2"/>
         <property name="seleniumVersion" value="2.53.0"/>
         <property name="proxyInformation" value="ProxyInformation{proxyOption=NO_PROXY, proxyServerType=HTTP, password=, proxyServerAddress=, proxyServerPort=0}"/>
         <property name="platform" value="Windows 10"/>
      </properties>
      <testcase name="Test Cases/User Management/Group Module/Edit Group" classname="Test Cases/User Management/Group Module/Edit Group" status="FAILED">
         <failure type="FAILED" message="com.kms.katalon.core.webui.exception.WebElementNotFoundException: Web element with id: 'Object Repository/User Management/Edit Group/Edit Group Details/Updated Automation1 successfully' located by 'By.xpath: //p[count(. | //*[contains(.,'Updated [Automation1] successfully!')]) = count(//*[contains(.,'Updated [Automation1] successfully!')])]' not found"/>
         <system-out><![CDATA[2017-10-13 11:47:50 - [TEST_CASE][FAILED] - Test Cases/User Management/Group Module/Edit Group: Test Cases/User Management/Group Module/Edit Group FAILED because (of) com.kms.katalon.core.webui.exception.WebElementNotFoundException: Web element with id: 'Object Repository/User Management/Edit Group/Edit Group Details/Updated Automation1 successfully' located by 'By.xpath: //p[count(. | //*[contains(.,'Updated [Automation1] successfully!')]) = count(//*[contains(.,'Updated [Automation1] successfully!')])]' not found

2017-10-13 11:47:51 - [TEST_STEP][PASSED] - callTestCase: Call Test Case 'Test Cases/LOGIN' successfully

2017-10-13 11:47:52 - [TEST_CASE][PASSED] - Test Cases/LOGIN: Test Cases/LOGIN

2017-10-13 11:47:52 - [TEST_STEP][PASSED] - openBrowser: Browser is opened with url: 'https://sandbox.vsms.tezzasolutions.com/index'

2017-10-13 11:48:05 - [MESSAGE][PASSED] - Browser is opened with url: 'https://sandbox.vsms.tezzasolutions.com/index'

2017-10-13 11:48:05 - [TEST_STEP][PASSED] - click: Object: 'Object Repository/login/a_Log in' is clicked on

2017-10-13 11:48:06 - [MESSAGE][PASSED] - Object: 'Object Repository/login/a_Log in' is clicked on

2017-10-13 11:48:06 - [TEST_STEP][PASSED] - setText: Text 'clarinenyauncho@gmail.com' is set on object 'Object Repository/login/input_email'

2017-10-13 11:48:08 - [MESSAGE][PASSED] - Text 'clarinenyauncho@gmail.com' is set on object 'Object Repository/login/input_email'

2017-10-13 11:48:08 - [TEST_STEP][PASSED] - setText: Text 'changeme' is set on object 'Object Repository/login/input_password'

2017-10-13 11:48:08 - [MESSAGE][PASSED] - Text 'changeme' is set on object 'Object Repository/login/input_password'

2017-10-13 11:48:08 - [TEST_STEP][PASSED] - click: Object: 'Object Repository/login/button_Login' is clicked on

2017-10-13 11:48:10 - [MESSAGE][PASSED] - Object: 'Object Repository/login/button_Login' is clicked on

2017-10-13 11:48:10 - [MESSAGE][PASSED] - Call Test Case 'Test Cases/LOGIN' successfully

2017-10-13 11:48:10 - [TEST_STEP][PASSED] - click: Object: 'Object Repository/User Management/Add New User/Module Dropdown Objects/Modules dropdown' is clicked on

2017-10-13 11:48:10 - [MESSAGE][PASSED] - Object: 'Object Repository/User Management/Add New User/Module Dropdown Objects/Modules dropdown' is clicked on

2017-10-13 11:48:10 - [TEST_STEP][PASSED] - click: Object: 'Object Repository/User Management/Add New User/Module Dropdown Objects/User Management Dropdown' is clicked on

2017-10-13 11:48:11 - [MESSAGE][PASSED] - Object: 'Object Repository/User Management/Add New User/Module Dropdown Objects/User Management Dropdown' is clicked on

2017-10-13 11:48:11 - [TEST_STEP][PASSED] - click: Object: 'Object Repository/User Management/Add New Group/Group Module Selection/Group Module' is clicked on

2017-10-13 11:48:11 - [MESSAGE][PASSED] - Object: 'Object Repository/User Management/Add New Group/Group Module Selection/Group Module' is clicked on

2017-10-13 11:48:11 - [TEST_STEP][PASSED] - maximizeWindow: Current window maximized

2017-10-13 11:48:12 - [MESSAGE][PASSED] - Current window maximized

2017-10-13 11:48:12 - [TEST_STEP][PASSED] - delay: Delayed 10 second(s)

2017-10-13 11:48:22 - [MESSAGE][PASSED] - Delayed 10 second(s)

2017-10-13 11:48:22 - [TEST_STEP][PASSED] - click: Object: 'Object Repository/User Management/Edit Group/Edit Group Details/Page_Visitor Security Management Sy/a_Automation' is clicked on

2017-10-13 11:48:23 - [MESSAGE][PASSED] - Object: 'Object Repository/User Management/Edit Group/Edit Group Details/Page_Visitor Security Management Sy/a_Automation' is clicked on

2017-10-13 11:48:23 - [TEST_STEP][PASSED] - delay: Delayed 10 second(s)

2017-10-13 11:48:33 - [MESSAGE][PASSED] - Delayed 10 second(s)

2017-10-13 11:48:33 - [TEST_STEP][PASSED] - setText: Text 'Automation7' is set on object 'Object Repository/User Management/Edit Group/Edit Group Details/Groupname Input Field'

2017-10-13 11:48:33 - [MESSAGE][PASSED] - Text 'Automation7' is set on object 'Object Repository/User Management/Edit Group/Edit Group Details/Groupname Input Field'

2017-10-13 11:48:33 - [TEST_STEP][PASSED] - click: Object: 'Object Repository/User Management/Edit Group/Edit Group Details/button_Update' is clicked on

2017-10-13 11:48:34 - [MESSAGE][PASSED] - Object: 'Object Repository/User Management/Edit Group/Edit Group Details/button_Update' is clicked on

2017-10-13 11:48:34 - [TEST_STEP][FAILED] - verifyElementPresent: com.kms.katalon.core.webui.exception.WebElementNotFoundException: Web element with id: 'Object Repository/User Management/Edit Group/Edit Group Details/Updated Automation1 successfully' located by 'By.xpath: //p[count(. | //*[contains(.,'Updated [Automation1] successfully!')]) = count(//*[contains(.,'Updated [Automation1] successfully!')])]' not found

2017-10-13 11:48:38 - [MESSAGE][FAILED] - com.kms.katalon.core.webui.exception.WebElementNotFoundException: Web element with id: 'Object Repository/User Management/Edit Group/Edit Group Details/Updated Automation1 successfully' located by 'By.xpath: //p[count(. | //*[contains(.,'Updated [Automation1] successfully!')]) = count(//*[contains(.,'Updated [Automation1] successfully!')])]' not found
[[ATTACHMENT|C:\\Users\\ChweyaJnr\\git\\VSMS-Test-Automation\\Reports\\User Management\\Group Module\\Edit Group\\20171013_114747\\1507884518065.png]]

2017-10-13 11:48:38 - [TEST_STEP][PASSED] - closeBrowser: Browser is closed

2017-10-13 11:48:38 - [MESSAGE][PASSED] - Browser is closed]]></system-out>
         <system-err><![CDATA[2017-10-13 11:47:50 - [TEST_CASE][FAILED] - Test Cases/User Management/Group Module/Edit Group: Test Cases/User Management/Group Module/Edit Group FAILED because (of) com.kms.katalon.core.webui.exception.WebElementNotFoundException: Web element with id: 'Object Repository/User Management/Edit Group/Edit Group Details/Updated Automation1 successfully' located by 'By.xpath: //p[count(. | //*[contains(.,'Updated [Automation1] successfully!')]) = count(//*[contains(.,'Updated [Automation1] successfully!')])]' not found]]></system-err>
      </testcase>
      <system-out><![CDATA[2017-10-13 11:47:50 - [TEST_SUITE][FAILED] - Edit Group: Test Cases/User Management/Group Module/Edit Group FAILED because (of) com.kms.katalon.core.webui.exception.WebElementNotFoundException: Web element with id: 'Object Repository/User Management/Edit Group/Edit Group Details/Updated Automation1 successfully' located by 'By.xpath: //p[count(. | //*[contains(.,'Updated [Automation1] successfully!')]) = count(//*[contains(.,'Updated [Automation1] successfully!')])]' not found]]></system-out>
      <system-err><![CDATA[2017-10-13 11:47:50 - [TEST_SUITE][FAILED] - Edit Group: Test Cases/User Management/Group Module/Edit Group FAILED because (of) com.kms.katalon.core.webui.exception.WebElementNotFoundException: Web element with id: 'Object Repository/User Management/Edit Group/Edit Group Details/Updated Automation1 successfully' located by 'By.xpath: //p[count(. | //*[contains(.,'Updated [Automation1] successfully!')]) = count(//*[contains(.,'Updated [Automation1] successfully!')])]' not found]]></system-err>
   </testsuite>
</testsuites>
