<?xml version="1.0" encoding="UTF-8"?>
<testsuites name="Sign Up" time="69" tests="0" failures="2" errors="0">
   <testsuite name="Sign Up" tests="0" failures="2" errors="0" time="69" timestamp="2017-10-03 12:37:32" hostname="ChweyaJnr - DESKTOP-QAVLP3L" id="Test Suites/Sign Up/Sign Up">
      <properties>
         <property name="deviceName" value=""/>
         <property name="devicePlatform" value=""/>
         <property name="logFolder" value="C:\\Users\\ChweyaJnr\\git\\VSMS-Test-Automation\\Reports\\Sign Up\\Sign Up\\20171003_123729"/>
         <property name="logFiles" value="C:\\Users\\ChweyaJnr\\git\\VSMS-Test-Automation\\Reports\\Sign Up\\Sign Up\\20171003_123729\\execution0.log"/>
         <property name="attachments" value=""/>
         <property name="hostName" value="ChweyaJnr - DESKTOP-QAVLP3L"/>
         <property name="os" value="Windows 10 64bit"/>
         <property name="katalonVersion" value="4.8.0.2"/>
         <property name="browser" value="Firefox 39.0"/>
         <property name="hostAddress" value="192.168.56.1"/>
         <property name="sessionId" value="5045ce6a-b4af-4bcf-87e6-a81833301d54"/>
         <property name="seleniumVersion" value="2.53.0"/>
         <property name="proxyInformation" value="ProxyInformation{proxyOption=NO_PROXY, proxyServerType=HTTP, password=, proxyServerAddress=, proxyServerPort=0}"/>
         <property name="platform" value="Windows 10"/>
      </properties>
      <testcase name="Test Cases/Creating New Account/Creating New User Account - Iteration 1" classname="Test Cases/Creating New Account/Creating New User Account" status="FAILED">
         <failure type="FAILED" message="Test Cases/Creating New Account/Creating New User Account FAILED because (of) Unable to click on object 'Object Repository/New Account/Page_Visitor Security Management Sy/a_Dont have an account' (Root cause: org.openqa.selenium.NoSuchWindowException: Window not found. The browser window may have been closed.
Command duration or timeout: 83 milliseconds
Build info: version: '2.53.0', revision: '35ae25b', time: '2016-03-15 17:00:58'
System info: host: 'DESKTOP-QAVLP3L', ip: '192.168.56.1', os.name: 'Windows 10', os.arch: 'amd64', os.version: '10.0', java.version: '1.8.0_102'
Driver info: com.kms.katalon.selenium.driver.CFirefoxDriver
Capabilities [{applicationCacheEnabled=true, rotatable=false, handlesAlerts=true, databaseEnabled=true, version=39.0.3, platform=WINDOWS, nativeEvents=false, acceptSslCerts=true, webStorageEnabled=true, locationContextEnabled=true, browserName=firefox, takesScreenshot=true, javascriptEnabled=true, cssSelectorsEnabled=true}]
Session ID: e20dd025-d0be-477b-beb2-f34e0d618244
*** Element info: {Using=xpath, value=//a[count(. | //*[@href = 'https://sandbox.vsms.tezzasolutions.com/pricing']) = count(//*[@href = 'https://sandbox.vsms.tezzasolutions.com/pricing'])][count(. | //*[contains(.,'Don't have an account?')]) = count(//*[contains(.,'Don't have an account?')])]})"/>
         <system-out><![CDATA[2017-10-03 12:37:32 - [TEST_CASE][FAILED] - Test Cases/Creating New Account/Creating New User Account - Iteration 1: Test Cases/Creating New Account/Creating New User Account FAILED because (of) Unable to click on object 'Object Repository/New Account/Page_Visitor Security Management Sy/a_Dont have an account' (Root cause: org.openqa.selenium.NoSuchWindowException: Window not found. The browser window may have been closed.
Command duration or timeout: 83 milliseconds
Build info: version: '2.53.0', revision: '35ae25b', time: '2016-03-15 17:00:58'
System info: host: 'DESKTOP-QAVLP3L', ip: '192.168.56.1', os.name: 'Windows 10', os.arch: 'amd64', os.version: '10.0', java.version: '1.8.0_102'
Driver info: com.kms.katalon.selenium.driver.CFirefoxDriver
Capabilities [{applicationCacheEnabled=true, rotatable=false, handlesAlerts=true, databaseEnabled=true, version=39.0.3, platform=WINDOWS, nativeEvents=false, acceptSslCerts=true, webStorageEnabled=true, locationContextEnabled=true, browserName=firefox, takesScreenshot=true, javascriptEnabled=true, cssSelectorsEnabled=true}]
Session ID: e20dd025-d0be-477b-beb2-f34e0d618244
*** Element info: {Using=xpath, value=//a[count(. | //*[@href = 'https://sandbox.vsms.tezzasolutions.com/pricing']) = count(//*[@href = 'https://sandbox.vsms.tezzasolutions.com/pricing'])][count(. | //*[contains(.,'Don't have an account?')]) = count(//*[contains(.,'Don't have an account?')])]})

2017-10-03 12:37:33 - [TEST_STEP][PASSED] - openBrowser: Browser is opened with url: ''

2017-10-03 12:37:42 - [MESSAGE][PASSED] - Browser is opened with url: ''

2017-10-03 12:37:42 - [TEST_STEP][PASSED] - navigateToUrl: Navigate to 'https://sandbox.vsms.tezzasolutions.com/index' successfully

2017-10-03 12:37:50 - [MESSAGE][PASSED] - Navigate to 'https://sandbox.vsms.tezzasolutions.com/index' successfully

2017-10-03 12:37:50 - [TEST_STEP][PASSED] - click: Object: 'Object Repository/New Account/Page_VSMS Overview/a_Log in' is clicked on

2017-10-03 12:37:50 - [MESSAGE][PASSED] - Object: 'Object Repository/New Account/Page_VSMS Overview/a_Log in' is clicked on

2017-10-03 12:37:50 - [TEST_STEP][FAILED] - click: Unable to click on object 'Object Repository/New Account/Page_Visitor Security Management Sy/a_Dont have an account' (Root cause: org.openqa.selenium.NoSuchWindowException: Window not found. The browser window may have been closed.
Command duration or timeout: 83 milliseconds
Build info: version: '2.53.0', revision: '35ae25b', time: '2016-03-15 17:00:58'
System info: host: 'DESKTOP-QAVLP3L', ip: '192.168.56.1', os.name: 'Windows 10', os.arch: 'amd64', os.version: '10.0', java.version: '1.8.0_102'
Driver info: com.kms.katalon.selenium.driver.CFirefoxDriver
Capabilities [{applicationCacheEnabled=true, rotatable=false, handlesAlerts=true, databaseEnabled=true, version=39.0.3, platform=WINDOWS, nativeEvents=false, acceptSslCerts=true, webStorageEnabled=true, locationContextEnabled=true, browserName=firefox, takesScreenshot=true, javascriptEnabled=true, cssSelectorsEnabled=true}]
Session ID: e20dd025-d0be-477b-beb2-f34e0d618244
*** Element info: {Using=xpath, value=//a[count(. | //*[@href = 'https://sandbox.vsms.tezzasolutions.com/pricing']) = count(//*[@href = 'https://sandbox.vsms.tezzasolutions.com/pricing'])][count(. | //*[contains(.,'Don't have an account?')]) = count(//*[contains(.,'Don't have an account?')])]})

2017-10-03 12:38:13 - [MESSAGE][WARNING] - Cannot take screenshot

2017-10-03 12:38:13 - [MESSAGE][FAILED] - Unable to click on object 'Object Repository/New Account/Page_Visitor Security Management Sy/a_Dont have an account' (Root cause: org.openqa.selenium.NoSuchWindowException: Window not found. The browser window may have been closed.
Command duration or timeout: 83 milliseconds
Build info: version: '2.53.0', revision: '35ae25b', time: '2016-03-15 17:00:58'
System info: host: 'DESKTOP-QAVLP3L', ip: '192.168.56.1', os.name: 'Windows 10', os.arch: 'amd64', os.version: '10.0', java.version: '1.8.0_102'
Driver info: com.kms.katalon.selenium.driver.CFirefoxDriver
Capabilities [{applicationCacheEnabled=true, rotatable=false, handlesAlerts=true, databaseEnabled=true, version=39.0.3, platform=WINDOWS, nativeEvents=false, acceptSslCerts=true, webStorageEnabled=true, locationContextEnabled=true, browserName=firefox, takesScreenshot=true, javascriptEnabled=true, cssSelectorsEnabled=true}]
Session ID: e20dd025-d0be-477b-beb2-f34e0d618244
*** Element info: {Using=xpath, value=//a[count(. | //*[@href = 'https://sandbox.vsms.tezzasolutions.com/pricing']) = count(//*[@href = 'https://sandbox.vsms.tezzasolutions.com/pricing'])][count(. | //*[contains(.,'Don't have an account?')]) = count(//*[contains(.,'Don't have an account?')])]})]]></system-out>
         <system-err><![CDATA[2017-10-03 12:37:32 - [TEST_CASE][FAILED] - Test Cases/Creating New Account/Creating New User Account - Iteration 1: Test Cases/Creating New Account/Creating New User Account FAILED because (of) Unable to click on object 'Object Repository/New Account/Page_Visitor Security Management Sy/a_Dont have an account' (Root cause: org.openqa.selenium.NoSuchWindowException: Window not found. The browser window may have been closed.
Command duration or timeout: 83 milliseconds
Build info: version: '2.53.0', revision: '35ae25b', time: '2016-03-15 17:00:58'
System info: host: 'DESKTOP-QAVLP3L', ip: '192.168.56.1', os.name: 'Windows 10', os.arch: 'amd64', os.version: '10.0', java.version: '1.8.0_102'
Driver info: com.kms.katalon.selenium.driver.CFirefoxDriver
Capabilities [{applicationCacheEnabled=true, rotatable=false, handlesAlerts=true, databaseEnabled=true, version=39.0.3, platform=WINDOWS, nativeEvents=false, acceptSslCerts=true, webStorageEnabled=true, locationContextEnabled=true, browserName=firefox, takesScreenshot=true, javascriptEnabled=true, cssSelectorsEnabled=true}]
Session ID: e20dd025-d0be-477b-beb2-f34e0d618244
*** Element info: {Using=xpath, value=//a[count(. | //*[@href = 'https://sandbox.vsms.tezzasolutions.com/pricing']) = count(//*[@href = 'https://sandbox.vsms.tezzasolutions.com/pricing'])][count(. | //*[contains(.,'Don't have an account?')]) = count(//*[contains(.,'Don't have an account?')])]})]]></system-err>
      </testcase>
      <testcase name="Test Cases/Creating New Account/Creating New User Account - Iteration 2" classname="Test Cases/Creating New Account/Creating New User Account" status="FAILED">
         <failure type="FAILED" message="Test Cases/Creating New Account/Creating New User Account FAILED because (of) Unable to click on object 'Object Repository/New Account/Page_Visitor Security Management Sy/a_Dont have an account' (Root cause: org.openqa.selenium.remote.UnreachableBrowserException: Error communicating with the remote browser. It may have died.
Build info: version: '2.53.0', revision: '35ae25b', time: '2016-03-15 17:00:58'
System info: host: 'DESKTOP-QAVLP3L', ip: '192.168.56.1', os.name: 'Windows 10', os.arch: 'amd64', os.version: '10.0', java.version: '1.8.0_102'
Driver info: driver.version: RemoteWebDriver
Capabilities [{applicationCacheEnabled=true, rotatable=false, handlesAlerts=true, databaseEnabled=true, version=39.0.3, platform=WINDOWS, nativeEvents=false, acceptSslCerts=true, webStorageEnabled=true, locationContextEnabled=true, browserName=firefox, takesScreenshot=true, javascriptEnabled=true, cssSelectorsEnabled=true}]
Session ID: 5045ce6a-b4af-4bcf-87e6-a81833301d54)"/>
         <system-out><![CDATA[2017-10-03 12:38:13 - [TEST_CASE][FAILED] - Test Cases/Creating New Account/Creating New User Account - Iteration 2: Test Cases/Creating New Account/Creating New User Account FAILED because (of) Unable to click on object 'Object Repository/New Account/Page_Visitor Security Management Sy/a_Dont have an account' (Root cause: org.openqa.selenium.remote.UnreachableBrowserException: Error communicating with the remote browser. It may have died.
Build info: version: '2.53.0', revision: '35ae25b', time: '2016-03-15 17:00:58'
System info: host: 'DESKTOP-QAVLP3L', ip: '192.168.56.1', os.name: 'Windows 10', os.arch: 'amd64', os.version: '10.0', java.version: '1.8.0_102'
Driver info: driver.version: RemoteWebDriver
Capabilities [{applicationCacheEnabled=true, rotatable=false, handlesAlerts=true, databaseEnabled=true, version=39.0.3, platform=WINDOWS, nativeEvents=false, acceptSslCerts=true, webStorageEnabled=true, locationContextEnabled=true, browserName=firefox, takesScreenshot=true, javascriptEnabled=true, cssSelectorsEnabled=true}]
Session ID: 5045ce6a-b4af-4bcf-87e6-a81833301d54)

2017-10-03 12:38:14 - [TEST_STEP][PASSED] - openBrowser: Browser is opened with url: ''

2017-10-03 12:38:14 - [MESSAGE][WARNING] - A browser is already opened. Closing browser and opening a new one

2017-10-03 12:38:15 - [MESSAGE][WARNING] - Browser is not reachable. Browser may have been closed already.

2017-10-03 12:38:22 - [MESSAGE][PASSED] - Browser is opened with url: ''

2017-10-03 12:38:22 - [TEST_STEP][PASSED] - navigateToUrl: Navigate to 'https://sandbox.vsms.tezzasolutions.com/index' successfully

2017-10-03 12:38:29 - [MESSAGE][PASSED] - Navigate to 'https://sandbox.vsms.tezzasolutions.com/index' successfully

2017-10-03 12:38:29 - [TEST_STEP][PASSED] - click: Object: 'Object Repository/New Account/Page_VSMS Overview/a_Log in' is clicked on

2017-10-03 12:38:31 - [MESSAGE][PASSED] - Object: 'Object Repository/New Account/Page_VSMS Overview/a_Log in' is clicked on

2017-10-03 12:38:31 - [TEST_STEP][FAILED] - click: Unable to click on object 'Object Repository/New Account/Page_Visitor Security Management Sy/a_Dont have an account' (Root cause: org.openqa.selenium.remote.UnreachableBrowserException: Error communicating with the remote browser. It may have died.
Build info: version: '2.53.0', revision: '35ae25b', time: '2016-03-15 17:00:58'
System info: host: 'DESKTOP-QAVLP3L', ip: '192.168.56.1', os.name: 'Windows 10', os.arch: 'amd64', os.version: '10.0', java.version: '1.8.0_102'
Driver info: driver.version: RemoteWebDriver
Capabilities [{applicationCacheEnabled=true, rotatable=false, handlesAlerts=true, databaseEnabled=true, version=39.0.3, platform=WINDOWS, nativeEvents=false, acceptSslCerts=true, webStorageEnabled=true, locationContextEnabled=true, browserName=firefox, takesScreenshot=true, javascriptEnabled=true, cssSelectorsEnabled=true}]
Session ID: 5045ce6a-b4af-4bcf-87e6-a81833301d54)

2017-10-03 12:38:40 - [MESSAGE][WARNING] - Cannot take screenshot

2017-10-03 12:38:40 - [MESSAGE][FAILED] - Unable to click on object 'Object Repository/New Account/Page_Visitor Security Management Sy/a_Dont have an account' (Root cause: org.openqa.selenium.remote.UnreachableBrowserException: Error communicating with the remote browser. It may have died.
Build info: version: '2.53.0', revision: '35ae25b', time: '2016-03-15 17:00:58'
System info: host: 'DESKTOP-QAVLP3L', ip: '192.168.56.1', os.name: 'Windows 10', os.arch: 'amd64', os.version: '10.0', java.version: '1.8.0_102'
Driver info: driver.version: RemoteWebDriver
Capabilities [{applicationCacheEnabled=true, rotatable=false, handlesAlerts=true, databaseEnabled=true, version=39.0.3, platform=WINDOWS, nativeEvents=false, acceptSslCerts=true, webStorageEnabled=true, locationContextEnabled=true, browserName=firefox, takesScreenshot=true, javascriptEnabled=true, cssSelectorsEnabled=true}]
Session ID: 5045ce6a-b4af-4bcf-87e6-a81833301d54)]]></system-out>
         <system-err><![CDATA[2017-10-03 12:38:13 - [TEST_CASE][FAILED] - Test Cases/Creating New Account/Creating New User Account - Iteration 2: Test Cases/Creating New Account/Creating New User Account FAILED because (of) Unable to click on object 'Object Repository/New Account/Page_Visitor Security Management Sy/a_Dont have an account' (Root cause: org.openqa.selenium.remote.UnreachableBrowserException: Error communicating with the remote browser. It may have died.
Build info: version: '2.53.0', revision: '35ae25b', time: '2016-03-15 17:00:58'
System info: host: 'DESKTOP-QAVLP3L', ip: '192.168.56.1', os.name: 'Windows 10', os.arch: 'amd64', os.version: '10.0', java.version: '1.8.0_102'
Driver info: driver.version: RemoteWebDriver
Capabilities [{applicationCacheEnabled=true, rotatable=false, handlesAlerts=true, databaseEnabled=true, version=39.0.3, platform=WINDOWS, nativeEvents=false, acceptSslCerts=true, webStorageEnabled=true, locationContextEnabled=true, browserName=firefox, takesScreenshot=true, javascriptEnabled=true, cssSelectorsEnabled=true}]
Session ID: 5045ce6a-b4af-4bcf-87e6-a81833301d54)]]></system-err>
      </testcase>
      <system-out><![CDATA[2017-10-03 12:37:32 - [TEST_SUITE][FAILED] - Sign Up: Test Cases/Creating New Account/Creating New User Account FAILED because (of) Unable to click on object 'Object Repository/New Account/Page_Visitor Security Management Sy/a_Dont have an account' (Root cause: org.openqa.selenium.NoSuchWindowException: Window not found. The browser window may have been closed.
Command duration or timeout: 83 milliseconds
Build info: version: '2.53.0', revision: '35ae25b', time: '2016-03-15 17:00:58'
System info: host: 'DESKTOP-QAVLP3L', ip: '192.168.56.1', os.name: 'Windows 10', os.arch: 'amd64', os.version: '10.0', java.version: '1.8.0_102'
Driver info: com.kms.katalon.selenium.driver.CFirefoxDriver
Capabilities [{applicationCacheEnabled=true, rotatable=false, handlesAlerts=true, databaseEnabled=true, version=39.0.3, platform=WINDOWS, nativeEvents=false, acceptSslCerts=true, webStorageEnabled=true, locationContextEnabled=true, browserName=firefox, takesScreenshot=true, javascriptEnabled=true, cssSelectorsEnabled=true}]
Session ID: e20dd025-d0be-477b-beb2-f34e0d618244
*** Element info: {Using=xpath, value=//a[count(. | //*[@href = 'https://sandbox.vsms.tezzasolutions.com/pricing']) = count(//*[@href = 'https://sandbox.vsms.tezzasolutions.com/pricing'])][count(. | //*[contains(.,'Don't have an account?')]) = count(//*[contains(.,'Don't have an account?')])]})]]></system-out>
      <system-err><![CDATA[2017-10-03 12:37:32 - [TEST_SUITE][FAILED] - Sign Up: Test Cases/Creating New Account/Creating New User Account FAILED because (of) Unable to click on object 'Object Repository/New Account/Page_Visitor Security Management Sy/a_Dont have an account' (Root cause: org.openqa.selenium.NoSuchWindowException: Window not found. The browser window may have been closed.
Command duration or timeout: 83 milliseconds
Build info: version: '2.53.0', revision: '35ae25b', time: '2016-03-15 17:00:58'
System info: host: 'DESKTOP-QAVLP3L', ip: '192.168.56.1', os.name: 'Windows 10', os.arch: 'amd64', os.version: '10.0', java.version: '1.8.0_102'
Driver info: com.kms.katalon.selenium.driver.CFirefoxDriver
Capabilities [{applicationCacheEnabled=true, rotatable=false, handlesAlerts=true, databaseEnabled=true, version=39.0.3, platform=WINDOWS, nativeEvents=false, acceptSslCerts=true, webStorageEnabled=true, locationContextEnabled=true, browserName=firefox, takesScreenshot=true, javascriptEnabled=true, cssSelectorsEnabled=true}]
Session ID: e20dd025-d0be-477b-beb2-f34e0d618244
*** Element info: {Using=xpath, value=//a[count(. | //*[@href = 'https://sandbox.vsms.tezzasolutions.com/pricing']) = count(//*[@href = 'https://sandbox.vsms.tezzasolutions.com/pricing'])][count(. | //*[contains(.,'Don't have an account?')]) = count(//*[contains(.,'Don't have an account?')])]})]]></system-err>
   </testsuite>
</testsuites>
