<?xml version="1.0" encoding="UTF-8"?>
<testsuites name="Update Profile" time="109" tests="0" failures="2" errors="0">
   <testsuite name="Update Profile" tests="0" failures="2" errors="0" time="109" timestamp="2017-10-31 12:03:50" hostname="Stella - 192.168.56.1" id="Test Suites/Profile/Update Profile">
      <properties>
         <property name="deviceName" value=""/>
         <property name="devicePlatform" value=""/>
         <property name="logFolder" value="C:\\Users\\Stella\\git\\VSMS-Test-Automation\\Reports\\Profile\\Update Profile\\20171031_120342"/>
         <property name="logFiles" value="C:\\Users\\Stella\\git\\VSMS-Test-Automation\\Reports\\Profile\\Update Profile\\20171031_120342\\execution0.log"/>
         <property name="attachments" value="C:\\Users\\Stella\\git\\VSMS-Test-Automation\\Reports\\Profile\\Update Profile\\20171031_120342\\1509440688590.png, C:\\Users\\Stella\\git\\VSMS-Test-Automation\\Reports\\Profile\\Update Profile\\20171031_120342\\1509440728620.png"/>
         <property name="hostName" value="Stella - 192.168.56.1"/>
         <property name="os" value="Windows 8.1 64bit"/>
         <property name="katalonVersion" value="4.8.0.2"/>
         <property name="browser" value="Firefox 55.0"/>
         <property name="hostAddress" value="192.168.56.1"/>
         <property name="sessionId" value="7827304a-fb31-4121-8d42-221061d1a597"/>
         <property name="seleniumVersion" value="2.53.0"/>
         <property name="proxyInformation" value="ProxyInformation{proxyOption=NO_PROXY, proxyServerType=, password=, proxyServerAddress=, proxyServerPort=0}"/>
         <property name="platform" value="Windows 8.1"/>
      </properties>
      <testcase name="Test Cases/Profile/Update Profile - Iteration 1" classname="Test Cases/Profile/Update Profile" status="FAILED">
         <failure type="FAILED" message="Test Cases/Profile/Update Profile FAILED because (of) Unable to select option by value 'Nairobi' of object 'Object Repository/Profile/Profile Page/State'  (Root cause: org.openqa.selenium.NoSuchElementException: Cannot locate option with value: Nairobi
For documentation on this error, please visit: http://seleniumhq.org/exceptions/no_such_element.html
Build info: version: '2.53.0', revision: '35ae25b', time: '2016-03-15 17:00:58'
System info: host: 'STEGAHZ', ip: '192.168.56.1', os.name: 'Windows 8.1', os.arch: 'amd64', os.version: '6.3', java.version: '1.8.0_102'
Driver info: driver.version: unknown)"/>
         <system-out><![CDATA[2017-10-31 12:03:51 - [TEST_CASE][FAILED] - Test Cases/Profile/Update Profile - Iteration 1: Test Cases/Profile/Update Profile FAILED because (of) Unable to select option by value 'Nairobi' of object 'Object Repository/Profile/Profile Page/State'  (Root cause: org.openqa.selenium.NoSuchElementException: Cannot locate option with value: Nairobi
For documentation on this error, please visit: http://seleniumhq.org/exceptions/no_such_element.html
Build info: version: '2.53.0', revision: '35ae25b', time: '2016-03-15 17:00:58'
System info: host: 'STEGAHZ', ip: '192.168.56.1', os.name: 'Windows 8.1', os.arch: 'amd64', os.version: '6.3', java.version: '1.8.0_102'
Driver info: driver.version: unknown)

2017-10-31 12:03:52 - [TEST_STEP][PASSED] - callTestCase: Call Test Case 'Test Cases/Common/LOGIN' successfully

2017-10-31 12:03:52 - [TEST_CASE][PASSED] - Test Cases/Common/LOGIN: Test Cases/Common/LOGIN

2017-10-31 12:03:52 - [TEST_STEP][PASSED] - openBrowser: Browser is opened with url: 'https://sandbox.vsms.tezzasolutions.com/index'

2017-10-31 12:04:31 - [MESSAGE][PASSED] - Browser is opened with url: 'https://sandbox.vsms.tezzasolutions.com/index'

2017-10-31 12:04:31 - [TEST_STEP][PASSED] - maximizeWindow: Current window maximized

2017-10-31 12:04:31 - [MESSAGE][PASSED] - Current window maximized

2017-10-31 12:04:31 - [TEST_STEP][PASSED] - click: Object: 'Object Repository/login/a_Log in' is clicked on

2017-10-31 12:04:32 - [MESSAGE][PASSED] - Object: 'Object Repository/login/a_Log in' is clicked on

2017-10-31 12:04:32 - [TEST_STEP][PASSED] - setText: Text 'clarinenyauncho@gmail.com' is set on object 'Object Repository/login/input_email'

2017-10-31 12:04:36 - [MESSAGE][PASSED] - Text 'clarinenyauncho@gmail.com' is set on object 'Object Repository/login/input_email'

2017-10-31 12:04:36 - [TEST_STEP][PASSED] - setText: Text 'changeme' is set on object 'Object Repository/login/input_password'

2017-10-31 12:04:37 - [MESSAGE][PASSED] - Text 'changeme' is set on object 'Object Repository/login/input_password'

2017-10-31 12:04:37 - [TEST_STEP][PASSED] - click: Object: 'Object Repository/login/button_Login' is clicked on

2017-10-31 12:04:39 - [MESSAGE][PASSED] - Object: 'Object Repository/login/button_Login' is clicked on

2017-10-31 12:04:39 - [MESSAGE][PASSED] - Call Test Case 'Test Cases/Common/LOGIN' successfully

2017-10-31 12:04:39 - [TEST_STEP][PASSED] - maximizeWindow: Current window maximized

2017-10-31 12:04:39 - [MESSAGE][PASSED] - Current window maximized

2017-10-31 12:04:39 - [TEST_STEP][PASSED] - click: Object: 'Object Repository/Profile/Nav Bar/a_dropdown-toggle' is clicked on

2017-10-31 12:04:39 - [MESSAGE][PASSED] - Object: 'Object Repository/Profile/Nav Bar/a_dropdown-toggle' is clicked on

2017-10-31 12:04:39 - [TEST_STEP][PASSED] - click: Object: 'Object Repository/Profile/Nav Bar/a_My Profile' is clicked on

2017-10-31 12:04:40 - [MESSAGE][PASSED] - Object: 'Object Repository/Profile/Nav Bar/a_My Profile' is clicked on

2017-10-31 12:04:40 - [TEST_STEP][PASSED] - selectOptionByValue: All options with value 'Mr' are selected in object 'Object Repository/Profile/Profile Page/select_title' 

2017-10-31 12:04:42 - [MESSAGE][PASSED] - All options with value 'Mr' are selected in object 'Object Repository/Profile/Profile Page/select_title' 

2017-10-31 12:04:42 - [TEST_STEP][PASSED] - setText: Text 'Madiba' is set on object 'Object Repository/Profile/Profile Page/FirstName'

2017-10-31 12:04:43 - [MESSAGE][PASSED] - Text 'Madiba' is set on object 'Object Repository/Profile/Profile Page/FirstName'

2017-10-31 12:04:43 - [TEST_STEP][PASSED] - setText: Text 'Mandela' is set on object 'Object Repository/Profile/Profile Page/LastName'

2017-10-31 12:04:44 - [MESSAGE][PASSED] - Text 'Mandela' is set on object 'Object Repository/Profile/Profile Page/LastName'

2017-10-31 12:04:44 - [TEST_STEP][PASSED] - setText: Text 'Tester' is set on object 'Object Repository/Profile/Profile Page/Job Title'

2017-10-31 12:04:45 - [MESSAGE][PASSED] - Text 'Tester' is set on object 'Object Repository/Profile/Profile Page/Job Title'

2017-10-31 12:04:45 - [TEST_STEP][PASSED] - selectOptionByValue: All options with value 'number:101' are selected in object 'Object Repository/Profile/Profile Page/Department' 

2017-10-31 12:04:45 - [MESSAGE][PASSED] - All options with value 'number:101' are selected in object 'Object Repository/Profile/Profile Page/Department' 

2017-10-31 12:04:45 - [TEST_STEP][PASSED] - setText: Text '0725165229' is set on object 'Object Repository/Profile/Profile Page/Phone'

2017-10-31 12:04:46 - [MESSAGE][PASSED] - Text '0725165229' is set on object 'Object Repository/Profile/Profile Page/Phone'

2017-10-31 12:04:46 - [TEST_STEP][PASSED] - setText: Text '0725167892' is set on object 'Object Repository/Profile/Profile Page/Alt Phone'

2017-10-31 12:04:46 - [MESSAGE][PASSED] - Text '0725167892' is set on object 'Object Repository/Profile/Profile Page/Alt Phone'

2017-10-31 12:04:46 - [TEST_STEP][PASSED] - setText: Text 'dennisgituto@yahoo.com' is set on object 'Object Repository/Profile/Profile Page/Alt Email'

2017-10-31 12:04:46 - [MESSAGE][PASSED] - Text 'dennisgituto@yahoo.com' is set on object 'Object Repository/Profile/Profile Page/Alt Email'

2017-10-31 12:04:46 - [TEST_STEP][PASSED] - setText: Text '6789' is set on object 'Object Repository/Profile/Profile Page/Address 1'

2017-10-31 12:04:47 - [MESSAGE][PASSED] - Text '6789' is set on object 'Object Repository/Profile/Profile Page/Address 1'

2017-10-31 12:04:47 - [TEST_STEP][PASSED] - setText: Text '12345' is set on object 'Object Repository/Profile/Profile Page/Address 2'

2017-10-31 12:04:47 - [MESSAGE][PASSED] - Text '12345' is set on object 'Object Repository/Profile/Profile Page/Address 2'

2017-10-31 12:04:47 - [TEST_STEP][PASSED] - setText: Text 'Nairobi' is set on object 'Object Repository/Profile/Profile Page/City'

2017-10-31 12:04:48 - [MESSAGE][PASSED] - Text 'Nairobi' is set on object 'Object Repository/Profile/Profile Page/City'

2017-10-31 12:04:48 - [TEST_STEP][PASSED] - selectOptionByValue: All options with value 'Kenya' are selected in object 'Object Repository/Profile/Profile Page/Country' 

2017-10-31 12:04:48 - [MESSAGE][PASSED] - All options with value 'Kenya' are selected in object 'Object Repository/Profile/Profile Page/Country' 

2017-10-31 12:04:48 - [TEST_STEP][FAILED] - selectOptionByValue: Unable to select option by value 'Nairobi' of object 'Object Repository/Profile/Profile Page/State'  (Root cause: org.openqa.selenium.NoSuchElementException: Cannot locate option with value: Nairobi
For documentation on this error, please visit: http://seleniumhq.org/exceptions/no_such_element.html
Build info: version: '2.53.0', revision: '35ae25b', time: '2016-03-15 17:00:58'
System info: host: 'STEGAHZ', ip: '192.168.56.1', os.name: 'Windows 8.1', os.arch: 'amd64', os.version: '6.3', java.version: '1.8.0_102'
Driver info: driver.version: unknown)

2017-10-31 12:04:48 - [MESSAGE][FAILED] - Unable to select option by value 'Nairobi' of object 'Object Repository/Profile/Profile Page/State'  (Root cause: org.openqa.selenium.NoSuchElementException: Cannot locate option with value: Nairobi
For documentation on this error, please visit: http://seleniumhq.org/exceptions/no_such_element.html
Build info: version: '2.53.0', revision: '35ae25b', time: '2016-03-15 17:00:58'
System info: host: 'STEGAHZ', ip: '192.168.56.1', os.name: 'Windows 8.1', os.arch: 'amd64', os.version: '6.3', java.version: '1.8.0_102'
Driver info: driver.version: unknown)
[[ATTACHMENT|C:\\Users\\Stella\\git\\VSMS-Test-Automation\\Reports\\Profile\\Update Profile\\20171031_120342\\1509440688590.png]]

2017-10-31 12:04:48 - [TEST_STEP][PASSED] - delay: Delayed 5 second(s)

2017-10-31 12:04:53 - [MESSAGE][PASSED] - Delayed 5 second(s)

2017-10-31 12:04:53 - [TEST_STEP][PASSED] - click: Object: 'Object Repository/Profile/Profile Page/button_Update' is clicked on

2017-10-31 12:04:54 - [MESSAGE][PASSED] - Object: 'Object Repository/Profile/Profile Page/button_Update' is clicked on

2017-10-31 12:04:54 - [TEST_STEP][PASSED] - delay: Delayed 5 second(s)

2017-10-31 12:04:59 - [MESSAGE][PASSED] - Delayed 5 second(s)

2017-10-31 12:04:59 - [TEST_STEP][PASSED] - closeBrowser: Browser is closed

2017-10-31 12:05:00 - [MESSAGE][PASSED] - Browser is closed]]></system-out>
         <system-err><![CDATA[2017-10-31 12:03:51 - [TEST_CASE][FAILED] - Test Cases/Profile/Update Profile - Iteration 1: Test Cases/Profile/Update Profile FAILED because (of) Unable to select option by value 'Nairobi' of object 'Object Repository/Profile/Profile Page/State'  (Root cause: org.openqa.selenium.NoSuchElementException: Cannot locate option with value: Nairobi
For documentation on this error, please visit: http://seleniumhq.org/exceptions/no_such_element.html
Build info: version: '2.53.0', revision: '35ae25b', time: '2016-03-15 17:00:58'
System info: host: 'STEGAHZ', ip: '192.168.56.1', os.name: 'Windows 8.1', os.arch: 'amd64', os.version: '6.3', java.version: '1.8.0_102'
Driver info: driver.version: unknown)]]></system-err>
      </testcase>
      <testcase name="Test Cases/Profile/Update Profile - Iteration 2" classname="Test Cases/Profile/Update Profile" status="FAILED">
         <failure type="FAILED" message="Test Cases/Profile/Update Profile FAILED because (of) Unable to select option by value 'Nairobi' of object 'Object Repository/Profile/Profile Page/State'  (Root cause: org.openqa.selenium.NoSuchElementException: Cannot locate option with value: Nairobi
For documentation on this error, please visit: http://seleniumhq.org/exceptions/no_such_element.html
Build info: version: '2.53.0', revision: '35ae25b', time: '2016-03-15 17:00:58'
System info: host: 'STEGAHZ', ip: '192.168.56.1', os.name: 'Windows 8.1', os.arch: 'amd64', os.version: '6.3', java.version: '1.8.0_102'
Driver info: driver.version: unknown)"/>
         <system-out><![CDATA[2017-10-31 12:05:00 - [TEST_CASE][FAILED] - Test Cases/Profile/Update Profile - Iteration 2: Test Cases/Profile/Update Profile FAILED because (of) Unable to select option by value 'Nairobi' of object 'Object Repository/Profile/Profile Page/State'  (Root cause: org.openqa.selenium.NoSuchElementException: Cannot locate option with value: Nairobi
For documentation on this error, please visit: http://seleniumhq.org/exceptions/no_such_element.html
Build info: version: '2.53.0', revision: '35ae25b', time: '2016-03-15 17:00:58'
System info: host: 'STEGAHZ', ip: '192.168.56.1', os.name: 'Windows 8.1', os.arch: 'amd64', os.version: '6.3', java.version: '1.8.0_102'
Driver info: driver.version: unknown)

2017-10-31 12:05:00 - [TEST_STEP][PASSED] - callTestCase: Call Test Case 'Test Cases/Common/LOGIN' successfully

2017-10-31 12:05:00 - [TEST_CASE][PASSED] - Test Cases/Common/LOGIN: Test Cases/Common/LOGIN

2017-10-31 12:05:00 - [TEST_STEP][PASSED] - openBrowser: Browser is opened with url: 'https://sandbox.vsms.tezzasolutions.com/index'

2017-10-31 12:05:16 - [MESSAGE][PASSED] - Browser is opened with url: 'https://sandbox.vsms.tezzasolutions.com/index'

2017-10-31 12:05:16 - [TEST_STEP][PASSED] - maximizeWindow: Current window maximized

2017-10-31 12:05:16 - [MESSAGE][PASSED] - Current window maximized

2017-10-31 12:05:16 - [TEST_STEP][PASSED] - click: Object: 'Object Repository/login/a_Log in' is clicked on

2017-10-31 12:05:17 - [MESSAGE][PASSED] - Object: 'Object Repository/login/a_Log in' is clicked on

2017-10-31 12:05:17 - [TEST_STEP][PASSED] - setText: Text 'clarinenyauncho@gmail.com' is set on object 'Object Repository/login/input_email'

2017-10-31 12:05:19 - [MESSAGE][PASSED] - Text 'clarinenyauncho@gmail.com' is set on object 'Object Repository/login/input_email'

2017-10-31 12:05:19 - [TEST_STEP][PASSED] - setText: Text 'changeme' is set on object 'Object Repository/login/input_password'

2017-10-31 12:05:19 - [MESSAGE][PASSED] - Text 'changeme' is set on object 'Object Repository/login/input_password'

2017-10-31 12:05:19 - [TEST_STEP][PASSED] - click: Object: 'Object Repository/login/button_Login' is clicked on

2017-10-31 12:05:22 - [MESSAGE][PASSED] - Object: 'Object Repository/login/button_Login' is clicked on

2017-10-31 12:05:22 - [MESSAGE][PASSED] - Call Test Case 'Test Cases/Common/LOGIN' successfully

2017-10-31 12:05:22 - [TEST_STEP][PASSED] - maximizeWindow: Current window maximized

2017-10-31 12:05:22 - [MESSAGE][PASSED] - Current window maximized

2017-10-31 12:05:22 - [TEST_STEP][PASSED] - click: Object: 'Object Repository/Profile/Nav Bar/a_dropdown-toggle' is clicked on

2017-10-31 12:05:22 - [MESSAGE][PASSED] - Object: 'Object Repository/Profile/Nav Bar/a_dropdown-toggle' is clicked on

2017-10-31 12:05:22 - [TEST_STEP][PASSED] - click: Object: 'Object Repository/Profile/Nav Bar/a_My Profile' is clicked on

2017-10-31 12:05:22 - [MESSAGE][PASSED] - Object: 'Object Repository/Profile/Nav Bar/a_My Profile' is clicked on

2017-10-31 12:05:22 - [TEST_STEP][PASSED] - selectOptionByValue: All options with value 'Mr' are selected in object 'Object Repository/Profile/Profile Page/select_title' 

2017-10-31 12:05:24 - [MESSAGE][PASSED] - All options with value 'Mr' are selected in object 'Object Repository/Profile/Profile Page/select_title' 

2017-10-31 12:05:24 - [TEST_STEP][PASSED] - setText: Text '' is set on object 'Object Repository/Profile/Profile Page/FirstName'

2017-10-31 12:05:25 - [MESSAGE][PASSED] - Text '' is set on object 'Object Repository/Profile/Profile Page/FirstName'

2017-10-31 12:05:25 - [TEST_STEP][PASSED] - setText: Text '' is set on object 'Object Repository/Profile/Profile Page/LastName'

2017-10-31 12:05:25 - [MESSAGE][PASSED] - Text '' is set on object 'Object Repository/Profile/Profile Page/LastName'

2017-10-31 12:05:25 - [TEST_STEP][PASSED] - setText: Text '' is set on object 'Object Repository/Profile/Profile Page/Job Title'

2017-10-31 12:05:25 - [MESSAGE][PASSED] - Text '' is set on object 'Object Repository/Profile/Profile Page/Job Title'

2017-10-31 12:05:25 - [TEST_STEP][PASSED] - selectOptionByValue: All options with value 'number:101' are selected in object 'Object Repository/Profile/Profile Page/Department' 

2017-10-31 12:05:26 - [MESSAGE][PASSED] - All options with value 'number:101' are selected in object 'Object Repository/Profile/Profile Page/Department' 

2017-10-31 12:05:26 - [TEST_STEP][PASSED] - setText: Text '' is set on object 'Object Repository/Profile/Profile Page/Phone'

2017-10-31 12:05:26 - [MESSAGE][PASSED] - Text '' is set on object 'Object Repository/Profile/Profile Page/Phone'

2017-10-31 12:05:26 - [TEST_STEP][PASSED] - setText: Text '' is set on object 'Object Repository/Profile/Profile Page/Alt Phone'

2017-10-31 12:05:27 - [MESSAGE][PASSED] - Text '' is set on object 'Object Repository/Profile/Profile Page/Alt Phone'

2017-10-31 12:05:27 - [TEST_STEP][PASSED] - setText: Text '' is set on object 'Object Repository/Profile/Profile Page/Alt Email'

2017-10-31 12:05:27 - [MESSAGE][PASSED] - Text '' is set on object 'Object Repository/Profile/Profile Page/Alt Email'

2017-10-31 12:05:27 - [TEST_STEP][PASSED] - setText: Text '' is set on object 'Object Repository/Profile/Profile Page/Address 1'

2017-10-31 12:05:27 - [MESSAGE][PASSED] - Text '' is set on object 'Object Repository/Profile/Profile Page/Address 1'

2017-10-31 12:05:27 - [TEST_STEP][PASSED] - setText: Text '' is set on object 'Object Repository/Profile/Profile Page/Address 2'

2017-10-31 12:05:28 - [MESSAGE][PASSED] - Text '' is set on object 'Object Repository/Profile/Profile Page/Address 2'

2017-10-31 12:05:28 - [TEST_STEP][PASSED] - setText: Text '' is set on object 'Object Repository/Profile/Profile Page/City'

2017-10-31 12:05:28 - [MESSAGE][PASSED] - Text '' is set on object 'Object Repository/Profile/Profile Page/City'

2017-10-31 12:05:28 - [TEST_STEP][PASSED] - selectOptionByValue: All options with value 'Kenya' are selected in object 'Object Repository/Profile/Profile Page/Country' 

2017-10-31 12:05:28 - [MESSAGE][PASSED] - All options with value 'Kenya' are selected in object 'Object Repository/Profile/Profile Page/Country' 

2017-10-31 12:05:28 - [TEST_STEP][FAILED] - selectOptionByValue: Unable to select option by value 'Nairobi' of object 'Object Repository/Profile/Profile Page/State'  (Root cause: org.openqa.selenium.NoSuchElementException: Cannot locate option with value: Nairobi
For documentation on this error, please visit: http://seleniumhq.org/exceptions/no_such_element.html
Build info: version: '2.53.0', revision: '35ae25b', time: '2016-03-15 17:00:58'
System info: host: 'STEGAHZ', ip: '192.168.56.1', os.name: 'Windows 8.1', os.arch: 'amd64', os.version: '6.3', java.version: '1.8.0_102'
Driver info: driver.version: unknown)

2017-10-31 12:05:29 - [MESSAGE][FAILED] - Unable to select option by value 'Nairobi' of object 'Object Repository/Profile/Profile Page/State'  (Root cause: org.openqa.selenium.NoSuchElementException: Cannot locate option with value: Nairobi
For documentation on this error, please visit: http://seleniumhq.org/exceptions/no_such_element.html
Build info: version: '2.53.0', revision: '35ae25b', time: '2016-03-15 17:00:58'
System info: host: 'STEGAHZ', ip: '192.168.56.1', os.name: 'Windows 8.1', os.arch: 'amd64', os.version: '6.3', java.version: '1.8.0_102'
Driver info: driver.version: unknown)
[[ATTACHMENT|C:\\Users\\Stella\\git\\VSMS-Test-Automation\\Reports\\Profile\\Update Profile\\20171031_120342\\1509440728620.png]]

2017-10-31 12:05:29 - [TEST_STEP][PASSED] - delay: Delayed 5 second(s)

2017-10-31 12:05:34 - [MESSAGE][PASSED] - Delayed 5 second(s)

2017-10-31 12:05:34 - [TEST_STEP][PASSED] - click: Object: 'Object Repository/Profile/Profile Page/button_Update' is clicked on

2017-10-31 12:05:34 - [MESSAGE][PASSED] - Object: 'Object Repository/Profile/Profile Page/button_Update' is clicked on

2017-10-31 12:05:34 - [TEST_STEP][PASSED] - delay: Delayed 5 second(s)

2017-10-31 12:05:39 - [MESSAGE][PASSED] - Delayed 5 second(s)

2017-10-31 12:05:39 - [TEST_STEP][PASSED] - closeBrowser: Browser is closed

2017-10-31 12:05:39 - [MESSAGE][PASSED] - Browser is closed]]></system-out>
         <system-err><![CDATA[2017-10-31 12:05:00 - [TEST_CASE][FAILED] - Test Cases/Profile/Update Profile - Iteration 2: Test Cases/Profile/Update Profile FAILED because (of) Unable to select option by value 'Nairobi' of object 'Object Repository/Profile/Profile Page/State'  (Root cause: org.openqa.selenium.NoSuchElementException: Cannot locate option with value: Nairobi
For documentation on this error, please visit: http://seleniumhq.org/exceptions/no_such_element.html
Build info: version: '2.53.0', revision: '35ae25b', time: '2016-03-15 17:00:58'
System info: host: 'STEGAHZ', ip: '192.168.56.1', os.name: 'Windows 8.1', os.arch: 'amd64', os.version: '6.3', java.version: '1.8.0_102'
Driver info: driver.version: unknown)]]></system-err>
      </testcase>
      <system-out><![CDATA[2017-10-31 12:03:50 - [TEST_SUITE][FAILED] - Update Profile: Test Cases/Profile/Update Profile FAILED because (of) Unable to select option by value 'Nairobi' of object 'Object Repository/Profile/Profile Page/State'  (Root cause: org.openqa.selenium.NoSuchElementException: Cannot locate option with value: Nairobi
For documentation on this error, please visit: http://seleniumhq.org/exceptions/no_such_element.html
Build info: version: '2.53.0', revision: '35ae25b', time: '2016-03-15 17:00:58'
System info: host: 'STEGAHZ', ip: '192.168.56.1', os.name: 'Windows 8.1', os.arch: 'amd64', os.version: '6.3', java.version: '1.8.0_102'
Driver info: driver.version: unknown)]]></system-out>
      <system-err><![CDATA[2017-10-31 12:03:50 - [TEST_SUITE][FAILED] - Update Profile: Test Cases/Profile/Update Profile FAILED because (of) Unable to select option by value 'Nairobi' of object 'Object Repository/Profile/Profile Page/State'  (Root cause: org.openqa.selenium.NoSuchElementException: Cannot locate option with value: Nairobi
For documentation on this error, please visit: http://seleniumhq.org/exceptions/no_such_element.html
Build info: version: '2.53.0', revision: '35ae25b', time: '2016-03-15 17:00:58'
System info: host: 'STEGAHZ', ip: '192.168.56.1', os.name: 'Windows 8.1', os.arch: 'amd64', os.version: '6.3', java.version: '1.8.0_102'
Driver info: driver.version: unknown)]]></system-err>
   </testsuite>
</testsuites>
