{"devicePlatform":"","logFolder":"C:\\Users\\Gituto Nyawira\\git\\VSMS-Test-Automation\\Reports\\Request Meeting\\Sign up\\20171011_164351","runData":{"hostName":"Gituto Nyawira - Gituto-PC","os":"Windows 10 64bit","katalonVersion":"4.8.0.2","browser":"Chrome 61.0.3163.100","hostAddress":"192.168.43.189","sessionId":"66cf586a9f2098fc0dd28784aa084cda","seleniumVersion":"2.53.0","proxyInformation":"ProxyInformation{proxyOption\u003dNO_PROXY, proxyServerType\u003dHTTP, password\u003d, proxyServerAddress\u003d, proxyServerPort\u003d0}","platform":"Windows 10"},"type":"TEST_SUITE","name":"Sign up","id":"Test Suites/Request Meeting/Sign up","source":"","message":"Test Cases/Request A Meeting/Sign Up in Request Meeting FAILED because (of) Variable \u0027var_title\u0027 is not defined for test case.","description":"Sign up in order to request a meeting","startTime":1507729437032,"endTime":1507729461986,"childRecords":[{"isOptional":false,"type":"TEST_CASE","name":"Test Cases/Request A Meeting/Sign Up in Request Meeting","id":"Test Cases/Request A Meeting/Sign Up in Request Meeting","source":"C:\\\\Users\\\\Gituto Nyawira\\\\git\\\\VSMS-Test-AutomationTest Cases\\\\Request A Meeting\\\\Sign Up in Request Meeting.tc","message":"Test Cases/Request A Meeting/Sign Up in Request Meeting FAILED because (of) Variable \u0027var_title\u0027 is not defined for test case.","description":"Sign Up in Request Meeting in Homepage","startTime":1507729437638,"endTime":1507729459471,"childRecords":[{"testStatus":{"stackTrace":"","statusValue":"INFO"},"type":"MESSAGE","name":"","message":"Evaluating variables for test case","startTime":1507729438086,"endTime":0,"childRecords":[],"interuppted":false},{"testStatus":{"stackTrace":"","statusValue":"INFO"},"type":"MESSAGE","name":"","message":"Variable \u0027var_url\u0027 is set to https://sandbox.vsms.tezzasolutions.com/index","startTime":1507729438262,"endTime":0,"childRecords":[],"interuppted":false},{"testStatus":{"stackTrace":"","statusValue":"INFO"},"type":"MESSAGE","name":"","message":"Variable \u0027title\u0027 is set to Mr","startTime":1507729438265,"endTime":0,"childRecords":[],"interuppted":false},{"testStatus":{"stackTrace":"","statusValue":"INFO"},"type":"MESSAGE","name":"","message":"Variable \u0027var_firstName\u0027 is set to Samuel","startTime":1507729438280,"endTime":0,"childRecords":[],"interuppted":false},{"testStatus":{"stackTrace":"","statusValue":"INFO"},"type":"MESSAGE","name":"","message":"Variable \u0027var_lastName\u0027 is set to Onyango","startTime":1507729438290,"endTime":0,"childRecords":[],"interuppted":false},{"testStatus":{"stackTrace":"","statusValue":"INFO"},"type":"MESSAGE","name":"","message":"Variable \u0027var_email\u0027 is set to samuelkariuki@gmail.com","startTime":1507729438299,"endTime":0,"childRecords":[],"interuppted":false},{"testStatus":{"stackTrace":"","statusValue":"INFO"},"type":"MESSAGE","name":"","message":"Variable \u0027var_password\u0027 is set to desteg","startTime":1507729438301,"endTime":0,"childRecords":[],"interuppted":false},{"testStatus":{"stackTrace":"","statusValue":"INFO"},"type":"MESSAGE","name":"","message":"Variable \u0027var_confirmPassword\u0027 is set to desteg","startTime":1507729438309,"endTime":0,"childRecords":[],"interuppted":false},{"index":1,"isIgnoredIfFailed":false,"type":"TEST_STEP","name":"openBrowser","message":"Browser is opened with url: \u0027\u0027","description":"","startTime":1507729439259,"endTime":1507729444324,"childRecords":[{"testStatus":{"stackTrace":"","statusValue":"PASSED"},"type":"MESSAGE","name":"","message":"Browser is opened with url: \u0027\u0027","startTime":1507729444322,"endTime":0,"childRecords":[],"interuppted":false}],"interuppted":false},{"index":2,"isIgnoredIfFailed":false,"type":"TEST_STEP","name":"navigateToUrl","message":"Navigate to \u0027https://sandbox.vsms.tezzasolutions.com/index\u0027 successfully","description":"","startTime":1507729444325,"endTime":1507729451614,"childRecords":[{"testStatus":{"stackTrace":"","statusValue":"PASSED"},"type":"MESSAGE","name":"","message":"Navigate to \u0027https://sandbox.vsms.tezzasolutions.com/index\u0027 successfully","startTime":1507729451612,"endTime":0,"childRecords":[],"interuppted":false}],"interuppted":false},{"index":3,"isIgnoredIfFailed":false,"type":"TEST_STEP","name":"maximizeWindow","message":"Current window maximized","description":"","startTime":1507729451615,"endTime":1507729452956,"childRecords":[{"testStatus":{"stackTrace":"","statusValue":"PASSED"},"type":"MESSAGE","name":"","message":"Current window maximized","startTime":1507729452953,"endTime":0,"childRecords":[],"interuppted":false}],"interuppted":false},{"index":4,"isIgnoredIfFailed":false,"type":"TEST_STEP","name":"click","message":"Object: \u0027Object Repository/Request A meeting/Request meeting Page/button_REQUEST A MEETING\u0027 is clicked on","description":"","startTime":1507729452960,"endTime":1507729454209,"childRecords":[{"testStatus":{"stackTrace":"","statusValue":"PASSED"},"type":"MESSAGE","name":"","message":"Object: \u0027Object Repository/Request A meeting/Request meeting Page/button_REQUEST A MEETING\u0027 is clicked on","startTime":1507729454207,"endTime":0,"childRecords":[],"interuppted":false}],"interuppted":false},{"index":5,"isIgnoredIfFailed":false,"type":"TEST_STEP","name":"delay","message":"Delayed 5 second(s)","description":"","startTime":1507729454210,"endTime":1507729459349,"childRecords":[{"testStatus":{"stackTrace":"","statusValue":"PASSED"},"type":"MESSAGE","name":"","message":"Delayed 5 second(s)","startTime":1507729459333,"endTime":0,"childRecords":[],"interuppted":false}],"interuppted":false},{"index":6,"isIgnoredIfFailed":false,"type":"TEST_STEP","name":"setText","message":"Finding Test Object with id \u0027Object Repository/Request A meeting/Sign Up In Request Meeting/input_title\u0027","description":"","startTime":1507729459355,"endTime":1507729459446,"childRecords":[],"interuppted":false},{"testStatus":{"stackTrace":"","statusValue":"ERROR"},"type":"MESSAGE","name":"","message":"Test Cases/Request A Meeting/Sign Up in Request Meeting FAILED because (of) Variable \u0027var_title\u0027 is not defined for test case.","startTime":1507729459453,"endTime":0,"childRecords":[],"interuppted":false}],"interuppted":false}],"interuppted":false}