{"devicePlatform":"","logFolder":"C:\\Users\\Gituto Nyawira\\git\\VSMS-Test-Automation\\Reports\\Add Visitor\\20171006_120705","runData":{"hostName":"Gituto Nyawira - Gituto-PC","os":"Windows 10 64bit","katalonVersion":"4.8.0.2","browser":"Chrome 61.0.3163.100","hostAddress":"192.168.43.189","sessionId":"6fc1ece6cfa7b83c51b64cf12d295076","seleniumVersion":"2.53.0","proxyInformation":"ProxyInformation{proxyOption\u003dNO_PROXY, proxyServerType\u003dHTTP, password\u003d, proxyServerAddress\u003d, proxyServerPort\u003d0}","platform":"Windows 10"},"type":"TEST_SUITE","name":"Add Visitor","id":"Test Suites/Add Visitor","source":"","message":"Test Cases/Add new Visitor in Security Management Module FAILED because (of) Unable to select option by value \u0027Car\u0027 of object \u0027Object Repository/Add Visitor Page/select_assetType\u0027  (Root cause: org.openqa.selenium.NoSuchElementException: Cannot locate option with value: Car\nFor documentation on this error, please visit: http://seleniumhq.org/exceptions/no_such_element.html\nBuild info: version: \u00272.53.0\u0027, revision: \u002735ae25b\u0027, time: \u00272016-03-15 17:00:58\u0027\nSystem info: host: \u0027Gituto-PC\u0027, ip: \u0027192.168.43.189\u0027, os.name: \u0027Windows 10\u0027, os.arch: \u0027amd64\u0027, os.version: \u002710.0\u0027, java.version: \u00271.8.0_102\u0027\nDriver info: driver.version: unknown)","description":"Add Visitor in Security Management System","startTime":1507280830942,"endTime":1507280891144,"childRecords":[{"isOptional":false,"type":"TEST_CASE","name":"Test Cases/Login Test case","id":"Test Cases/Login Test case","source":"C:\\\\Users\\\\Gituto Nyawira\\\\git\\\\VSMS-Test-AutomationTest Cases\\\\Login Test case.tc","message":"Test Cases/Login Test case","description":"Login with Valid credentials","startTime":1507280831642,"endTime":1507280872268,"childRecords":[{"testStatus":{"stackTrace":"","statusValue":"INFO"},"type":"MESSAGE","name":"","message":"Evaluating variables for test case","startTime":1507280831965,"endTime":0,"childRecords":[],"interuppted":false},{"index":1,"isIgnoredIfFailed":false,"type":"TEST_STEP","name":"openBrowser","message":"Browser is opened with url: \u0027\u0027","description":"","startTime":1507280832611,"endTime":1507280852878,"childRecords":[{"testStatus":{"stackTrace":"","statusValue":"PASSED"},"type":"MESSAGE","name":"","message":"Browser is opened with url: \u0027\u0027","startTime":1507280852876,"endTime":0,"childRecords":[],"interuppted":false}],"interuppted":false},{"index":2,"isIgnoredIfFailed":false,"type":"TEST_STEP","name":"navigateToUrl","message":"Navigate to \u0027https://sandbox.vsms.tezzasolutions.com/index\u0027 successfully","description":"","startTime":1507280852879,"endTime":1507280861106,"childRecords":[{"testStatus":{"stackTrace":"","statusValue":"PASSED"},"type":"MESSAGE","name":"","message":"Navigate to \u0027https://sandbox.vsms.tezzasolutions.com/index\u0027 successfully","startTime":1507280861105,"endTime":0,"childRecords":[],"interuppted":false}],"interuppted":false},{"index":3,"isIgnoredIfFailed":false,"type":"TEST_STEP","name":"click","message":"Object: \u0027Object Repository/Overview Page/a_Log in\u0027 is clicked on","description":"","startTime":1507280861108,"endTime":1507280865376,"childRecords":[{"testStatus":{"stackTrace":"","statusValue":"PASSED"},"type":"MESSAGE","name":"","message":"Object: \u0027Object Repository/Overview Page/a_Log in\u0027 is clicked on","startTime":1507280865373,"endTime":0,"childRecords":[],"interuppted":false}],"interuppted":false},{"index":4,"isIgnoredIfFailed":false,"type":"TEST_STEP","name":"setText","message":"Text \u0027dennis.gituto@tezzasolutions.com\u0027 is set on object \u0027Object Repository/Login Page/input_email\u0027","description":"","startTime":1507280865378,"endTime":1507280867348,"childRecords":[{"testStatus":{"stackTrace":"","statusValue":"PASSED"},"type":"MESSAGE","name":"","message":"Text \u0027dennis.gituto@tezzasolutions.com\u0027 is set on object \u0027Object Repository/Login Page/input_email\u0027","startTime":1507280867347,"endTime":0,"childRecords":[],"interuppted":false}],"interuppted":false},{"index":5,"isIgnoredIfFailed":false,"type":"TEST_STEP","name":"setText","message":"Text \u0027Desteg@3871\u0027 is set on object \u0027Object Repository/Login Page/input_password\u0027","description":"","startTime":1507280867349,"endTime":1507280868085,"childRecords":[{"testStatus":{"stackTrace":"","statusValue":"PASSED"},"type":"MESSAGE","name":"","message":"Text \u0027Desteg@3871\u0027 is set on object \u0027Object Repository/Login Page/input_password\u0027","startTime":1507280868083,"endTime":0,"childRecords":[],"interuppted":false}],"interuppted":false},{"index":6,"isIgnoredIfFailed":false,"type":"TEST_STEP","name":"click","message":"Object: \u0027Object Repository/Login Page/button_Login\u0027 is clicked on","description":"","startTime":1507280868086,"endTime":1507280872265,"childRecords":[{"testStatus":{"stackTrace":"","statusValue":"PASSED"},"type":"MESSAGE","name":"","message":"Object: \u0027Object Repository/Login Page/button_Login\u0027 is clicked on","startTime":1507280872263,"endTime":0,"childRecords":[],"interuppted":false}],"interuppted":false},{"testStatus":{"stackTrace":"","statusValue":"PASSED"},"type":"MESSAGE","name":"","message":"Test Cases/Login Test case","startTime":1507280872266,"endTime":0,"childRecords":[],"interuppted":false}],"interuppted":false},{"isOptional":false,"type":"TEST_CASE","name":"Test Cases/Add new Visitor in Security Management Module","id":"Test Cases/Add new Visitor in Security Management Module","source":"C:\\\\Users\\\\Gituto Nyawira\\\\git\\\\VSMS-Test-AutomationTest Cases\\\\Add new Visitor in Security Management Module.tc","message":"Test Cases/Add new Visitor in Security Management Module FAILED because (of) Unable to select option by value \u0027Car\u0027 of object \u0027Object Repository/Add Visitor Page/select_assetType\u0027  (Root cause: org.openqa.selenium.NoSuchElementException: Cannot locate option with value: Car\nFor documentation on this error, please visit: http://seleniumhq.org/exceptions/no_such_element.html\nBuild info: version: \u00272.53.0\u0027, revision: \u002735ae25b\u0027, time: \u00272016-03-15 17:00:58\u0027\nSystem info: host: \u0027Gituto-PC\u0027, ip: \u0027192.168.43.189\u0027, os.name: \u0027Windows 10\u0027, os.arch: \u0027amd64\u0027, os.version: \u002710.0\u0027, java.version: \u00271.8.0_102\u0027\nDriver info: driver.version: unknown)","description":"Add new Visitor in Security Management Module","startTime":1507280872340,"endTime":1507280886312,"childRecords":[{"testStatus":{"stackTrace":"","statusValue":"INFO"},"type":"MESSAGE","name":"","message":"Evaluating variables for test case","startTime":1507280872610,"endTime":0,"childRecords":[],"interuppted":false},{"index":1,"isIgnoredIfFailed":false,"type":"TEST_STEP","name":"click","message":"Object: \u0027Object Repository/Dashboard Page/a_Modules\u0027 is clicked on","description":"","startTime":1507280873613,"endTime":1507280874233,"childRecords":[{"testStatus":{"stackTrace":"","statusValue":"PASSED"},"type":"MESSAGE","name":"","message":"Object: \u0027Object Repository/Dashboard Page/a_Modules\u0027 is clicked on","startTime":1507280874231,"endTime":0,"childRecords":[],"interuppted":false}],"interuppted":false},{"index":2,"isIgnoredIfFailed":false,"type":"TEST_STEP","name":"click","message":"Object: \u0027Object Repository/Dashboard Page/a_Security Management\u0027 is clicked on","description":"","startTime":1507280874234,"endTime":1507280874861,"childRecords":[{"testStatus":{"stackTrace":"","statusValue":"PASSED"},"type":"MESSAGE","name":"","message":"Object: \u0027Object Repository/Dashboard Page/a_Security Management\u0027 is clicked on","startTime":1507280874860,"endTime":0,"childRecords":[],"interuppted":false}],"interuppted":false},{"index":3,"isIgnoredIfFailed":false,"type":"TEST_STEP","name":"click","message":"Object: \u0027Object Repository/Dashboard Page/a_Security\u0027 is clicked on","description":"","startTime":1507280874862,"endTime":1507280879677,"childRecords":[{"testStatus":{"stackTrace":"","statusValue":"PASSED"},"type":"MESSAGE","name":"","message":"Object: \u0027Object Repository/Dashboard Page/a_Security\u0027 is clicked on","startTime":1507280879675,"endTime":0,"childRecords":[],"interuppted":false}],"interuppted":false},{"index":4,"isIgnoredIfFailed":false,"type":"TEST_STEP","name":"click","message":"Object: \u0027Object Repository/Add Visitor Page/New Visitor Button\u0027 is clicked on","description":"","startTime":1507280879678,"endTime":1507280880617,"childRecords":[{"testStatus":{"stackTrace":"","statusValue":"PASSED"},"type":"MESSAGE","name":"","message":"Object: \u0027Object Repository/Add Visitor Page/New Visitor Button\u0027 is clicked on","startTime":1507280880616,"endTime":0,"childRecords":[],"interuppted":false}],"interuppted":false},{"index":5,"isIgnoredIfFailed":false,"type":"TEST_STEP","name":"setText","message":"Text \u0027jamesmaina@gmail.com\u0027 is set on object \u0027Object Repository/Add Visitor Page/input_email\u0027","description":"","startTime":1507280880618,"endTime":1507280882312,"childRecords":[{"testStatus":{"stackTrace":"","statusValue":"PASSED"},"type":"MESSAGE","name":"","message":"Text \u0027jamesmaina@gmail.com\u0027 is set on object \u0027Object Repository/Add Visitor Page/input_email\u0027","startTime":1507280882311,"endTime":0,"childRecords":[],"interuppted":false}],"interuppted":false},{"index":6,"isIgnoredIfFailed":false,"type":"TEST_STEP","name":"setText","message":"Text \u0027James\u0027 is set on object \u0027Object Repository/Add Visitor Page/input_first_name\u0027","description":"","startTime":1507280882313,"endTime":1507280883633,"childRecords":[{"testStatus":{"stackTrace":"","statusValue":"PASSED"},"type":"MESSAGE","name":"","message":"Text \u0027James\u0027 is set on object \u0027Object Repository/Add Visitor Page/input_first_name\u0027","startTime":1507280883633,"endTime":0,"childRecords":[],"interuppted":false}],"interuppted":false},{"index":7,"isIgnoredIfFailed":false,"type":"TEST_STEP","name":"setText","message":"Text \u0027Maina\u0027 is set on object \u0027Object Repository/Add Visitor Page/input_last_name\u0027","description":"","startTime":1507280883634,"endTime":1507280884376,"childRecords":[{"testStatus":{"stackTrace":"","statusValue":"PASSED"},"type":"MESSAGE","name":"","message":"Text \u0027Maina\u0027 is set on object \u0027Object Repository/Add Visitor Page/input_last_name\u0027","startTime":1507280884375,"endTime":0,"childRecords":[],"interuppted":false}],"interuppted":false},{"index":8,"isIgnoredIfFailed":false,"type":"TEST_STEP","name":"setText","message":"Text \u00270715532566\u0027 is set on object \u0027Object Repository/Add Visitor Page/input_phone\u0027","description":"","startTime":1507280884377,"endTime":1507280885014,"childRecords":[{"testStatus":{"stackTrace":"","statusValue":"PASSED"},"type":"MESSAGE","name":"","message":"Text \u00270715532566\u0027 is set on object \u0027Object Repository/Add Visitor Page/input_phone\u0027","startTime":1507280885013,"endTime":0,"childRecords":[],"interuppted":false}],"interuppted":false},{"index":9,"isIgnoredIfFailed":false,"type":"TEST_STEP","name":"click","message":"Object: \u0027Object Repository/Add Visitor Page/button_Add Visitor\u0027 is clicked on","description":"","startTime":1507280885014,"endTime":1507280885483,"childRecords":[{"testStatus":{"stackTrace":"","statusValue":"PASSED"},"type":"MESSAGE","name":"","message":"Object: \u0027Object Repository/Add Visitor Page/button_Add Visitor\u0027 is clicked on","startTime":1507280885481,"endTime":0,"childRecords":[],"interuppted":false}],"interuppted":false},{"attachment":"1507280885833.png","index":10,"isIgnoredIfFailed":false,"type":"TEST_STEP","name":"selectOptionByValue","message":"Unable to select option by value \u0027Car\u0027 of object \u0027Object Repository/Add Visitor Page/select_assetType\u0027  (Root cause: org.openqa.selenium.NoSuchElementException: Cannot locate option with value: Car\nFor documentation on this error, please visit: http://seleniumhq.org/exceptions/no_such_element.html\nBuild info: version: \u00272.53.0\u0027, revision: \u002735ae25b\u0027, time: \u00272016-03-15 17:00:58\u0027\nSystem info: host: \u0027Gituto-PC\u0027, ip: \u0027192.168.43.189\u0027, os.name: \u0027Windows 10\u0027, os.arch: \u0027amd64\u0027, os.version: \u002710.0\u0027, java.version: \u00271.8.0_102\u0027\nDriver info: driver.version: unknown)","description":"","startTime":1507280885483,"endTime":1507280886307,"childRecords":[{"testStatus":{"stackTrace":"","statusValue":"FAILED"},"attachment":"1507280885833.png","type":"MESSAGE","name":"","message":"Unable to select option by value \u0027Car\u0027 of object \u0027Object Repository/Add Visitor Page/select_assetType\u0027  (Root cause: org.openqa.selenium.NoSuchElementException: Cannot locate option with value: Car\nFor documentation on this error, please visit: http://seleniumhq.org/exceptions/no_such_element.html\nBuild info: version: \u00272.53.0\u0027, revision: \u002735ae25b\u0027, time: \u00272016-03-15 17:00:58\u0027\nSystem info: host: \u0027Gituto-PC\u0027, ip: \u0027192.168.43.189\u0027, os.name: \u0027Windows 10\u0027, os.arch: \u0027amd64\u0027, os.version: \u002710.0\u0027, java.version: \u00271.8.0_102\u0027\nDriver info: driver.version: unknown)","startTime":1507280886306,"endTime":0,"childRecords":[],"interuppted":false}],"interuppted":false},{"testStatus":{"stackTrace":"","statusValue":"FAILED"},"type":"MESSAGE","name":"","message":"Test Cases/Add new Visitor in Security Management Module FAILED because (of) Unable to select option by value \u0027Car\u0027 of object \u0027Object Repository/Add Visitor Page/select_assetType\u0027  (Root cause: org.openqa.selenium.NoSuchElementException: Cannot locate option with value: Car\nFor documentation on this error, please visit: http://seleniumhq.org/exceptions/no_such_element.html\nBuild info: version: \u00272.53.0\u0027, revision: \u002735ae25b\u0027, time: \u00272016-03-15 17:00:58\u0027\nSystem info: host: \u0027Gituto-PC\u0027, ip: \u0027192.168.43.189\u0027, os.name: \u0027Windows 10\u0027, os.arch: \u0027amd64\u0027, os.version: \u002710.0\u0027, java.version: \u00271.8.0_102\u0027\nDriver info: driver.version: unknown)","startTime":1507280886310,"endTime":0,"childRecords":[],"interuppted":false}],"interuppted":false}],"interuppted":false}