<?xml version="1.0" encoding="UTF-8"?>
<testsuites name="Add Visitor" time="60" tests="1" failures="1" errors="0">
   <testsuite name="Add Visitor" tests="1" failures="1" errors="0" time="60" timestamp="2017-10-06 12:07:10" hostname="Gituto Nyawira - Gituto-PC" id="Test Suites/Add Visitor">
      <properties>
         <property name="deviceName" value=""/>
         <property name="devicePlatform" value=""/>
         <property name="logFolder" value="C:\\Users\\Gituto Nyawira\\git\\VSMS-Test-Automation\\Reports\\Add Visitor\\20171006_120705"/>
         <property name="logFiles" value="C:\\Users\\Gituto Nyawira\\git\\VSMS-Test-Automation\\Reports\\Add Visitor\\20171006_120705\\execution0.log"/>
         <property name="attachments" value="C:\\Users\\Gituto Nyawira\\git\\VSMS-Test-Automation\\Reports\\Add Visitor\\20171006_120705\\1507280885833.png"/>
         <property name="hostName" value="Gituto Nyawira - Gituto-PC"/>
         <property name="os" value="Windows 10 64bit"/>
         <property name="katalonVersion" value="4.8.0.2"/>
         <property name="browser" value="Chrome 61.0.3163.100"/>
         <property name="hostAddress" value="192.168.43.189"/>
         <property name="sessionId" value="6fc1ece6cfa7b83c51b64cf12d295076"/>
         <property name="seleniumVersion" value="2.53.0"/>
         <property name="proxyInformation" value="ProxyInformation{proxyOption=NO_PROXY, proxyServerType=HTTP, password=, proxyServerAddress=, proxyServerPort=0}"/>
         <property name="platform" value="Windows 10"/>
      </properties>
      <testcase name="Test Cases/Login Test case" classname="Test Cases/Login Test case" status="PASSED">
         <system-out><![CDATA[2017-10-06 12:07:11 - [TEST_CASE][PASSED] - Test Cases/Login Test case: Test Cases/Login Test case

2017-10-06 12:07:12 - [TEST_STEP][PASSED] - openBrowser: Browser is opened with url: ''

2017-10-06 12:07:32 - [MESSAGE][PASSED] - Browser is opened with url: ''

2017-10-06 12:07:32 - [TEST_STEP][PASSED] - navigateToUrl: Navigate to 'https://sandbox.vsms.tezzasolutions.com/index' successfully

2017-10-06 12:07:41 - [MESSAGE][PASSED] - Navigate to 'https://sandbox.vsms.tezzasolutions.com/index' successfully

2017-10-06 12:07:41 - [TEST_STEP][PASSED] - click: Object: 'Object Repository/Overview Page/a_Log in' is clicked on

2017-10-06 12:07:45 - [MESSAGE][PASSED] - Object: 'Object Repository/Overview Page/a_Log in' is clicked on

2017-10-06 12:07:45 - [TEST_STEP][PASSED] - setText: Text 'dennis.gituto@tezzasolutions.com' is set on object 'Object Repository/Login Page/input_email'

2017-10-06 12:07:47 - [MESSAGE][PASSED] - Text 'dennis.gituto@tezzasolutions.com' is set on object 'Object Repository/Login Page/input_email'

2017-10-06 12:07:47 - [TEST_STEP][PASSED] - setText: Text 'Desteg@3871' is set on object 'Object Repository/Login Page/input_password'

2017-10-06 12:07:48 - [MESSAGE][PASSED] - Text 'Desteg@3871' is set on object 'Object Repository/Login Page/input_password'

2017-10-06 12:07:48 - [TEST_STEP][PASSED] - click: Object: 'Object Repository/Login Page/button_Login' is clicked on

2017-10-06 12:07:52 - [MESSAGE][PASSED] - Object: 'Object Repository/Login Page/button_Login' is clicked on]]></system-out>
         <system-err><![CDATA[]]></system-err>
      </testcase>
      <testcase name="Test Cases/Add new Visitor in Security Management Module" classname="Test Cases/Add new Visitor in Security Management Module" status="FAILED">
         <failure type="FAILED" message="Unable to select option by value 'Car' of object 'Object Repository/Add Visitor Page/select_assetType'  (Root cause: org.openqa.selenium.NoSuchElementException: Cannot locate option with value: Car
For documentation on this error, please visit: http://seleniumhq.org/exceptions/no_such_element.html
Build info: version: '2.53.0', revision: '35ae25b', time: '2016-03-15 17:00:58'
System info: host: 'Gituto-PC', ip: '192.168.43.189', os.name: 'Windows 10', os.arch: 'amd64', os.version: '10.0', java.version: '1.8.0_102'
Driver info: driver.version: unknown)"/>
         <system-out><![CDATA[2017-10-06 12:07:52 - [TEST_CASE][FAILED] - Test Cases/Add new Visitor in Security Management Module: Test Cases/Add new Visitor in Security Management Module FAILED because (of) Unable to select option by value 'Car' of object 'Object Repository/Add Visitor Page/select_assetType'  (Root cause: org.openqa.selenium.NoSuchElementException: Cannot locate option with value: Car
For documentation on this error, please visit: http://seleniumhq.org/exceptions/no_such_element.html
Build info: version: '2.53.0', revision: '35ae25b', time: '2016-03-15 17:00:58'
System info: host: 'Gituto-PC', ip: '192.168.43.189', os.name: 'Windows 10', os.arch: 'amd64', os.version: '10.0', java.version: '1.8.0_102'
Driver info: driver.version: unknown)

2017-10-06 12:07:53 - [TEST_STEP][PASSED] - click: Object: 'Object Repository/Dashboard Page/a_Modules' is clicked on

2017-10-06 12:07:54 - [MESSAGE][PASSED] - Object: 'Object Repository/Dashboard Page/a_Modules' is clicked on

2017-10-06 12:07:54 - [TEST_STEP][PASSED] - click: Object: 'Object Repository/Dashboard Page/a_Security Management' is clicked on

2017-10-06 12:07:54 - [MESSAGE][PASSED] - Object: 'Object Repository/Dashboard Page/a_Security Management' is clicked on

2017-10-06 12:07:54 - [TEST_STEP][PASSED] - click: Object: 'Object Repository/Dashboard Page/a_Security' is clicked on

2017-10-06 12:07:59 - [MESSAGE][PASSED] - Object: 'Object Repository/Dashboard Page/a_Security' is clicked on

2017-10-06 12:07:59 - [TEST_STEP][PASSED] - click: Object: 'Object Repository/Add Visitor Page/New Visitor Button' is clicked on

2017-10-06 12:08:00 - [MESSAGE][PASSED] - Object: 'Object Repository/Add Visitor Page/New Visitor Button' is clicked on

2017-10-06 12:08:00 - [TEST_STEP][PASSED] - setText: Text 'jamesmaina@gmail.com' is set on object 'Object Repository/Add Visitor Page/input_email'

2017-10-06 12:08:02 - [MESSAGE][PASSED] - Text 'jamesmaina@gmail.com' is set on object 'Object Repository/Add Visitor Page/input_email'

2017-10-06 12:08:02 - [TEST_STEP][PASSED] - setText: Text 'James' is set on object 'Object Repository/Add Visitor Page/input_first_name'

2017-10-06 12:08:03 - [MESSAGE][PASSED] - Text 'James' is set on object 'Object Repository/Add Visitor Page/input_first_name'

2017-10-06 12:08:03 - [TEST_STEP][PASSED] - setText: Text 'Maina' is set on object 'Object Repository/Add Visitor Page/input_last_name'

2017-10-06 12:08:04 - [MESSAGE][PASSED] - Text 'Maina' is set on object 'Object Repository/Add Visitor Page/input_last_name'

2017-10-06 12:08:04 - [TEST_STEP][PASSED] - setText: Text '0715532566' is set on object 'Object Repository/Add Visitor Page/input_phone'

2017-10-06 12:08:05 - [MESSAGE][PASSED] - Text '0715532566' is set on object 'Object Repository/Add Visitor Page/input_phone'

2017-10-06 12:08:05 - [TEST_STEP][PASSED] - click: Object: 'Object Repository/Add Visitor Page/button_Add Visitor' is clicked on

2017-10-06 12:08:05 - [MESSAGE][PASSED] - Object: 'Object Repository/Add Visitor Page/button_Add Visitor' is clicked on

2017-10-06 12:08:05 - [TEST_STEP][FAILED] - selectOptionByValue: Unable to select option by value 'Car' of object 'Object Repository/Add Visitor Page/select_assetType'  (Root cause: org.openqa.selenium.NoSuchElementException: Cannot locate option with value: Car
For documentation on this error, please visit: http://seleniumhq.org/exceptions/no_such_element.html
Build info: version: '2.53.0', revision: '35ae25b', time: '2016-03-15 17:00:58'
System info: host: 'Gituto-PC', ip: '192.168.43.189', os.name: 'Windows 10', os.arch: 'amd64', os.version: '10.0', java.version: '1.8.0_102'
Driver info: driver.version: unknown)

2017-10-06 12:08:06 - [MESSAGE][FAILED] - Unable to select option by value 'Car' of object 'Object Repository/Add Visitor Page/select_assetType'  (Root cause: org.openqa.selenium.NoSuchElementException: Cannot locate option with value: Car
For documentation on this error, please visit: http://seleniumhq.org/exceptions/no_such_element.html
Build info: version: '2.53.0', revision: '35ae25b', time: '2016-03-15 17:00:58'
System info: host: 'Gituto-PC', ip: '192.168.43.189', os.name: 'Windows 10', os.arch: 'amd64', os.version: '10.0', java.version: '1.8.0_102'
Driver info: driver.version: unknown)
[[ATTACHMENT|C:\\Users\\Gituto Nyawira\\git\\VSMS-Test-Automation\\Reports\\Add Visitor\\20171006_120705\\1507280885833.png]]]]></system-out>
         <system-err><![CDATA[2017-10-06 12:07:52 - [TEST_CASE][FAILED] - Test Cases/Add new Visitor in Security Management Module: Test Cases/Add new Visitor in Security Management Module FAILED because (of) Unable to select option by value 'Car' of object 'Object Repository/Add Visitor Page/select_assetType'  (Root cause: org.openqa.selenium.NoSuchElementException: Cannot locate option with value: Car
For documentation on this error, please visit: http://seleniumhq.org/exceptions/no_such_element.html
Build info: version: '2.53.0', revision: '35ae25b', time: '2016-03-15 17:00:58'
System info: host: 'Gituto-PC', ip: '192.168.43.189', os.name: 'Windows 10', os.arch: 'amd64', os.version: '10.0', java.version: '1.8.0_102'
Driver info: driver.version: unknown)]]></system-err>
      </testcase>
      <system-out><![CDATA[2017-10-06 12:07:10 - [TEST_SUITE][FAILED] - Add Visitor: Test Cases/Add new Visitor in Security Management Module FAILED because (of) Unable to select option by value 'Car' of object 'Object Repository/Add Visitor Page/select_assetType'  (Root cause: org.openqa.selenium.NoSuchElementException: Cannot locate option with value: Car
For documentation on this error, please visit: http://seleniumhq.org/exceptions/no_such_element.html
Build info: version: '2.53.0', revision: '35ae25b', time: '2016-03-15 17:00:58'
System info: host: 'Gituto-PC', ip: '192.168.43.189', os.name: 'Windows 10', os.arch: 'amd64', os.version: '10.0', java.version: '1.8.0_102'
Driver info: driver.version: unknown)]]></system-out>
      <system-err><![CDATA[2017-10-06 12:07:10 - [TEST_SUITE][FAILED] - Add Visitor: Test Cases/Add new Visitor in Security Management Module FAILED because (of) Unable to select option by value 'Car' of object 'Object Repository/Add Visitor Page/select_assetType'  (Root cause: org.openqa.selenium.NoSuchElementException: Cannot locate option with value: Car
For documentation on this error, please visit: http://seleniumhq.org/exceptions/no_such_element.html
Build info: version: '2.53.0', revision: '35ae25b', time: '2016-03-15 17:00:58'
System info: host: 'Gituto-PC', ip: '192.168.43.189', os.name: 'Windows 10', os.arch: 'amd64', os.version: '10.0', java.version: '1.8.0_102'
Driver info: driver.version: unknown)]]></system-err>
   </testsuite>
</testsuites>
