<?xml version="1.0" encoding="UTF-8"?>
<testsuites name="Edit Department" time="12" tests="0" failures="0" errors="1">
   <testsuite name="Edit Department" tests="0" failures="0" errors="1" time="12" timestamp="2017-10-11 11:52:08" hostname="ChweyaJnr - 192.168.56.1" id="Test Suites/User Management/Edit Department/Edit Department">
      <properties>
         <property name="deviceName" value=""/>
         <property name="devicePlatform" value=""/>
         <property name="logFolder" value="C:\\Users\\ChweyaJnr\\git\\VSMS-Test-Automation\\Reports\\User Management\\Edit Department\\Edit Department\\20171011_115206"/>
         <property name="logFiles" value="C:\\Users\\ChweyaJnr\\git\\VSMS-Test-Automation\\Reports\\User Management\\Edit Department\\Edit Department\\20171011_115206\\execution0.log"/>
         <property name="attachments" value=""/>
         <property name="hostName" value="ChweyaJnr - 192.168.56.1"/>
         <property name="os" value="Windows 10 64bit"/>
         <property name="katalonVersion" value="4.8.0.2"/>
         <property name="browser" value="Chrome 61.0.3163.100"/>
         <property name="hostAddress" value="192.168.56.1"/>
         <property name="sessionId" value="7eb0701039b6beda431d6f64e42cf399"/>
         <property name="seleniumVersion" value="2.53.0"/>
         <property name="proxyInformation" value="ProxyInformation{proxyOption=NO_PROXY, proxyServerType=HTTP, password=, proxyServerAddress=, proxyServerPort=0}"/>
         <property name="platform" value="Windows 10"/>
      </properties>
      <testcase name="Test Cases/User Management/Edit Department/Edit Department" classname="Test Cases/User Management/Edit Department/Edit Department" status="ERROR">
         <error type="ERROR" message="Test Cases/User Management/Edit Department/Edit Department FAILED because (of) Variable 'var_Loginemail' is not defined for test case."/>
         <system-out><![CDATA[2017-10-11 11:52:09 - [TEST_CASE][ERROR] - Test Cases/User Management/Edit Department/Edit Department: Test Cases/User Management/Edit Department/Edit Department FAILED because (of) Variable 'var_Loginemail' is not defined for test case.

2017-10-11 11:52:09 - [TEST_STEP][PASSED] - openBrowser: Browser is opened with url: ''

2017-10-11 11:52:13 - [MESSAGE][PASSED] - Browser is opened with url: ''

2017-10-11 11:52:13 - [TEST_STEP][PASSED] - navigateToUrl: Navigate to 'https://sandbox.vsms.tezzasolutions.com/index' successfully

2017-10-11 11:52:18 - [MESSAGE][PASSED] - Navigate to 'https://sandbox.vsms.tezzasolutions.com/index' successfully

2017-10-11 11:52:18 - [TEST_STEP][PASSED] - click: Object: 'Object Repository/User Management/Add New User/Login Page Objects/a_Log in' is clicked on

2017-10-11 11:52:20 - [MESSAGE][PASSED] - Object: 'Object Repository/User Management/Add New User/Login Page Objects/a_Log in' is clicked on

2017-10-11 11:52:20 - [TEST_STEP][PASSED] - setText: Finding Test Object with id 'Object Repository/User Management/Add New User/Login Page Objects/input_email']]></system-out>
         <system-err><![CDATA[2017-10-11 11:52:09 - [TEST_CASE][ERROR] - Test Cases/User Management/Edit Department/Edit Department: Test Cases/User Management/Edit Department/Edit Department FAILED because (of) Variable 'var_Loginemail' is not defined for test case.]]></system-err>
      </testcase>
      <system-out><![CDATA[2017-10-11 11:52:08 - [TEST_SUITE][ERROR] - Edit Department: Test Cases/User Management/Edit Department/Edit Department FAILED because (of) Variable 'var_Loginemail' is not defined for test case.]]></system-out>
      <system-err><![CDATA[2017-10-11 11:52:08 - [TEST_SUITE][ERROR] - Edit Department: Test Cases/User Management/Edit Department/Edit Department FAILED because (of) Variable 'var_Loginemail' is not defined for test case.]]></system-err>
   </testsuite>
</testsuites>
