<?xml version="1.0" encoding="UTF-8"?>
<testsuites name="Sign Up" time="82" tests="0" failures="1" errors="0">
   <testsuite name="Sign Up" tests="0" failures="1" errors="0" time="82" timestamp="2017-10-03 18:13:26" hostname="ChweyaJnr - DESKTOP-QAVLP3L" id="Test Suites/Sign Up/Sign Up">
      <properties>
         <property name="deviceName" value=""/>
         <property name="devicePlatform" value=""/>
         <property name="logFolder" value="C:\\Users\\ChweyaJnr\\git\\VSMS-Test-Automation\\Reports\\Sign Up\\Sign Up\\20171003_181320"/>
         <property name="logFiles" value="C:\\Users\\ChweyaJnr\\git\\VSMS-Test-Automation\\Reports\\Sign Up\\Sign Up\\20171003_181320\\execution0.log"/>
         <property name="attachments" value="C:\\Users\\ChweyaJnr\\git\\VSMS-Test-Automation\\Reports\\Sign Up\\Sign Up\\20171003_181320\\1507043687894.png"/>
         <property name="hostName" value="ChweyaJnr - DESKTOP-QAVLP3L"/>
         <property name="os" value="Windows 10 64bit"/>
         <property name="katalonVersion" value="4.8.0.2"/>
         <property name="browser" value="Firefox 39.0"/>
         <property name="hostAddress" value="192.168.56.1"/>
         <property name="sessionId" value="6a4e92ed-6110-4e96-902a-4e8fca5e7a7f"/>
         <property name="seleniumVersion" value="2.53.0"/>
         <property name="proxyInformation" value="ProxyInformation{proxyOption=NO_PROXY, proxyServerType=HTTP, password=, proxyServerAddress=, proxyServerPort=0}"/>
         <property name="platform" value="Windows 10"/>
      </properties>
      <testcase name="Test Cases/Sign Up" classname="Test Cases/Sign Up" status="FAILED">
         <failure type="FAILED" message="Unable to click on object 'Object Repository/Sign Up/Page_VSMS VSMS Sign Up/b' (Root cause: com.kms.katalon.core.webui.exception.WebElementNotFoundException: Web element with id: 'Object Repository/Sign Up/Page_VSMS VSMS Sign Up/b' located by 'By.xpath: //b[count(. | //*[@id='signup-form']/div[7]/div/span/span[1]/span) = count(//*[@id='signup-form']/div[7]/div/span/span[1]/span)]' not found)"/>
         <system-out><![CDATA[2017-10-03 18:13:27 - [TEST_CASE][FAILED] - Test Cases/Sign Up: Test Cases/Sign Up FAILED because (of) Unable to click on object 'Object Repository/Sign Up/Page_VSMS VSMS Sign Up/b' (Root cause: com.kms.katalon.core.webui.exception.WebElementNotFoundException: Web element with id: 'Object Repository/Sign Up/Page_VSMS VSMS Sign Up/b' located by 'By.xpath: //b[count(. | //*[@id='signup-form']/div[7]/div/span/span[1]/span) = count(//*[@id='signup-form']/div[7]/div/span/span[1]/span)]' not found)

2017-10-03 18:13:28 - [TEST_STEP][PASSED] - openBrowser: Browser is opened with url: ''

2017-10-03 18:13:36 - [MESSAGE][PASSED] - Browser is opened with url: ''

2017-10-03 18:13:36 - [TEST_STEP][PASSED] - navigateToUrl: Navigate to 'https://sandbox.vsms.tezzasolutions.com/index' successfully

2017-10-03 18:13:55 - [MESSAGE][PASSED] - Navigate to 'https://sandbox.vsms.tezzasolutions.com/index' successfully

2017-10-03 18:13:55 - [TEST_STEP][PASSED] - click: Object: 'Object Repository/Sign Up/Page_VSMS Overview/a_Log in' is clicked on

2017-10-03 18:13:56 - [MESSAGE][PASSED] - Object: 'Object Repository/Sign Up/Page_VSMS Overview/a_Log in' is clicked on

2017-10-03 18:13:56 - [TEST_STEP][PASSED] - maximizeWindow: Current window maximized

2017-10-03 18:13:59 - [MESSAGE][PASSED] - Current window maximized

2017-10-03 18:13:59 - [TEST_STEP][PASSED] - click: Object: 'Object Repository/Sign Up/Page_Visitor Security Management Sy/a_Dont have an account' is clicked on

2017-10-03 18:13:59 - [MESSAGE][PASSED] - Object: 'Object Repository/Sign Up/Page_Visitor Security Management Sy/a_Dont have an account' is clicked on

2017-10-03 18:13:59 - [TEST_STEP][PASSED] - click: Object: 'Object Repository/Sign Up/Page_VSMS Pricing/a_Subscribe' is clicked on

2017-10-03 18:14:07 - [MESSAGE][PASSED] - Object: 'Object Repository/Sign Up/Page_VSMS Pricing/a_Subscribe' is clicked on

2017-10-03 18:14:07 - [TEST_STEP][PASSED] - setText: Text 'Tezza Test' is set on object 'Object Repository/Sign Up/Page_VSMS VSMS Sign Up/input_tenant_name'

2017-10-03 18:14:08 - [MESSAGE][PASSED] - Text 'Tezza Test' is set on object 'Object Repository/Sign Up/Page_VSMS VSMS Sign Up/input_tenant_name'

2017-10-03 18:14:08 - [TEST_STEP][PASSED] - setText: Text 'Chweya' is set on object 'Object Repository/Sign Up/Page_VSMS VSMS Sign Up/input_first_name'

2017-10-03 18:14:08 - [MESSAGE][PASSED] - Text 'Chweya' is set on object 'Object Repository/Sign Up/Page_VSMS VSMS Sign Up/input_first_name'

2017-10-03 18:14:08 - [TEST_STEP][PASSED] - setText: Text 'Charles' is set on object 'Object Repository/Sign Up/Page_VSMS VSMS Sign Up/input_last_name'

2017-10-03 18:14:09 - [MESSAGE][PASSED] - Text 'Charles' is set on object 'Object Repository/Sign Up/Page_VSMS VSMS Sign Up/input_last_name'

2017-10-03 18:14:09 - [TEST_STEP][PASSED] - setText: Text 'charles.chweyaa@tezzasolutions.com' is set on object 'Object Repository/Sign Up/Page_VSMS VSMS Sign Up/input_tenant_email'

2017-10-03 18:14:09 - [MESSAGE][PASSED] - Text 'charles.chweyaa@tezzasolutions.com' is set on object 'Object Repository/Sign Up/Page_VSMS VSMS Sign Up/input_tenant_email'

2017-10-03 18:14:09 - [TEST_STEP][PASSED] - setText: Text '0725165219' is set on object 'Object Repository/Sign Up/Page_VSMS VSMS Sign Up/input_tenant_phone'

2017-10-03 18:14:10 - [MESSAGE][PASSED] - Text '0725165219' is set on object 'Object Repository/Sign Up/Page_VSMS VSMS Sign Up/input_tenant_phone'

2017-10-03 18:14:10 - [TEST_STEP][PASSED] - delay: Delayed 5 second(s)

2017-10-03 18:14:15 - [MESSAGE][PASSED] - Delayed 5 second(s)

2017-10-03 18:14:15 - [TEST_STEP][FAILED] - click: Unable to click on object 'Object Repository/Sign Up/Page_VSMS VSMS Sign Up/b' (Root cause: com.kms.katalon.core.webui.exception.WebElementNotFoundException: Web element with id: 'Object Repository/Sign Up/Page_VSMS VSMS Sign Up/b' located by 'By.xpath: //b[count(. | //*[@id='signup-form']/div[7]/div/span/span[1]/span) = count(//*[@id='signup-form']/div[7]/div/span/span[1]/span)]' not found)

2017-10-03 18:14:48 - [MESSAGE][FAILED] - Unable to click on object 'Object Repository/Sign Up/Page_VSMS VSMS Sign Up/b' (Root cause: com.kms.katalon.core.webui.exception.WebElementNotFoundException: Web element with id: 'Object Repository/Sign Up/Page_VSMS VSMS Sign Up/b' located by 'By.xpath: //b[count(. | //*[@id='signup-form']/div[7]/div/span/span[1]/span) = count(//*[@id='signup-form']/div[7]/div/span/span[1]/span)]' not found)
[[ATTACHMENT|C:\\Users\\ChweyaJnr\\git\\VSMS-Test-Automation\\Reports\\Sign Up\\Sign Up\\20171003_181320\\1507043687894.png]]]]></system-out>
         <system-err><![CDATA[2017-10-03 18:13:27 - [TEST_CASE][FAILED] - Test Cases/Sign Up: Test Cases/Sign Up FAILED because (of) Unable to click on object 'Object Repository/Sign Up/Page_VSMS VSMS Sign Up/b' (Root cause: com.kms.katalon.core.webui.exception.WebElementNotFoundException: Web element with id: 'Object Repository/Sign Up/Page_VSMS VSMS Sign Up/b' located by 'By.xpath: //b[count(. | //*[@id='signup-form']/div[7]/div/span/span[1]/span) = count(//*[@id='signup-form']/div[7]/div/span/span[1]/span)]' not found)]]></system-err>
      </testcase>
      <system-out><![CDATA[2017-10-03 18:13:26 - [TEST_SUITE][FAILED] - Sign Up: Test Cases/Sign Up FAILED because (of) Unable to click on object 'Object Repository/Sign Up/Page_VSMS VSMS Sign Up/b' (Root cause: com.kms.katalon.core.webui.exception.WebElementNotFoundException: Web element with id: 'Object Repository/Sign Up/Page_VSMS VSMS Sign Up/b' located by 'By.xpath: //b[count(. | //*[@id='signup-form']/div[7]/div/span/span[1]/span) = count(//*[@id='signup-form']/div[7]/div/span/span[1]/span)]' not found)]]></system-out>
      <system-err><![CDATA[2017-10-03 18:13:26 - [TEST_SUITE][FAILED] - Sign Up: Test Cases/Sign Up FAILED because (of) Unable to click on object 'Object Repository/Sign Up/Page_VSMS VSMS Sign Up/b' (Root cause: com.kms.katalon.core.webui.exception.WebElementNotFoundException: Web element with id: 'Object Repository/Sign Up/Page_VSMS VSMS Sign Up/b' located by 'By.xpath: //b[count(. | //*[@id='signup-form']/div[7]/div/span/span[1]/span) = count(//*[@id='signup-form']/div[7]/div/span/span[1]/span)]' not found)]]></system-err>
   </testsuite>
</testsuites>
