<?xml version="1.0" encoding="UTF-8"?>
<testsuites name="Sign Up" time="79" tests="0" failures="1" errors="0">
   <testsuite name="Sign Up" tests="0" failures="1" errors="0" time="79" timestamp="2017-10-03 17:52:17" hostname="ChweyaJnr - DESKTOP-QAVLP3L" id="Test Suites/Sign Up/Sign Up">
      <properties>
         <property name="deviceName" value=""/>
         <property name="devicePlatform" value=""/>
         <property name="logFolder" value="C:\\Users\\ChweyaJnr\\git\\VSMS-Test-Automation\\Reports\\Sign Up\\Sign Up\\20171003_175210"/>
         <property name="logFiles" value="C:\\Users\\ChweyaJnr\\git\\VSMS-Test-Automation\\Reports\\Sign Up\\Sign Up\\20171003_175210\\execution0.log"/>
         <property name="attachments" value="C:\\Users\\ChweyaJnr\\git\\VSMS-Test-Automation\\Reports\\Sign Up\\Sign Up\\20171003_175210\\1507042415529.png"/>
         <property name="hostName" value="ChweyaJnr - DESKTOP-QAVLP3L"/>
         <property name="os" value="Windows 10 64bit"/>
         <property name="katalonVersion" value="4.8.0.2"/>
         <property name="browser" value="Firefox 39.0"/>
         <property name="hostAddress" value="192.168.56.1"/>
         <property name="sessionId" value="01de636d-3b34-4413-b08e-d397dd5ecd65"/>
         <property name="seleniumVersion" value="2.53.0"/>
         <property name="proxyInformation" value="ProxyInformation{proxyOption=NO_PROXY, proxyServerType=HTTP, password=, proxyServerAddress=, proxyServerPort=0}"/>
         <property name="platform" value="Windows 10"/>
      </properties>
      <testcase name="Test Cases/Sign Up" classname="Test Cases/Sign Up" status="FAILED">
         <failure type="FAILED" message="Unable to set text 'Tezza Test' of object 'Object Repository/Sign Up/Page_VSMS VSMS Sign Up/input_tenant_name' (Root cause: com.kms.katalon.core.webui.exception.WebElementNotFoundException: Web element with id: 'Object Repository/Sign Up/Page_VSMS VSMS Sign Up/input_tenant_name' located by 'By.xpath: //input[count(. | //*[@name = 'tenant_name']) = count(//*[@name = 'tenant_name'])][count(. | //*[@placeholder = 'Business Name']) = count(//*[@placeholder = 'Business Name'])][count(. | //*[@type = 'text']) = count(//*[@type = 'text'])]' not found)"/>
         <system-out><![CDATA[2017-10-03 17:52:18 - [TEST_CASE][FAILED] - Test Cases/Sign Up: Test Cases/Sign Up FAILED because (of) Unable to set text 'Tezza Test' of object 'Object Repository/Sign Up/Page_VSMS VSMS Sign Up/input_tenant_name' (Root cause: com.kms.katalon.core.webui.exception.WebElementNotFoundException: Web element with id: 'Object Repository/Sign Up/Page_VSMS VSMS Sign Up/input_tenant_name' located by 'By.xpath: //input[count(. | //*[@name = 'tenant_name']) = count(//*[@name = 'tenant_name'])][count(. | //*[@placeholder = 'Business Name']) = count(//*[@placeholder = 'Business Name'])][count(. | //*[@type = 'text']) = count(//*[@type = 'text'])]' not found)

2017-10-03 17:52:19 - [TEST_STEP][PASSED] - openBrowser: Browser is opened with url: ''

2017-10-03 17:52:27 - [MESSAGE][PASSED] - Browser is opened with url: ''

2017-10-03 17:52:27 - [TEST_STEP][PASSED] - navigateToUrl: Navigate to 'https://sandbox.vsms.tezzasolutions.com/index' successfully

2017-10-03 17:52:59 - [MESSAGE][PASSED] - Navigate to 'https://sandbox.vsms.tezzasolutions.com/index' successfully

2017-10-03 17:52:59 - [TEST_STEP][PASSED] - click: Object: 'Object Repository/Sign Up/Page_VSMS Overview/a_Log in' is clicked on

2017-10-03 17:52:59 - [MESSAGE][PASSED] - Object: 'Object Repository/Sign Up/Page_VSMS Overview/a_Log in' is clicked on

2017-10-03 17:52:59 - [TEST_STEP][PASSED] - maximizeWindow: Current window maximized

2017-10-03 17:53:02 - [MESSAGE][PASSED] - Current window maximized

2017-10-03 17:53:02 - [TEST_STEP][PASSED] - click: Object: 'Object Repository/Sign Up/Page_Visitor Security Management Sy/a_Dont have an account' is clicked on

2017-10-03 17:53:02 - [MESSAGE][PASSED] - Object: 'Object Repository/Sign Up/Page_Visitor Security Management Sy/a_Dont have an account' is clicked on

2017-10-03 17:53:02 - [TEST_STEP][PASSED] - click: Object: 'Object Repository/Sign Up/Page_VSMS Pricing/a_Subscribe' is clicked on

2017-10-03 17:53:03 - [MESSAGE][PASSED] - Object: 'Object Repository/Sign Up/Page_VSMS Pricing/a_Subscribe' is clicked on

2017-10-03 17:53:03 - [TEST_STEP][FAILED] - setText: Unable to set text 'Tezza Test' of object 'Object Repository/Sign Up/Page_VSMS VSMS Sign Up/input_tenant_name' (Root cause: com.kms.katalon.core.webui.exception.WebElementNotFoundException: Web element with id: 'Object Repository/Sign Up/Page_VSMS VSMS Sign Up/input_tenant_name' located by 'By.xpath: //input[count(. | //*[@name = 'tenant_name']) = count(//*[@name = 'tenant_name'])][count(. | //*[@placeholder = 'Business Name']) = count(//*[@placeholder = 'Business Name'])][count(. | //*[@type = 'text']) = count(//*[@type = 'text'])]' not found)

2017-10-03 17:53:36 - [MESSAGE][FAILED] - Unable to set text 'Tezza Test' of object 'Object Repository/Sign Up/Page_VSMS VSMS Sign Up/input_tenant_name' (Root cause: com.kms.katalon.core.webui.exception.WebElementNotFoundException: Web element with id: 'Object Repository/Sign Up/Page_VSMS VSMS Sign Up/input_tenant_name' located by 'By.xpath: //input[count(. | //*[@name = 'tenant_name']) = count(//*[@name = 'tenant_name'])][count(. | //*[@placeholder = 'Business Name']) = count(//*[@placeholder = 'Business Name'])][count(. | //*[@type = 'text']) = count(//*[@type = 'text'])]' not found)
[[ATTACHMENT|C:\\Users\\ChweyaJnr\\git\\VSMS-Test-Automation\\Reports\\Sign Up\\Sign Up\\20171003_175210\\1507042415529.png]]]]></system-out>
         <system-err><![CDATA[2017-10-03 17:52:18 - [TEST_CASE][FAILED] - Test Cases/Sign Up: Test Cases/Sign Up FAILED because (of) Unable to set text 'Tezza Test' of object 'Object Repository/Sign Up/Page_VSMS VSMS Sign Up/input_tenant_name' (Root cause: com.kms.katalon.core.webui.exception.WebElementNotFoundException: Web element with id: 'Object Repository/Sign Up/Page_VSMS VSMS Sign Up/input_tenant_name' located by 'By.xpath: //input[count(. | //*[@name = 'tenant_name']) = count(//*[@name = 'tenant_name'])][count(. | //*[@placeholder = 'Business Name']) = count(//*[@placeholder = 'Business Name'])][count(. | //*[@type = 'text']) = count(//*[@type = 'text'])]' not found)]]></system-err>
      </testcase>
      <system-out><![CDATA[2017-10-03 17:52:17 - [TEST_SUITE][FAILED] - Sign Up: Test Cases/Sign Up FAILED because (of) Unable to set text 'Tezza Test' of object 'Object Repository/Sign Up/Page_VSMS VSMS Sign Up/input_tenant_name' (Root cause: com.kms.katalon.core.webui.exception.WebElementNotFoundException: Web element with id: 'Object Repository/Sign Up/Page_VSMS VSMS Sign Up/input_tenant_name' located by 'By.xpath: //input[count(. | //*[@name = 'tenant_name']) = count(//*[@name = 'tenant_name'])][count(. | //*[@placeholder = 'Business Name']) = count(//*[@placeholder = 'Business Name'])][count(. | //*[@type = 'text']) = count(//*[@type = 'text'])]' not found)]]></system-out>
      <system-err><![CDATA[2017-10-03 17:52:17 - [TEST_SUITE][FAILED] - Sign Up: Test Cases/Sign Up FAILED because (of) Unable to set text 'Tezza Test' of object 'Object Repository/Sign Up/Page_VSMS VSMS Sign Up/input_tenant_name' (Root cause: com.kms.katalon.core.webui.exception.WebElementNotFoundException: Web element with id: 'Object Repository/Sign Up/Page_VSMS VSMS Sign Up/input_tenant_name' located by 'By.xpath: //input[count(. | //*[@name = 'tenant_name']) = count(//*[@name = 'tenant_name'])][count(. | //*[@placeholder = 'Business Name']) = count(//*[@placeholder = 'Business Name'])][count(. | //*[@type = 'text']) = count(//*[@type = 'text'])]' not found)]]></system-err>
   </testsuite>
</testsuites>
