{"devicePlatform":"","logFolder":"C:\\Users\\Stella\\git\\VSMS-Test-Automation\\Reports\\User Management\\Visitor Types\\add visitor Types\\20171010_161226","runData":{"hostName":"Stella - 192.168.56.1","hostAddress":"192.168.56.1","os":"Windows 8.1 64bit","katalonVersion":"4.8.0.2"},"type":"TEST_SUITE","name":"add visitor Types","id":"Test Suites/User Management/Visitor Types/add visitor Types","source":"","message":"Test Cases/User Management/Visitor Types/Add Visitor Types FAILED because (of) java.lang.IllegalArgumentException: Cannot find test case with id \u0027Test Cases/null\u0027","description":"adding a visitor type","startTime":1507641148902,"endTime":1507641150336,"childRecords":[{"isOptional":false,"type":"TEST_CASE","name":"Test Cases/User Management/Visitor Types/Add Visitor Types","id":"Test Cases/User Management/Visitor Types/Add Visitor Types","source":"C:\\\\Users\\\\Stella\\\\git\\\\VSMS-Test-AutomationTest Cases\\\\User Management\\\\Visitor Types\\\\Add Visitor Types.tc","message":"Test Cases/User Management/Visitor Types/Add Visitor Types FAILED because (of) java.lang.IllegalArgumentException: Cannot find test case with id \u0027Test Cases/null\u0027","description":"managing VSMS visitor types","startTime":1507641149434,"endTime":1507641150248,"childRecords":[{"testStatus":{"stackTrace":"","statusValue":"INFO"},"type":"MESSAGE","name":"","message":"Evaluating variables for test case","startTime":1507641149679,"endTime":0,"childRecords":[],"interuppted":false},{"testStatus":{"stackTrace":"","statusValue":"INFO"},"type":"MESSAGE","name":"","message":"Variable \u0027var_typename\u0027 is set to old","startTime":1507641149783,"endTime":0,"childRecords":[],"interuppted":false},{"testStatus":{"stackTrace":"","statusValue":"INFO"},"type":"MESSAGE","name":"","message":"Variable \u0027var_typedescription\u0027 is set to been there more than 10 times","startTime":1507641149789,"endTime":0,"childRecords":[],"interuppted":false},{"index":1,"isIgnoredIfFailed":false,"type":"TEST_STEP","name":"callTestCase","description":"","startTime":1507641150216,"endTime":1507641150228,"childRecords":[],"interuppted":false},{"testStatus":{"stackTrace":"","statusValue":"ERROR"},"type":"MESSAGE","name":"","message":"Test Cases/User Management/Visitor Types/Add Visitor Types FAILED because (of) java.lang.IllegalArgumentException: Cannot find test case with id \u0027Test Cases/null\u0027","startTime":1507641150233,"endTime":0,"childRecords":[],"interuppted":false}],"interuppted":false}],"interuppted":false}