<?xml version="1.0" encoding="UTF-8"?>
<testsuites name="Sign up" time="20" tests="0" failures="0" errors="1">
   <testsuite name="Sign up" tests="0" failures="0" errors="1" time="20" timestamp="2017-10-11 12:45:07" hostname="Gituto Nyawira - Gituto-PC" id="Test Suites/Request Meeting/Sign up">
      <properties>
         <property name="deviceName" value=""/>
         <property name="devicePlatform" value=""/>
         <property name="logFolder" value="C:\\Users\\Gituto Nyawira\\git\\VSMS-Test-Automation\\Reports\\Request Meeting\\Sign up\\20171011_124502"/>
         <property name="logFiles" value="C:\\Users\\Gituto Nyawira\\git\\VSMS-Test-Automation\\Reports\\Request Meeting\\Sign up\\20171011_124502\\execution0.log"/>
         <property name="attachments" value=""/>
         <property name="hostName" value="Gituto Nyawira - Gituto-PC"/>
         <property name="os" value="Windows 10 64bit"/>
         <property name="katalonVersion" value="4.8.0.2"/>
         <property name="browser" value="Chrome 61.0.3163.100"/>
         <property name="hostAddress" value="192.168.43.189"/>
         <property name="sessionId" value="2e446e58961fffdaa022dc2a1bc752bc"/>
         <property name="seleniumVersion" value="2.53.0"/>
         <property name="proxyInformation" value="ProxyInformation{proxyOption=NO_PROXY, proxyServerType=HTTP, password=, proxyServerAddress=, proxyServerPort=0}"/>
         <property name="platform" value="Windows 10"/>
      </properties>
      <testcase name="Test Cases/Request A Meeting/Sign Up in Request Meeting" classname="Test Cases/Request A Meeting/Sign Up in Request Meeting" status="ERROR">
         <error type="ERROR" message="Test Cases/Request A Meeting/Sign Up in Request Meeting FAILED because (of) Variable 'var_title' is not defined for test case."/>
         <system-out><![CDATA[2017-10-11 12:45:07 - [TEST_CASE][ERROR] - Test Cases/Request A Meeting/Sign Up in Request Meeting: Test Cases/Request A Meeting/Sign Up in Request Meeting FAILED because (of) Variable 'var_title' is not defined for test case.

2017-10-11 12:45:09 - [TEST_STEP][PASSED] - openBrowser: Browser is opened with url: ''

2017-10-11 12:45:16 - [MESSAGE][PASSED] - Browser is opened with url: ''

2017-10-11 12:45:16 - [TEST_STEP][PASSED] - navigateToUrl: Navigate to 'https://sandbox.vsms.tezzasolutions.com/index' successfully

2017-10-11 12:45:24 - [MESSAGE][PASSED] - Navigate to 'https://sandbox.vsms.tezzasolutions.com/index' successfully

2017-10-11 12:45:24 - [TEST_STEP][PASSED] - click: Object: 'Object Repository/Request A meeting/Request meeting Page/button_REQUEST A MEETING' is clicked on

2017-10-11 12:45:25 - [MESSAGE][PASSED] - Object: 'Object Repository/Request A meeting/Request meeting Page/button_REQUEST A MEETING' is clicked on

2017-10-11 12:45:25 - [TEST_STEP][PASSED] - setText: Finding Test Object with id 'Object Repository/Request A meeting/Sign Up In Request Meeting/input_title']]></system-out>
         <system-err><![CDATA[2017-10-11 12:45:07 - [TEST_CASE][ERROR] - Test Cases/Request A Meeting/Sign Up in Request Meeting: Test Cases/Request A Meeting/Sign Up in Request Meeting FAILED because (of) Variable 'var_title' is not defined for test case.]]></system-err>
      </testcase>
      <system-out><![CDATA[2017-10-11 12:45:07 - [TEST_SUITE][ERROR] - Sign up: Test Cases/Request A Meeting/Sign Up in Request Meeting FAILED because (of) Variable 'var_title' is not defined for test case.]]></system-out>
      <system-err><![CDATA[2017-10-11 12:45:07 - [TEST_SUITE][ERROR] - Sign up: Test Cases/Request A Meeting/Sign Up in Request Meeting FAILED because (of) Variable 'var_title' is not defined for test case.]]></system-err>
   </testsuite>
</testsuites>
