<?xml version="1.0" encoding="UTF-8"?>
<testsuites name="Sign Up" time="39" tests="0" failures="1" errors="0">
   <testsuite name="Sign Up" tests="0" failures="1" errors="0" time="39" timestamp="2017-10-03 21:28:29" hostname="ChweyaJnr - DESKTOP-QAVLP3L" id="Test Suites/Sign Up/Sign Up">
      <properties>
         <property name="deviceName" value=""/>
         <property name="devicePlatform" value=""/>
         <property name="logFolder" value="C:\\Users\\ChweyaJnr\\git\\VSMS-Test-Automation\\Reports\\Sign Up\\Sign Up\\20171003_212822"/>
         <property name="logFiles" value="C:\\Users\\ChweyaJnr\\git\\VSMS-Test-Automation\\Reports\\Sign Up\\Sign Up\\20171003_212822\\execution0.log"/>
         <property name="attachments" value="C:\\Users\\ChweyaJnr\\git\\VSMS-Test-Automation\\Reports\\Sign Up\\Sign Up\\20171003_212822\\1507055347003.png"/>
         <property name="hostName" value="ChweyaJnr - DESKTOP-QAVLP3L"/>
         <property name="os" value="Windows 10 64bit"/>
         <property name="katalonVersion" value="4.8.0.2"/>
         <property name="browser" value="Chrome 61.0.3163.100"/>
         <property name="hostAddress" value="192.168.56.1"/>
         <property name="sessionId" value="a5590a7cff87b7d879aecb9639486d33"/>
         <property name="seleniumVersion" value="2.53.0"/>
         <property name="proxyInformation" value="ProxyInformation{proxyOption=NO_PROXY, proxyServerType=HTTP, password=, proxyServerAddress=, proxyServerPort=0}"/>
         <property name="platform" value="Windows 10"/>
      </properties>
      <testcase name="Test Cases/Creating New Account/Sign Up" classname="Test Cases/Creating New Account/Sign Up" status="FAILED">
         <failure type="FAILED" message="Unable to click on object 'Object Repository/Sign Up/Sign Up/input_terms' (Root cause: org.openqa.selenium.WebDriverException: unknown error: Element &lt;input type=&quot;checkbox&quot; value=&quot;true&quot; id=&quot;terms&quot; name=&quot;terms&quot;> is not clickable at point (313, 381). Other element would receive the click: &lt;li class=&quot;select2-results__option&quot; id=&quot;select2-timezone-result-1mjy-Pacific/Midway&quot; role=&quot;treeitem&quot; aria-selected=&quot;false&quot;>...&lt;/li>
  (Session info: chrome=61.0.3163.100)
  (Driver info: chromedriver=2.31.488763 (092de99f48a300323ecf8c2a4e2e7cab51de5ba8),platform=Windows NT 10.0.15063 x86_64) (WARNING: The server did not provide any stacktrace information)
Command duration or timeout: 130 milliseconds
Build info: version: '2.53.0', revision: '35ae25b', time: '2016-03-15 17:00:58'
System info: host: 'DESKTOP-QAVLP3L', ip: '192.168.56.1', os.name: 'Windows 10', os.arch: 'amd64', os.version: '10.0', java.version: '1.8.0_102'
Driver info: com.kms.katalon.selenium.driver.CChromeDriver
Capabilities [{applicationCacheEnabled=false, rotatable=false, mobileEmulationEnabled=false, networkConnectionEnabled=false, chrome={chromedriverVersion=2.31.488763 (092de99f48a300323ecf8c2a4e2e7cab51de5ba8), userDataDir=C:\Users\CHWEYA~1\AppData\Local\Temp\scoped_dir1912_5237}, takesHeapSnapshot=true, pageLoadStrategy=normal, databaseEnabled=false, handlesAlerts=true, hasTouchScreen=false, version=61.0.3163.100, platform=XP, browserConnectionEnabled=false, nativeEvents=true, acceptSslCerts=true, locationContextEnabled=true, webStorageEnabled=true, browserName=chrome, takesScreenshot=true, javascriptEnabled=true, cssSelectorsEnabled=true, setWindowRect=true, unexpectedAlertBehaviour=}]
Session ID: a5590a7cff87b7d879aecb9639486d33)"/>
         <system-out><![CDATA[2017-10-03 21:28:29 - [TEST_CASE][FAILED] - Test Cases/Creating New Account/Sign Up: Test Cases/Creating New Account/Sign Up FAILED because (of) Unable to click on object 'Object Repository/Sign Up/Sign Up/input_terms' (Root cause: org.openqa.selenium.WebDriverException: unknown error: Element <input type="checkbox" value="true" id="terms" name="terms"> is not clickable at point (313, 381). Other element would receive the click: <li class="select2-results__option" id="select2-timezone-result-1mjy-Pacific/Midway" role="treeitem" aria-selected="false">...</li>
  (Session info: chrome=61.0.3163.100)
  (Driver info: chromedriver=2.31.488763 (092de99f48a300323ecf8c2a4e2e7cab51de5ba8),platform=Windows NT 10.0.15063 x86_64) (WARNING: The server did not provide any stacktrace information)
Command duration or timeout: 130 milliseconds
Build info: version: '2.53.0', revision: '35ae25b', time: '2016-03-15 17:00:58'
System info: host: 'DESKTOP-QAVLP3L', ip: '192.168.56.1', os.name: 'Windows 10', os.arch: 'amd64', os.version: '10.0', java.version: '1.8.0_102'
Driver info: com.kms.katalon.selenium.driver.CChromeDriver
Capabilities [{applicationCacheEnabled=false, rotatable=false, mobileEmulationEnabled=false, networkConnectionEnabled=false, chrome={chromedriverVersion=2.31.488763 (092de99f48a300323ecf8c2a4e2e7cab51de5ba8), userDataDir=C:\Users\CHWEYA~1\AppData\Local\Temp\scoped_dir1912_5237}, takesHeapSnapshot=true, pageLoadStrategy=normal, databaseEnabled=false, handlesAlerts=true, hasTouchScreen=false, version=61.0.3163.100, platform=XP, browserConnectionEnabled=false, nativeEvents=true, acceptSslCerts=true, locationContextEnabled=true, webStorageEnabled=true, browserName=chrome, takesScreenshot=true, javascriptEnabled=true, cssSelectorsEnabled=true, setWindowRect=true, unexpectedAlertBehaviour=}]
Session ID: a5590a7cff87b7d879aecb9639486d33)

2017-10-03 21:28:30 - [TEST_STEP][PASSED] - openBrowser: Browser is opened with url: ''

2017-10-03 21:28:34 - [MESSAGE][PASSED] - Browser is opened with url: ''

2017-10-03 21:28:34 - [TEST_STEP][PASSED] - navigateToUrl: Navigate to 'https://sandbox.vsms.tezzasolutions.com/index' successfully

2017-10-03 21:28:43 - [MESSAGE][PASSED] - Navigate to 'https://sandbox.vsms.tezzasolutions.com/index' successfully

2017-10-03 21:28:43 - [TEST_STEP][PASSED] - click: Object: 'Object Repository/Sign Up/Login Link/a_Log in' is clicked on

2017-10-03 21:28:46 - [MESSAGE][PASSED] - Object: 'Object Repository/Sign Up/Login Link/a_Log in' is clicked on

2017-10-03 21:28:46 - [TEST_STEP][PASSED] - maximizeWindow: Current window maximized

2017-10-03 21:28:47 - [MESSAGE][PASSED] - Current window maximized

2017-10-03 21:28:47 - [TEST_STEP][PASSED] - click: Object: 'Object Repository/Sign Up/Dont have account link/a_Dont have an account' is clicked on

2017-10-03 21:28:48 - [MESSAGE][PASSED] - Object: 'Object Repository/Sign Up/Dont have account link/a_Dont have an account' is clicked on

2017-10-03 21:28:48 - [TEST_STEP][PASSED] - click: Object: 'Object Repository/Sign Up/Subscribe/a_Subscribe' is clicked on

2017-10-03 21:28:58 - [MESSAGE][PASSED] - Object: 'Object Repository/Sign Up/Subscribe/a_Subscribe' is clicked on

2017-10-03 21:28:58 - [TEST_STEP][PASSED] - setText: Text 'Tezza Test' is set on object 'Object Repository/Sign Up/Sign Up/input_tenant_name'

2017-10-03 21:28:59 - [MESSAGE][PASSED] - Text 'Tezza Test' is set on object 'Object Repository/Sign Up/Sign Up/input_tenant_name'

2017-10-03 21:28:59 - [TEST_STEP][PASSED] - setText: Text 'Chweya' is set on object 'Object Repository/Sign Up/Sign Up/input_first_name'

2017-10-03 21:28:59 - [MESSAGE][PASSED] - Text 'Chweya' is set on object 'Object Repository/Sign Up/Sign Up/input_first_name'

2017-10-03 21:28:59 - [TEST_STEP][PASSED] - setText: Text 'Charles' is set on object 'Object Repository/Sign Up/Sign Up/input_last_name'

2017-10-03 21:28:59 - [MESSAGE][PASSED] - Text 'Charles' is set on object 'Object Repository/Sign Up/Sign Up/input_last_name'

2017-10-03 21:28:59 - [TEST_STEP][PASSED] - setText: Text 'charles.chweyaa@tezzasolutions.com' is set on object 'Object Repository/Sign Up/Sign Up/input_tenant_email'

2017-10-03 21:29:00 - [MESSAGE][PASSED] - Text 'charles.chweyaa@tezzasolutions.com' is set on object 'Object Repository/Sign Up/Sign Up/input_tenant_email'

2017-10-03 21:29:00 - [TEST_STEP][PASSED] - setText: Text '0725165219' is set on object 'Object Repository/Sign Up/Sign Up/input_tenant_phone'

2017-10-03 21:29:01 - [MESSAGE][PASSED] - Text '0725165219' is set on object 'Object Repository/Sign Up/Sign Up/input_tenant_phone'

2017-10-03 21:29:01 - [TEST_STEP][PASSED] - delay: Delayed 5 second(s)

2017-10-03 21:29:06 - [MESSAGE][PASSED] - Delayed 5 second(s)

2017-10-03 21:29:06 - [TEST_STEP][PASSED] - click: Object: 'Object Repository/Sign Up/Sign Up/span_select2-selection__arrow' is clicked on

2017-10-03 21:29:06 - [MESSAGE][PASSED] - Object: 'Object Repository/Sign Up/Sign Up/span_select2-selection__arrow' is clicked on

2017-10-03 21:29:06 - [TEST_STEP][NOT_RUN] - setText: NOT_RUN: setText

2017-10-03 21:29:06 - [MESSAGE][NOT_RUN] - NOT_RUN: setText

2017-10-03 21:29:06 - [TEST_STEP][PASSED] - selectOptionByValue: All options with value 'KES' are selected in object 'Object Repository/Sign Up/Sign Up/select_currency'  using regular expression

2017-10-03 21:29:06 - [MESSAGE][PASSED] - All options with value 'KES' are selected in object 'Object Repository/Sign Up/Sign Up/select_currency'  using regular expression

2017-10-03 21:29:06 - [TEST_STEP][FAILED] - click: Unable to click on object 'Object Repository/Sign Up/Sign Up/input_terms' (Root cause: org.openqa.selenium.WebDriverException: unknown error: Element <input type="checkbox" value="true" id="terms" name="terms"> is not clickable at point (313, 381). Other element would receive the click: <li class="select2-results__option" id="select2-timezone-result-1mjy-Pacific/Midway" role="treeitem" aria-selected="false">...</li>
  (Session info: chrome=61.0.3163.100)
  (Driver info: chromedriver=2.31.488763 (092de99f48a300323ecf8c2a4e2e7cab51de5ba8),platform=Windows NT 10.0.15063 x86_64) (WARNING: The server did not provide any stacktrace information)
Command duration or timeout: 130 milliseconds
Build info: version: '2.53.0', revision: '35ae25b', time: '2016-03-15 17:00:58'
System info: host: 'DESKTOP-QAVLP3L', ip: '192.168.56.1', os.name: 'Windows 10', os.arch: 'amd64', os.version: '10.0', java.version: '1.8.0_102'
Driver info: com.kms.katalon.selenium.driver.CChromeDriver
Capabilities [{applicationCacheEnabled=false, rotatable=false, mobileEmulationEnabled=false, networkConnectionEnabled=false, chrome={chromedriverVersion=2.31.488763 (092de99f48a300323ecf8c2a4e2e7cab51de5ba8), userDataDir=C:\Users\CHWEYA~1\AppData\Local\Temp\scoped_dir1912_5237}, takesHeapSnapshot=true, pageLoadStrategy=normal, databaseEnabled=false, handlesAlerts=true, hasTouchScreen=false, version=61.0.3163.100, platform=XP, browserConnectionEnabled=false, nativeEvents=true, acceptSslCerts=true, locationContextEnabled=true, webStorageEnabled=true, browserName=chrome, takesScreenshot=true, javascriptEnabled=true, cssSelectorsEnabled=true, setWindowRect=true, unexpectedAlertBehaviour=}]
Session ID: a5590a7cff87b7d879aecb9639486d33)

2017-10-03 21:29:07 - [MESSAGE][FAILED] - Unable to click on object 'Object Repository/Sign Up/Sign Up/input_terms' (Root cause: org.openqa.selenium.WebDriverException: unknown error: Element <input type="checkbox" value="true" id="terms" name="terms"> is not clickable at point (313, 381). Other element would receive the click: <li class="select2-results__option" id="select2-timezone-result-1mjy-Pacific/Midway" role="treeitem" aria-selected="false">...</li>
  (Session info: chrome=61.0.3163.100)
  (Driver info: chromedriver=2.31.488763 (092de99f48a300323ecf8c2a4e2e7cab51de5ba8),platform=Windows NT 10.0.15063 x86_64) (WARNING: The server did not provide any stacktrace information)
Command duration or timeout: 130 milliseconds
Build info: version: '2.53.0', revision: '35ae25b', time: '2016-03-15 17:00:58'
System info: host: 'DESKTOP-QAVLP3L', ip: '192.168.56.1', os.name: 'Windows 10', os.arch: 'amd64', os.version: '10.0', java.version: '1.8.0_102'
Driver info: com.kms.katalon.selenium.driver.CChromeDriver
Capabilities [{applicationCacheEnabled=false, rotatable=false, mobileEmulationEnabled=false, networkConnectionEnabled=false, chrome={chromedriverVersion=2.31.488763 (092de99f48a300323ecf8c2a4e2e7cab51de5ba8), userDataDir=C:\Users\CHWEYA~1\AppData\Local\Temp\scoped_dir1912_5237}, takesHeapSnapshot=true, pageLoadStrategy=normal, databaseEnabled=false, handlesAlerts=true, hasTouchScreen=false, version=61.0.3163.100, platform=XP, browserConnectionEnabled=false, nativeEvents=true, acceptSslCerts=true, locationContextEnabled=true, webStorageEnabled=true, browserName=chrome, takesScreenshot=true, javascriptEnabled=true, cssSelectorsEnabled=true, setWindowRect=true, unexpectedAlertBehaviour=}]
Session ID: a5590a7cff87b7d879aecb9639486d33)
[[ATTACHMENT|C:\\Users\\ChweyaJnr\\git\\VSMS-Test-Automation\\Reports\\Sign Up\\Sign Up\\20171003_212822\\1507055347003.png]]]]></system-out>
         <system-err><![CDATA[2017-10-03 21:28:29 - [TEST_CASE][FAILED] - Test Cases/Creating New Account/Sign Up: Test Cases/Creating New Account/Sign Up FAILED because (of) Unable to click on object 'Object Repository/Sign Up/Sign Up/input_terms' (Root cause: org.openqa.selenium.WebDriverException: unknown error: Element <input type="checkbox" value="true" id="terms" name="terms"> is not clickable at point (313, 381). Other element would receive the click: <li class="select2-results__option" id="select2-timezone-result-1mjy-Pacific/Midway" role="treeitem" aria-selected="false">...</li>
  (Session info: chrome=61.0.3163.100)
  (Driver info: chromedriver=2.31.488763 (092de99f48a300323ecf8c2a4e2e7cab51de5ba8),platform=Windows NT 10.0.15063 x86_64) (WARNING: The server did not provide any stacktrace information)
Command duration or timeout: 130 milliseconds
Build info: version: '2.53.0', revision: '35ae25b', time: '2016-03-15 17:00:58'
System info: host: 'DESKTOP-QAVLP3L', ip: '192.168.56.1', os.name: 'Windows 10', os.arch: 'amd64', os.version: '10.0', java.version: '1.8.0_102'
Driver info: com.kms.katalon.selenium.driver.CChromeDriver
Capabilities [{applicationCacheEnabled=false, rotatable=false, mobileEmulationEnabled=false, networkConnectionEnabled=false, chrome={chromedriverVersion=2.31.488763 (092de99f48a300323ecf8c2a4e2e7cab51de5ba8), userDataDir=C:\Users\CHWEYA~1\AppData\Local\Temp\scoped_dir1912_5237}, takesHeapSnapshot=true, pageLoadStrategy=normal, databaseEnabled=false, handlesAlerts=true, hasTouchScreen=false, version=61.0.3163.100, platform=XP, browserConnectionEnabled=false, nativeEvents=true, acceptSslCerts=true, locationContextEnabled=true, webStorageEnabled=true, browserName=chrome, takesScreenshot=true, javascriptEnabled=true, cssSelectorsEnabled=true, setWindowRect=true, unexpectedAlertBehaviour=}]
Session ID: a5590a7cff87b7d879aecb9639486d33)]]></system-err>
      </testcase>
      <system-out><![CDATA[2017-10-03 21:28:29 - [TEST_SUITE][FAILED] - Sign Up: Test Cases/Creating New Account/Sign Up FAILED because (of) Unable to click on object 'Object Repository/Sign Up/Sign Up/input_terms' (Root cause: org.openqa.selenium.WebDriverException: unknown error: Element <input type="checkbox" value="true" id="terms" name="terms"> is not clickable at point (313, 381). Other element would receive the click: <li class="select2-results__option" id="select2-timezone-result-1mjy-Pacific/Midway" role="treeitem" aria-selected="false">...</li>
  (Session info: chrome=61.0.3163.100)
  (Driver info: chromedriver=2.31.488763 (092de99f48a300323ecf8c2a4e2e7cab51de5ba8),platform=Windows NT 10.0.15063 x86_64) (WARNING: The server did not provide any stacktrace information)
Command duration or timeout: 130 milliseconds
Build info: version: '2.53.0', revision: '35ae25b', time: '2016-03-15 17:00:58'
System info: host: 'DESKTOP-QAVLP3L', ip: '192.168.56.1', os.name: 'Windows 10', os.arch: 'amd64', os.version: '10.0', java.version: '1.8.0_102'
Driver info: com.kms.katalon.selenium.driver.CChromeDriver
Capabilities [{applicationCacheEnabled=false, rotatable=false, mobileEmulationEnabled=false, networkConnectionEnabled=false, chrome={chromedriverVersion=2.31.488763 (092de99f48a300323ecf8c2a4e2e7cab51de5ba8), userDataDir=C:\Users\CHWEYA~1\AppData\Local\Temp\scoped_dir1912_5237}, takesHeapSnapshot=true, pageLoadStrategy=normal, databaseEnabled=false, handlesAlerts=true, hasTouchScreen=false, version=61.0.3163.100, platform=XP, browserConnectionEnabled=false, nativeEvents=true, acceptSslCerts=true, locationContextEnabled=true, webStorageEnabled=true, browserName=chrome, takesScreenshot=true, javascriptEnabled=true, cssSelectorsEnabled=true, setWindowRect=true, unexpectedAlertBehaviour=}]
Session ID: a5590a7cff87b7d879aecb9639486d33)]]></system-out>
      <system-err><![CDATA[2017-10-03 21:28:29 - [TEST_SUITE][FAILED] - Sign Up: Test Cases/Creating New Account/Sign Up FAILED because (of) Unable to click on object 'Object Repository/Sign Up/Sign Up/input_terms' (Root cause: org.openqa.selenium.WebDriverException: unknown error: Element <input type="checkbox" value="true" id="terms" name="terms"> is not clickable at point (313, 381). Other element would receive the click: <li class="select2-results__option" id="select2-timezone-result-1mjy-Pacific/Midway" role="treeitem" aria-selected="false">...</li>
  (Session info: chrome=61.0.3163.100)
  (Driver info: chromedriver=2.31.488763 (092de99f48a300323ecf8c2a4e2e7cab51de5ba8),platform=Windows NT 10.0.15063 x86_64) (WARNING: The server did not provide any stacktrace information)
Command duration or timeout: 130 milliseconds
Build info: version: '2.53.0', revision: '35ae25b', time: '2016-03-15 17:00:58'
System info: host: 'DESKTOP-QAVLP3L', ip: '192.168.56.1', os.name: 'Windows 10', os.arch: 'amd64', os.version: '10.0', java.version: '1.8.0_102'
Driver info: com.kms.katalon.selenium.driver.CChromeDriver
Capabilities [{applicationCacheEnabled=false, rotatable=false, mobileEmulationEnabled=false, networkConnectionEnabled=false, chrome={chromedriverVersion=2.31.488763 (092de99f48a300323ecf8c2a4e2e7cab51de5ba8), userDataDir=C:\Users\CHWEYA~1\AppData\Local\Temp\scoped_dir1912_5237}, takesHeapSnapshot=true, pageLoadStrategy=normal, databaseEnabled=false, handlesAlerts=true, hasTouchScreen=false, version=61.0.3163.100, platform=XP, browserConnectionEnabled=false, nativeEvents=true, acceptSslCerts=true, locationContextEnabled=true, webStorageEnabled=true, browserName=chrome, takesScreenshot=true, javascriptEnabled=true, cssSelectorsEnabled=true, setWindowRect=true, unexpectedAlertBehaviour=}]
Session ID: a5590a7cff87b7d879aecb9639486d33)]]></system-err>
   </testsuite>
</testsuites>
