{"devicePlatform":"","logFolder":"C:\\Users\\Gituto Nyawira\\git\\VSMS-Test-Automation\\Reports\\Request Meeting\\Sign up\\20171011_124732","runData":{"hostName":"Gituto Nyawira - Gituto-PC","os":"Windows 10 64bit","katalonVersion":"4.8.0.2","browser":"Chrome 61.0.3163.100","hostAddress":"192.168.43.189","sessionId":"6b0115326d06a6090922c5db9234a5ee","seleniumVersion":"2.53.0","proxyInformation":"ProxyInformation{proxyOption\u003dNO_PROXY, proxyServerType\u003dHTTP, password\u003d, proxyServerAddress\u003d, proxyServerPort\u003d0}","platform":"Windows 10"},"type":"TEST_SUITE","name":"Sign up","id":"Test Suites/Request Meeting/Sign up","source":"","message":"Test Cases/Request A Meeting/Sign Up in Request Meeting FAILED because (of) Variable \u0027var_title\u0027 is not defined for test case.","description":"Sign up in order to request a meeting","startTime":1507715258565,"endTime":1507715288130,"childRecords":[{"isOptional":false,"type":"TEST_CASE","name":"Test Cases/Request A Meeting/Sign Up in Request Meeting","id":"Test Cases/Request A Meeting/Sign Up in Request Meeting","source":"C:\\\\Users\\\\Gituto Nyawira\\\\git\\\\VSMS-Test-AutomationTest Cases\\\\Request A Meeting\\\\Sign Up in Request Meeting.tc","message":"Test Cases/Request A Meeting/Sign Up in Request Meeting FAILED because (of) Variable \u0027var_title\u0027 is not defined for test case.","description":"Sign Up in Request Meeting in Homepage","startTime":1507715259954,"endTime":1507715285612,"childRecords":[{"testStatus":{"stackTrace":"","statusValue":"INFO"},"type":"MESSAGE","name":"","message":"Evaluating variables for test case","startTime":1507715260708,"endTime":0,"childRecords":[],"interuppted":false},{"testStatus":{"stackTrace":"","statusValue":"INFO"},"type":"MESSAGE","name":"","message":"Variable \u0027var_url\u0027 is set to https://sandbox.vsms.tezzasolutions.com/index","startTime":1507715260983,"endTime":0,"childRecords":[],"interuppted":false},{"testStatus":{"stackTrace":"","statusValue":"INFO"},"type":"MESSAGE","name":"","message":"Variable \u0027title\u0027 is set to Mr","startTime":1507715260985,"endTime":0,"childRecords":[],"interuppted":false},{"testStatus":{"stackTrace":"","statusValue":"INFO"},"type":"MESSAGE","name":"","message":"Variable \u0027var_firstName\u0027 is set to Samuel","startTime":1507715260987,"endTime":0,"childRecords":[],"interuppted":false},{"testStatus":{"stackTrace":"","statusValue":"INFO"},"type":"MESSAGE","name":"","message":"Variable \u0027var_lastName\u0027 is set to Onyango","startTime":1507715260989,"endTime":0,"childRecords":[],"interuppted":false},{"testStatus":{"stackTrace":"","statusValue":"INFO"},"type":"MESSAGE","name":"","message":"Variable \u0027var_email\u0027 is set to samuelkariuki@gmail.com","startTime":1507715260990,"endTime":0,"childRecords":[],"interuppted":false},{"testStatus":{"stackTrace":"","statusValue":"INFO"},"type":"MESSAGE","name":"","message":"Variable \u0027var_password\u0027 is set to desteg","startTime":1507715260992,"endTime":0,"childRecords":[],"interuppted":false},{"testStatus":{"stackTrace":"","statusValue":"INFO"},"type":"MESSAGE","name":"","message":"Variable \u0027var_confirmPassword\u0027 is set to desteg","startTime":1507715260994,"endTime":0,"childRecords":[],"interuppted":false},{"index":1,"isIgnoredIfFailed":false,"type":"TEST_STEP","name":"openBrowser","message":"Browser is opened with url: \u0027\u0027","description":"","startTime":1507715262830,"endTime":1507715269454,"childRecords":[{"testStatus":{"stackTrace":"","statusValue":"PASSED"},"type":"MESSAGE","name":"","message":"Browser is opened with url: \u0027\u0027","startTime":1507715269451,"endTime":0,"childRecords":[],"interuppted":false}],"interuppted":false},{"index":2,"isIgnoredIfFailed":false,"type":"TEST_STEP","name":"navigateToUrl","message":"Navigate to \u0027https://sandbox.vsms.tezzasolutions.com/index\u0027 successfully","description":"","startTime":1507715269455,"endTime":1507715277553,"childRecords":[{"testStatus":{"stackTrace":"","statusValue":"PASSED"},"type":"MESSAGE","name":"","message":"Navigate to \u0027https://sandbox.vsms.tezzasolutions.com/index\u0027 successfully","startTime":1507715277548,"endTime":0,"childRecords":[],"interuppted":false}],"interuppted":false},{"index":3,"isIgnoredIfFailed":false,"type":"TEST_STEP","name":"maximizeWindow","message":"Current window maximized","description":"","startTime":1507715277556,"endTime":1507715278972,"childRecords":[{"testStatus":{"stackTrace":"","statusValue":"PASSED"},"type":"MESSAGE","name":"","message":"Current window maximized","startTime":1507715278970,"endTime":0,"childRecords":[],"interuppted":false}],"interuppted":false},{"index":4,"isIgnoredIfFailed":false,"type":"TEST_STEP","name":"click","message":"Object: \u0027Object Repository/Request A meeting/Request meeting Page/button_REQUEST A MEETING\u0027 is clicked on","description":"","startTime":1507715278975,"endTime":1507715280365,"childRecords":[{"testStatus":{"stackTrace":"","statusValue":"PASSED"},"type":"MESSAGE","name":"","message":"Object: \u0027Object Repository/Request A meeting/Request meeting Page/button_REQUEST A MEETING\u0027 is clicked on","startTime":1507715280363,"endTime":0,"childRecords":[],"interuppted":false}],"interuppted":false},{"index":5,"isIgnoredIfFailed":false,"type":"TEST_STEP","name":"delay","message":"Delayed 5 second(s)","description":"","startTime":1507715280367,"endTime":1507715285489,"childRecords":[{"testStatus":{"stackTrace":"","statusValue":"PASSED"},"type":"MESSAGE","name":"","message":"Delayed 5 second(s)","startTime":1507715285486,"endTime":0,"childRecords":[],"interuppted":false}],"interuppted":false},{"index":6,"isIgnoredIfFailed":false,"type":"TEST_STEP","name":"setText","message":"Finding Test Object with id \u0027Object Repository/Request A meeting/Sign Up In Request Meeting/input_title\u0027","description":"","startTime":1507715285490,"endTime":1507715285566,"childRecords":[],"interuppted":false},{"testStatus":{"stackTrace":"","statusValue":"ERROR"},"type":"MESSAGE","name":"","message":"Test Cases/Request A Meeting/Sign Up in Request Meeting FAILED because (of) Variable \u0027var_title\u0027 is not defined for test case.","startTime":1507715285583,"endTime":0,"childRecords":[],"interuppted":false}],"interuppted":false}],"interuppted":false}