<?xml version="1.0" encoding="UTF-8"?>
<testsuites name="Update Profile" time="121" tests="0" failures="2" errors="0">
   <testsuite name="Update Profile" tests="0" failures="2" errors="0" time="121" timestamp="2017-10-31 12:01:19" hostname="Gituto Nyawira - Gituto-PC" id="Test Suites/Profile/Update Profile">
      <properties>
         <property name="deviceName" value=""/>
         <property name="devicePlatform" value=""/>
         <property name="logFolder" value="C:\\Users\\Gituto Nyawira\\git\\VSMS-Test-Automation\\Reports\\Profile\\Update Profile\\20171031_120110"/>
         <property name="logFiles" value="C:\\Users\\Gituto Nyawira\\git\\VSMS-Test-Automation\\Reports\\Profile\\Update Profile\\20171031_120110\\execution0.log"/>
         <property name="attachments" value="C:\\Users\\Gituto Nyawira\\git\\VSMS-Test-Automation\\Reports\\Profile\\Update Profile\\20171031_120110\\1509440540409.png, C:\\Users\\Gituto Nyawira\\git\\VSMS-Test-Automation\\Reports\\Profile\\Update Profile\\20171031_120110\\1509440546628.png, C:\\Users\\Gituto Nyawira\\git\\VSMS-Test-Automation\\Reports\\Profile\\Update Profile\\20171031_120110\\1509440586578.png, C:\\Users\\Gituto Nyawira\\git\\VSMS-Test-Automation\\Reports\\Profile\\Update Profile\\20171031_120110\\1509440592731.png"/>
         <property name="hostName" value="Gituto Nyawira - Gituto-PC"/>
         <property name="os" value="Windows 10 64bit"/>
         <property name="katalonVersion" value="4.8.0.2"/>
         <property name="browser" value="Chrome 61.0.3163.100"/>
         <property name="hostAddress" value="192.168.1.136"/>
         <property name="sessionId" value="5ef6dbcea7de3254175ecb05165a508b"/>
         <property name="seleniumVersion" value="2.53.0"/>
         <property name="proxyInformation" value="ProxyInformation{proxyOption=NO_PROXY, proxyServerType=HTTP, password=, proxyServerAddress=, proxyServerPort=0}"/>
         <property name="platform" value="Windows 10"/>
      </properties>
      <testcase name="Test Cases/Profile/Update Profile - Iteration 1" classname="Test Cases/Profile/Update Profile" status="FAILED">
         <failure type="FAILED" message="Test Cases/Profile/Update Profile FAILED because (of) Unable to select option by value 'Nairobi' of object 'Object Repository/Profile/Profile Page/State'  (Root cause: org.openqa.selenium.NoSuchElementException: Cannot locate option with value: Nairobi
For documentation on this error, please visit: http://seleniumhq.org/exceptions/no_such_element.html
Build info: version: '2.53.0', revision: '35ae25b', time: '2016-03-15 17:00:58'
System info: host: 'Gituto-PC', ip: '192.168.1.136', os.name: 'Windows 10', os.arch: 'amd64', os.version: '10.0', java.version: '1.8.0_102'
Driver info: driver.version: unknown)"/>
         <system-out><![CDATA[2017-10-31 12:01:21 - [TEST_CASE][FAILED] - Test Cases/Profile/Update Profile - Iteration 1: Test Cases/Profile/Update Profile FAILED because (of) Unable to select option by value 'Nairobi' of object 'Object Repository/Profile/Profile Page/State'  (Root cause: org.openqa.selenium.NoSuchElementException: Cannot locate option with value: Nairobi
For documentation on this error, please visit: http://seleniumhq.org/exceptions/no_such_element.html
Build info: version: '2.53.0', revision: '35ae25b', time: '2016-03-15 17:00:58'
System info: host: 'Gituto-PC', ip: '192.168.1.136', os.name: 'Windows 10', os.arch: 'amd64', os.version: '10.0', java.version: '1.8.0_102'
Driver info: driver.version: unknown)

2017-10-31 12:01:23 - [TEST_STEP][PASSED] - callTestCase: Call Test Case 'Test Cases/Common/LOGIN' successfully

2017-10-31 12:01:23 - [TEST_CASE][PASSED] - Test Cases/Common/LOGIN: Test Cases/Common/LOGIN

2017-10-31 12:01:24 - [TEST_STEP][PASSED] - openBrowser: Browser is opened with url: 'https://sandbox.vsms.tezzasolutions.com/index'

2017-10-31 12:01:56 - [MESSAGE][PASSED] - Browser is opened with url: 'https://sandbox.vsms.tezzasolutions.com/index'

2017-10-31 12:01:56 - [TEST_STEP][PASSED] - maximizeWindow: Current window maximized

2017-10-31 12:01:58 - [MESSAGE][PASSED] - Current window maximized

2017-10-31 12:01:58 - [TEST_STEP][PASSED] - click: Object: 'Object Repository/login/a_Log in' is clicked on

2017-10-31 12:02:02 - [MESSAGE][PASSED] - Object: 'Object Repository/login/a_Log in' is clicked on

2017-10-31 12:02:02 - [TEST_STEP][PASSED] - setText: Text 'clarinenyauncho@gmail.com' is set on object 'Object Repository/login/input_email'

2017-10-31 12:02:03 - [MESSAGE][PASSED] - Text 'clarinenyauncho@gmail.com' is set on object 'Object Repository/login/input_email'

2017-10-31 12:02:03 - [TEST_STEP][PASSED] - setText: Text 'changeme' is set on object 'Object Repository/login/input_password'

2017-10-31 12:02:04 - [MESSAGE][PASSED] - Text 'changeme' is set on object 'Object Repository/login/input_password'

2017-10-31 12:02:04 - [TEST_STEP][PASSED] - click: Object: 'Object Repository/login/button_Login' is clicked on

2017-10-31 12:02:08 - [MESSAGE][PASSED] - Object: 'Object Repository/login/button_Login' is clicked on

2017-10-31 12:02:08 - [MESSAGE][PASSED] - Call Test Case 'Test Cases/Common/LOGIN' successfully

2017-10-31 12:02:08 - [TEST_STEP][PASSED] - maximizeWindow: Current window maximized

2017-10-31 12:02:08 - [MESSAGE][PASSED] - Current window maximized

2017-10-31 12:02:08 - [TEST_STEP][PASSED] - click: Object: 'Object Repository/Profile/Nav Bar/a_dropdown-toggle' is clicked on

2017-10-31 12:02:09 - [MESSAGE][PASSED] - Object: 'Object Repository/Profile/Nav Bar/a_dropdown-toggle' is clicked on

2017-10-31 12:02:09 - [TEST_STEP][PASSED] - click: Object: 'Object Repository/Profile/Nav Bar/a_My Profile' is clicked on

2017-10-31 12:02:12 - [MESSAGE][PASSED] - Object: 'Object Repository/Profile/Nav Bar/a_My Profile' is clicked on

2017-10-31 12:02:12 - [TEST_STEP][PASSED] - selectOptionByValue: All options with value 'Mr' are selected in object 'Object Repository/Profile/Profile Page/select_title' 

2017-10-31 12:02:13 - [MESSAGE][PASSED] - All options with value 'Mr' are selected in object 'Object Repository/Profile/Profile Page/select_title' 

2017-10-31 12:02:13 - [TEST_STEP][PASSED] - setText: Text 'Madiba' is set on object 'Object Repository/Profile/Profile Page/FirstName'

2017-10-31 12:02:15 - [MESSAGE][PASSED] - Text 'Madiba' is set on object 'Object Repository/Profile/Profile Page/FirstName'

2017-10-31 12:02:15 - [TEST_STEP][PASSED] - setText: Text 'Mandela' is set on object 'Object Repository/Profile/Profile Page/LastName'

2017-10-31 12:02:15 - [MESSAGE][PASSED] - Text 'Mandela' is set on object 'Object Repository/Profile/Profile Page/LastName'

2017-10-31 12:02:15 - [TEST_STEP][PASSED] - setText: Text 'Tester' is set on object 'Object Repository/Profile/Profile Page/Job Title'

2017-10-31 12:02:16 - [MESSAGE][PASSED] - Text 'Tester' is set on object 'Object Repository/Profile/Profile Page/Job Title'

2017-10-31 12:02:16 - [TEST_STEP][PASSED] - selectOptionByValue: All options with value 'number:101' are selected in object 'Object Repository/Profile/Profile Page/Department' 

2017-10-31 12:02:16 - [MESSAGE][PASSED] - All options with value 'number:101' are selected in object 'Object Repository/Profile/Profile Page/Department' 

2017-10-31 12:02:16 - [TEST_STEP][PASSED] - setText: Text '0725165229' is set on object 'Object Repository/Profile/Profile Page/Phone'

2017-10-31 12:02:17 - [MESSAGE][PASSED] - Text '0725165229' is set on object 'Object Repository/Profile/Profile Page/Phone'

2017-10-31 12:02:17 - [TEST_STEP][PASSED] - setText: Text '0725167892' is set on object 'Object Repository/Profile/Profile Page/Alt Phone'

2017-10-31 12:02:17 - [MESSAGE][PASSED] - Text '0725167892' is set on object 'Object Repository/Profile/Profile Page/Alt Phone'

2017-10-31 12:02:17 - [TEST_STEP][PASSED] - setText: Text 'dennisgituto@yahoo.com' is set on object 'Object Repository/Profile/Profile Page/Alt Email'

2017-10-31 12:02:18 - [MESSAGE][PASSED] - Text 'dennisgituto@yahoo.com' is set on object 'Object Repository/Profile/Profile Page/Alt Email'

2017-10-31 12:02:18 - [TEST_STEP][PASSED] - setText: Text '6789' is set on object 'Object Repository/Profile/Profile Page/Address 1'

2017-10-31 12:02:19 - [MESSAGE][PASSED] - Text '6789' is set on object 'Object Repository/Profile/Profile Page/Address 1'

2017-10-31 12:02:19 - [TEST_STEP][PASSED] - setText: Text '12345' is set on object 'Object Repository/Profile/Profile Page/Address 2'

2017-10-31 12:02:19 - [MESSAGE][PASSED] - Text '12345' is set on object 'Object Repository/Profile/Profile Page/Address 2'

2017-10-31 12:02:19 - [TEST_STEP][PASSED] - setText: Text 'Nairobi' is set on object 'Object Repository/Profile/Profile Page/City'

2017-10-31 12:02:19 - [MESSAGE][PASSED] - Text 'Nairobi' is set on object 'Object Repository/Profile/Profile Page/City'

2017-10-31 12:02:19 - [TEST_STEP][PASSED] - selectOptionByValue: All options with value 'Kenya' are selected in object 'Object Repository/Profile/Profile Page/Country' 

2017-10-31 12:02:20 - [MESSAGE][PASSED] - All options with value 'Kenya' are selected in object 'Object Repository/Profile/Profile Page/Country' 

2017-10-31 12:02:20 - [TEST_STEP][FAILED] - selectOptionByValue: Unable to select option by value 'Nairobi' of object 'Object Repository/Profile/Profile Page/State'  (Root cause: org.openqa.selenium.NoSuchElementException: Cannot locate option with value: Nairobi
For documentation on this error, please visit: http://seleniumhq.org/exceptions/no_such_element.html
Build info: version: '2.53.0', revision: '35ae25b', time: '2016-03-15 17:00:58'
System info: host: 'Gituto-PC', ip: '192.168.1.136', os.name: 'Windows 10', os.arch: 'amd64', os.version: '10.0', java.version: '1.8.0_102'
Driver info: driver.version: unknown)

2017-10-31 12:02:20 - [MESSAGE][FAILED] - Unable to select option by value 'Nairobi' of object 'Object Repository/Profile/Profile Page/State'  (Root cause: org.openqa.selenium.NoSuchElementException: Cannot locate option with value: Nairobi
For documentation on this error, please visit: http://seleniumhq.org/exceptions/no_such_element.html
Build info: version: '2.53.0', revision: '35ae25b', time: '2016-03-15 17:00:58'
System info: host: 'Gituto-PC', ip: '192.168.1.136', os.name: 'Windows 10', os.arch: 'amd64', os.version: '10.0', java.version: '1.8.0_102'
Driver info: driver.version: unknown)
[[ATTACHMENT|C:\\Users\\Gituto Nyawira\\git\\VSMS-Test-Automation\\Reports\\Profile\\Update Profile\\20171031_120110\\1509440540409.png]]

2017-10-31 12:02:20 - [TEST_STEP][PASSED] - delay: Delayed 5 second(s)

2017-10-31 12:02:25 - [MESSAGE][PASSED] - Delayed 5 second(s)

2017-10-31 12:02:25 - [TEST_STEP][FAILED] - click: Unable to click on object 'Object Repository/Profile/Profile Page/button_Update' (Root cause: org.openqa.selenium.WebDriverException: unknown error: Element <button type="submit" class="btn btn-primary pull-right" ng-click="updatemyprofile(myprofileForm.$valid, myprofile.id)">...</button> is not clickable at point (1159, 494). Other element would receive the click: <div class="fab" id="fabs">...</div>
  (Session info: chrome=61.0.3163.100)
  (Driver info: chromedriver=2.31.488763 (092de99f48a300323ecf8c2a4e2e7cab51de5ba8),platform=Windows NT 10.0.15063 x86_64) (WARNING: The server did not provide any stacktrace information)
Command duration or timeout: 328 milliseconds
Build info: version: '2.53.0', revision: '35ae25b', time: '2016-03-15 17:00:58'
System info: host: 'Gituto-PC', ip: '192.168.1.136', os.name: 'Windows 10', os.arch: 'amd64', os.version: '10.0', java.version: '1.8.0_102'
Driver info: com.kms.katalon.selenium.driver.CChromeDriver
Capabilities [{applicationCacheEnabled=false, rotatable=false, mobileEmulationEnabled=false, networkConnectionEnabled=false, chrome={chromedriverVersion=2.31.488763 (092de99f48a300323ecf8c2a4e2e7cab51de5ba8), userDataDir=C:\Users\GITUTO~1\AppData\Local\Temp\scoped_dir5496_22002}, takesHeapSnapshot=true, pageLoadStrategy=normal, databaseEnabled=false, handlesAlerts=true, hasTouchScreen=false, version=61.0.3163.100, platform=XP, browserConnectionEnabled=false, nativeEvents=true, acceptSslCerts=true, locationContextEnabled=true, webStorageEnabled=true, browserName=chrome, takesScreenshot=true, javascriptEnabled=true, cssSelectorsEnabled=true, setWindowRect=true, unexpectedAlertBehaviour=}]
Session ID: 6ee734df1022291b1a1e03a6a8908860)

2017-10-31 12:02:27 - [MESSAGE][FAILED] - Unable to click on object 'Object Repository/Profile/Profile Page/button_Update' (Root cause: org.openqa.selenium.WebDriverException: unknown error: Element <button type="submit" class="btn btn-primary pull-right" ng-click="updatemyprofile(myprofileForm.$valid, myprofile.id)">...</button> is not clickable at point (1159, 494). Other element would receive the click: <div class="fab" id="fabs">...</div>
  (Session info: chrome=61.0.3163.100)
  (Driver info: chromedriver=2.31.488763 (092de99f48a300323ecf8c2a4e2e7cab51de5ba8),platform=Windows NT 10.0.15063 x86_64) (WARNING: The server did not provide any stacktrace information)
Command duration or timeout: 328 milliseconds
Build info: version: '2.53.0', revision: '35ae25b', time: '2016-03-15 17:00:58'
System info: host: 'Gituto-PC', ip: '192.168.1.136', os.name: 'Windows 10', os.arch: 'amd64', os.version: '10.0', java.version: '1.8.0_102'
Driver info: com.kms.katalon.selenium.driver.CChromeDriver
Capabilities [{applicationCacheEnabled=false, rotatable=false, mobileEmulationEnabled=false, networkConnectionEnabled=false, chrome={chromedriverVersion=2.31.488763 (092de99f48a300323ecf8c2a4e2e7cab51de5ba8), userDataDir=C:\Users\GITUTO~1\AppData\Local\Temp\scoped_dir5496_22002}, takesHeapSnapshot=true, pageLoadStrategy=normal, databaseEnabled=false, handlesAlerts=true, hasTouchScreen=false, version=61.0.3163.100, platform=XP, browserConnectionEnabled=false, nativeEvents=true, acceptSslCerts=true, locationContextEnabled=true, webStorageEnabled=true, browserName=chrome, takesScreenshot=true, javascriptEnabled=true, cssSelectorsEnabled=true, setWindowRect=true, unexpectedAlertBehaviour=}]
Session ID: 6ee734df1022291b1a1e03a6a8908860)
[[ATTACHMENT|C:\\Users\\Gituto Nyawira\\git\\VSMS-Test-Automation\\Reports\\Profile\\Update Profile\\20171031_120110\\1509440546628.png]]

2017-10-31 12:02:27 - [TEST_STEP][PASSED] - delay: Delayed 5 second(s)

2017-10-31 12:02:32 - [MESSAGE][PASSED] - Delayed 5 second(s)

2017-10-31 12:02:32 - [TEST_STEP][PASSED] - closeBrowser: Browser is closed

2017-10-31 12:02:36 - [MESSAGE][PASSED] - Browser is closed]]></system-out>
         <system-err><![CDATA[2017-10-31 12:01:21 - [TEST_CASE][FAILED] - Test Cases/Profile/Update Profile - Iteration 1: Test Cases/Profile/Update Profile FAILED because (of) Unable to select option by value 'Nairobi' of object 'Object Repository/Profile/Profile Page/State'  (Root cause: org.openqa.selenium.NoSuchElementException: Cannot locate option with value: Nairobi
For documentation on this error, please visit: http://seleniumhq.org/exceptions/no_such_element.html
Build info: version: '2.53.0', revision: '35ae25b', time: '2016-03-15 17:00:58'
System info: host: 'Gituto-PC', ip: '192.168.1.136', os.name: 'Windows 10', os.arch: 'amd64', os.version: '10.0', java.version: '1.8.0_102'
Driver info: driver.version: unknown)]]></system-err>
      </testcase>
      <testcase name="Test Cases/Profile/Update Profile - Iteration 2" classname="Test Cases/Profile/Update Profile" status="FAILED">
         <failure type="FAILED" message="Test Cases/Profile/Update Profile FAILED because (of) Unable to select option by value 'Nairobi' of object 'Object Repository/Profile/Profile Page/State'  (Root cause: org.openqa.selenium.NoSuchElementException: Cannot locate option with value: Nairobi
For documentation on this error, please visit: http://seleniumhq.org/exceptions/no_such_element.html
Build info: version: '2.53.0', revision: '35ae25b', time: '2016-03-15 17:00:58'
System info: host: 'Gituto-PC', ip: '192.168.1.136', os.name: 'Windows 10', os.arch: 'amd64', os.version: '10.0', java.version: '1.8.0_102'
Driver info: driver.version: unknown)"/>
         <system-out><![CDATA[2017-10-31 12:02:36 - [TEST_CASE][FAILED] - Test Cases/Profile/Update Profile - Iteration 2: Test Cases/Profile/Update Profile FAILED because (of) Unable to select option by value 'Nairobi' of object 'Object Repository/Profile/Profile Page/State'  (Root cause: org.openqa.selenium.NoSuchElementException: Cannot locate option with value: Nairobi
For documentation on this error, please visit: http://seleniumhq.org/exceptions/no_such_element.html
Build info: version: '2.53.0', revision: '35ae25b', time: '2016-03-15 17:00:58'
System info: host: 'Gituto-PC', ip: '192.168.1.136', os.name: 'Windows 10', os.arch: 'amd64', os.version: '10.0', java.version: '1.8.0_102'
Driver info: driver.version: unknown)

2017-10-31 12:02:36 - [TEST_STEP][PASSED] - callTestCase: Call Test Case 'Test Cases/Common/LOGIN' successfully

2017-10-31 12:02:36 - [TEST_CASE][PASSED] - Test Cases/Common/LOGIN: Test Cases/Common/LOGIN

2017-10-31 12:02:36 - [TEST_STEP][PASSED] - openBrowser: Browser is opened with url: 'https://sandbox.vsms.tezzasolutions.com/index'

2017-10-31 12:02:48 - [MESSAGE][PASSED] - Browser is opened with url: 'https://sandbox.vsms.tezzasolutions.com/index'

2017-10-31 12:02:48 - [TEST_STEP][PASSED] - maximizeWindow: Current window maximized

2017-10-31 12:02:49 - [MESSAGE][PASSED] - Current window maximized

2017-10-31 12:02:49 - [TEST_STEP][PASSED] - click: Object: 'Object Repository/login/a_Log in' is clicked on

2017-10-31 12:02:53 - [MESSAGE][PASSED] - Object: 'Object Repository/login/a_Log in' is clicked on

2017-10-31 12:02:53 - [TEST_STEP][PASSED] - setText: Text 'clarinenyauncho@gmail.com' is set on object 'Object Repository/login/input_email'

2017-10-31 12:02:54 - [MESSAGE][PASSED] - Text 'clarinenyauncho@gmail.com' is set on object 'Object Repository/login/input_email'

2017-10-31 12:02:54 - [TEST_STEP][PASSED] - setText: Text 'changeme' is set on object 'Object Repository/login/input_password'

2017-10-31 12:02:55 - [MESSAGE][PASSED] - Text 'changeme' is set on object 'Object Repository/login/input_password'

2017-10-31 12:02:55 - [TEST_STEP][PASSED] - click: Object: 'Object Repository/login/button_Login' is clicked on

2017-10-31 12:02:59 - [MESSAGE][PASSED] - Object: 'Object Repository/login/button_Login' is clicked on

2017-10-31 12:02:59 - [MESSAGE][PASSED] - Call Test Case 'Test Cases/Common/LOGIN' successfully

2017-10-31 12:02:59 - [TEST_STEP][PASSED] - maximizeWindow: Current window maximized

2017-10-31 12:02:59 - [MESSAGE][PASSED] - Current window maximized

2017-10-31 12:02:59 - [TEST_STEP][PASSED] - click: Object: 'Object Repository/Profile/Nav Bar/a_dropdown-toggle' is clicked on

2017-10-31 12:03:00 - [MESSAGE][PASSED] - Object: 'Object Repository/Profile/Nav Bar/a_dropdown-toggle' is clicked on

2017-10-31 12:03:00 - [TEST_STEP][PASSED] - click: Object: 'Object Repository/Profile/Nav Bar/a_My Profile' is clicked on

2017-10-31 12:03:02 - [MESSAGE][PASSED] - Object: 'Object Repository/Profile/Nav Bar/a_My Profile' is clicked on

2017-10-31 12:03:02 - [TEST_STEP][PASSED] - selectOptionByValue: All options with value 'Mr' are selected in object 'Object Repository/Profile/Profile Page/select_title' 

2017-10-31 12:03:02 - [MESSAGE][PASSED] - All options with value 'Mr' are selected in object 'Object Repository/Profile/Profile Page/select_title' 

2017-10-31 12:03:02 - [TEST_STEP][PASSED] - setText: Text '' is set on object 'Object Repository/Profile/Profile Page/FirstName'

2017-10-31 12:03:03 - [MESSAGE][PASSED] - Text '' is set on object 'Object Repository/Profile/Profile Page/FirstName'

2017-10-31 12:03:03 - [TEST_STEP][PASSED] - setText: Text '' is set on object 'Object Repository/Profile/Profile Page/LastName'

2017-10-31 12:03:03 - [MESSAGE][PASSED] - Text '' is set on object 'Object Repository/Profile/Profile Page/LastName'

2017-10-31 12:03:03 - [TEST_STEP][PASSED] - setText: Text '' is set on object 'Object Repository/Profile/Profile Page/Job Title'

2017-10-31 12:03:04 - [MESSAGE][PASSED] - Text '' is set on object 'Object Repository/Profile/Profile Page/Job Title'

2017-10-31 12:03:04 - [TEST_STEP][PASSED] - selectOptionByValue: All options with value 'number:101' are selected in object 'Object Repository/Profile/Profile Page/Department' 

2017-10-31 12:03:04 - [MESSAGE][PASSED] - All options with value 'number:101' are selected in object 'Object Repository/Profile/Profile Page/Department' 

2017-10-31 12:03:04 - [TEST_STEP][PASSED] - setText: Text '' is set on object 'Object Repository/Profile/Profile Page/Phone'

2017-10-31 12:03:04 - [MESSAGE][PASSED] - Text '' is set on object 'Object Repository/Profile/Profile Page/Phone'

2017-10-31 12:03:04 - [TEST_STEP][PASSED] - setText: Text '' is set on object 'Object Repository/Profile/Profile Page/Alt Phone'

2017-10-31 12:03:05 - [MESSAGE][PASSED] - Text '' is set on object 'Object Repository/Profile/Profile Page/Alt Phone'

2017-10-31 12:03:05 - [TEST_STEP][PASSED] - setText: Text '' is set on object 'Object Repository/Profile/Profile Page/Alt Email'

2017-10-31 12:03:05 - [MESSAGE][PASSED] - Text '' is set on object 'Object Repository/Profile/Profile Page/Alt Email'

2017-10-31 12:03:05 - [TEST_STEP][PASSED] - setText: Text '' is set on object 'Object Repository/Profile/Profile Page/Address 1'

2017-10-31 12:03:05 - [MESSAGE][PASSED] - Text '' is set on object 'Object Repository/Profile/Profile Page/Address 1'

2017-10-31 12:03:05 - [TEST_STEP][PASSED] - setText: Text '' is set on object 'Object Repository/Profile/Profile Page/Address 2'

2017-10-31 12:03:06 - [MESSAGE][PASSED] - Text '' is set on object 'Object Repository/Profile/Profile Page/Address 2'

2017-10-31 12:03:06 - [TEST_STEP][PASSED] - setText: Text '' is set on object 'Object Repository/Profile/Profile Page/City'

2017-10-31 12:03:06 - [MESSAGE][PASSED] - Text '' is set on object 'Object Repository/Profile/Profile Page/City'

2017-10-31 12:03:06 - [TEST_STEP][PASSED] - selectOptionByValue: All options with value 'Kenya' are selected in object 'Object Repository/Profile/Profile Page/Country' 

2017-10-31 12:03:06 - [MESSAGE][PASSED] - All options with value 'Kenya' are selected in object 'Object Repository/Profile/Profile Page/Country' 

2017-10-31 12:03:06 - [TEST_STEP][FAILED] - selectOptionByValue: Unable to select option by value 'Nairobi' of object 'Object Repository/Profile/Profile Page/State'  (Root cause: org.openqa.selenium.NoSuchElementException: Cannot locate option with value: Nairobi
For documentation on this error, please visit: http://seleniumhq.org/exceptions/no_such_element.html
Build info: version: '2.53.0', revision: '35ae25b', time: '2016-03-15 17:00:58'
System info: host: 'Gituto-PC', ip: '192.168.1.136', os.name: 'Windows 10', os.arch: 'amd64', os.version: '10.0', java.version: '1.8.0_102'
Driver info: driver.version: unknown)

2017-10-31 12:03:07 - [MESSAGE][FAILED] - Unable to select option by value 'Nairobi' of object 'Object Repository/Profile/Profile Page/State'  (Root cause: org.openqa.selenium.NoSuchElementException: Cannot locate option with value: Nairobi
For documentation on this error, please visit: http://seleniumhq.org/exceptions/no_such_element.html
Build info: version: '2.53.0', revision: '35ae25b', time: '2016-03-15 17:00:58'
System info: host: 'Gituto-PC', ip: '192.168.1.136', os.name: 'Windows 10', os.arch: 'amd64', os.version: '10.0', java.version: '1.8.0_102'
Driver info: driver.version: unknown)
[[ATTACHMENT|C:\\Users\\Gituto Nyawira\\git\\VSMS-Test-Automation\\Reports\\Profile\\Update Profile\\20171031_120110\\1509440586578.png]]

2017-10-31 12:03:07 - [TEST_STEP][PASSED] - delay: Delayed 5 second(s)

2017-10-31 12:03:12 - [MESSAGE][PASSED] - Delayed 5 second(s)

2017-10-31 12:03:12 - [TEST_STEP][FAILED] - click: Unable to click on object 'Object Repository/Profile/Profile Page/button_Update' (Root cause: org.openqa.selenium.WebDriverException: unknown error: Element <button type="submit" class="btn btn-primary pull-right" ng-click="updatemyprofile(myprofileForm.$valid, myprofile.id)">...</button> is not clickable at point (1159, 494). Other element would receive the click: <div class="fab" id="fabs">...</div>
  (Session info: chrome=61.0.3163.100)
  (Driver info: chromedriver=2.31.488763 (092de99f48a300323ecf8c2a4e2e7cab51de5ba8),platform=Windows NT 10.0.15063 x86_64) (WARNING: The server did not provide any stacktrace information)
Command duration or timeout: 414 milliseconds
Build info: version: '2.53.0', revision: '35ae25b', time: '2016-03-15 17:00:58'
System info: host: 'Gituto-PC', ip: '192.168.1.136', os.name: 'Windows 10', os.arch: 'amd64', os.version: '10.0', java.version: '1.8.0_102'
Driver info: com.kms.katalon.selenium.driver.CChromeDriver
Capabilities [{applicationCacheEnabled=false, rotatable=false, mobileEmulationEnabled=false, networkConnectionEnabled=false, chrome={chromedriverVersion=2.31.488763 (092de99f48a300323ecf8c2a4e2e7cab51de5ba8), userDataDir=C:\Users\GITUTO~1\AppData\Local\Temp\scoped_dir1028_13400}, takesHeapSnapshot=true, pageLoadStrategy=normal, databaseEnabled=false, handlesAlerts=true, hasTouchScreen=false, version=61.0.3163.100, platform=XP, browserConnectionEnabled=false, nativeEvents=true, acceptSslCerts=true, locationContextEnabled=true, webStorageEnabled=true, browserName=chrome, takesScreenshot=true, javascriptEnabled=true, cssSelectorsEnabled=true, setWindowRect=true, unexpectedAlertBehaviour=}]
Session ID: 5ef6dbcea7de3254175ecb05165a508b)

2017-10-31 12:03:13 - [MESSAGE][FAILED] - Unable to click on object 'Object Repository/Profile/Profile Page/button_Update' (Root cause: org.openqa.selenium.WebDriverException: unknown error: Element <button type="submit" class="btn btn-primary pull-right" ng-click="updatemyprofile(myprofileForm.$valid, myprofile.id)">...</button> is not clickable at point (1159, 494). Other element would receive the click: <div class="fab" id="fabs">...</div>
  (Session info: chrome=61.0.3163.100)
  (Driver info: chromedriver=2.31.488763 (092de99f48a300323ecf8c2a4e2e7cab51de5ba8),platform=Windows NT 10.0.15063 x86_64) (WARNING: The server did not provide any stacktrace information)
Command duration or timeout: 414 milliseconds
Build info: version: '2.53.0', revision: '35ae25b', time: '2016-03-15 17:00:58'
System info: host: 'Gituto-PC', ip: '192.168.1.136', os.name: 'Windows 10', os.arch: 'amd64', os.version: '10.0', java.version: '1.8.0_102'
Driver info: com.kms.katalon.selenium.driver.CChromeDriver
Capabilities [{applicationCacheEnabled=false, rotatable=false, mobileEmulationEnabled=false, networkConnectionEnabled=false, chrome={chromedriverVersion=2.31.488763 (092de99f48a300323ecf8c2a4e2e7cab51de5ba8), userDataDir=C:\Users\GITUTO~1\AppData\Local\Temp\scoped_dir1028_13400}, takesHeapSnapshot=true, pageLoadStrategy=normal, databaseEnabled=false, handlesAlerts=true, hasTouchScreen=false, version=61.0.3163.100, platform=XP, browserConnectionEnabled=false, nativeEvents=true, acceptSslCerts=true, locationContextEnabled=true, webStorageEnabled=true, browserName=chrome, takesScreenshot=true, javascriptEnabled=true, cssSelectorsEnabled=true, setWindowRect=true, unexpectedAlertBehaviour=}]
Session ID: 5ef6dbcea7de3254175ecb05165a508b)
[[ATTACHMENT|C:\\Users\\Gituto Nyawira\\git\\VSMS-Test-Automation\\Reports\\Profile\\Update Profile\\20171031_120110\\1509440592731.png]]

2017-10-31 12:03:13 - [TEST_STEP][PASSED] - delay: Delayed 5 second(s)

2017-10-31 12:03:18 - [MESSAGE][PASSED] - Delayed 5 second(s)

2017-10-31 12:03:18 - [TEST_STEP][PASSED] - closeBrowser: Browser is closed

2017-10-31 12:03:20 - [MESSAGE][PASSED] - Browser is closed]]></system-out>
         <system-err><![CDATA[2017-10-31 12:02:36 - [TEST_CASE][FAILED] - Test Cases/Profile/Update Profile - Iteration 2: Test Cases/Profile/Update Profile FAILED because (of) Unable to select option by value 'Nairobi' of object 'Object Repository/Profile/Profile Page/State'  (Root cause: org.openqa.selenium.NoSuchElementException: Cannot locate option with value: Nairobi
For documentation on this error, please visit: http://seleniumhq.org/exceptions/no_such_element.html
Build info: version: '2.53.0', revision: '35ae25b', time: '2016-03-15 17:00:58'
System info: host: 'Gituto-PC', ip: '192.168.1.136', os.name: 'Windows 10', os.arch: 'amd64', os.version: '10.0', java.version: '1.8.0_102'
Driver info: driver.version: unknown)]]></system-err>
      </testcase>
      <system-out><![CDATA[2017-10-31 12:01:19 - [TEST_SUITE][FAILED] - Update Profile: Test Cases/Profile/Update Profile FAILED because (of) Unable to select option by value 'Nairobi' of object 'Object Repository/Profile/Profile Page/State'  (Root cause: org.openqa.selenium.NoSuchElementException: Cannot locate option with value: Nairobi
For documentation on this error, please visit: http://seleniumhq.org/exceptions/no_such_element.html
Build info: version: '2.53.0', revision: '35ae25b', time: '2016-03-15 17:00:58'
System info: host: 'Gituto-PC', ip: '192.168.1.136', os.name: 'Windows 10', os.arch: 'amd64', os.version: '10.0', java.version: '1.8.0_102'
Driver info: driver.version: unknown)]]></system-out>
      <system-err><![CDATA[2017-10-31 12:01:19 - [TEST_SUITE][FAILED] - Update Profile: Test Cases/Profile/Update Profile FAILED because (of) Unable to select option by value 'Nairobi' of object 'Object Repository/Profile/Profile Page/State'  (Root cause: org.openqa.selenium.NoSuchElementException: Cannot locate option with value: Nairobi
For documentation on this error, please visit: http://seleniumhq.org/exceptions/no_such_element.html
Build info: version: '2.53.0', revision: '35ae25b', time: '2016-03-15 17:00:58'
System info: host: 'Gituto-PC', ip: '192.168.1.136', os.name: 'Windows 10', os.arch: 'amd64', os.version: '10.0', java.version: '1.8.0_102'
Driver info: driver.version: unknown)]]></system-err>
   </testsuite>
</testsuites>
