{"devicePlatform":"","logFolder":"C:\\Users\\Dennis Gituto\\git\\VSMS-Test-Automation\\Reports\\Calendar Management\\Add Event\\20171123_100429","runData":{"hostName":"Dennis Gituto - DESKTOP-IA8CIQG","os":"Windows 10 64bit","katalonVersion":"5.1.0.1","browser":"Chrome 62.0.3202.94","hostAddress":"192.168.1.128","sessionId":"6adfe727ac52a48043926530cde262ef","seleniumVersion":"3.7.1","proxyInformation":"ProxyInformation{proxyOption\u003dNO_PROXY, proxyServerType\u003dHTTP, password\u003d, proxyServerAddress\u003d, proxyServerPort\u003d0}","platform":"Windows 10"},"type":"TEST_SUITE","name":"Add Event","id":"Test Suites/Calendar Management/Add Event","source":"","message":"Test Cases/Calendar Management/Add new Event FAILED because (of) Unable to click on object \u0027Object Repository/Dashboard Page/a_Modules\u0027 (Root cause: org.openqa.selenium.NoSuchWindowException: no such window: target window already closed\nfrom unknown error: web view not found\n  (Session info: chrome\u003d62.0.3202.94)\n  (Driver info: chromedriver\u003d2.33.506120 (e3e53437346286c0bc2d2dc9aa4915ba81d9023f),platform\u003dWindows NT 10.0.14393 x86_64) (WARNING: The server did not provide any stacktrace information)\nCommand duration or timeout: 0 milliseconds\nBuild info: version: \u00273.7.1\u0027, revision: \u00278a0099a\u0027, time: \u00272017-11-06T21:07:36.161Z\u0027\nSystem info: host: \u0027DESKTOP-IA8CIQG\u0027, ip: \u0027192.168.1.128\u0027, os.name: \u0027Windows 10\u0027, os.arch: \u0027amd64\u0027, os.version: \u002710.0\u0027, java.version: \u00271.8.0_102\u0027\nDriver info: com.kms.katalon.selenium.driver.CChromeDriver\nCapabilities {acceptSslCerts: true, applicationCacheEnabled: false, browserConnectionEnabled: false, browserName: chrome, chrome: {chromedriverVersion: 2.33.506120 (e3e53437346286..., userDataDir: C:\\Users\\DENNIS~1\\AppData\\L...}, cssSelectorsEnabled: true, databaseEnabled: false, handlesAlerts: true, hasTouchScreen: false, javascriptEnabled: true, locationContextEnabled: true, mobileEmulationEnabled: false, nativeEvents: true, networkConnectionEnabled: false, pageLoadStrategy: normal, platform: XP, platformName: XP, rotatable: false, setWindowRect: true, takesHeapSnapshot: true, takesScreenshot: true, unexpectedAlertBehaviour: , unhandledPromptBehavior: , version: 62.0.3202.94, webStorageEnabled: true}\nSession ID: 6adfe727ac52a48043926530cde262ef\n*** Element info: {Using\u003dxpath, value\u003d//a[count(. | //*[@href \u003d \u0027#\u0027]) \u003d count(//*[@href \u003d \u0027#\u0027])][count(. | //*[contains(.,\u0027Modules\u0027)]) \u003d count(//*[contains(.,\u0027Modules\u0027)])]})","description":"Add Event in the Calendar Management Module","startTime":1511420679040,"endTime":1511420760120,"childRecords":[{"isOptional":false,"type":"TEST_CASE","name":"Test Cases/Calendar Management/Add new Event","id":"Test Cases/Calendar Management/Add new Event","source":"C:\\\\Users\\\\Dennis Gituto\\\\git\\\\VSMS-Test-AutomationTest Cases\\\\Calendar Management\\\\Add new Event.tc","message":"Test Cases/Calendar Management/Add new Event FAILED because (of) Unable to click on object \u0027Object Repository/Dashboard Page/a_Modules\u0027 (Root cause: org.openqa.selenium.NoSuchWindowException: no such window: target window already closed\nfrom unknown error: web view not found\n  (Session info: chrome\u003d62.0.3202.94)\n  (Driver info: chromedriver\u003d2.33.506120 (e3e53437346286c0bc2d2dc9aa4915ba81d9023f),platform\u003dWindows NT 10.0.14393 x86_64) (WARNING: The server did not provide any stacktrace information)\nCommand duration or timeout: 0 milliseconds\nBuild info: version: \u00273.7.1\u0027, revision: \u00278a0099a\u0027, time: \u00272017-11-06T21:07:36.161Z\u0027\nSystem info: host: \u0027DESKTOP-IA8CIQG\u0027, ip: \u0027192.168.1.128\u0027, os.name: \u0027Windows 10\u0027, os.arch: \u0027amd64\u0027, os.version: \u002710.0\u0027, java.version: \u00271.8.0_102\u0027\nDriver info: com.kms.katalon.selenium.driver.CChromeDriver\nCapabilities {acceptSslCerts: true, applicationCacheEnabled: false, browserConnectionEnabled: false, browserName: chrome, chrome: {chromedriverVersion: 2.33.506120 (e3e53437346286..., userDataDir: C:\\Users\\DENNIS~1\\AppData\\L...}, cssSelectorsEnabled: true, databaseEnabled: false, handlesAlerts: true, hasTouchScreen: false, javascriptEnabled: true, locationContextEnabled: true, mobileEmulationEnabled: false, nativeEvents: true, networkConnectionEnabled: false, pageLoadStrategy: normal, platform: XP, platformName: XP, rotatable: false, setWindowRect: true, takesHeapSnapshot: true, takesScreenshot: true, unexpectedAlertBehaviour: , unhandledPromptBehavior: , version: 62.0.3202.94, webStorageEnabled: true}\nSession ID: 6adfe727ac52a48043926530cde262ef\n*** Element info: {Using\u003dxpath, value\u003d//a[count(. | //*[@href \u003d \u0027#\u0027]) \u003d count(//*[@href \u003d \u0027#\u0027])][count(. | //*[contains(.,\u0027Modules\u0027)]) \u003d count(//*[contains(.,\u0027Modules\u0027)])]})","description":"Add new Event","startTime":1511420679499,"endTime":1511420759436,"childRecords":[{"testStatus":{"stackTrace":"","statusValue":"INFO"},"type":"MESSAGE","name":"","message":"Evaluating variables for test case","startTime":1511420679712,"endTime":0,"childRecords":[],"interuppted":false},{"testStatus":{"stackTrace":"","statusValue":"INFO"},"type":"MESSAGE","name":"","message":"Variable \u0027var_title\u0027 is set to Developer\u0027s Interview","startTime":1511420679800,"endTime":0,"childRecords":[],"interuppted":false},{"testStatus":{"stackTrace":"","statusValue":"INFO"},"type":"MESSAGE","name":"","message":"Variable \u0027var_startDate\u0027 is set to 10/12/17","startTime":1511420679802,"endTime":0,"childRecords":[],"interuppted":false},{"testStatus":{"stackTrace":"","statusValue":"INFO"},"type":"MESSAGE","name":"","message":"Variable \u0027var_startTime\u0027 is set to 1300","startTime":1511420679802,"endTime":0,"childRecords":[],"interuppted":false},{"testStatus":{"stackTrace":"","statusValue":"INFO"},"type":"MESSAGE","name":"","message":"Variable \u0027var_endDate\u0027 is set to 10/12/17","startTime":1511420679803,"endTime":0,"childRecords":[],"interuppted":false},{"testStatus":{"stackTrace":"","statusValue":"INFO"},"type":"MESSAGE","name":"","message":"Variable \u0027var_endTime\u0027 is set to 1800","startTime":1511420679805,"endTime":0,"childRecords":[],"interuppted":false},{"testStatus":{"stackTrace":"","statusValue":"INFO"},"type":"MESSAGE","name":"","message":"Variable \u0027var_description\u0027 is set to C# Developers Interview","startTime":1511420679808,"endTime":0,"childRecords":[],"interuppted":false},{"index":1,"isIgnoredIfFailed":false,"type":"TEST_STEP","name":"callTestCase","message":"Call Test Case \u0027Test Cases/Common/User Login\u0027 successfully","description":"","startTime":1511420680372,"endTime":1511420741965,"childRecords":[{"isOptional":false,"type":"TEST_CASE","name":"Test Cases/Common/User Login","id":"Test Cases/Common/User Login","source":"C:\\\\Users\\\\Dennis Gituto\\\\git\\\\VSMS-Test-AutomationTest Cases\\\\Common\\\\User Login.tc","message":"Test Cases/Common/User Login","description":"authenticating a VSMS user","startTime":1511420680517,"endTime":1511420741957,"childRecords":[{"testStatus":{"stackTrace":"","statusValue":"INFO"},"type":"MESSAGE","name":"","message":"Evaluating variables for test case","startTime":1511420680565,"endTime":0,"childRecords":[],"interuppted":false},{"testStatus":{"stackTrace":"","statusValue":"INFO"},"type":"MESSAGE","name":"","message":"Checking test data id","startTime":1511420680646,"endTime":0,"childRecords":[],"interuppted":false},{"testStatus":{"stackTrace":"","statusValue":"INFO"},"type":"MESSAGE","name":"","message":"Finding test data with id \u0027Data Files/Login Credentials\u0027","startTime":1511420680648,"endTime":0,"childRecords":[],"interuppted":false},{"testStatus":{"stackTrace":"","statusValue":"INFO"},"type":"MESSAGE","name":"","message":"Test data is excel file, reading excel file","startTime":1511420680669,"endTime":0,"childRecords":[],"interuppted":false},{"testStatus":{"stackTrace":"","statusValue":"INFO"},"type":"MESSAGE","name":"","message":"Reading excel file with source file \u0027C:\\Users\\Dennis Gituto\\git\\VSMS-Test-Automation\\Data Files\\Login Credentials.xlsx\u0027 and sheet name \u0027Sheet1\u0027","startTime":1511420680671,"endTime":0,"childRecords":[],"interuppted":false},{"testStatus":{"stackTrace":"","statusValue":"INFO"},"type":"MESSAGE","name":"","message":"Variable \u0027Url\u0027 is set to https://sandbox.vsms.tezzasolutions.com/index as default","startTime":1511420681834,"endTime":0,"childRecords":[],"interuppted":false},{"testStatus":{"stackTrace":"","statusValue":"INFO"},"type":"MESSAGE","name":"","message":"Checking test data id","startTime":1511420681862,"endTime":0,"childRecords":[],"interuppted":false},{"testStatus":{"stackTrace":"","statusValue":"INFO"},"type":"MESSAGE","name":"","message":"Finding test data with id \u0027Data Files/Login Credentials\u0027","startTime":1511420681862,"endTime":0,"childRecords":[],"interuppted":false},{"testStatus":{"stackTrace":"","statusValue":"INFO"},"type":"MESSAGE","name":"","message":"Test data is excel file, reading excel file","startTime":1511420681869,"endTime":0,"childRecords":[],"interuppted":false},{"testStatus":{"stackTrace":"","statusValue":"INFO"},"type":"MESSAGE","name":"","message":"Reading excel file with source file \u0027C:\\Users\\Dennis Gituto\\git\\VSMS-Test-Automation\\Data Files\\Login Credentials.xlsx\u0027 and sheet name \u0027Sheet1\u0027","startTime":1511420681872,"endTime":0,"childRecords":[],"interuppted":false},{"testStatus":{"stackTrace":"","statusValue":"INFO"},"type":"MESSAGE","name":"","message":"Variable \u0027email\u0027 is set to clarinenyauncho@gmail.com as default","startTime":1511420681967,"endTime":0,"childRecords":[],"interuppted":false},{"testStatus":{"stackTrace":"","statusValue":"INFO"},"type":"MESSAGE","name":"","message":"Checking test data id","startTime":1511420681993,"endTime":0,"childRecords":[],"interuppted":false},{"testStatus":{"stackTrace":"","statusValue":"INFO"},"type":"MESSAGE","name":"","message":"Finding test data with id \u0027Data Files/Login Credentials\u0027","startTime":1511420681994,"endTime":0,"childRecords":[],"interuppted":false},{"testStatus":{"stackTrace":"","statusValue":"INFO"},"type":"MESSAGE","name":"","message":"Test data is excel file, reading excel file","startTime":1511420682000,"endTime":0,"childRecords":[],"interuppted":false},{"testStatus":{"stackTrace":"","statusValue":"INFO"},"type":"MESSAGE","name":"","message":"Reading excel file with source file \u0027C:\\Users\\Dennis Gituto\\git\\VSMS-Test-Automation\\Data Files\\Login Credentials.xlsx\u0027 and sheet name \u0027Sheet1\u0027","startTime":1511420682001,"endTime":0,"childRecords":[],"interuppted":false},{"testStatus":{"stackTrace":"","statusValue":"INFO"},"type":"MESSAGE","name":"","message":"Variable \u0027password\u0027 is set to changeme as default","startTime":1511420682047,"endTime":0,"childRecords":[],"interuppted":false},{"index":1,"isIgnoredIfFailed":false,"type":"TEST_STEP","name":"openBrowser","message":"Browser is opened with url: \u0027https://sandbox.vsms.tezzasolutions.com/index\u0027","description":"","startTime":1511420682231,"endTime":1511420729207,"childRecords":[{"testStatus":{"stackTrace":"","statusValue":"PASSED"},"type":"MESSAGE","name":"","message":"Browser is opened with url: \u0027https://sandbox.vsms.tezzasolutions.com/index\u0027","startTime":1511420729206,"endTime":0,"childRecords":[],"interuppted":false}],"interuppted":false},{"index":2,"isIgnoredIfFailed":false,"type":"TEST_STEP","name":"maximizeWindow","message":"Current window maximized","description":"","startTime":1511420729207,"endTime":1511420730369,"childRecords":[{"testStatus":{"stackTrace":"","statusValue":"PASSED"},"type":"MESSAGE","name":"","message":"Current window maximized","startTime":1511420730369,"endTime":0,"childRecords":[],"interuppted":false}],"interuppted":false},{"index":3,"isIgnoredIfFailed":false,"type":"TEST_STEP","name":"click","message":"Object: \u0027Object Repository/login/a_Log in\u0027 is clicked on","description":"","startTime":1511420730370,"endTime":1511420740041,"childRecords":[{"testStatus":{"stackTrace":"","statusValue":"PASSED"},"type":"MESSAGE","name":"","message":"Object: \u0027Object Repository/login/a_Log in\u0027 is clicked on","startTime":1511420740040,"endTime":0,"childRecords":[],"interuppted":false}],"interuppted":false},{"index":4,"isIgnoredIfFailed":false,"type":"TEST_STEP","name":"setText","message":"Text \u0027clarinenyauncho@gmail.com\u0027 is set on object \u0027Object Repository/login/input_email\u0027","description":"","startTime":1511420740043,"endTime":1511420740416,"childRecords":[{"testStatus":{"stackTrace":"","statusValue":"PASSED"},"type":"MESSAGE","name":"","message":"Text \u0027clarinenyauncho@gmail.com\u0027 is set on object \u0027Object Repository/login/input_email\u0027","startTime":1511420740415,"endTime":0,"childRecords":[],"interuppted":false}],"interuppted":false},{"index":5,"isIgnoredIfFailed":false,"type":"TEST_STEP","name":"verifyElementPresent","message":"Object \u0027Object Repository/Page_Visitor Security Management Sy/VSMS  Sign In\u0027 is present","description":"","startTime":1511420740416,"endTime":1511420740464,"childRecords":[{"testStatus":{"stackTrace":"","statusValue":"PASSED"},"type":"MESSAGE","name":"","message":"Object \u0027Object Repository/Page_Visitor Security Management Sy/VSMS  Sign In\u0027 is present","startTime":1511420740464,"endTime":0,"childRecords":[],"interuppted":false}],"interuppted":false},{"index":6,"isIgnoredIfFailed":false,"type":"TEST_STEP","name":"setText","message":"Text \u0027changeme\u0027 is set on object \u0027Object Repository/login/input_password\u0027","description":"","startTime":1511420740464,"endTime":1511420740663,"childRecords":[{"testStatus":{"stackTrace":"","statusValue":"PASSED"},"type":"MESSAGE","name":"","message":"Text \u0027changeme\u0027 is set on object \u0027Object Repository/login/input_password\u0027","startTime":1511420740662,"endTime":0,"childRecords":[],"interuppted":false}],"interuppted":false},{"index":7,"isIgnoredIfFailed":false,"type":"TEST_STEP","name":"verifyElementClickable","message":"Object \u0027Object Repository/login/button_Login\u0027 is clickable","description":"","startTime":1511420740663,"endTime":1511420740725,"childRecords":[{"testStatus":{"stackTrace":"","statusValue":"PASSED"},"type":"MESSAGE","name":"","message":"Object \u0027Object Repository/login/button_Login\u0027 is clickable","startTime":1511420740725,"endTime":0,"childRecords":[],"interuppted":false}],"interuppted":false},{"index":8,"isIgnoredIfFailed":false,"type":"TEST_STEP","name":"click","message":"Object: \u0027Object Repository/login/button_Login\u0027 is clicked on","description":"","startTime":1511420740725,"endTime":1511420741956,"childRecords":[{"testStatus":{"stackTrace":"","statusValue":"PASSED"},"type":"MESSAGE","name":"","message":"Object: \u0027Object Repository/login/button_Login\u0027 is clicked on","startTime":1511420741955,"endTime":0,"childRecords":[],"interuppted":false}],"interuppted":false},{"testStatus":{"stackTrace":"","statusValue":"PASSED"},"type":"MESSAGE","name":"","message":"Test Cases/Common/User Login","startTime":1511420741957,"endTime":0,"childRecords":[],"interuppted":false}],"interuppted":false},{"testStatus":{"stackTrace":"","statusValue":"PASSED"},"type":"MESSAGE","name":"","message":"Call Test Case \u0027Test Cases/Common/User Login\u0027 successfully","startTime":1511420741964,"endTime":0,"childRecords":[],"interuppted":false}],"interuppted":false},{"index":2,"isIgnoredIfFailed":false,"type":"TEST_STEP","name":"callTestCase","message":"Unable to call Test Case with id \u0027Test Cases/Calendar Management/Calendar Menu\u0027 (Root cause: Call Test Case \u0027Test Cases/Calendar Management/Calendar Menu\u0027 failed)","description":"","startTime":1511420741966,"endTime":1511420759433,"childRecords":[{"isOptional":false,"type":"TEST_CASE","name":"Test Cases/Calendar Management/Calendar Menu","id":"Test Cases/Calendar Management/Calendar Menu","source":"C:\\\\Users\\\\Dennis Gituto\\\\git\\\\VSMS-Test-AutomationTest Cases\\\\Calendar Management\\\\Calendar Menu.tc","message":"Test Cases/Calendar Management/Calendar Menu FAILED because (of) Unable to click on object \u0027Object Repository/Dashboard Page/a_Modules\u0027 (Root cause: org.openqa.selenium.NoSuchWindowException: no such window: target window already closed\nfrom unknown error: web view not found\n  (Session info: chrome\u003d62.0.3202.94)\n  (Driver info: chromedriver\u003d2.33.506120 (e3e53437346286c0bc2d2dc9aa4915ba81d9023f),platform\u003dWindows NT 10.0.14393 x86_64) (WARNING: The server did not provide any stacktrace information)\nCommand duration or timeout: 0 milliseconds\nBuild info: version: \u00273.7.1\u0027, revision: \u00278a0099a\u0027, time: \u00272017-11-06T21:07:36.161Z\u0027\nSystem info: host: \u0027DESKTOP-IA8CIQG\u0027, ip: \u0027192.168.1.128\u0027, os.name: \u0027Windows 10\u0027, os.arch: \u0027amd64\u0027, os.version: \u002710.0\u0027, java.version: \u00271.8.0_102\u0027\nDriver info: com.kms.katalon.selenium.driver.CChromeDriver\nCapabilities {acceptSslCerts: true, applicationCacheEnabled: false, browserConnectionEnabled: false, browserName: chrome, chrome: {chromedriverVersion: 2.33.506120 (e3e53437346286..., userDataDir: C:\\Users\\DENNIS~1\\AppData\\L...}, cssSelectorsEnabled: true, databaseEnabled: false, handlesAlerts: true, hasTouchScreen: false, javascriptEnabled: true, locationContextEnabled: true, mobileEmulationEnabled: false, nativeEvents: true, networkConnectionEnabled: false, pageLoadStrategy: normal, platform: XP, platformName: XP, rotatable: false, setWindowRect: true, takesHeapSnapshot: true, takesScreenshot: true, unexpectedAlertBehaviour: , unhandledPromptBehavior: , version: 62.0.3202.94, webStorageEnabled: true}\nSession ID: 6adfe727ac52a48043926530cde262ef\n*** Element info: {Using\u003dxpath, value\u003d//a[count(. | //*[@href \u003d \u0027#\u0027]) \u003d count(//*[@href \u003d \u0027#\u0027])][count(. | //*[contains(.,\u0027Modules\u0027)]) \u003d count(//*[contains(.,\u0027Modules\u0027)])]})","description":"Common Test Cases in Calendar Management Module","startTime":1511420742038,"endTime":1511420759432,"childRecords":[{"testStatus":{"stackTrace":"","statusValue":"INFO"},"type":"MESSAGE","name":"","message":"Evaluating variables for test case","startTime":1511420742057,"endTime":0,"childRecords":[],"interuppted":false},{"index":1,"isIgnoredIfFailed":false,"type":"TEST_STEP","name":"click","message":"Unable to click on object \u0027Object Repository/Dashboard Page/a_Modules\u0027 (Root cause: org.openqa.selenium.NoSuchWindowException: no such window: target window already closed\nfrom unknown error: web view not found\n  (Session info: chrome\u003d62.0.3202.94)\n  (Driver info: chromedriver\u003d2.33.506120 (e3e53437346286c0bc2d2dc9aa4915ba81d9023f),platform\u003dWindows NT 10.0.14393 x86_64) (WARNING: The server did not provide any stacktrace information)\nCommand duration or timeout: 0 milliseconds\nBuild info: version: \u00273.7.1\u0027, revision: \u00278a0099a\u0027, time: \u00272017-11-06T21:07:36.161Z\u0027\nSystem info: host: \u0027DESKTOP-IA8CIQG\u0027, ip: \u0027192.168.1.128\u0027, os.name: \u0027Windows 10\u0027, os.arch: \u0027amd64\u0027, os.version: \u002710.0\u0027, java.version: \u00271.8.0_102\u0027\nDriver info: com.kms.katalon.selenium.driver.CChromeDriver\nCapabilities {acceptSslCerts: true, applicationCacheEnabled: false, browserConnectionEnabled: false, browserName: chrome, chrome: {chromedriverVersion: 2.33.506120 (e3e53437346286..., userDataDir: C:\\Users\\DENNIS~1\\AppData\\L...}, cssSelectorsEnabled: true, databaseEnabled: false, handlesAlerts: true, hasTouchScreen: false, javascriptEnabled: true, locationContextEnabled: true, mobileEmulationEnabled: false, nativeEvents: true, networkConnectionEnabled: false, pageLoadStrategy: normal, platform: XP, platformName: XP, rotatable: false, setWindowRect: true, takesHeapSnapshot: true, takesScreenshot: true, unexpectedAlertBehaviour: , unhandledPromptBehavior: , version: 62.0.3202.94, webStorageEnabled: true}\nSession ID: 6adfe727ac52a48043926530cde262ef\n*** Element info: {Using\u003dxpath, value\u003d//a[count(. | //*[@href \u003d \u0027#\u0027]) \u003d count(//*[@href \u003d \u0027#\u0027])][count(. | //*[contains(.,\u0027Modules\u0027)]) \u003d count(//*[contains(.,\u0027Modules\u0027)])]})","description":"","startTime":1511420742730,"endTime":1511420759395,"childRecords":[{"testStatus":{"stackTrace":"","statusValue":"WARNING"},"type":"MESSAGE","name":"","message":"Cannot take screenshot","startTime":1511420759391,"endTime":0,"childRecords":[],"interuppted":false},{"testStatus":{"stackTrace":"","statusValue":"FAILED"},"type":"MESSAGE","name":"","message":"Unable to click on object \u0027Object Repository/Dashboard Page/a_Modules\u0027 (Root cause: org.openqa.selenium.NoSuchWindowException: no such window: target window already closed\nfrom unknown error: web view not found\n  (Session info: chrome\u003d62.0.3202.94)\n  (Driver info: chromedriver\u003d2.33.506120 (e3e53437346286c0bc2d2dc9aa4915ba81d9023f),platform\u003dWindows NT 10.0.14393 x86_64) (WARNING: The server did not provide any stacktrace information)\nCommand duration or timeout: 0 milliseconds\nBuild info: version: \u00273.7.1\u0027, revision: \u00278a0099a\u0027, time: \u00272017-11-06T21:07:36.161Z\u0027\nSystem info: host: \u0027DESKTOP-IA8CIQG\u0027, ip: \u0027192.168.1.128\u0027, os.name: \u0027Windows 10\u0027, os.arch: \u0027amd64\u0027, os.version: \u002710.0\u0027, java.version: \u00271.8.0_102\u0027\nDriver info: com.kms.katalon.selenium.driver.CChromeDriver\nCapabilities {acceptSslCerts: true, applicationCacheEnabled: false, browserConnectionEnabled: false, browserName: chrome, chrome: {chromedriverVersion: 2.33.506120 (e3e53437346286..., userDataDir: C:\\Users\\DENNIS~1\\AppData\\L...}, cssSelectorsEnabled: true, databaseEnabled: false, handlesAlerts: true, hasTouchScreen: false, javascriptEnabled: true, locationContextEnabled: true, mobileEmulationEnabled: false, nativeEvents: true, networkConnectionEnabled: false, pageLoadStrategy: normal, platform: XP, platformName: XP, rotatable: false, setWindowRect: true, takesHeapSnapshot: true, takesScreenshot: true, unexpectedAlertBehaviour: , unhandledPromptBehavior: , version: 62.0.3202.94, webStorageEnabled: true}\nSession ID: 6adfe727ac52a48043926530cde262ef\n*** Element info: {Using\u003dxpath, value\u003d//a[count(. | //*[@href \u003d \u0027#\u0027]) \u003d count(//*[@href \u003d \u0027#\u0027])][count(. | //*[contains(.,\u0027Modules\u0027)]) \u003d count(//*[contains(.,\u0027Modules\u0027)])]})","startTime":1511420759392,"endTime":0,"childRecords":[],"interuppted":false}],"interuppted":false},{"index":2,"isIgnoredIfFailed":false,"type":"TEST_STEP","name":"click","message":"Unable to click on object \u0027Object Repository/Dashboard Page/a_Calendar Management\u0027 (Root cause: org.openqa.selenium.NoSuchWindowException: no such window: target window already closed\nfrom unknown error: web view not found\n  (Session info: chrome\u003d62.0.3202.94)\n  (Driver info: chromedriver\u003d2.33.506120 (e3e53437346286c0bc2d2dc9aa4915ba81d9023f),platform\u003dWindows NT 10.0.14393 x86_64) (WARNING: The server did not provide any stacktrace information)\nCommand duration or timeout: 0 milliseconds\nBuild info: version: \u00273.7.1\u0027, revision: \u00278a0099a\u0027, time: \u00272017-11-06T21:07:36.161Z\u0027\nSystem info: host: \u0027DESKTOP-IA8CIQG\u0027, ip: \u0027192.168.1.128\u0027, os.name: \u0027Windows 10\u0027, os.arch: \u0027amd64\u0027, os.version: \u002710.0\u0027, java.version: \u00271.8.0_102\u0027\nDriver info: com.kms.katalon.selenium.driver.CChromeDriver\nCapabilities {acceptSslCerts: true, applicationCacheEnabled: false, browserConnectionEnabled: false, browserName: chrome, chrome: {chromedriverVersion: 2.33.506120 (e3e53437346286..., userDataDir: C:\\Users\\DENNIS~1\\AppData\\L...}, cssSelectorsEnabled: true, databaseEnabled: false, handlesAlerts: true, hasTouchScreen: false, javascriptEnabled: true, locationContextEnabled: true, mobileEmulationEnabled: false, nativeEvents: true, networkConnectionEnabled: false, pageLoadStrategy: normal, platform: XP, platformName: XP, rotatable: false, setWindowRect: true, takesHeapSnapshot: true, takesScreenshot: true, unexpectedAlertBehaviour: , unhandledPromptBehavior: , version: 62.0.3202.94, webStorageEnabled: true}\nSession ID: 6adfe727ac52a48043926530cde262ef\n*** Element info: {Using\u003dxpath, value\u003d//a[count(. | //*[@href \u003d \u0027#\u0027]) \u003d count(//*[@href \u003d \u0027#\u0027])][count(. | //*[contains(.,\u0027Calendar Management\u0027)]) \u003d count(//*[contains(.,\u0027Calendar Management\u0027)])]})","description":"","startTime":1511420759396,"endTime":1511420759414,"childRecords":[{"testStatus":{"stackTrace":"","statusValue":"WARNING"},"type":"MESSAGE","name":"","message":"Cannot take screenshot","startTime":1511420759411,"endTime":0,"childRecords":[],"interuppted":false},{"testStatus":{"stackTrace":"","statusValue":"FAILED"},"type":"MESSAGE","name":"","message":"Unable to click on object \u0027Object Repository/Dashboard Page/a_Calendar Management\u0027 (Root cause: org.openqa.selenium.NoSuchWindowException: no such window: target window already closed\nfrom unknown error: web view not found\n  (Session info: chrome\u003d62.0.3202.94)\n  (Driver info: chromedriver\u003d2.33.506120 (e3e53437346286c0bc2d2dc9aa4915ba81d9023f),platform\u003dWindows NT 10.0.14393 x86_64) (WARNING: The server did not provide any stacktrace information)\nCommand duration or timeout: 0 milliseconds\nBuild info: version: \u00273.7.1\u0027, revision: \u00278a0099a\u0027, time: \u00272017-11-06T21:07:36.161Z\u0027\nSystem info: host: \u0027DESKTOP-IA8CIQG\u0027, ip: \u0027192.168.1.128\u0027, os.name: \u0027Windows 10\u0027, os.arch: \u0027amd64\u0027, os.version: \u002710.0\u0027, java.version: \u00271.8.0_102\u0027\nDriver info: com.kms.katalon.selenium.driver.CChromeDriver\nCapabilities {acceptSslCerts: true, applicationCacheEnabled: false, browserConnectionEnabled: false, browserName: chrome, chrome: {chromedriverVersion: 2.33.506120 (e3e53437346286..., userDataDir: C:\\Users\\DENNIS~1\\AppData\\L...}, cssSelectorsEnabled: true, databaseEnabled: false, handlesAlerts: true, hasTouchScreen: false, javascriptEnabled: true, locationContextEnabled: true, mobileEmulationEnabled: false, nativeEvents: true, networkConnectionEnabled: false, pageLoadStrategy: normal, platform: XP, platformName: XP, rotatable: false, setWindowRect: true, takesHeapSnapshot: true, takesScreenshot: true, unexpectedAlertBehaviour: , unhandledPromptBehavior: , version: 62.0.3202.94, webStorageEnabled: true}\nSession ID: 6adfe727ac52a48043926530cde262ef\n*** Element info: {Using\u003dxpath, value\u003d//a[count(. | //*[@href \u003d \u0027#\u0027]) \u003d count(//*[@href \u003d \u0027#\u0027])][count(. | //*[contains(.,\u0027Calendar Management\u0027)]) \u003d count(//*[contains(.,\u0027Calendar Management\u0027)])]})","startTime":1511420759412,"endTime":0,"childRecords":[],"interuppted":false}],"interuppted":false},{"index":3,"isIgnoredIfFailed":false,"type":"TEST_STEP","name":"click","message":"Unable to click on object \u0027Object Repository/Dashboard Page/a_Calendar\u0027 (Root cause: org.openqa.selenium.NoSuchWindowException: no such window: target window already closed\nfrom unknown error: web view not found\n  (Session info: chrome\u003d62.0.3202.94)\n  (Driver info: chromedriver\u003d2.33.506120 (e3e53437346286c0bc2d2dc9aa4915ba81d9023f),platform\u003dWindows NT 10.0.14393 x86_64) (WARNING: The server did not provide any stacktrace information)\nCommand duration or timeout: 0 milliseconds\nBuild info: version: \u00273.7.1\u0027, revision: \u00278a0099a\u0027, time: \u00272017-11-06T21:07:36.161Z\u0027\nSystem info: host: \u0027DESKTOP-IA8CIQG\u0027, ip: \u0027192.168.1.128\u0027, os.name: \u0027Windows 10\u0027, os.arch: \u0027amd64\u0027, os.version: \u002710.0\u0027, java.version: \u00271.8.0_102\u0027\nDriver info: com.kms.katalon.selenium.driver.CChromeDriver\nCapabilities {acceptSslCerts: true, applicationCacheEnabled: false, browserConnectionEnabled: false, browserName: chrome, chrome: {chromedriverVersion: 2.33.506120 (e3e53437346286..., userDataDir: C:\\Users\\DENNIS~1\\AppData\\L...}, cssSelectorsEnabled: true, databaseEnabled: false, handlesAlerts: true, hasTouchScreen: false, javascriptEnabled: true, locationContextEnabled: true, mobileEmulationEnabled: false, nativeEvents: true, networkConnectionEnabled: false, pageLoadStrategy: normal, platform: XP, platformName: XP, rotatable: false, setWindowRect: true, takesHeapSnapshot: true, takesScreenshot: true, unexpectedAlertBehaviour: , unhandledPromptBehavior: , version: 62.0.3202.94, webStorageEnabled: true}\nSession ID: 6adfe727ac52a48043926530cde262ef\n*** Element info: {Using\u003dxpath, value\u003d//a[count(. | //*[@href \u003d \u0027https://sandbox.vsms.tezzasolutions.com/admin/calendar\u0027]) \u003d count(//*[@href \u003d \u0027https://sandbox.vsms.tezzasolutions.com/admin/calendar\u0027])][count(. | //*[contains(.,\u0027Calendar\u0027)]) \u003d count(//*[contains(.,\u0027Calendar\u0027)])]})","description":"","startTime":1511420759414,"endTime":1511420759429,"childRecords":[{"testStatus":{"stackTrace":"","statusValue":"WARNING"},"type":"MESSAGE","name":"","message":"Cannot take screenshot","startTime":1511420759426,"endTime":0,"childRecords":[],"interuppted":false},{"testStatus":{"stackTrace":"","statusValue":"FAILED"},"type":"MESSAGE","name":"","message":"Unable to click on object \u0027Object Repository/Dashboard Page/a_Calendar\u0027 (Root cause: org.openqa.selenium.NoSuchWindowException: no such window: target window already closed\nfrom unknown error: web view not found\n  (Session info: chrome\u003d62.0.3202.94)\n  (Driver info: chromedriver\u003d2.33.506120 (e3e53437346286c0bc2d2dc9aa4915ba81d9023f),platform\u003dWindows NT 10.0.14393 x86_64) (WARNING: The server did not provide any stacktrace information)\nCommand duration or timeout: 0 milliseconds\nBuild info: version: \u00273.7.1\u0027, revision: \u00278a0099a\u0027, time: \u00272017-11-06T21:07:36.161Z\u0027\nSystem info: host: \u0027DESKTOP-IA8CIQG\u0027, ip: \u0027192.168.1.128\u0027, os.name: \u0027Windows 10\u0027, os.arch: \u0027amd64\u0027, os.version: \u002710.0\u0027, java.version: \u00271.8.0_102\u0027\nDriver info: com.kms.katalon.selenium.driver.CChromeDriver\nCapabilities {acceptSslCerts: true, applicationCacheEnabled: false, browserConnectionEnabled: false, browserName: chrome, chrome: {chromedriverVersion: 2.33.506120 (e3e53437346286..., userDataDir: C:\\Users\\DENNIS~1\\AppData\\L...}, cssSelectorsEnabled: true, databaseEnabled: false, handlesAlerts: true, hasTouchScreen: false, javascriptEnabled: true, locationContextEnabled: true, mobileEmulationEnabled: false, nativeEvents: true, networkConnectionEnabled: false, pageLoadStrategy: normal, platform: XP, platformName: XP, rotatable: false, setWindowRect: true, takesHeapSnapshot: true, takesScreenshot: true, unexpectedAlertBehaviour: , unhandledPromptBehavior: , version: 62.0.3202.94, webStorageEnabled: true}\nSession ID: 6adfe727ac52a48043926530cde262ef\n*** Element info: {Using\u003dxpath, value\u003d//a[count(. | //*[@href \u003d \u0027https://sandbox.vsms.tezzasolutions.com/admin/calendar\u0027]) \u003d count(//*[@href \u003d \u0027https://sandbox.vsms.tezzasolutions.com/admin/calendar\u0027])][count(. | //*[contains(.,\u0027Calendar\u0027)]) \u003d count(//*[contains(.,\u0027Calendar\u0027)])]})","startTime":1511420759427,"endTime":0,"childRecords":[],"interuppted":false}],"interuppted":false},{"testStatus":{"stackTrace":"","statusValue":"FAILED"},"type":"MESSAGE","name":"","message":"Test Cases/Calendar Management/Calendar Menu FAILED because (of) Unable to click on object \u0027Object Repository/Dashboard Page/a_Modules\u0027 (Root cause: org.openqa.selenium.NoSuchWindowException: no such window: target window already closed\nfrom unknown error: web view not found\n  (Session info: chrome\u003d62.0.3202.94)\n  (Driver info: chromedriver\u003d2.33.506120 (e3e53437346286c0bc2d2dc9aa4915ba81d9023f),platform\u003dWindows NT 10.0.14393 x86_64) (WARNING: The server did not provide any stacktrace information)\nCommand duration or timeout: 0 milliseconds\nBuild info: version: \u00273.7.1\u0027, revision: \u00278a0099a\u0027, time: \u00272017-11-06T21:07:36.161Z\u0027\nSystem info: host: \u0027DESKTOP-IA8CIQG\u0027, ip: \u0027192.168.1.128\u0027, os.name: \u0027Windows 10\u0027, os.arch: \u0027amd64\u0027, os.version: \u002710.0\u0027, java.version: \u00271.8.0_102\u0027\nDriver info: com.kms.katalon.selenium.driver.CChromeDriver\nCapabilities {acceptSslCerts: true, applicationCacheEnabled: false, browserConnectionEnabled: false, browserName: chrome, chrome: {chromedriverVersion: 2.33.506120 (e3e53437346286..., userDataDir: C:\\Users\\DENNIS~1\\AppData\\L...}, cssSelectorsEnabled: true, databaseEnabled: false, handlesAlerts: true, hasTouchScreen: false, javascriptEnabled: true, locationContextEnabled: true, mobileEmulationEnabled: false, nativeEvents: true, networkConnectionEnabled: false, pageLoadStrategy: normal, platform: XP, platformName: XP, rotatable: false, setWindowRect: true, takesHeapSnapshot: true, takesScreenshot: true, unexpectedAlertBehaviour: , unhandledPromptBehavior: , version: 62.0.3202.94, webStorageEnabled: true}\nSession ID: 6adfe727ac52a48043926530cde262ef\n*** Element info: {Using\u003dxpath, value\u003d//a[count(. | //*[@href \u003d \u0027#\u0027]) \u003d count(//*[@href \u003d \u0027#\u0027])][count(. | //*[contains(.,\u0027Modules\u0027)]) \u003d count(//*[contains(.,\u0027Modules\u0027)])]})","startTime":1511420759429,"endTime":0,"childRecords":[],"interuppted":false}],"interuppted":false},{"testStatus":{"stackTrace":"","statusValue":"FAILED"},"type":"MESSAGE","name":"","message":"Unable to call Test Case with id \u0027Test Cases/Calendar Management/Calendar Menu\u0027 (Root cause: Call Test Case \u0027Test Cases/Calendar Management/Calendar Menu\u0027 failed)","startTime":1511420759433,"endTime":0,"childRecords":[],"interuppted":false}],"interuppted":false},{"testStatus":{"stackTrace":"","statusValue":"FAILED"},"type":"MESSAGE","name":"","message":"Test Cases/Calendar Management/Add new Event FAILED because (of) Unable to click on object \u0027Object Repository/Dashboard Page/a_Modules\u0027 (Root cause: org.openqa.selenium.NoSuchWindowException: no such window: target window already closed\nfrom unknown error: web view not found\n  (Session info: chrome\u003d62.0.3202.94)\n  (Driver info: chromedriver\u003d2.33.506120 (e3e53437346286c0bc2d2dc9aa4915ba81d9023f),platform\u003dWindows NT 10.0.14393 x86_64) (WARNING: The server did not provide any stacktrace information)\nCommand duration or timeout: 0 milliseconds\nBuild info: version: \u00273.7.1\u0027, revision: \u00278a0099a\u0027, time: \u00272017-11-06T21:07:36.161Z\u0027\nSystem info: host: \u0027DESKTOP-IA8CIQG\u0027, ip: \u0027192.168.1.128\u0027, os.name: \u0027Windows 10\u0027, os.arch: \u0027amd64\u0027, os.version: \u002710.0\u0027, java.version: \u00271.8.0_102\u0027\nDriver info: com.kms.katalon.selenium.driver.CChromeDriver\nCapabilities {acceptSslCerts: true, applicationCacheEnabled: false, browserConnectionEnabled: false, browserName: chrome, chrome: {chromedriverVersion: 2.33.506120 (e3e53437346286..., userDataDir: C:\\Users\\DENNIS~1\\AppData\\L...}, cssSelectorsEnabled: true, databaseEnabled: false, handlesAlerts: true, hasTouchScreen: false, javascriptEnabled: true, locationContextEnabled: true, mobileEmulationEnabled: false, nativeEvents: true, networkConnectionEnabled: false, pageLoadStrategy: normal, platform: XP, platformName: XP, rotatable: false, setWindowRect: true, takesHeapSnapshot: true, takesScreenshot: true, unexpectedAlertBehaviour: , unhandledPromptBehavior: , version: 62.0.3202.94, webStorageEnabled: true}\nSession ID: 6adfe727ac52a48043926530cde262ef\n*** Element info: {Using\u003dxpath, value\u003d//a[count(. | //*[@href \u003d \u0027#\u0027]) \u003d count(//*[@href \u003d \u0027#\u0027])][count(. | //*[contains(.,\u0027Modules\u0027)]) \u003d count(//*[contains(.,\u0027Modules\u0027)])]})","startTime":1511420759434,"endTime":0,"childRecords":[],"interuppted":false}],"interuppted":false}],"interuppted":false}