<?xml version="1.0" encoding="UTF-8"?>
<testsuites name="Edit Profile" time="36" tests="0" failures="1" errors="0">
   <testsuite name="Edit Profile" tests="0" failures="1" errors="0" time="36" timestamp="2017-10-11 12:24:34" hostname="ChweyaJnr - DESKTOP-QAVLP3L" id="Test Suites/User Management/Profile Module/Edit Profile">
      <properties>
         <property name="deviceName" value=""/>
         <property name="devicePlatform" value=""/>
         <property name="logFolder" value="C:\\Users\\ChweyaJnr\\git\\VSMS-Test-Automation\\Reports\\User Management\\Profile Module\\Edit Profile\\20171011_122426"/>
         <property name="logFiles" value="C:\\Users\\ChweyaJnr\\git\\VSMS-Test-Automation\\Reports\\User Management\\Profile Module\\Edit Profile\\20171011_122426\\execution0.log"/>
         <property name="attachments" value="C:\\Users\\ChweyaJnr\\git\\VSMS-Test-Automation\\Reports\\User Management\\Profile Module\\Edit Profile\\20171011_122426\\1507713908978.png"/>
         <property name="hostName" value="ChweyaJnr - DESKTOP-QAVLP3L"/>
         <property name="os" value="Windows 10 64bit"/>
         <property name="katalonVersion" value="4.8.0.2"/>
         <property name="browser" value="Chrome 61.0.3163.100"/>
         <property name="hostAddress" value="192.168.56.1"/>
         <property name="sessionId" value="0de79a199fe7a544fdc593f7163a355b"/>
         <property name="seleniumVersion" value="2.53.0"/>
         <property name="proxyInformation" value="ProxyInformation{proxyOption=NO_PROXY, proxyServerType=HTTP, password=, proxyServerAddress=, proxyServerPort=0}"/>
         <property name="platform" value="Windows 10"/>
      </properties>
      <testcase name="Test Cases/User Management/Profile Module/Edit Profile" classname="Test Cases/User Management/Profile Module/Edit Profile" status="FAILED">
         <failure type="FAILED" message="com.kms.katalon.core.webui.exception.WebElementNotFoundException: Web element with id: 'Object Repository/User Management/Edit Profile/Profile Update details/p_Updated TestProfile1 success' located by 'By.xpath: //p[count(. | //*[contains(.,'Updated [TestProfile1] successfully!')]) = count(//*[contains(.,'Updated [TestProfile1] successfully!')])]' not found"/>
         <system-out><![CDATA[2017-10-11 12:24:35 - [TEST_CASE][FAILED] - Test Cases/User Management/Profile Module/Edit Profile: Test Cases/User Management/Profile Module/Edit Profile FAILED because (of) com.kms.katalon.core.webui.exception.WebElementNotFoundException: Web element with id: 'Object Repository/User Management/Edit Profile/Profile Update details/p_Updated TestProfile1 success' located by 'By.xpath: //p[count(. | //*[contains(.,'Updated [TestProfile1] successfully!')]) = count(//*[contains(.,'Updated [TestProfile1] successfully!')])]' not found

2017-10-11 12:24:36 - [TEST_STEP][PASSED] - callTestCase: Call Test Case 'Test Cases/LOGIN' successfully

2017-10-11 12:24:36 - [TEST_CASE][PASSED] - Test Cases/LOGIN: Test Cases/LOGIN

2017-10-11 12:24:36 - [TEST_STEP][PASSED] - openBrowser: Browser is opened with url: 'https://sandbox.vsms.tezzasolutions.com/index'

2017-10-11 12:24:45 - [MESSAGE][PASSED] - Browser is opened with url: 'https://sandbox.vsms.tezzasolutions.com/index'

2017-10-11 12:24:45 - [TEST_STEP][PASSED] - click: Object: 'Object Repository/login/a_Log in' is clicked on

2017-10-11 12:24:47 - [MESSAGE][PASSED] - Object: 'Object Repository/login/a_Log in' is clicked on

2017-10-11 12:24:47 - [TEST_STEP][PASSED] - setText: Text 'clarinenyauncho@gmail.com' is set on object 'Object Repository/login/input_email'

2017-10-11 12:24:48 - [MESSAGE][PASSED] - Text 'clarinenyauncho@gmail.com' is set on object 'Object Repository/login/input_email'

2017-10-11 12:24:48 - [TEST_STEP][PASSED] - setText: Text 'changeme' is set on object 'Object Repository/login/input_password'

2017-10-11 12:24:48 - [MESSAGE][PASSED] - Text 'changeme' is set on object 'Object Repository/login/input_password'

2017-10-11 12:24:48 - [TEST_STEP][PASSED] - click: Object: 'Object Repository/login/button_Login' is clicked on

2017-10-11 12:24:51 - [MESSAGE][PASSED] - Object: 'Object Repository/login/button_Login' is clicked on

2017-10-11 12:24:51 - [MESSAGE][PASSED] - Call Test Case 'Test Cases/LOGIN' successfully

2017-10-11 12:24:51 - [TEST_STEP][PASSED] - click: Object: 'Object Repository/User Management/Add New User/Module Dropdown Objects/Modules dropdown' is clicked on

2017-10-11 12:24:51 - [MESSAGE][PASSED] - Object: 'Object Repository/User Management/Add New User/Module Dropdown Objects/Modules dropdown' is clicked on

2017-10-11 12:24:51 - [TEST_STEP][PASSED] - click: Object: 'Object Repository/User Management/Add New User/Module Dropdown Objects/User Management Dropdown' is clicked on

2017-10-11 12:24:52 - [MESSAGE][PASSED] - Object: 'Object Repository/User Management/Add New User/Module Dropdown Objects/User Management Dropdown' is clicked on

2017-10-11 12:24:52 - [TEST_STEP][PASSED] - click: Object: 'Object Repository/User Management/Edit Profile/Profile Link/a_Profile' is clicked on

2017-10-11 12:24:53 - [MESSAGE][PASSED] - Object: 'Object Repository/User Management/Edit Profile/Profile Link/a_Profile' is clicked on

2017-10-11 12:24:53 - [TEST_STEP][PASSED] - maximizeWindow: Current window maximized

2017-10-11 12:24:54 - [MESSAGE][PASSED] - Current window maximized

2017-10-11 12:24:54 - [TEST_STEP][PASSED] - scrollToElement: Scroll to object 'Object Repository/User Management/Edit Profile/Profile Update details/a_TestProfile' successfully

2017-10-11 12:24:54 - [MESSAGE][PASSED] - Scroll to object 'Object Repository/User Management/Edit Profile/Profile Update details/a_TestProfile' successfully

2017-10-11 12:24:54 - [TEST_STEP][PASSED] - delay: Delayed 5 second(s)

2017-10-11 12:24:59 - [MESSAGE][PASSED] - Delayed 5 second(s)

2017-10-11 12:24:59 - [TEST_STEP][PASSED] - click: Object: 'Object Repository/User Management/Edit Profile/Profile Update details/a_TestProfile' is clicked on

2017-10-11 12:24:59 - [MESSAGE][PASSED] - Object: 'Object Repository/User Management/Edit Profile/Profile Update details/a_TestProfile' is clicked on

2017-10-11 12:24:59 - [TEST_STEP][PASSED] - delay: Delayed 5 second(s)

2017-10-11 12:25:04 - [MESSAGE][PASSED] - Delayed 5 second(s)

2017-10-11 12:25:04 - [TEST_STEP][PASSED] - setText: Text 'TestProfile' is set on object 'Object Repository/User Management/Edit Profile/Profile Update details/input_profilename'

2017-10-11 12:25:05 - [MESSAGE][PASSED] - Text 'TestProfile' is set on object 'Object Repository/User Management/Edit Profile/Profile Update details/input_profilename'

2017-10-11 12:25:05 - [TEST_STEP][PASSED] - click: Object: 'Object Repository/User Management/Edit Profile/Profile Update details/button_Update' is clicked on

2017-10-11 12:25:05 - [MESSAGE][PASSED] - Object: 'Object Repository/User Management/Edit Profile/Profile Update details/button_Update' is clicked on

2017-10-11 12:25:05 - [TEST_STEP][FAILED] - verifyElementPresent: com.kms.katalon.core.webui.exception.WebElementNotFoundException: Web element with id: 'Object Repository/User Management/Edit Profile/Profile Update details/p_Updated TestProfile1 success' located by 'By.xpath: //p[count(. | //*[contains(.,'Updated [TestProfile1] successfully!')]) = count(//*[contains(.,'Updated [TestProfile1] successfully!')])]' not found

2017-10-11 12:25:09 - [MESSAGE][FAILED] - com.kms.katalon.core.webui.exception.WebElementNotFoundException: Web element with id: 'Object Repository/User Management/Edit Profile/Profile Update details/p_Updated TestProfile1 success' located by 'By.xpath: //p[count(. | //*[contains(.,'Updated [TestProfile1] successfully!')]) = count(//*[contains(.,'Updated [TestProfile1] successfully!')])]' not found
[[ATTACHMENT|C:\\Users\\ChweyaJnr\\git\\VSMS-Test-Automation\\Reports\\User Management\\Profile Module\\Edit Profile\\20171011_122426\\1507713908978.png]]

2017-10-11 12:25:09 - [TEST_STEP][PASSED] - closeBrowser: Browser is closed

2017-10-11 12:25:10 - [MESSAGE][PASSED] - Browser is closed]]></system-out>
         <system-err><![CDATA[2017-10-11 12:24:35 - [TEST_CASE][FAILED] - Test Cases/User Management/Profile Module/Edit Profile: Test Cases/User Management/Profile Module/Edit Profile FAILED because (of) com.kms.katalon.core.webui.exception.WebElementNotFoundException: Web element with id: 'Object Repository/User Management/Edit Profile/Profile Update details/p_Updated TestProfile1 success' located by 'By.xpath: //p[count(. | //*[contains(.,'Updated [TestProfile1] successfully!')]) = count(//*[contains(.,'Updated [TestProfile1] successfully!')])]' not found]]></system-err>
      </testcase>
      <system-out><![CDATA[2017-10-11 12:24:34 - [TEST_SUITE][FAILED] - Edit Profile: Test Cases/User Management/Profile Module/Edit Profile FAILED because (of) com.kms.katalon.core.webui.exception.WebElementNotFoundException: Web element with id: 'Object Repository/User Management/Edit Profile/Profile Update details/p_Updated TestProfile1 success' located by 'By.xpath: //p[count(. | //*[contains(.,'Updated [TestProfile1] successfully!')]) = count(//*[contains(.,'Updated [TestProfile1] successfully!')])]' not found]]></system-out>
      <system-err><![CDATA[2017-10-11 12:24:34 - [TEST_SUITE][FAILED] - Edit Profile: Test Cases/User Management/Profile Module/Edit Profile FAILED because (of) com.kms.katalon.core.webui.exception.WebElementNotFoundException: Web element with id: 'Object Repository/User Management/Edit Profile/Profile Update details/p_Updated TestProfile1 success' located by 'By.xpath: //p[count(. | //*[contains(.,'Updated [TestProfile1] successfully!')]) = count(//*[contains(.,'Updated [TestProfile1] successfully!')])]' not found]]></system-err>
   </testsuite>
</testsuites>
